1646755201	1	1	66668	66668992
1646755501	1	1	66668	66668992
1646755801	1	1	66668	66668992
1646756101	1	1	66668	66668992
1646756401	1	1	66668	66668992
1646756701	1	1	66668	66668992
1646757002	1	1	66668	66668992
1646757301	1	1	66668	66668992
1646757601	1	1	66668	66668992
1646757902	1	1	66668	66668992
1646758201	1	1	66668	66668992
1646758501	1	1	66668	66668992
1646758801	1	1	66668	66668992
1646759101	1	1	66668	66668992
1646759401	1	1	66668	66668992
1646759702	1	1	66668	66668992
1646760001	1	1	66668	66668992
1646760301	1	1	66668	66668992
1646760602	1	1	66668	66668992
1646760901	1	1	66668	66668992
1646761201	1	1	66668	66668992
1646761501	1	1	66668	66668992
1646761801	1	1	66668	66668992
1646762101	1	1	66668	66668992
1646762402	1	1	66668	66668992
1646762701	1	1	66668	66668992
1646763001	1	1	66668	66668992
1646763301	1	1	66668	66668992
1646763601	1	1	66668	66668992
1646763901	1	1	66668	66668992
1646764201	1	1	66668	66668992
1646764501	1	1	66668	66668992
1646764801	1	1	66668	66668992
1646765101	1	1	66668	66668992
1646765401	1	1	66668	66668992
1646765702	1	1	66668	66668992
1646766001	1	1	66668	66668992
1646766301	1	1	66668	66668992
1646766601	1	1	66668	66668992
1646766901	1	1	66668	66668992
1646767201	1	1	66668	66668992
1646767501	1	1	66668	66668992
1646767801	1	1	66668	66668992
1646768101	1	1	66668	66668992
1646768401	1	1	66668	66668992
1646768701	1	1	66668	66668992
1646769001	1	1	66668	66668992
1646769301	1	1	66668	66668992
1646769602	1	1	66668	66668992
1646769901	1	1	66668	66668992
1646770201	1	1	66668	66668992
1646770501	1	1	66668	66668992
1646770801	1	1	66668	66668992
1646771101	1	1	66668	66668992
1646771402	1	1	66668	66668992
1646771701	1	1	66668	66668992
1646772001	1	1	66668	66668992
1646772301	1	1	66668	66668992
1646772601	1	1	66668	66668992
1646772901	1	1	66668	66668992
1646773201	1	1	66668	66668992
1646773501	1	1	66668	66668992
1646773801	1	1	66668	66668992
1646774101	1	1	66668	66668992
1646774401	1	1	66668	66668992
1646774701	1	1	66668	66668992
1646775001	1	1	66668	66668992
1646775301	1	1	66668	66668992
1646775601	1	1	66668	66668992
1646775902	1	1	66668	66668992
1646776201	1	1	66668	66668992
1646776501	1	1	66668	66668992
1646776801	1	1	66668	66668992
1646777101	1	1	66668	66668992
1646777401	1	1	66668	66668992
1646777701	1	1	66668	66668992
1646778001	1	1	66668	66668992
1646778301	1	1	66668	66668992
1646778602	1	1	66668	66668992
1646778901	1	1	66668	66668992
1646779201	1	1	66668	66668992
1646779501	1	1	66668	66668992
1646779801	1	1	66668	66668992
1646780101	1	1	66668	66668992
1646780401	1	1	66668	66668992
1646780701	1	1	66668	66668992
1646781001	1	1	66668	66668992
1646781301	1	1	66668	66668992
1646781601	1	1	66668	66668992
1646781901	1	1	66668	66668992
1646782201	1	1	66668	66668992
1646782501	1	1	66668	66668992
1646782801	1	1	66668	66668992
1646783101	1	1	66668	66668992
1646783401	1	1	66668	66668992
1646783701	1	1	66668	66668992
1646784002	1	1	66668	66668992
1646784301	1	1	66668	66668992
1646784601	2	2	66668	66668992
1646784901	2	2	66668	66668992
1646785201	1	1	66668	66668992
1646785501	1	1	66668	66668992
1646785802	1	1	66668	66668992
1646786101	2	2	66668	66668992
1646786401	2	2	66668	66668992
1646786701	1	1	66668	66668992
1646787001	1	1	66668	66668992
1646787301	1	1	66668	66668992
1646787601	1	1	66668	66668992
1646787901	1	1	66668	66668992
1646788201	1	1	66668	66668992
1646788501	1	1	66668	66668992
1646788801	1	1	66668	66668992
1646789101	1	1	66668	66668992
1646789401	1	1	66668	66668992
1646789701	1	1	66668	66668992
1646790001	1	1	66668	66668992
1646790301	1	1	66668	66668992
1646790601	3	3	66668	66668992
1646790901	2	2	66668	66668992
1646791202	2	2	66668	66668992
1646791501	2	2	66668	66668992
1646791801	1	1	66668	66668992
1646792101	1	1	66668	66668992
1646792401	0	0	66668	66668992
1646792701	0	0	66668	66668992
1646793001	2	2	66668	66668992
1646793301	1	1	66668	66668992
1646793601	1	1	66668	66668992
1646793901	1	1	66668	66668992
1646794201	1	1	66668	66668992
1646794502	1	1	66668	66668992
1646794801	2	2	66668	66668992
1646795101	1	1	66668	66668992
1646795401	2	2	66668	66668992
1646795701	5	5	66668	66668992
1646796001	4	4	66668	66668992
1646796301	4	4	66668	66668992
1646796602	3	3	66668	66668992
1646796901	3	3	66668	66668992
1646797201	4	4	66668	66668992
1646797501	0	0	66668	66668992
1646797801	3	3	66668	66668992
1646798101	2	2	66668	66668992
1646798401	4	4	66668	66668992
1646798701	3	3	66668	66668992
1646799001	2	2	66668	66668992
1646799301	0	0	66668	66668992
1646799601	1	1	66668	66668992
1646799901	0	0	66668	66668992
1646800201	0	0	66668	66668992
1646800501	0	0	66668	66668992
1646800801	0	0	66668	66668992
1646801101	0	0	66668	66668992
1646801401	0	0	66668	66668992
1646801701	0	0	66668	66668992
1646802002	0	0	66668	66668992
1646802301	0	0	66668	66668992
1646802601	0	0	66668	66668992
1646802901	0	0	66668	66668992
1646803201	0	0	66668	66668992
1646803501	0	0	66668	66668992
1646803801	0	0	66668	66668992
1646804101	1	1	66668	66668992
1646804401	2	2	66668	66668992
1646805901	1	1	66668	66668992
1646806201	2	2	66668	66668992
1646806501	2	2	66668	66668992
1646806801	1	1	66668	66668992
1646807101	2	2	66668	66668992
1646807401	2	2	66668	66668992
1646807701	2	2	66668	66668992
1646808001	1	1	66668	66668992
1646808301	1	1	66668	66668992
1646808601	3	3	66668	66668992
1646808901	3	3	66668	66668992
1646809201	3	3	66668	66668992
1646809501	4	4	66668	66668992
1646809801	4	4	66668	66668992
1646810101	3	3	66668	66668992
1646810401	4	4	66668	66668992
1646810701	4	4	66668	66668992
1646811001	2	2	66668	66668992
1646811301	2	2	66668	66668992
1646811601	4	4	66668	66668992
1646811902	3	3	66668	66668992
1646812201	3	3	66668	66668992
1646812501	3	3	66668	66668992
1646812801	2	2	66668	66668992
1646813101	1	1	66668	66668992
1646813401	3	3	66668	66668992
1646813701	3	3	66668	66668992
1646814001	3	3	66668	66668992
1646814301	1	1	66668	66668992
1646814601	2	2	66668	66668992
1646814901	4	4	66668	66668992
1646815201	3	3	66668	66668992
1646815501	5	5	66668	66668992
1646815801	6	6	66668	66668992
1646816102	4	4	66668	66668992
1646816401	3	3	66668	66668992
1646816701	5	5	66668	66668992
1646817001	4	4	66668	66668992
1646817301	6	6	66668	66668992
1646817601	7	7	66668	66668992
1646817901	8	8	66668	66668992
1646818201	8	8	66668	66668992
1646818501	8	8	66668	66668992
1646818801	6	6	66668	66668992
1646819101	5	5	66668	66668992
1646819401	6	6	66668	66668992
1646819701	5	5	66668	66668992
1646820002	6	6	66668	66668992
1646820301	7	7	66668	66668992
1646820601	8	8	66668	66668992
1646820901	7	7	66668	66668992
1646821201	7	7	66668	66668992
1646821501	6	6	66668	66668992
1646821801	6	6	66668	66668992
1646822101	4	4	66668	66668992
1646822401	4	4	66668	66668992
1646822701	3	3	66668	66668992
1646823001	5	5	66668	66668992
1646823301	5	5	66668	66668992
1646823602	5	5	66668	66668992
1646823901	4	4	66668	66668992
1646824201	3	3	66668	66668992
1646824501	1	1	66668	66668992
1646824801	1	1	66668	66668992
1646825101	2	2	66668	66668992
1646825401	2	2	66668	66668992
1646825701	1	1	66668	66668992
1646826001	1	1	66668	66668992
1646826302	1	1	66668	66668992
1646826601	2	2	66668	66668992
1646826901	1	1	66668	66668992
1646827201	1	1	66668	66668992
1646827501	1	1	66668	66668992
1646827801	2	2	66668	66668992
1646828102	1	1	66668	66668992
1646828401	1	1	66668	66668992
1646828701	1	1	66668	66668992
1646829001	1	1	66668	66668992
1646829301	2	2	66668	66668992
1646829601	1	1	66668	66668992
1646829901	1	1	66668	66668992
1646830201	1	1	66668	66668992
1646830501	1	1	66668	66668992
1646830801	1	1	66668	66668992
1646831101	1	1	66668	66668992
1646831401	1	1	66668	66668992
1646831701	1	1	66668	66668992
1646832001	1	1	66668	66668992
1646832301	1	1	66668	66668992
1646832601	1	1	66668	66668992
1646832901	1	1	66668	66668992
1646833201	1	1	66668	66668992
1646833502	1	1	66668	66668992
1646833801	1	1	66668	66668992
1646834101	1	1	66668	66668992
1646834401	1	1	66668	66668992
1646834701	1	1	66668	66668992
1646835001	1	1	66668	66668992
1646835301	1	1	66668	66668992
1646835601	1	1	66668	66668992
1646835901	1	1	66668	66668992
1646836201	1	1	66668	66668992
1646836501	1	1	66668	66668992
1646836801	1	1	66668	66668992
1646837101	1	1	66668	66668992
1646837401	1	1	66668	66668992
1646837701	1	1	66668	66668992
1646838002	1	1	66668	66668992
1646838301	1	1	66668	66668992
1646838601	1	1	66668	66668992
1646838901	1	1	66668	66668992
1646839201	1	1	66668	66668992
1646839501	1	1	66668	66668992
1646839801	1	1	66668	66668992
1646840101	1	1	66668	66668992
1646840401	1	1	66668	66668992
1646840701	1	1	66668	66668992
1646841001	1	1	66668	66668992
1646841301	1	1	66668	66668992
