1647360001	1	1	66668	66668992
1647360301	1	1	66668	66668992
1647360601	1	1	66668	66668992
1647360901	1	1	66668	66668992
1647361201	1	1	66668	66668992
1647361501	1	1	66668	66668992
1647361801	1	1	66668	66668992
1647362101	1	1	66668	66668992
1647362401	1	1	66668	66668992
1647362701	1	1	66668	66668992
1647363001	1	1	66668	66668992
1647363301	1	1	66668	66668992
1647363602	1	1	66668	66668992
1647363901	1	1	66668	66668992
1647364201	1	1	66668	66668992
1647364501	1	1	66668	66668992
1647364801	1	1	66668	66668992
1647365101	1	1	66668	66668992
1647365401	1	1	66668	66668992
1647365701	1	1	66668	66668992
1647366001	1	1	66668	66668992
1647366301	1	1	66668	66668992
1647366601	1	1	66668	66668992
1647366902	1	1	66668	66668992
1647367201	1	1	66668	66668992
1647367501	1	1	66668	66668992
1647367801	1	1	66668	66668992
1647368101	1	1	66668	66668992
1647368401	1	1	66668	66668992
1647368701	1	1	66668	66668992
1647369001	1	1	66668	66668992
1647369301	1	1	66668	66668992
1647369601	1	1	66668	66668992
1647369902	1	1	66668	66668992
1647370201	1	1	66668	66668992
1647370501	1	1	66668	66668992
1647370802	1	1	66668	66668992
1647371101	1	1	66668	66668992
1647371401	1	1	66668	66668992
1647371701	1	1	66668	66668992
1647372001	1	1	66668	66668992
1647372301	1	1	66668	66668992
1647372602	1	1	66668	66668992
1647372901	1	1	66668	66668992
1647373201	1	1	66668	66668992
1647373501	1	1	66668	66668992
1647373801	1	1	66668	66668992
1647374101	1	1	66668	66668992
1647374401	1	1	66668	66668992
1647374701	1	1	66668	66668992
1647375001	1	1	66668	66668992
1647375301	1	1	66668	66668992
1647375601	1	1	66668	66668992
1647375901	1	1	66668	66668992
1647376201	1	1	66668	66668992
1647376501	1	1	66668	66668992
1647376801	1	1	66668	66668992
1647377101	1	1	66668	66668992
1647377401	1	1	66668	66668992
1647377701	1	1	66668	66668992
1647378002	1	1	66668	66668992
1647378301	1	1	66668	66668992
1647378601	1	1	66668	66668992
1647378901	1	1	66668	66668992
1647379201	1	1	66668	66668992
1647379501	1	1	66668	66668992
1647379801	1	1	66668	66668992
1647380101	1	1	66668	66668992
1647380401	1	1	66668	66668992
1647380702	1	1	66668	66668992
1647381001	1	1	66668	66668992
1647381302	1	1	66668	66668992
1647381601	1	1	66668	66668992
1647381901	1	1	66668	66668992
1647382201	1	1	66668	66668992
1647382502	1	1	66668	66668992
1647382801	1	1	66668	66668992
1647383101	1	1	66668	66668992
1647383401	1	1	66668	66668992
1647383701	1	1	66668	66668992
1647384001	1	1	66668	66668992
1647384302	1	1	66668	66668992
1647384601	1	1	66668	66668992
1647384901	1	1	66668	66668992
1647385201	1	1	66668	66668992
1647385501	1	1	66668	66668992
1647385801	1	1	66668	66668992
1647386101	1	1	66668	66668992
1647386401	1	1	66668	66668992
1647386701	1	1	66668	66668992
1647387002	1	1	66668	66668992
1647387301	1	1	66668	66668992
1647387601	1	1	66668	66668992
1647387902	1	1	66668	66668992
1647388201	1	1	66668	66668992
1647388501	1	1	66668	66668992
1647388801	1	1	66668	66668992
1647389101	1	1	66668	66668992
1647389401	1	1	66668	66668992
1647389701	1	1	66668	66668992
1647390001	1	1	66668	66668992
1647390301	1	1	66668	66668992
1647390601	1	1	66668	66668992
1647390901	1	1	66668	66668992
1647391201	1	1	66668	66668992
1647391501	1	1	66668	66668992
1647391801	1	1	66668	66668992
1647392101	1	1	66668	66668992
1647392401	1	1	66668	66668992
1647392701	1	1	66668	66668992
1647393001	1	1	66668	66668992
1647393301	1	1	66668	66668992
1647393601	1	1	66668	66668992
1647393901	1	1	66668	66668992
1647394201	1	1	66668	66668992
1647394501	2	2	66668	66668992
1647394801	2	2	66668	66668992
1647395101	1	1	66668	66668992
1647395401	3	3	66668	66668992
1647395701	2	2	66668	66668992
1647396002	2	2	66668	66668992
1647396301	2	2	66668	66668992
1647396601	2	2	66668	66668992
1647396901	2	2	66668	66668992
1647397201	2	2	66668	66668992
1647397501	3	3	66668	66668992
1647397801	3	3	66668	66668992
1647398101	4	4	66668	66668992
1647398401	5	5	66668	66668992
1647398701	5	5	66668	66668992
1647399001	5	5	66668	66668992
1647399301	5	5	66668	66668992
1647399601	4	4	66668	66668992
1647399901	4	4	66668	66668992
1647400201	4	4	66668	66668992
1647400501	3	3	66668	66668992
1647400801	3	3	66668	66668992
1647401101	3	3	66668	66668992
1647401401	4	4	66668	66668992
1647401701	5	5	66668	66668992
1647402001	5	5	66668	66668992
1647402301	4	4	66668	66668992
1647402601	4	4	66668	66668992
1647402901	4	4	66668	66668992
1647403201	4	4	66668	66668992
1647403501	3	3	66668	66668992
1647403801	3	3	66668	66668992
1647404101	2	2	66668	66668992
1647404401	3	3	66668	66668992
1647404701	3	3	66668	66668992
1647405001	2	2	66668	66668992
1647405301	2	2	66668	66668992
1647405601	2	2	66668	66668992
1647405901	2	2	66668	66668992
1647406201	2	2	66668	66668992
1647406501	2	2	66668	66668992
1647406801	2	2	66668	66668992
1647407101	1	1	66668	66668992
1647407401	2	2	66668	66668992
1647407701	1	1	66668	66668992
1647408001	1	1	66668	66668992
1647408301	1	1	66668	66668992
1647408601	1	1	66668	66668992
1647408901	1	1	66668	66668992
1647409201	1	1	66668	66668992
1647409501	2	2	66668	66668992
1647409801	3	3	66668	66668992
1647410101	2	2	66668	66668992
1647410402	2	2	66668	66668992
1647410701	4	4	66668	66668992
1647411001	4	4	66668	66668992
1647411301	4	4	66668	66668992
1647411601	6	6	66668	66668992
1647411901	8	8	66668	66668992
1647412201	8	8	66668	66668992
1647412501	7	7	66668	66668992
1647412801	7	7	66668	66668992
1647413101	7	7	66668	66668992
1647413401	6	6	66668	66668992
1647413702	7	7	66668	66668992
1647414001	7	7	66668	66668992
1647414301	8	8	66668	66668992
1647414601	8	8	66668	66668992
1647414901	7	7	66668	66668992
1647415201	6	6	66668	66668992
1647415501	8	8	66668	66668992
1647415802	9	9	66668	66668992
1647416101	10	10	66668	66668992
1647416401	9	9	66668	66668992
1647416701	7	7	66668	66668992
1647417001	8	8	66668	66668992
1647417301	8	8	66668	66668992
1647417601	6	6	66668	66668992
1647417901	8	8	66668	66668992
1647418201	4	4	66668	66668992
1647418501	5	5	66668	66668992
1647418801	5	5	66668	66668992
1647419101	4	4	66668	66668992
1647419401	5	5	66668	66668992
1647419701	3	3	66668	66668992
1647420001	5	5	66668	66668992
1647420302	6	6	66668	66668992
1647420601	6	6	66668	66668992
1647420901	4	4	66668	66668992
1647421201	3	3	66668	66668992
1647421501	3	3	66668	66668992
1647421801	4	4	66668	66668992
1647422101	4	4	66668	66668992
1647422401	5	5	66668	66668992
1647422701	4	4	66668	66668992
1647423001	3	3	66668	66668992
1647423301	3	3	66668	66668992
1647423601	3	3	66668	66668992
1647423901	8	8	66668	66668992
1647424202	8	8	66668	66668992
1647424501	10	10	66668	66668992
1647424801	3	3	66668	66668992
1647425101	4	4	66668	66668992
1647425401	7	7	66668	66668992
1647425702	5	5	66668	66668992
1647426001	6	6	66668	66668992
1647426301	4	4	66668	66668992
1647426601	5	5	66668	66668992
1647426901	4	4	66668	66668992
1647427201	6	6	66668	66668992
1647427501	4	4	66668	66668992
1647427801	3	3	66668	66668992
1647428101	3	3	66668	66668992
1647428401	3	3	66668	66668992
1647428701	4	4	66668	66668992
1647429001	4	4	66668	66668992
1647429301	6	6	66668	66668992
1647429601	4	4	66668	66668992
1647429901	2	2	66668	66668992
1647430201	3	3	66668	66668992
1647430501	3	3	66668	66668992
1647430801	2	2	66668	66668992
1647431101	2	2	66668	66668992
1647431401	1	1	66668	66668992
1647431701	1	1	66668	66668992
1647432002	2	2	66668	66668992
1647432301	2	2	66668	66668992
1647432601	2	2	66668	66668992
1647432901	2	2	66668	66668992
1647433201	2	2	66668	66668992
1647433501	2	2	66668	66668992
1647433801	1	1	66668	66668992
1647434101	1	1	66668	66668992
1647434401	1	1	66668	66668992
1647434702	1	1	66668	66668992
1647435001	1	1	66668	66668992
1647435301	1	1	66668	66668992
1647435601	1	1	66668	66668992
1647435901	1	1	66668	66668992
1647436201	1	1	66668	66668992
1647436501	1	1	66668	66668992
1647436801	1	1	66668	66668992
1647437101	1	1	66668	66668992
1647437401	1	1	66668	66668992
1647437701	1	1	66668	66668992
1647438001	1	1	66668	66668992
1647438301	1	1	66668	66668992
1647438601	1	1	66668	66668992
1647438901	1	1	66668	66668992
1647439202	1	1	66668	66668992
1647439501	1	1	66668	66668992
1647439801	1	1	66668	66668992
1647440101	1	1	66668	66668992
1647440401	1	1	66668	66668992
1647440701	1	1	66668	66668992
1647441001	1	1	66668	66668992
1647441301	1	1	66668	66668992
1647441601	1	1	66668	66668992
1647441901	1	1	66668	66668992
1647442202	1	1	66668	66668992
1647442501	1	1	66668	66668992
1647442801	1	1	66668	66668992
1647443101	1	1	66668	66668992
1647443401	1	1	66668	66668992
1647443701	1	1	66668	66668992
1647444001	1	1	66668	66668992
1647444301	1	1	66668	66668992
1647444601	1	1	66668	66668992
1647444901	1	1	66668	66668992
1647445201	1	1	66668	66668992
1647445502	1	1	66668	66668992
1647445801	1	1	66668	66668992
1647446101	1	1	66668	66668992
