1643040001	0	0	66668	66668992
1643040301	0	0	66668	66668992
1643040601	0	0	66668	66668992
1643040901	0	0	66668	66668992
1643041202	0	0	66668	66668992
1643041501	0	0	66668	66668992
1643041801	0	0	66668	66668992
1643042101	0	0	66668	66668992
1643042401	0	0	66668	66668992
1643042701	0	0	66668	66668992
1643043001	0	0	66668	66668992
1643043301	0	0	66668	66668992
1643043601	0	0	66668	66668992
1643043901	0	0	66668	66668992
1643044201	0	0	66668	66668992
1643044501	0	0	66668	66668992
1643044801	0	0	66668	66668992
1643045101	0	0	66668	66668992
1643045401	0	0	66668	66668992
1643045701	0	0	66668	66668992
1643046001	0	0	66668	66668992
1643046301	0	0	66668	66668992
1643046602	0	0	66668	66668992
1643046901	0	0	66668	66668992
1643047201	0	0	66668	66668992
1643047501	0	0	66668	66668992
1643047801	0	0	66668	66668992
1643048101	0	0	66668	66668992
1643048401	0	0	66668	66668992
1643048701	0	0	66668	66668992
1643049001	0	0	66668	66668992
1643049302	0	0	66668	66668992
1643049601	0	0	66668	66668992
1643049901	0	0	66668	66668992
1643050201	0	0	66668	66668992
1643050501	0	0	66668	66668992
1643050801	0	0	66668	66668992
1643051101	0	0	66668	66668992
1643051401	0	0	66668	66668992
1643051701	0	0	66668	66668992
1643052002	0	0	66668	66668992
1643052301	0	0	66668	66668992
1643052601	0	0	66668	66668992
1643052901	0	0	66668	66668992
1643053202	0	0	66668	66668992
1643053501	0	0	66668	66668992
1643053801	0	0	66668	66668992
1643054101	0	0	66668	66668992
1643054401	0	0	66668	66668992
1643054701	0	0	66668	66668992
1643055001	0	0	66668	66668992
1643055301	0	0	66668	66668992
1643055602	0	0	66668	66668992
1643055901	0	0	66668	66668992
1643056201	0	0	66668	66668992
1643056501	0	0	66668	66668992
1643056801	0	0	66668	66668992
1643057101	0	0	66668	66668992
1643057402	0	0	66668	66668992
1643057701	0	0	66668	66668992
1643058001	0	0	66668	66668992
1643058301	0	0	66668	66668992
1643058601	0	0	66668	66668992
1643058901	0	0	66668	66668992
1643059201	0	0	66668	66668992
1643059501	0	0	66668	66668992
1643059801	0	0	66668	66668992
1643060102	0	0	66668	66668992
1643060401	0	0	66668	66668992
1643060701	0	0	66668	66668992
1643061001	0	0	66668	66668992
1643061301	0	0	66668	66668992
1643061601	0	0	66668	66668992
1643061901	0	0	66668	66668992
1643062201	0	0	66668	66668992
1643062501	0	0	66668	66668992
1643062801	0	0	66668	66668992
1643063101	0	0	66668	66668992
1643063401	0	0	66668	66668992
1643063702	0	0	66668	66668992
1643064001	0	0	66668	66668992
1643064301	0	0	66668	66668992
1643064601	0	0	66668	66668992
1643064901	0	0	66668	66668992
1643065201	0	0	66668	66668992
1643065502	0	0	66668	66668992
1643065801	0	0	66668	66668992
1643066101	0	0	66668	66668992
1643066401	0	0	66668	66668992
1643066701	0	0	66668	66668992
1643067001	0	0	66668	66668992
1643067301	0	0	66668	66668992
1643067601	0	0	66668	66668992
1643067901	0	0	66668	66668992
1643068202	0	0	66668	66668992
1643068501	0	0	66668	66668992
1643068801	0	0	66668	66668992
1643069101	0	0	66668	66668992
1643069401	0	0	66668	66668992
1643069701	0	0	66668	66668992
1643070001	0	0	66668	66668992
1643070301	0	0	66668	66668992
1643070601	0	0	66668	66668992
1643070901	0	0	66668	66668992
1643071201	0	0	66668	66668992
1643071501	0	0	66668	66668992
1643071802	0	0	66668	66668992
1643072101	0	0	66668	66668992
1643072401	0	0	66668	66668992
1643072701	0	0	66668	66668992
1643073001	0	0	66668	66668992
1643073301	0	0	66668	66668992
1643073601	0	0	66668	66668992
1643073901	0	0	66668	66668992
1643074201	0	0	66668	66668992
1643074501	1	1	66668	66668992
1643074802	1	1	66668	66668992
1643075101	1	1	66668	66668992
1643075401	1	1	66668	66668992
1643075701	0	0	66668	66668992
1643076001	2	2	66668	66668992
1643076301	2	2	66668	66668992
1643076601	2	2	66668	66668992
1643076901	3	3	66668	66668992
1643077201	3	3	66668	66668992
1643077501	2	2	66668	66668992
1643077801	2	2	66668	66668992
1643078101	2	2	66668	66668992
1643078401	2	2	66668	66668992
1643078702	2	2	66668	66668992
1643079001	2	2	66668	66668992
1643079301	1	1	66668	66668992
1643079601	1	1	66668	66668992
1643079901	3	3	66668	66668992
1643080201	3	3	66668	66668992
1643080501	3	3	66668	66668992
1643080801	3	3	66668	66668992
1643081101	2	2	66668	66668992
1643081401	3	3	66668	66668992
1643081701	3	3	66668	66668992
1643082001	1	1	66668	66668992
1643082301	1	1	66668	66668992
1643082602	2	2	66668	66668992
1643082901	2	2	66668	66668992
1643083201	1	1	66668	66668992
1643083501	3	3	66668	66668992
1643083801	2	2	66668	66668992
1643084101	2	2	66668	66668992
1643084401	1	1	66668	66668992
1643084701	1	1	66668	66668992
1643085001	1	1	66668	66668992
1643085301	1	1	66668	66668992
1643085601	1	1	66668	66668992
1643085901	2	2	66668	66668992
1643086202	2	2	66668	66668992
1643086501	2	2	66668	66668992
1643086801	1	1	66668	66668992
1643087101	1	1	66668	66668992
1643087401	1	1	66668	66668992
1643087701	1	1	66668	66668992
1643088001	1	1	66668	66668992
1643088301	1	1	66668	66668992
1643088602	1	1	66668	66668992
1643088901	2	2	66668	66668992
1643089201	2	2	66668	66668992
1643089501	3	3	66668	66668992
1643089802	4	4	66668	66668992
1643090101	3	3	66668	66668992
1643090401	3	3	66668	66668992
1643090701	3	3	66668	66668992
1643091001	3	3	66668	66668992
1643091301	4	4	66668	66668992
1643091601	4	4	66668	66668992
1643091901	3	3	66668	66668992
1643092201	5	5	66668	66668992
1643092501	5	5	66668	66668992
1643092801	5	5	66668	66668992
1643093101	5	5	66668	66668992
1643093402	5	5	66668	66668992
1643093701	4	4	66668	66668992
1643094001	5	5	66668	66668992
1643094301	5	5	66668	66668992
1643094601	4	4	66668	66668992
1643094901	4	4	66668	66668992
1643095201	3	3	66668	66668992
1643095501	3	3	66668	66668992
1643095801	3	3	66668	66668992
1643096101	2	2	66668	66668992
1643096401	2	2	66668	66668992
1643096701	2	2	66668	66668992
1643097001	3	3	66668	66668992
1643097301	5	5	66668	66668992
1643097602	5	5	66668	66668992
1643097901	3	3	66668	66668992
1643098201	4	4	66668	66668992
1643098501	4	4	66668	66668992
1643098801	4	4	66668	66668992
1643099101	6	6	66668	66668992
1643099401	5	5	66668	66668992
1643099701	5	5	66668	66668992
1643100001	4	4	66668	66668992
1643100302	4	4	66668	66668992
1643100601	4	4	66668	66668992
1643100901	4	4	66668	66668992
1643101201	4	4	66668	66668992
1643101501	4	4	66668	66668992
1643101801	4	4	66668	66668992
1643102101	4	4	66668	66668992
1643102401	4	4	66668	66668992
1643102701	4	4	66668	66668992
1643103001	4	4	66668	66668992
1643103301	4	4	66668	66668992
1643103602	4	4	66668	66668992
1643103901	4	4	66668	66668992
1643104201	4	4	66668	66668992
1643104501	4	4	66668	66668992
1643104801	4	4	66668	66668992
1643105101	5	5	66668	66668992
1643105401	5	5	66668	66668992
1643105701	5	5	66668	66668992
1643106001	5	5	66668	66668992
1643106301	5	5	66668	66668992
1643106601	5	5	66668	66668992
1643106902	5	5	66668	66668992
1643107201	5	5	66668	66668992
1643107501	5	5	66668	66668992
1643107801	4	4	66668	66668992
1643108101	4	4	66668	66668992
1643108401	2	2	66668	66668992
1643108701	2	2	66668	66668992
1643109001	1	1	66668	66668992
1643109301	1	1	66668	66668992
1643109601	1	1	66668	66668992
1643109901	1	1	66668	66668992
1643110201	1	1	66668	66668992
1643110501	1	1	66668	66668992
1643110801	1	1	66668	66668992
1643111101	1	1	66668	66668992
1643111402	1	1	66668	66668992
1643111701	0	0	66668	66668992
1643112001	1	1	66668	66668992
1643112301	1	1	66668	66668992
1643112601	1	1	66668	66668992
1643112901	1	1	66668	66668992
1643113201	0	0	66668	66668992
1643113501	1	1	66668	66668992
1643113801	0	0	66668	66668992
1643114101	1	1	66668	66668992
1643114401	0	0	66668	66668992
1643114701	1	1	66668	66668992
1643115002	0	0	66668	66668992
1643115301	0	0	66668	66668992
1643115601	0	0	66668	66668992
1643115901	0	0	66668	66668992
1643116201	0	0	66668	66668992
1643116501	0	0	66668	66668992
1643116801	0	0	66668	66668992
1643117101	0	0	66668	66668992
1643117401	0	0	66668	66668992
1643117701	0	0	66668	66668992
1643118001	0	0	66668	66668992
1643118301	0	0	66668	66668992
1643118602	0	0	66668	66668992
1643118901	0	0	66668	66668992
1643119201	0	0	66668	66668992
1643119501	0	0	66668	66668992
1643119801	0	0	66668	66668992
1643120101	0	0	66668	66668992
1643120401	0	0	66668	66668992
1643120701	0	0	66668	66668992
1643121001	0	0	66668	66668992
1643121301	0	0	66668	66668992
1643121601	0	0	66668	66668992
1643121901	0	0	66668	66668992
1643122202	0	0	66668	66668992
1643122501	0	0	66668	66668992
1643122801	0	0	66668	66668992
1643123101	0	0	66668	66668992
1643123401	0	0	66668	66668992
1643123701	0	0	66668	66668992
1643124001	0	0	66668	66668992
1643124301	0	0	66668	66668992
1643124601	0	0	66668	66668992
1643124901	0	0	66668	66668992
1643125201	0	0	66668	66668992
1643125501	0	0	66668	66668992
1643125802	0	0	66668	66668992
1643126101	0	0	66668	66668992
