------------------------------------- START -----------------------------------------------
url = http://t0-sanxiao-ru2.game.koramgame.com/webproxy.php?act=activity 
url = http://t1-sanxiao-ru2.game.koramgame.com/webproxy.php?act=activity 
-------------------------------------------------------------
t0-sanxiao-ru2.game.koramgame.com
2021-02-07 07:01:01
result=>'{"retmsg":"发布成功.","retcode":0}'
result_decode=>array (
  'retmsg' => '发布成功.',
  'retcode' => 0,
)
retmsg==>OK
-------------------------------------------------------------

-------------------------------------------------------------
t1-sanxiao-ru2.game.koramgame.com
2021-02-07 07:01:01
result=>'{"retmsg":"发布成功.","retcode":0}'
result_decode=>array (
  'retmsg' => '发布成功.',
  'retcode' => 0,
)
retmsg==>OK
-------------------------------------------------------------

------------------------------------- START -----------------------------------------------
url = http://t0-sanxiao-ru2.game.koramgame.com/webproxy.php?act=activity 
url = http://t1-sanxiao-ru2.game.koramgame.com/webproxy.php?act=activity 
-------------------------------------------------------------
t0-sanxiao-ru2.game.koramgame.com
2021-02-07 09:08:59
result=>'{"retmsg":"发布成功.","retcode":0}'
result_decode=>array (
  'retmsg' => '发布成功.',
  'retcode' => 0,
)
retmsg==>OK
-------------------------------------------------------------

-------------------------------------------------------------
t1-sanxiao-ru2.game.koramgame.com
2021-02-07 09:08:59
result=>'{"retmsg":"发布成功.","retcode":0}'
result_decode=>array (
  'retmsg' => '发布成功.',
  'retcode' => 0,
)
retmsg==>OK
-------------------------------------------------------------

