------------------------------------- START -----------------------------------------------
url = http://s3-sanxiao-ru2.game.koramgame.com/webproxy.php?act=activity 
-------------------------------------------------------------
s3-sanxiao-ru2.game.koramgame.com
2021-07-09 06:40:54
result=>'{"retmsg":"发布成功.","retcode":0}'
result_decode=>array (
  'retmsg' => '发布成功.',
  'retcode' => 0,
)
retmsg==>OK
-------------------------------------------------------------

------------------------------------- START -----------------------------------------------
url = http://t0-sanxiao-ru2.game.koramgame.com/webproxy.php?act=activity 
url = http://t1-sanxiao-ru2.game.koramgame.com/webproxy.php?act=activity 
-------------------------------------------------------------
t0-sanxiao-ru2.game.koramgame.com
2021-07-09 06:50:47
result=>'{"retmsg":"发布成功.","retcode":0}'
result_decode=>array (
  'retmsg' => '发布成功.',
  'retcode' => 0,
)
retmsg==>OK
-------------------------------------------------------------

-------------------------------------------------------------
t1-sanxiao-ru2.game.koramgame.com
2021-07-09 06:50:47
result=>'{"retmsg":"发布成功.","retcode":0}'
result_decode=>array (
  'retmsg' => '发布成功.',
  'retcode' => 0,
)
retmsg==>OK
-------------------------------------------------------------

------------------------------------- START -----------------------------------------------
url = http://s3-sanxiao-ru2.game.koramgame.com/webproxy.php?act=activity 
-------------------------------------------------------------
s3-sanxiao-ru2.game.koramgame.com
2021-07-09 06:51:05
result=>'{"retmsg":"发布成功.","retcode":0}'
result_decode=>array (
  'retmsg' => '发布成功.',
  'retcode' => 0,
)
retmsg==>OK
-------------------------------------------------------------

------------------------------------- START -----------------------------------------------
url = http://t0-sanxiao-ru2.game.koramgame.com/webproxy.php?act=activity 
url = http://t1-sanxiao-ru2.game.koramgame.com/webproxy.php?act=activity 
-------------------------------------------------------------
t0-sanxiao-ru2.game.koramgame.com
2021-07-09 06:54:14
result=>'{"retmsg":"发布成功.","retcode":0}'
result_decode=>array (
  'retmsg' => '发布成功.',
  'retcode' => 0,
)
retmsg==>OK
-------------------------------------------------------------

-------------------------------------------------------------
t1-sanxiao-ru2.game.koramgame.com
2021-07-09 06:54:14
result=>'{"retmsg":"发布成功.","retcode":0}'
result_decode=>array (
  'retmsg' => '发布成功.',
  'retcode' => 0,
)
retmsg==>OK
-------------------------------------------------------------

------------------------------------- START -----------------------------------------------
url = http://t0-sanxiao-ru2.game.koramgame.com/webproxy.php?act=activity 
url = http://t1-sanxiao-ru2.game.koramgame.com/webproxy.php?act=activity 
-------------------------------------------------------------
t0-sanxiao-ru2.game.koramgame.com
2021-07-09 07:03:25
result=>'{"retmsg":"发布成功.","retcode":0}'
result_decode=>array (
  'retmsg' => '发布成功.',
  'retcode' => 0,
)
retmsg==>OK
-------------------------------------------------------------

-------------------------------------------------------------
t1-sanxiao-ru2.game.koramgame.com
2021-07-09 07:03:25
result=>'{"retmsg":"发布成功.","retcode":0}'
result_decode=>array (
  'retmsg' => '发布成功.',
  'retcode' => 0,
)
retmsg==>OK
-------------------------------------------------------------

------------------------------------- START -----------------------------------------------
url = http://s3-sanxiao-ru2.game.koramgame.com/webproxy.php?act=activity 
-------------------------------------------------------------
s3-sanxiao-ru2.game.koramgame.com
2021-07-09 07:03:27
result=>'{"retmsg":"发布成功.","retcode":0}'
result_decode=>array (
  'retmsg' => '发布成功.',
  'retcode' => 0,
)
retmsg==>OK
-------------------------------------------------------------

