1643990401	0	0	66668	66668992
1643990701	0	0	66668	66668992
1643991001	0	0	66668	66668992
1643991301	0	0	66668	66668992
1643991601	0	0	66668	66668992
1643991901	0	0	66668	66668992
1643992201	0	0	66668	66668992
1643992501	0	0	66668	66668992
1643992802	0	0	66668	66668992
1643993101	0	0	66668	66668992
1643993401	0	0	66668	66668992
1643993701	0	0	66668	66668992
1643994001	0	0	66668	66668992
1643994301	0	0	66668	66668992
1643994601	0	0	66668	66668992
1643994901	0	0	66668	66668992
1643995201	0	0	66668	66668992
1643995501	0	0	66668	66668992
1643995801	0	0	66668	66668992
1643996102	0	0	66668	66668992
1643996401	0	0	66668	66668992
1643996701	0	0	66668	66668992
1643997001	0	0	66668	66668992
1643997301	0	0	66668	66668992
1643997601	0	0	66668	66668992
1643997901	0	0	66668	66668992
1643998201	0	0	66668	66668992
1643998501	0	0	66668	66668992
1643998801	0	0	66668	66668992
1643999101	0	0	66668	66668992
1643999401	0	0	66668	66668992
1643999701	0	0	66668	66668992
1644000001	0	0	66668	66668992
1644000301	0	0	66668	66668992
1644000601	0	0	66668	66668992
1644000901	0	0	66668	66668992
1644001201	0	0	66668	66668992
1644001501	0	0	66668	66668992
1644001801	0	0	66668	66668992
1644002101	0	0	66668	66668992
1644002401	0	0	66668	66668992
1644002701	0	0	66668	66668992
1644003001	0	0	66668	66668992
1644003301	0	0	66668	66668992
1644003601	0	0	66668	66668992
1644003902	0	0	66668	66668992
1644004202	0	0	66668	66668992
1644004501	0	0	66668	66668992
1644004801	0	0	66668	66668992
1644005101	0	0	66668	66668992
1644005401	0	0	66668	66668992
1644005701	0	0	66668	66668992
1644006001	0	0	66668	66668992
1644006301	0	0	66668	66668992
1644006601	0	0	66668	66668992
1644006901	0	0	66668	66668992
1644007201	0	0	66668	66668992
1644007501	0	0	66668	66668992
1644007801	0	0	66668	66668992
1644008101	0	0	66668	66668992
1644008401	0	0	66668	66668992
1644008701	0	0	66668	66668992
1644009001	0	0	66668	66668992
1644009301	0	0	66668	66668992
1644009602	0	0	66668	66668992
1644009901	0	0	66668	66668992
1644010201	0	0	66668	66668992
1644010501	0	0	66668	66668992
1644010801	0	0	66668	66668992
1644011101	0	0	66668	66668992
1644011402	0	0	66668	66668992
1644011701	0	0	66668	66668992
1644012001	0	0	66668	66668992
1644012301	0	0	66668	66668992
1644012601	0	0	66668	66668992
1644012901	0	0	66668	66668992
1644013201	0	0	66668	66668992
1644013501	0	0	66668	66668992
1644013801	0	0	66668	66668992
1644014102	0	0	66668	66668992
1644014401	0	0	66668	66668992
1644014701	0	0	66668	66668992
1644015001	0	0	66668	66668992
1644015301	0	0	66668	66668992
1644015601	0	0	66668	66668992
1644015902	0	0	66668	66668992
1644016201	0	0	66668	66668992
1644016501	0	0	66668	66668992
1644016801	0	0	66668	66668992
1644017101	0	0	66668	66668992
1644017401	0	0	66668	66668992
1644017701	0	0	66668	66668992
1644018001	0	0	66668	66668992
1644018301	0	0	66668	66668992
1644018602	0	0	66668	66668992
1644018901	0	0	66668	66668992
1644019201	0	0	66668	66668992
1644019502	0	0	66668	66668992
1644019801	0	0	66668	66668992
1644020101	0	0	66668	66668992
1644020401	0	0	66668	66668992
1644020701	0	0	66668	66668992
1644021001	0	0	66668	66668992
1644021301	0	0	66668	66668992
1644021601	0	0	66668	66668992
1644021901	0	0	66668	66668992
1644022202	0	0	66668	66668992
1644022501	0	0	66668	66668992
1644022801	0	0	66668	66668992
1644023101	0	0	66668	66668992
1644023401	0	0	66668	66668992
1644023701	0	0	66668	66668992
1644024003	0	0	66668	66668992
1644024301	0	0	66668	66668992
1644024601	0	0	66668	66668992
1644024901	0	0	66668	66668992
1644025201	0	0	66668	66668992
1644025501	0	0	66668	66668992
1644025802	0	0	66668	66668992
1644026101	0	0	66668	66668992
1644026401	0	0	66668	66668992
1644026701	0	0	66668	66668992
1644027001	0	0	66668	66668992
1644027301	0	0	66668	66668992
1644027602	0	0	66668	66668992
1644027901	0	0	66668	66668992
1644028201	0	0	66668	66668992
1644028502	0	0	66668	66668992
1644028801	0	0	66668	66668992
1644029101	0	0	66668	66668992
1644029401	0	0	66668	66668992
1644029701	0	0	66668	66668992
1644030001	0	0	66668	66668992
1644030301	0	0	66668	66668992
1644030601	0	0	66668	66668992
1644030901	0	0	66668	66668992
1644031201	0	0	66668	66668992
1644031501	0	0	66668	66668992
1644031801	0	0	66668	66668992
1644032101	0	0	66668	66668992
1644032401	0	0	66668	66668992
1644032702	0	0	66668	66668992
1644033001	0	0	66668	66668992
1644033301	0	0	66668	66668992
1644033601	0	0	66668	66668992
1644033901	0	0	66668	66668992
1644034201	0	0	66668	66668992
1644034501	0	0	66668	66668992
1644034801	0	0	66668	66668992
1644035101	0	0	66668	66668992
1644035401	0	0	66668	66668992
1644035702	0	0	66668	66668992
1644036001	0	0	66668	66668992
1644036301	0	0	66668	66668992
1644036601	0	0	66668	66668992
1644036901	0	0	66668	66668992
1644037201	0	0	66668	66668992
1644037501	0	0	66668	66668992
1644037801	0	0	66668	66668992
1644038101	0	0	66668	66668992
1644038401	0	0	66668	66668992
1644038701	0	0	66668	66668992
1644039001	0	0	66668	66668992
1644039302	0	0	66668	66668992
1644039601	0	0	66668	66668992
1644039901	0	0	66668	66668992
1644040201	0	0	66668	66668992
1644040501	0	0	66668	66668992
1644040801	0	0	66668	66668992
1644041101	0	0	66668	66668992
1644041401	0	0	66668	66668992
1644041701	0	0	66668	66668992
1644042001	0	0	66668	66668992
1644042301	0	0	66668	66668992
1644042601	0	0	66668	66668992
1644042902	0	0	66668	66668992
1644043201	0	0	66668	66668992
1644043501	0	0	66668	66668992
1644043801	0	0	66668	66668992
1644044101	0	0	66668	66668992
1644044401	0	0	66668	66668992
1644044701	0	0	66668	66668992
1644045001	0	0	66668	66668992
1644045301	0	0	66668	66668992
1644045601	0	0	66668	66668992
1644045902	0	0	66668	66668992
1644046201	0	0	66668	66668992
1644046501	0	0	66668	66668992
1644046801	0	0	66668	66668992
1644047101	0	0	66668	66668992
1644047401	0	0	66668	66668992
1644047701	0	0	66668	66668992
1644048001	0	0	66668	66668992
1644048301	0	0	66668	66668992
1644048601	0	0	66668	66668992
1644048901	0	0	66668	66668992
1644049201	0	0	66668	66668992
1644049501	0	0	66668	66668992
1644049801	0	0	66668	66668992
1644050102	0	0	66668	66668992
1644050401	0	0	66668	66668992
1644050701	0	0	66668	66668992
1644051001	0	0	66668	66668992
1644051301	0	0	66668	66668992
1644051601	0	0	66668	66668992
1644051902	0	0	66668	66668992
1644052201	0	0	66668	66668992
1644052501	0	0	66668	66668992
1644052801	0	0	66668	66668992
1644053101	0	0	66668	66668992
1644053401	0	0	66668	66668992
1644053702	0	0	66668	66668992
1644054001	0	0	66668	66668992
1644054301	0	0	66668	66668992
1644054601	0	0	66668	66668992
1644054901	0	0	66668	66668992
1644055201	0	0	66668	66668992
1644055501	0	0	66668	66668992
1644055801	0	0	66668	66668992
1644056101	0	0	66668	66668992
1644056401	0	0	66668	66668992
1644056701	0	0	66668	66668992
1644057001	0	0	66668	66668992
1644057303	0	0	66668	66668992
1644057601	0	0	66668	66668992
1644057901	0	0	66668	66668992
1644058201	0	0	66668	66668992
1644058501	0	0	66668	66668992
1644058801	0	0	66668	66668992
1644059101	0	0	66668	66668992
1644059401	0	0	66668	66668992
1644059701	0	0	66668	66668992
1644060001	0	0	66668	66668992
1644060301	0	0	66668	66668992
1644060601	0	0	66668	66668992
1644060901	0	0	66668	66668992
1644061201	0	0	66668	66668992
1644061501	0	0	66668	66668992
1644061801	0	0	66668	66668992
1644062101	0	0	66668	66668992
1644062401	0	0	66668	66668992
1644062701	0	0	66668	66668992
1644063001	0	0	66668	66668992
1644063301	0	0	66668	66668992
1644063601	0	0	66668	66668992
1644063901	0	0	66668	66668992
1644064201	0	0	66668	66668992
1644064501	0	0	66668	66668992
1644064801	0	0	66668	66668992
1644065101	0	0	66668	66668992
1644065401	0	0	66668	66668992
1644065701	0	0	66668	66668992
1644066001	0	0	66668	66668992
1644066302	0	0	66668	66668992
1644066601	0	0	66668	66668992
1644066901	0	0	66668	66668992
1644067201	0	0	66668	66668992
1644067501	0	0	66668	66668992
1644067801	0	0	66668	66668992
1644068101	0	0	66668	66668992
1644068402	0	0	66668	66668992
1644068701	0	0	66668	66668992
1644069001	0	0	66668	66668992
1644069301	0	0	66668	66668992
1644069601	0	0	66668	66668992
1644069901	0	0	66668	66668992
1644070201	0	0	66668	66668992
1644070501	0	0	66668	66668992
1644070801	0	0	66668	66668992
1644071101	0	0	66668	66668992
1644071401	0	0	66668	66668992
1644071701	0	0	66668	66668992
1644072001	0	0	66668	66668992
1644072301	0	0	66668	66668992
1644072603	0	0	66668	66668992
1644072901	0	0	66668	66668992
1644073201	0	0	66668	66668992
1644073501	0	0	66668	66668992
1644073801	0	0	66668	66668992
1644074101	0	0	66668	66668992
1644074401	0	0	66668	66668992
1644074701	0	0	66668	66668992
1644075001	0	0	66668	66668992
1644075302	0	0	66668	66668992
1644075601	0	0	66668	66668992
1644075901	0	0	66668	66668992
1644076201	0	0	66668	66668992
1644076501	0	0	66668	66668992
