1644768001	0	0	66668	66668992
1644768301	0	0	66668	66668992
1644768601	0	0	66668	66668992
1644768901	0	0	66668	66668992
1644769201	0	0	66668	66668992
1644769501	0	0	66668	66668992
1644769801	0	0	66668	66668992
1644770101	0	0	66668	66668992
1644770402	0	0	66668	66668992
1644770701	0	0	66668	66668992
1644771001	0	0	66668	66668992
1644771301	0	0	66668	66668992
1644771601	0	0	66668	66668992
1644771901	0	0	66668	66668992
1644772201	0	0	66668	66668992
1644772501	0	0	66668	66668992
1644772801	0	0	66668	66668992
1644773101	0	0	66668	66668992
1644773401	0	0	66668	66668992
1644773701	0	0	66668	66668992
1644774001	0	0	66668	66668992
1644774302	0	0	66668	66668992
1644774601	0	0	66668	66668992
1644774901	0	0	66668	66668992
1644775201	0	0	66668	66668992
1644775502	0	0	66668	66668992
1644775801	0	0	66668	66668992
1644776101	0	0	66668	66668992
1644776401	0	0	66668	66668992
1644776701	0	0	66668	66668992
1644777001	0	0	66668	66668992
1644777301	0	0	66668	66668992
1644777602	0	0	66668	66668992
1644777901	0	0	66668	66668992
1644778201	0	0	66668	66668992
1644778501	0	0	66668	66668992
1644778801	0	0	66668	66668992
1644779102	0	0	66668	66668992
1644779401	0	0	66668	66668992
1644779701	0	0	66668	66668992
1644780001	0	0	66668	66668992
1644780301	0	0	66668	66668992
1644780601	0	0	66668	66668992
1644780901	0	0	66668	66668992
1644781202	0	0	66668	66668992
1644781501	0	0	66668	66668992
1644781801	0	0	66668	66668992
1644782101	0	0	66668	66668992
1644782401	0	0	66668	66668992
1644782701	0	0	66668	66668992
1644783001	0	0	66668	66668992
1644783301	0	0	66668	66668992
1644783601	0	0	66668	66668992
1644783901	0	0	66668	66668992
1644784201	0	0	66668	66668992
1644784502	0	0	66668	66668992
1644784802	0	0	66668	66668992
1644785101	0	0	66668	66668992
1644785401	0	0	66668	66668992
1644785701	0	0	66668	66668992
1644786001	0	0	66668	66668992
1644786301	0	0	66668	66668992
1644786601	0	0	66668	66668992
1644786901	0	0	66668	66668992
1644787201	0	0	66668	66668992
1644787501	0	0	66668	66668992
1644787801	0	0	66668	66668992
1644788102	0	0	66668	66668992
1644788401	0	0	66668	66668992
1644788701	0	0	66668	66668992
1644789001	0	0	66668	66668992
1644789301	0	0	66668	66668992
1644789601	0	0	66668	66668992
1644789901	0	0	66668	66668992
1644790201	0	0	66668	66668992
1644790501	0	0	66668	66668992
1644790801	0	0	66668	66668992
1644791101	0	0	66668	66668992
1644791401	0	0	66668	66668992
1644791701	0	0	66668	66668992
1644792001	0	0	66668	66668992
1644792302	0	0	66668	66668992
1644792601	0	0	66668	66668992
1644792901	0	0	66668	66668992
1644793201	0	0	66668	66668992
1644793501	0	0	66668	66668992
1644793801	0	0	66668	66668992
1644794101	0	0	66668	66668992
1644794401	0	0	66668	66668992
1644794701	0	0	66668	66668992
1644795001	0	0	66668	66668992
1644795302	0	0	66668	66668992
1644795601	0	0	66668	66668992
1644795901	0	0	66668	66668992
1644796201	0	0	66668	66668992
1644796501	0	0	66668	66668992
1644796801	0	0	66668	66668992
1644797101	0	0	66668	66668992
1644797401	0	0	66668	66668992
1644797701	0	0	66668	66668992
1644798001	0	0	66668	66668992
1644798301	0	0	66668	66668992
1644798601	0	0	66668	66668992
1644798901	0	0	66668	66668992
1644799201	0	0	66668	66668992
1644799501	0	0	66668	66668992
1644799801	0	0	66668	66668992
1644800101	0	0	66668	66668992
1644800401	0	0	66668	66668992
1644800701	0	0	66668	66668992
1644801001	0	0	66668	66668992
1644801301	0	0	66668	66668992
1644801601	0	0	66668	66668992
1644801901	0	0	66668	66668992
1644802201	0	0	66668	66668992
1644802501	0	0	66668	66668992
1644802801	0	0	66668	66668992
1644803101	1	1	66668	66668992
1644803403	1	1	66668	66668992
1644803701	2	2	66668	66668992
1644804001	2	2	66668	66668992
1644804301	2	2	66668	66668992
1644804601	2	2	66668	66668992
1644804901	3	3	66668	66668992
1644805201	3	3	66668	66668992
1644805501	2	2	66668	66668992
1644805801	2	2	66668	66668992
1644806101	3	3	66668	66668992
1644806402	3	3	66668	66668992
1644806701	3	3	66668	66668992
1644807002	2	2	66668	66668992
1644807301	2	2	66668	66668992
1644807601	2	2	66668	66668992
1644807901	2	2	66668	66668992
1644808201	1	1	66668	66668992
1644808501	1	1	66668	66668992
1644808801	1	1	66668	66668992
1644809101	1	1	66668	66668992
1644809401	1	1	66668	66668992
1644809702	1	1	66668	66668992
1644810001	1	1	66668	66668992
1644810301	1	1	66668	66668992
1644810601	1	1	66668	66668992
1644810901	1	1	66668	66668992
1644811201	1	1	66668	66668992
1644811501	1	1	66668	66668992
1644811801	1	1	66668	66668992
1644812101	1	1	66668	66668992
1644812401	1	1	66668	66668992
1644812701	1	1	66668	66668992
1644813001	1	1	66668	66668992
1644813301	1	1	66668	66668992
1644813601	1	1	66668	66668992
1644813902	1	1	66668	66668992
1644814201	1	1	66668	66668992
1644814501	1	1	66668	66668992
1644814801	1	1	66668	66668992
1644815101	1	1	66668	66668992
1644815401	1	1	66668	66668992
1644815701	1	1	66668	66668992
1644816001	1	1	66668	66668992
1644816301	1	1	66668	66668992
1644816601	1	1	66668	66668992
1644816902	1	1	66668	66668992
1644817201	1	1	66668	66668992
1644817501	1	1	66668	66668992
1644817801	1	1	66668	66668992
1644818101	1	1	66668	66668992
1644818401	1	1	66668	66668992
1644818701	2	2	66668	66668992
1644819001	3	3	66668	66668992
1644819301	3	3	66668	66668992
1644819601	3	3	66668	66668992
1644819901	3	3	66668	66668992
1644820201	3	3	66668	66668992
1644820502	3	3	66668	66668992
1644820801	3	3	66668	66668992
1644821101	4	4	66668	66668992
1644821401	4	4	66668	66668992
1644821701	4	4	66668	66668992
1644822001	4	4	66668	66668992
1644822301	4	4	66668	66668992
1644822601	5	5	66668	66668992
1644822901	4	4	66668	66668992
1644823201	3	3	66668	66668992
1644823501	3	3	66668	66668992
1644823801	3	3	66668	66668992
1644824101	4	4	66668	66668992
1644824402	4	4	66668	66668992
1644824701	4	4	66668	66668992
1644825001	4	4	66668	66668992
1644825301	4	4	66668	66668992
1644825601	3	3	66668	66668992
1644825901	4	4	66668	66668992
1644826201	4	4	66668	66668992
1644826501	4	4	66668	66668992
1644826801	5	5	66668	66668992
1644827101	4	4	66668	66668992
1644827401	6	6	66668	66668992
1644827702	6	6	66668	66668992
1644828001	5	5	66668	66668992
1644828301	4	4	66668	66668992
1644828601	4	4	66668	66668992
1644828901	4	4	66668	66668992
1644829201	3	3	66668	66668992
1644829501	3	3	66668	66668992
1644829801	3	3	66668	66668992
1644830101	1	1	66668	66668992
1644830401	2	2	66668	66668992
1644830701	3	3	66668	66668992
1644831001	2	2	66668	66668992
1644831302	4	4	66668	66668992
1644831601	2	2	66668	66668992
1644831901	3	3	66668	66668992
1644832201	2	2	66668	66668992
1644832501	2	2	66668	66668992
1644832801	2	2	66668	66668992
1644833101	2	2	66668	66668992
1644833401	2	2	66668	66668992
1644833701	3	3	66668	66668992
1644834001	3	3	66668	66668992
1644834301	4	4	66668	66668992
1644834601	4	4	66668	66668992
1644834902	4	4	66668	66668992
1644835201	4	4	66668	66668992
1644835501	2	2	66668	66668992
1644835801	3	3	66668	66668992
1644836101	2	2	66668	66668992
1644836401	2	2	66668	66668992
1644836701	1	1	66668	66668992
1644837001	1	1	66668	66668992
1644837301	1	1	66668	66668992
1644837601	1	1	66668	66668992
1644837901	1	1	66668	66668992
1644838201	2	2	66668	66668992
1644838502	2	2	66668	66668992
1644838801	2	2	66668	66668992
1644839101	2	2	66668	66668992
1644839401	2	2	66668	66668992
1644839701	2	2	66668	66668992
1644840001	2	2	66668	66668992
1644840301	2	2	66668	66668992
1644840601	2	2	66668	66668992
1644840901	2	2	66668	66668992
1644841201	1	1	66668	66668992
1644841501	1	1	66668	66668992
1644841801	1	1	66668	66668992
1644842102	1	1	66668	66668992
1644842401	1	1	66668	66668992
1644842701	0	0	66668	66668992
1644843001	1	1	66668	66668992
1644843301	1	1	66668	66668992
1644843601	1	1	66668	66668992
1644843901	1	1	66668	66668992
1644844201	0	0	66668	66668992
1644844501	0	0	66668	66668992
1644844801	0	0	66668	66668992
1644845101	0	0	66668	66668992
1644845401	0	0	66668	66668992
1644845702	0	0	66668	66668992
1644846001	0	0	66668	66668992
1644846301	0	0	66668	66668992
1644846602	0	0	66668	66668992
1644846901	0	0	66668	66668992
1644847201	0	0	66668	66668992
1644847501	0	0	66668	66668992
1644847801	0	0	66668	66668992
1644848101	0	0	66668	66668992
1644848401	0	0	66668	66668992
1644848701	0	0	66668	66668992
1644849001	0	0	66668	66668992
1644849302	0	0	66668	66668992
1644849601	0	0	66668	66668992
1644849901	0	0	66668	66668992
1644850201	0	0	66668	66668992
1644850501	0	0	66668	66668992
1644850801	0	0	66668	66668992
1644851101	0	0	66668	66668992
1644851401	0	0	66668	66668992
1644851701	0	0	66668	66668992
1644852001	0	0	66668	66668992
1644852302	0	0	66668	66668992
1644852601	0	0	66668	66668992
1644852901	0	0	66668	66668992
1644853201	0	0	66668	66668992
1644853501	0	0	66668	66668992
1644853802	0	0	66668	66668992
1644854101	0	0	66668	66668992
