1645286402	0	0	66668	66668992
1645286701	0	0	66668	66668992
1645287001	0	0	66668	66668992
1645287301	0	0	66668	66668992
1645287601	0	0	66668	66668992
1645287901	0	0	66668	66668992
1645288201	0	0	66668	66668992
1645288501	0	0	66668	66668992
1645288801	0	0	66668	66668992
1645289101	0	0	66668	66668992
1645289401	0	0	66668	66668992
1645289701	0	0	66668	66668992
1645290002	0	0	66668	66668992
1645290301	0	0	66668	66668992
1645290601	0	0	66668	66668992
1645290901	0	0	66668	66668992
1645291201	0	0	66668	66668992
1645291501	0	0	66668	66668992
1645291801	0	0	66668	66668992
1645292101	0	0	66668	66668992
1645292401	0	0	66668	66668992
1645292701	0	0	66668	66668992
1645293001	0	0	66668	66668992
1645293301	0	0	66668	66668992
1645293602	0	0	66668	66668992
1645293901	0	0	66668	66668992
1645294201	0	0	66668	66668992
1645294501	0	0	66668	66668992
1645294801	0	0	66668	66668992
1645295101	0	0	66668	66668992
1645295401	0	0	66668	66668992
1645295701	0	0	66668	66668992
1645296001	0	0	66668	66668992
1645296301	0	0	66668	66668992
1645296601	0	0	66668	66668992
1645296901	0	0	66668	66668992
1645297202	0	0	66668	66668992
1645297501	0	0	66668	66668992
1645297801	0	0	66668	66668992
1645298101	0	0	66668	66668992
1645298401	0	0	66668	66668992
1645298701	0	0	66668	66668992
1645299001	0	0	66668	66668992
1645299301	0	0	66668	66668992
1645299601	0	0	66668	66668992
1645299901	0	0	66668	66668992
1645300201	0	0	66668	66668992
1645300501	0	0	66668	66668992
1645300801	0	0	66668	66668992
1645301101	0	0	66668	66668992
1645301401	0	0	66668	66668992
1645301701	0	0	66668	66668992
1645302001	0	0	66668	66668992
1645302301	0	0	66668	66668992
1645302601	0	0	66668	66668992
1645302901	0	0	66668	66668992
1645303201	0	0	66668	66668992
1645303501	0	0	66668	66668992
1645303801	0	0	66668	66668992
1645304101	0	0	66668	66668992
1645304402	0	0	66668	66668992
1645304701	0	0	66668	66668992
1645305001	0	0	66668	66668992
1645305301	0	0	66668	66668992
1645305601	0	0	66668	66668992
1645305901	0	0	66668	66668992
1645306201	0	0	66668	66668992
1645306501	0	0	66668	66668992
1645306801	0	0	66668	66668992
1645307101	0	0	66668	66668992
1645307401	0	0	66668	66668992
1645307701	0	0	66668	66668992
1645308002	0	0	66668	66668992
1645308301	0	0	66668	66668992
1645308601	0	0	66668	66668992
1645308901	0	0	66668	66668992
1645309201	0	0	66668	66668992
1645309501	0	0	66668	66668992
1645309801	0	0	66668	66668992
1645310101	0	0	66668	66668992
1645310401	0	0	66668	66668992
1645310701	0	0	66668	66668992
1645311001	0	0	66668	66668992
1645311301	0	0	66668	66668992
1645311601	0	0	66668	66668992
1645311901	0	0	66668	66668992
1645312201	0	0	66668	66668992
1645312501	0	0	66668	66668992
1645312801	0	0	66668	66668992
1645313101	0	0	66668	66668992
1645313401	0	0	66668	66668992
1645313701	0	0	66668	66668992
1645314001	0	0	66668	66668992
1645314301	0	0	66668	66668992
1645314601	0	0	66668	66668992
1645314901	0	0	66668	66668992
1645315202	0	0	66668	66668992
1645315501	0	0	66668	66668992
1645315801	0	0	66668	66668992
1645316101	0	0	66668	66668992
1645316401	0	0	66668	66668992
1645316701	0	0	66668	66668992
1645317002	0	0	66668	66668992
1645317301	0	0	66668	66668992
1645317601	0	0	66668	66668992
1645317901	0	0	66668	66668992
1645318201	0	0	66668	66668992
1645318501	0	0	66668	66668992
1645318802	0	0	66668	66668992
1645319101	0	0	66668	66668992
1645319401	0	0	66668	66668992
1645319701	0	0	66668	66668992
1645320001	0	0	66668	66668992
1645320301	0	0	66668	66668992
1645320601	0	0	66668	66668992
1645320901	0	0	66668	66668992
1645321201	0	0	66668	66668992
1645321502	0	0	66668	66668992
1645321801	0	0	66668	66668992
1645322101	0	0	66668	66668992
1645322401	0	0	66668	66668992
1645322701	0	0	66668	66668992
1645323001	0	0	66668	66668992
1645323301	0	0	66668	66668992
1645323601	0	0	66668	66668992
1645323901	0	0	66668	66668992
1645324201	0	0	66668	66668992
1645324501	0	0	66668	66668992
1645324801	0	0	66668	66668992
1645325101	0	0	66668	66668992
1645325401	0	0	66668	66668992
1645325701	0	0	66668	66668992
1645326002	0	0	66668	66668992
1645326301	0	0	66668	66668992
1645326601	0	0	66668	66668992
1645326901	0	0	66668	66668992
1645327201	1	1	66668	66668992
1645327501	1	1	66668	66668992
1645327801	1	1	66668	66668992
1645328101	1	1	66668	66668992
1645328401	1	1	66668	66668992
1645328702	1	1	66668	66668992
1645329001	1	1	66668	66668992
1645329301	1	1	66668	66668992
1645329601	1	1	66668	66668992
1645329901	1	1	66668	66668992
1645330201	1	1	66668	66668992
1645330501	1	1	66668	66668992
1645330801	0	0	66668	66668992
1645331101	0	0	66668	66668992
1645331401	0	0	66668	66668992
1645331701	0	0	66668	66668992
1645332001	0	0	66668	66668992
1645332301	0	0	66668	66668992
1645332602	0	0	66668	66668992
1645332901	0	0	66668	66668992
1645333201	0	0	66668	66668992
1645333501	0	0	66668	66668992
1645333801	0	0	66668	66668992
1645334102	0	0	66668	66668992
1645334401	0	0	66668	66668992
1645334701	0	0	66668	66668992
1645335001	0	0	66668	66668992
1645335301	0	0	66668	66668992
1645335601	0	0	66668	66668992
1645335901	0	0	66668	66668992
1645336201	0	0	66668	66668992
1645336501	0	0	66668	66668992
1645336801	0	0	66668	66668992
1645337101	0	0	66668	66668992
1645337401	0	0	66668	66668992
1645337701	0	0	66668	66668992
1645338001	0	0	66668	66668992
1645338301	0	0	66668	66668992
1645338601	0	0	66668	66668992
1645338901	0	0	66668	66668992
1645339201	0	0	66668	66668992
1645339501	0	0	66668	66668992
1645339801	0	0	66668	66668992
1645340101	0	0	66668	66668992
1645340402	0	0	66668	66668992
1645340701	0	0	66668	66668992
1645341001	0	0	66668	66668992
1645341301	0	0	66668	66668992
1645341601	0	0	66668	66668992
1645341901	0	0	66668	66668992
1645342201	0	0	66668	66668992
1645342501	0	0	66668	66668992
1645342801	0	0	66668	66668992
1645343101	0	0	66668	66668992
1645343401	0	0	66668	66668992
1645343701	0	0	66668	66668992
1645344002	0	0	66668	66668992
1645344301	0	0	66668	66668992
1645344601	0	0	66668	66668992
1645344901	0	0	66668	66668992
1645345201	0	0	66668	66668992
1645345501	0	0	66668	66668992
1645345801	0	0	66668	66668992
1645346101	0	0	66668	66668992
1645346401	0	0	66668	66668992
1645346702	0	0	66668	66668992
1645347001	0	0	66668	66668992
1645347301	0	0	66668	66668992
1645347601	0	0	66668	66668992
1645347901	0	0	66668	66668992
1645348201	0	0	66668	66668992
1645348501	0	0	66668	66668992
1645348801	0	0	66668	66668992
1645349101	0	0	66668	66668992
1645349401	0	0	66668	66668992
1645349701	0	0	66668	66668992
1645350001	0	0	66668	66668992
1645350301	0	0	66668	66668992
1645350601	0	0	66668	66668992
1645350902	0	0	66668	66668992
1645351201	0	0	66668	66668992
1645351501	0	0	66668	66668992
1645351801	0	0	66668	66668992
1645352101	0	0	66668	66668992
1645352401	0	0	66668	66668992
1645352701	0	0	66668	66668992
1645353001	0	0	66668	66668992
1645353301	0	0	66668	66668992
1645353601	0	0	66668	66668992
1645353902	0	0	66668	66668992
1645354201	0	0	66668	66668992
1645354501	0	0	66668	66668992
1645354802	0	0	66668	66668992
1645355101	0	0	66668	66668992
1645355401	0	0	66668	66668992
1645355703	0	0	66668	66668992
1645356001	0	0	66668	66668992
1645356301	0	0	66668	66668992
1645356602	0	0	66668	66668992
1645356901	0	0	66668	66668992
1645357201	0	0	66668	66668992
1645357502	0	0	66668	66668992
1645357801	0	0	66668	66668992
1645358101	0	0	66668	66668992
1645358401	0	0	66668	66668992
1645358701	0	0	66668	66668992
1645359001	0	0	66668	66668992
1645359301	0	0	66668	66668992
1645359601	0	0	66668	66668992
1645359901	0	0	66668	66668992
1645360201	0	0	66668	66668992
1645360501	0	0	66668	66668992
1645360801	0	0	66668	66668992
1645361101	0	0	66668	66668992
1645361401	0	0	66668	66668992
1645361701	0	0	66668	66668992
1645362003	0	0	66668	66668992
1645362301	0	0	66668	66668992
1645362601	0	0	66668	66668992
1645362901	0	0	66668	66668992
1645363201	0	0	66668	66668992
1645363501	0	0	66668	66668992
1645363801	0	0	66668	66668992
1645364101	0	0	66668	66668992
1645364401	0	0	66668	66668992
1645364701	0	0	66668	66668992
1645365001	0	0	66668	66668992
1645365301	0	0	66668	66668992
1645365602	0	0	66668	66668992
1645365901	0	0	66668	66668992
1645366201	0	0	66668	66668992
1645366501	0	0	66668	66668992
1645366801	0	0	66668	66668992
1645367101	0	0	66668	66668992
1645367401	0	0	66668	66668992
1645367701	0	0	66668	66668992
1645368001	0	0	66668	66668992
1645368301	0	0	66668	66668992
1645368601	0	0	66668	66668992
1645368901	0	0	66668	66668992
1645369202	0	0	66668	66668992
1645369501	0	0	66668	66668992
1645369801	0	0	66668	66668992
1645370101	0	0	66668	66668992
1645370401	0	0	66668	66668992
1645370701	0	0	66668	66668992
1645371001	0	0	66668	66668992
1645371301	0	0	66668	66668992
1645371601	0	0	66668	66668992
1645371901	0	0	66668	66668992
1645372201	0	0	66668	66668992
1645372501	0	0	66668	66668992
