 -- [2020-12-08 11:03:25] -- cai -- INSERT INTO `gm_queue` (`interfaceName`,`serverList`,`dataResult`,`status`,`queueDate`,`serverGroup`,`productId`) VALUES (:interfaceName, :serverList, :dataResult, :status, :queueDate, :serverGroup, :productId)
 -- [2020-12-08 11:03:36] -- cai -- in_call_1
 -- [2020-12-08 11:03:36] -- cai -- "Rest_Awards"
 -- [2020-12-08 11:03:36] -- cai -- "t5.sm2.kunlun.com\/platform\/index.php"
 -- [2020-12-08 11:03:36] -- cai -- {"uid":"","expire":1610019026,"cid":"9902","title":"{\"default\":\"en\",\"en\":\"\\u666e\\u901a\\u90ae\\u4ef6\"}","content":"{\"default\":\"en\",\"en\":\"1\",\"topType\":\"0\",\"topEndTime\":1610019026}","reason":"1","author":"sanxiao","gift":"W3siZ2lmdCI6IjEwMDExMDAxIiwibmFtZSI6Ilx1OTRhMlx1OTRjMVx1OTdmNVx1NWY4YiIsIm51bSI6MSwiZXh0IjoxfV0=","record":{"id":"227","interfaceName":"Rest_Awards","serverList":"9000994","dataResult":"a:8:{s:3:\"uid\";s:0:\"\";s:6:\"expire\";i:1610019026;s:3:\"cid\";s:4:\"9902\";s:5:\"title\";s:48:\"{\"default\":\"en\",\"en\":\"\\u666e\\u901a\\u90ae\\u4ef6\"}\";s:7:\"content\";s:63:\"{\"default\":\"en\",\"en\":\"1\",\"topType\":\"0\",\"topEndTime\":1610019026}\";s:6:\"reason\";s:1:\"1\";s:6:\"author\";s:7:\"sanxiao\";s:4:\"gift\";s:96:\"W3siZ2lmdCI6IjEwMDExMDAxIiwibmFtZSI6Ilx1OTRhMlx1OTRjMVx1OTdmNVx1NWY4YiIsIm51bSI6MSwiZXh0IjoxfV0=\";}","description":"","serverGroup":"2150","productId":"2150","queueDate":"2020-12-08 11:03:25","status":"0"}}
 -- [2020-12-08 11:05:12] -- cai -- INSERT INTO `gm_queue` (`interfaceName`,`serverList`,`dataResult`,`status`,`queueDate`,`serverGroup`,`productId`) VALUES (:interfaceName, :serverList, :dataResult, :status, :queueDate, :serverGroup, :productId)
 -- [2020-12-08 11:05:38] -- cai -- INSERT INTO `gm_queue` (`interfaceName`,`serverList`,`dataResult`,`status`,`queueDate`,`serverGroup`,`productId`) VALUES (:interfaceName, :serverList, :dataResult, :status, :queueDate, :serverGroup, :productId)
 -- [2020-12-08 11:05:59] -- cai -- in_call_1
 -- [2020-12-08 11:05:59] -- cai -- "Rest_Awards"
 -- [2020-12-08 11:05:59] -- cai -- "t5.sm2.kunlun.com\/platform\/index.php"
 -- [2020-12-08 11:05:59] -- cai -- {"uid":"","expire":1610075085,"cid":"9902","title":"{\"default\":\"en\",\"en\":\"\\u666e\\u901a\\u90ae\\u4ef6\"}","content":"{\"default\":\"en\",\"en\":\"1\",\"topType\":\"0\",\"topEndTime\":1610075085}","reason":"1","author":"sanxiao","gift":"W3siZ2lmdCI6IjEwMDExMDAxIiwibmFtZSI6Ilx1OTRhMlx1OTRjMVx1OTdmNVx1NWY4YiIsIm51bSI6MSwiZXh0IjoxfV0=","record":{"id":"228","interfaceName":"Rest_Awards","serverList":"9000994","dataResult":"a:8:{s:3:\"uid\";s:0:\"\";s:6:\"expire\";i:1610075085;s:3:\"cid\";s:4:\"9902\";s:5:\"title\";s:48:\"{\"default\":\"en\",\"en\":\"\\u666e\\u901a\\u90ae\\u4ef6\"}\";s:7:\"content\";s:63:\"{\"default\":\"en\",\"en\":\"1\",\"topType\":\"0\",\"topEndTime\":1610075085}\";s:6:\"reason\";s:1:\"1\";s:6:\"author\";s:7:\"sanxiao\";s:4:\"gift\";s:96:\"W3siZ2lmdCI6IjEwMDExMDAxIiwibmFtZSI6Ilx1OTRhMlx1OTRjMVx1OTdmNVx1NWY4YiIsIm51bSI6MSwiZXh0IjoxfV0=\";}","description":"","serverGroup":"2150","productId":"2150","queueDate":"2020-12-08 11:05:12","status":"0"}}
 -- [2020-12-08 11:05:59] -- cai -- in_call_1
 -- [2020-12-08 11:05:59] -- cai -- "Rest_Awards"
 -- [2020-12-08 11:05:59] -- cai -- "t5.sm2.kunlun.com\/platform\/index.php"
 -- [2020-12-08 11:05:59] -- cai -- {"uid":"","expire":1610075115,"cid":"9902","title":"{\"default\":\"en\",\"en\":\"\\u7f6e\\u9876\\u90ae\\u4ef6\"}","content":"{\"default\":\"en\",\"en\":\"1\",\"topType\":\"1\",\"topEndTime\":1610075115}","reason":"1","author":"sanxiao","gift":"W3siZ2lmdCI6IjEwMDExMDAzIiwibmFtZSI6Ilx1OGQ2NFx1NzEzMFx1OWY5OVx1OWI0MiIsIm51bSI6MSwiZXh0IjoxfV0=","record":{"id":"229","interfaceName":"Rest_Awards","serverList":"9000994","dataResult":"a:8:{s:3:\"uid\";s:0:\"\";s:6:\"expire\";i:1610075115;s:3:\"cid\";s:4:\"9902\";s:5:\"title\";s:48:\"{\"default\":\"en\",\"en\":\"\\u7f6e\\u9876\\u90ae\\u4ef6\"}\";s:7:\"content\";s:63:\"{\"default\":\"en\",\"en\":\"1\",\"topType\":\"1\",\"topEndTime\":1610075115}\";s:6:\"reason\";s:1:\"1\";s:6:\"author\";s:7:\"sanxiao\";s:4:\"gift\";s:96:\"W3siZ2lmdCI6IjEwMDExMDAzIiwibmFtZSI6Ilx1OGQ2NFx1NzEzMFx1OWY5OVx1OWI0MiIsIm51bSI6MSwiZXh0IjoxfV0=\";}","description":"","serverGroup":"2150","productId":"2150","queueDate":"2020-12-08 11:05:38","status":"0"}}
 -- [2020-12-08 11:14:31] -- cai -- INSERT INTO `gm_queue` (`interfaceName`,`serverList`,`dataResult`,`status`,`queueDate`,`serverGroup`,`productId`) VALUES (:interfaceName, :serverList, :dataResult, :status, :queueDate, :serverGroup, :productId)
 -- [2020-12-08 11:14:36] -- cai -- in_call_1
 -- [2020-12-08 11:14:36] -- cai -- "Rest_Awards"
 -- [2020-12-08 11:14:36] -- cai -- "t5.sm2.kunlun.com\/platform\/index.php"
 -- [2020-12-08 11:14:36] -- cai -- {"uid":"","expire":1610075648,"cid":"9902","title":"{\"default\":\"en\",\"en\":\"\\u666e\\u901a\\u90ae\\u4ef62\"}","content":"{\"default\":\"en\",\"en\":\"1\",\"topType\":\"0\",\"topEndTime\":1610075648}","reason":"1","author":"sanxiao","gift":"W3siZ2lmdCI6IjEwMDExMDAxIiwibmFtZSI6Ilx1OTRhMlx1OTRjMVx1OTdmNVx1NWY4YiIsIm51bSI6MSwiZXh0IjoxfV0=","record":{"id":"230","interfaceName":"Rest_Awards","serverList":"9000994","dataResult":"a:8:{s:3:\"uid\";s:0:\"\";s:6:\"expire\";i:1610075648;s:3:\"cid\";s:4:\"9902\";s:5:\"title\";s:49:\"{\"default\":\"en\",\"en\":\"\\u666e\\u901a\\u90ae\\u4ef62\"}\";s:7:\"content\";s:63:\"{\"default\":\"en\",\"en\":\"1\",\"topType\":\"0\",\"topEndTime\":1610075648}\";s:6:\"reason\";s:1:\"1\";s:6:\"author\";s:7:\"sanxiao\";s:4:\"gift\";s:96:\"W3siZ2lmdCI6IjEwMDExMDAxIiwibmFtZSI6Ilx1OTRhMlx1OTRjMVx1OTdmNVx1NWY4YiIsIm51bSI6MSwiZXh0IjoxfV0=\";}","description":"","serverGroup":"2150","productId":"2150","queueDate":"2020-12-08 11:14:31","status":"0"}}
 -- [2020-12-08 11:16:08] -- cai -- INSERT INTO `gm_queue` (`interfaceName`,`serverList`,`dataResult`,`status`,`queueDate`,`serverGroup`,`productId`) VALUES (:interfaceName, :serverList, :dataResult, :status, :queueDate, :serverGroup, :productId)
 -- [2020-12-08 11:16:24] -- cai -- INSERT INTO `gm_queue` (`interfaceName`,`serverList`,`dataResult`,`status`,`queueDate`,`serverGroup`,`productId`) VALUES (:interfaceName, :serverList, :dataResult, :status, :queueDate, :serverGroup, :productId)
 -- [2020-12-08 11:16:30] -- cai -- in_call_1
 -- [2020-12-08 11:16:30] -- cai -- "Rest_Awards"
 -- [2020-12-08 11:16:30] -- cai -- "t5.sm2.kunlun.com\/platform\/index.php"
 -- [2020-12-08 11:16:30] -- cai -- {"uid":"","expire":1610075743,"cid":"9902","title":"{\"default\":\"en\",\"en\":\"\\u666e\\u901a\\u7684\\u7a7a\\u90ae\\u4ef61\"}","content":"{\"default\":\"en\",\"en\":\"\\u666e\\u901a\\u7684\\u7a7a\\u90ae\\u4ef61\",\"topType\":\"0\",\"topEndTime\":1610075743}","reason":"\u666e\u901a\u7684\u7a7a\u90ae\u4ef61","author":"sanxiao","gift":"W10=","record":{"id":"231","interfaceName":"Rest_Awards","serverList":"9000994","dataResult":"a:8:{s:3:\"uid\";s:0:\"\";s:6:\"expire\";i:1610075743;s:3:\"cid\";s:4:\"9902\";s:5:\"title\";s:61:\"{\"default\":\"en\",\"en\":\"\\u666e\\u901a\\u7684\\u7a7a\\u90ae\\u4ef61\"}\";s:7:\"content\";s:99:\"{\"default\":\"en\",\"en\":\"\\u666e\\u901a\\u7684\\u7a7a\\u90ae\\u4ef61\",\"topType\":\"0\",\"topEndTime\":1610075743}\";s:6:\"reason\";s:19:\"\u666e\u901a\u7684\u7a7a\u90ae\u4ef61\";s:6:\"author\";s:7:\"sanxiao\";s:4:\"gift\";s:4:\"W10=\";}","description":"","serverGroup":"2150","productId":"2150","queueDate":"2020-12-08 11:16:08","status":"0"}}
 -- [2020-12-08 11:16:30] -- cai -- in_call_1
 -- [2020-12-08 11:16:30] -- cai -- "Rest_Awards"
 -- [2020-12-08 11:16:30] -- cai -- "t5.sm2.kunlun.com\/platform\/index.php"
 -- [2020-12-08 11:16:30] -- cai -- {"uid":"","expire":1610075771,"cid":"9902","title":"{\"default\":\"en\",\"en\":\"\\u666e\\u901a\\u7684\\u7a7a\\u90ae\\u4ef62\"}","content":"{\"default\":\"en\",\"en\":\"\\u666e\\u901a\\u7684\\u7a7a\\u90ae\\u4ef62\",\"topType\":\"0\",\"topEndTime\":1610075771}","reason":"\u666e\u901a\u7684\u7a7a\u90ae\u4ef62","author":"sanxiao","gift":"W10=","record":{"id":"232","interfaceName":"Rest_Awards","serverList":"9000994","dataResult":"a:8:{s:3:\"uid\";s:0:\"\";s:6:\"expire\";i:1610075771;s:3:\"cid\";s:4:\"9902\";s:5:\"title\";s:61:\"{\"default\":\"en\",\"en\":\"\\u666e\\u901a\\u7684\\u7a7a\\u90ae\\u4ef62\"}\";s:7:\"content\";s:99:\"{\"default\":\"en\",\"en\":\"\\u666e\\u901a\\u7684\\u7a7a\\u90ae\\u4ef62\",\"topType\":\"0\",\"topEndTime\":1610075771}\";s:6:\"reason\";s:19:\"\u666e\u901a\u7684\u7a7a\u90ae\u4ef62\";s:6:\"author\";s:7:\"sanxiao\";s:4:\"gift\";s:4:\"W10=\";}","description":"","serverGroup":"2150","productId":"2150","queueDate":"2020-12-08 11:16:24","status":"0"}}
 -- [2020-12-08 16:46:07] -- cai -- INSERT INTO `gm_queue` (`interfaceName`,`serverList`,`dataResult`,`status`,`queueDate`,`serverGroup`,`productId`) VALUES (:interfaceName, :serverList, :dataResult, :status, :queueDate, :serverGroup, :productId)
 -- [2020-12-08 16:46:12] -- cai -- in_call_1
 -- [2020-12-08 16:46:12] -- cai -- "Rest_Awards"
 -- [2020-12-08 16:46:12] -- cai -- "t5.sm2.kunlun.com\/platform\/index.php"
 -- [2020-12-08 16:46:12] -- cai -- {"uid":"","expire":1610095524,"cid":"9902","title":"{\"default\":\"en\",\"en\":\"\\u6d4b\\u8bd5\\u7f6e\\u9876\\u90ae\\u4ef6\\u8fc7\\u671f\\u65f6\\u95f4\"}","content":"{\"default\":\"en\",\"en\":\"1\",\"topType\":\"1\",\"topEndTime\":1607417267}","reason":"1","author":"sanxiao","gift":"W10=","record":{"id":"233","interfaceName":"Rest_Awards","serverList":"9000994","dataResult":"a:8:{s:3:\"uid\";s:0:\"\";s:6:\"expire\";i:1610095524;s:3:\"cid\";s:4:\"9902\";s:5:\"title\";s:84:\"{\"default\":\"en\",\"en\":\"\\u6d4b\\u8bd5\\u7f6e\\u9876\\u90ae\\u4ef6\\u8fc7\\u671f\\u65f6\\u95f4\"}\";s:7:\"content\";s:63:\"{\"default\":\"en\",\"en\":\"1\",\"topType\":\"1\",\"topEndTime\":1607417267}\";s:6:\"reason\";s:1:\"1\";s:6:\"author\";s:7:\"sanxiao\";s:4:\"gift\";s:4:\"W10=\";}","description":"","serverGroup":"2150","productId":"2150","queueDate":"2020-12-08 16:46:07","status":"0"}}
 -- [2020-12-08 17:41:10] -- cai -- INSERT INTO `gm_queue` (`interfaceName`,`serverList`,`dataResult`,`status`,`queueDate`,`serverGroup`,`productId`) VALUES (:interfaceName, :serverList, :dataResult, :status, :queueDate, :serverGroup, :productId)
 -- [2020-12-08 17:41:15] -- cai -- in_call_1
 -- [2020-12-08 17:41:15] -- cai -- "Rest_Awards"
 -- [2020-12-08 17:41:15] -- cai -- "t5.sm2.kunlun.com\/platform\/index.php"
 -- [2020-12-08 17:41:15] -- cai -- {"uid":"","expire":1610098836,"cid":"602","title":"{\"default\":\"en\",\"en\":\"\\u7f6e\\u9876\\u65f6\\u95f4\\u6d4b\\u8bd5\"}","content":"{\"default\":\"en\",\"en\":\"1\",\"topType\":\"0\",\"topEndTime\":1607420575}","reason":"\u7684","author":"sanxiao","gift":"W10=","record":{"id":"234","interfaceName":"Rest_Awards","serverList":"9000994","dataResult":"a:8:{s:3:\"uid\";s:0:\"\";s:6:\"expire\";i:1610098836;s:3:\"cid\";s:3:\"602\";s:5:\"title\";s:60:\"{\"default\":\"en\",\"en\":\"\\u7f6e\\u9876\\u65f6\\u95f4\\u6d4b\\u8bd5\"}\";s:7:\"content\";s:63:\"{\"default\":\"en\",\"en\":\"1\",\"topType\":\"0\",\"topEndTime\":1607420575}\";s:6:\"reason\";s:3:\"\u7684\";s:6:\"author\";s:7:\"sanxiao\";s:4:\"gift\";s:4:\"W10=\";}","description":"","serverGroup":"2150","productId":"2150","queueDate":"2020-12-08 17:41:10","status":"0"}}
 -- [2020-12-08 17:41:52] -- cai -- INSERT INTO `gm_queue` (`interfaceName`,`serverList`,`dataResult`,`status`,`queueDate`,`serverGroup`,`productId`) VALUES (:interfaceName, :serverList, :dataResult, :status, :queueDate, :serverGroup, :productId)
 -- [2020-12-08 17:41:56] -- cai -- in_call_1
 -- [2020-12-08 17:41:56] -- cai -- "Rest_Awards"
 -- [2020-12-08 17:41:56] -- cai -- "t5.sm2.kunlun.com\/platform\/index.php"
 -- [2020-12-08 17:41:56] -- cai -- {"uid":"","expire":1610098885,"cid":"602","title":"{\"default\":\"en\",\"en\":\"\\u7f6e\\u9876\\u90ae\\u4ef6\\u65f6\\u95f4\\u6d4b\\u8bd5\"}","content":"{\"default\":\"en\",\"en\":\"1\",\"topType\":\"1\",\"topEndTime\":1607420623}","reason":"1","author":"sanxiao","gift":"W10=","record":{"id":"235","interfaceName":"Rest_Awards","serverList":"9000994","dataResult":"a:8:{s:3:\"uid\";s:0:\"\";s:6:\"expire\";i:1610098885;s:3:\"cid\";s:3:\"602\";s:5:\"title\";s:72:\"{\"default\":\"en\",\"en\":\"\\u7f6e\\u9876\\u90ae\\u4ef6\\u65f6\\u95f4\\u6d4b\\u8bd5\"}\";s:7:\"content\";s:63:\"{\"default\":\"en\",\"en\":\"1\",\"topType\":\"1\",\"topEndTime\":1607420623}\";s:6:\"reason\";s:1:\"1\";s:6:\"author\";s:7:\"sanxiao\";s:4:\"gift\";s:4:\"W10=\";}","description":"","serverGroup":"2150","productId":"2150","queueDate":"2020-12-08 17:41:52","status":"0"}}
 -- [2020-12-08 17:43:57] -- cai -- INSERT INTO `gm_queue` (`interfaceName`,`serverList`,`dataResult`,`status`,`queueDate`,`serverGroup`,`productId`) VALUES (:interfaceName, :serverList, :dataResult, :status, :queueDate, :serverGroup, :productId)
 -- [2020-12-08 17:44:19] -- cai -- INSERT INTO `gm_queue` (`interfaceName`,`serverList`,`dataResult`,`status`,`queueDate`,`serverGroup`,`productId`) VALUES (:interfaceName, :serverList, :dataResult, :status, :queueDate, :serverGroup, :productId)
 -- [2020-12-08 17:44:26] -- cai -- in_call_1
 -- [2020-12-08 17:44:26] -- cai -- "Rest_Awards"
 -- [2020-12-08 17:44:26] -- cai -- "t5.sm2.kunlun.com\/platform\/index.php"
 -- [2020-12-08 17:44:26] -- cai -- {"uid":"","expire":1610098995,"cid":"602","title":"{\"default\":\"en\",\"en\":\"\\u7f6e\\u9876\\u90ae\\u4ef6-17:50\\u8fc7\\u671f\"}","content":"{\"default\":\"en\",\"en\":\"1\",\"topType\":\"1\",\"topEndTime\":1607421043}","reason":"1","author":"sanxiao","gift":"W10=","record":{"id":"236","interfaceName":"Rest_Awards","serverList":"9000994","dataResult":"a:8:{s:3:\"uid\";s:0:\"\";s:6:\"expire\";i:1610098995;s:3:\"cid\";s:3:\"602\";s:5:\"title\";s:66:\"{\"default\":\"en\",\"en\":\"\\u7f6e\\u9876\\u90ae\\u4ef6-17:50\\u8fc7\\u671f\"}\";s:7:\"content\";s:63:\"{\"default\":\"en\",\"en\":\"1\",\"topType\":\"1\",\"topEndTime\":1607421043}\";s:6:\"reason\";s:1:\"1\";s:6:\"author\";s:7:\"sanxiao\";s:4:\"gift\";s:4:\"W10=\";}","description":"","serverGroup":"2150","productId":"2150","queueDate":"2020-12-08 17:43:57","status":"0"}}
 -- [2020-12-08 17:44:26] -- cai -- in_call_1
 -- [2020-12-08 17:44:26] -- cai -- "Rest_Awards"
 -- [2020-12-08 17:44:26] -- cai -- "t5.sm2.kunlun.com\/platform\/index.php"
 -- [2020-12-08 17:44:26] -- cai -- {"uid":"","expire":1610099040,"cid":"602","title":"{\"default\":\"en\",\"en\":\"\\u666e\\u901a\\u90ae\\u4ef61\"}","content":"{\"default\":\"en\",\"en\":\"1\",\"topType\":\"0\",\"topEndTime\":1610099040}","reason":"1","author":"sanxiao","gift":"W10=","record":{"id":"237","interfaceName":"Rest_Awards","serverList":"9000994","dataResult":"a:8:{s:3:\"uid\";s:0:\"\";s:6:\"expire\";i:1610099040;s:3:\"cid\";s:3:\"602\";s:5:\"title\";s:49:\"{\"default\":\"en\",\"en\":\"\\u666e\\u901a\\u90ae\\u4ef61\"}\";s:7:\"content\";s:63:\"{\"default\":\"en\",\"en\":\"1\",\"topType\":\"0\",\"topEndTime\":1610099040}\";s:6:\"reason\";s:1:\"1\";s:6:\"author\";s:7:\"sanxiao\";s:4:\"gift\";s:4:\"W10=\";}","description":"","serverGroup":"2150","productId":"2150","queueDate":"2020-12-08 17:44:19","status":"0"}}
 -- [2020-12-08 18:07:12] -- cai -- INSERT INTO `gm_queue` (`interfaceName`,`serverList`,`dataResult`,`status`,`queueDate`,`serverGroup`,`productId`) VALUES (:interfaceName, :serverList, :dataResult, :status, :queueDate, :serverGroup, :productId)
 -- [2020-12-08 18:07:18] -- cai -- in_call_1
 -- [2020-12-08 18:07:18] -- cai -- "Rest_Awards"
 -- [2020-12-08 18:07:18] -- cai -- "t5.sm2.kunlun.com\/platform\/index.php"
 -- [2020-12-08 18:07:18] -- cai -- {"uid":"","expire":1610100415,"cid":"602","title":"{\"default\":\"en\",\"en\":\"FUCK\"}","content":"{\"default\":\"en\",\"en\":\"1\",\"topType\":\"1\",\"topEndTime\":1607422089}","reason":"1","author":"sanxiao","gift":"W10=","record":{"id":"238","interfaceName":"Rest_Awards","serverList":"9000994","dataResult":"a:8:{s:3:\"uid\";s:0:\"\";s:6:\"expire\";i:1610100415;s:3:\"cid\";s:3:\"602\";s:5:\"title\";s:28:\"{\"default\":\"en\",\"en\":\"FUCK\"}\";s:7:\"content\";s:63:\"{\"default\":\"en\",\"en\":\"1\",\"topType\":\"1\",\"topEndTime\":1607422089}\";s:6:\"reason\";s:1:\"1\";s:6:\"author\";s:7:\"sanxiao\";s:4:\"gift\";s:4:\"W10=\";}","description":"","serverGroup":"2150","productId":"2150","queueDate":"2020-12-08 18:07:12","status":"0"}}
