 -- [2021-01-08 10:44:40] -- cai -- in_call_1
 -- [2021-01-08 10:44:40] -- cai -- "Rest_Awards"
 -- [2021-01-08 10:44:40] -- cai -- "t999.sm2.kunlun.com\/platform\/index.php"
 -- [2021-01-08 10:44:40] -- cai -- {"uid":"","expire":1612694373,"title":"{\"default\":\"en\",\"en\":\"\\u6d4b\\u8bd5\"}","content":"{\"default\":\"en\",\"en\":\"\\u662f\\u662f\\u662f\",\"topType\":\"1\",\"topEndTime\":1612694373}","reason":"\u6d4b\u8bd5","author":"sanxiao","gift":"W10=","record":{"id":"246","interfaceName":"Rest_Awards","serverList":"9999","dataResult":"a:7:{s:3:\"uid\";s:0:\"\";s:6:\"expire\";i:1612694373;s:5:\"title\";s:36:\"{\"default\":\"en\",\"en\":\"\\u6d4b\\u8bd5\"}\";s:7:\"content\";s:80:\"{\"default\":\"en\",\"en\":\"\\u662f\\u662f\\u662f\",\"topType\":\"1\",\"topEndTime\":1612694373}\";s:6:\"reason\";s:6:\"\u6d4b\u8bd5\";s:6:\"author\";s:7:\"sanxiao\";s:4:\"gift\";s:4:\"W10=\";}","description":"<html>\r\n<head><title>403 Forbidden<\/title><\/head>\r\n<body bgcolor=\"white\">\r\n<center><h1>403 Forbidden<\/h1><\/center>\r\n<hr><center>nginx\/1.14.0<\/center>\r\n<\/body>\r\n<\/html>\r\n","serverGroup":"2150","productId":"2150","queueDate":"2021-01-07 18:40:08","status":"0"}}
 -- [2021-01-08 10:45:06] -- cai -- in_call_1
 -- [2021-01-08 10:45:06] -- cai -- "Rest_Awards"
 -- [2021-01-08 10:45:06] -- cai -- "t999.sm2.kunlun.com\/platform\/index.php"
 -- [2021-01-08 10:45:06] -- cai -- {"uid":"","expire":1609988784,"title":"{\"default\":\"en\",\"en\":\"\\u6d4b\\u8bd5\\u95ee\\u5377\\u5e26\\u5956\\u52b1\"}","content":"{\"default\":\"en\",\"en\":\"\\u6d4b\\u8bd5\\u95ee\\u5377\\u5e26\\u5956\\u52b1\",\"topType\":\"2\",\"topEndTime\":1609988784}","reason":"\u6d4b\u8bd5\u95ee\u5377\u5e26\u5956\u52b1","author":"sanxiao","gift":"W3siZ2lmdCI6IjIxMDIwMDA2IiwibmFtZSI6Ilx1NTVkY1x1ODg0MFx1NjcyZlx1NTM3N1x1OGY3NCIsIm51bSI6MTAsImV4dCI6MX1d","record":{"id":"224","interfaceName":"Rest_Awards","serverList":"9999","dataResult":"a:7:{s:3:\"uid\";s:0:\"\";s:6:\"expire\";i:1609988784;s:5:\"title\";s:66:\"{\"default\":\"en\",\"en\":\"\\u6d4b\\u8bd5\\u95ee\\u5377\\u5e26\\u5956\\u52b1\"}\";s:7:\"content\";s:104:\"{\"default\":\"en\",\"en\":\"\\u6d4b\\u8bd5\\u95ee\\u5377\\u5e26\\u5956\\u52b1\",\"topType\":\"2\",\"topEndTime\":1609988784}\";s:6:\"reason\";s:21:\"\u6d4b\u8bd5\u95ee\u5377\u5e26\u5956\u52b1\";s:6:\"author\";s:7:\"sanxiao\";s:4:\"gift\";s:104:\"W3siZ2lmdCI6IjIxMDIwMDA2IiwibmFtZSI6Ilx1NTVkY1x1ODg0MFx1NjcyZlx1NTM3N1x1OGY3NCIsIm51bSI6MTAsImV4dCI6MX1d\";}","description":"\u603b\u6570(7)|\u6210\u529f(6)|\u5931\u8d25(1) -- 9000778(<html>\r\n<head><title>403 Forbidden<\/title><\/head>\r\n<body bgcolor=\"white\">\r\n<center><h1>403 Forbidden<\/h1><\/center>\r\n<hr><center>nginx\/1.14.0<\/center>\r\n<\/body>\r\n<\/html>\r\n),","serverGroup":"2150","productId":"2150","queueDate":"2020-12-07 11:06:56","status":"0"}}
 -- [2021-01-08 10:45:06] -- cai -- in_call_1
 -- [2021-01-08 10:45:06] -- cai -- "Rest_Awards"
 -- [2021-01-08 10:45:06] -- cai -- "t5.sm2.kunlun.com\/platform\/index.php"
 -- [2021-01-08 10:45:06] -- cai -- {"uid":"","expire":1609988784,"title":"{\"default\":\"en\",\"en\":\"\\u6d4b\\u8bd5\\u95ee\\u5377\\u5e26\\u5956\\u52b1\"}","content":"{\"default\":\"en\",\"en\":\"\\u6d4b\\u8bd5\\u95ee\\u5377\\u5e26\\u5956\\u52b1\",\"topType\":\"2\",\"topEndTime\":1609988784}","reason":"\u6d4b\u8bd5\u95ee\u5377\u5e26\u5956\u52b1","author":"sanxiao","gift":"W3siZ2lmdCI6IjIxMDIwMDA2IiwibmFtZSI6Ilx1NTVkY1x1ODg0MFx1NjcyZlx1NTM3N1x1OGY3NCIsIm51bSI6MTAsImV4dCI6MX1d","record":{"id":"224","interfaceName":"Rest_Awards","serverList":"9999","dataResult":"a:7:{s:3:\"uid\";s:0:\"\";s:6:\"expire\";i:1609988784;s:5:\"title\";s:66:\"{\"default\":\"en\",\"en\":\"\\u6d4b\\u8bd5\\u95ee\\u5377\\u5e26\\u5956\\u52b1\"}\";s:7:\"content\";s:104:\"{\"default\":\"en\",\"en\":\"\\u6d4b\\u8bd5\\u95ee\\u5377\\u5e26\\u5956\\u52b1\",\"topType\":\"2\",\"topEndTime\":1609988784}\";s:6:\"reason\";s:21:\"\u6d4b\u8bd5\u95ee\u5377\u5e26\u5956\u52b1\";s:6:\"author\";s:7:\"sanxiao\";s:4:\"gift\";s:104:\"W3siZ2lmdCI6IjIxMDIwMDA2IiwibmFtZSI6Ilx1NTVkY1x1ODg0MFx1NjcyZlx1NTM3N1x1OGY3NCIsIm51bSI6MTAsImV4dCI6MX1d\";}","description":"\u603b\u6570(7)|\u6210\u529f(6)|\u5931\u8d25(1) -- 9000778(<html>\r\n<head><title>403 Forbidden<\/title><\/head>\r\n<body bgcolor=\"white\">\r\n<center><h1>403 Forbidden<\/h1><\/center>\r\n<hr><center>nginx\/1.14.0<\/center>\r\n<\/body>\r\n<\/html>\r\n),","serverGroup":"2150","productId":"2150","queueDate":"2020-12-07 11:06:56","status":"0"}}
 -- [2021-01-08 10:45:06] -- cai -- in_call_1
 -- [2021-01-08 10:45:06] -- cai -- "Rest_Awards"
 -- [2021-01-08 10:45:06] -- cai -- "t4.sm2.kunlun.com\/platform\/index.php"
 -- [2021-01-08 10:45:06] -- cai -- {"uid":"","expire":1609988784,"title":"{\"default\":\"en\",\"en\":\"\\u6d4b\\u8bd5\\u95ee\\u5377\\u5e26\\u5956\\u52b1\"}","content":"{\"default\":\"en\",\"en\":\"\\u6d4b\\u8bd5\\u95ee\\u5377\\u5e26\\u5956\\u52b1\",\"topType\":\"2\",\"topEndTime\":1609988784}","reason":"\u6d4b\u8bd5\u95ee\u5377\u5e26\u5956\u52b1","author":"sanxiao","gift":"W3siZ2lmdCI6IjIxMDIwMDA2IiwibmFtZSI6Ilx1NTVkY1x1ODg0MFx1NjcyZlx1NTM3N1x1OGY3NCIsIm51bSI6MTAsImV4dCI6MX1d","record":{"id":"224","interfaceName":"Rest_Awards","serverList":"9999","dataResult":"a:7:{s:3:\"uid\";s:0:\"\";s:6:\"expire\";i:1609988784;s:5:\"title\";s:66:\"{\"default\":\"en\",\"en\":\"\\u6d4b\\u8bd5\\u95ee\\u5377\\u5e26\\u5956\\u52b1\"}\";s:7:\"content\";s:104:\"{\"default\":\"en\",\"en\":\"\\u6d4b\\u8bd5\\u95ee\\u5377\\u5e26\\u5956\\u52b1\",\"topType\":\"2\",\"topEndTime\":1609988784}\";s:6:\"reason\";s:21:\"\u6d4b\u8bd5\u95ee\u5377\u5e26\u5956\u52b1\";s:6:\"author\";s:7:\"sanxiao\";s:4:\"gift\";s:104:\"W3siZ2lmdCI6IjIxMDIwMDA2IiwibmFtZSI6Ilx1NTVkY1x1ODg0MFx1NjcyZlx1NTM3N1x1OGY3NCIsIm51bSI6MTAsImV4dCI6MX1d\";}","description":"\u603b\u6570(7)|\u6210\u529f(6)|\u5931\u8d25(1) -- 9000778(<html>\r\n<head><title>403 Forbidden<\/title><\/head>\r\n<body bgcolor=\"white\">\r\n<center><h1>403 Forbidden<\/h1><\/center>\r\n<hr><center>nginx\/1.14.0<\/center>\r\n<\/body>\r\n<\/html>\r\n),","serverGroup":"2150","productId":"2150","queueDate":"2020-12-07 11:06:56","status":"0"}}
 -- [2021-01-08 10:45:06] -- cai -- in_call_1
 -- [2021-01-08 10:45:06] -- cai -- "Rest_Awards"
 -- [2021-01-08 10:45:06] -- cai -- "t3.sm2.kunlun.com\/platform\/index.php"
 -- [2021-01-08 10:45:06] -- cai -- {"uid":"","expire":1609988784,"title":"{\"default\":\"en\",\"en\":\"\\u6d4b\\u8bd5\\u95ee\\u5377\\u5e26\\u5956\\u52b1\"}","content":"{\"default\":\"en\",\"en\":\"\\u6d4b\\u8bd5\\u95ee\\u5377\\u5e26\\u5956\\u52b1\",\"topType\":\"2\",\"topEndTime\":1609988784}","reason":"\u6d4b\u8bd5\u95ee\u5377\u5e26\u5956\u52b1","author":"sanxiao","gift":"W3siZ2lmdCI6IjIxMDIwMDA2IiwibmFtZSI6Ilx1NTVkY1x1ODg0MFx1NjcyZlx1NTM3N1x1OGY3NCIsIm51bSI6MTAsImV4dCI6MX1d","record":{"id":"224","interfaceName":"Rest_Awards","serverList":"9999","dataResult":"a:7:{s:3:\"uid\";s:0:\"\";s:6:\"expire\";i:1609988784;s:5:\"title\";s:66:\"{\"default\":\"en\",\"en\":\"\\u6d4b\\u8bd5\\u95ee\\u5377\\u5e26\\u5956\\u52b1\"}\";s:7:\"content\";s:104:\"{\"default\":\"en\",\"en\":\"\\u6d4b\\u8bd5\\u95ee\\u5377\\u5e26\\u5956\\u52b1\",\"topType\":\"2\",\"topEndTime\":1609988784}\";s:6:\"reason\";s:21:\"\u6d4b\u8bd5\u95ee\u5377\u5e26\u5956\u52b1\";s:6:\"author\";s:7:\"sanxiao\";s:4:\"gift\";s:104:\"W3siZ2lmdCI6IjIxMDIwMDA2IiwibmFtZSI6Ilx1NTVkY1x1ODg0MFx1NjcyZlx1NTM3N1x1OGY3NCIsIm51bSI6MTAsImV4dCI6MX1d\";}","description":"\u603b\u6570(7)|\u6210\u529f(6)|\u5931\u8d25(1) -- 9000778(<html>\r\n<head><title>403 Forbidden<\/title><\/head>\r\n<body bgcolor=\"white\">\r\n<center><h1>403 Forbidden<\/h1><\/center>\r\n<hr><center>nginx\/1.14.0<\/center>\r\n<\/body>\r\n<\/html>\r\n),","serverGroup":"2150","productId":"2150","queueDate":"2020-12-07 11:06:56","status":"0"}}
 -- [2021-01-08 10:45:06] -- cai -- in_call_1
 -- [2021-01-08 10:45:06] -- cai -- "Rest_Awards"
 -- [2021-01-08 10:45:06] -- cai -- "t2.sm2.kunlun.com\/platform\/index.php"
 -- [2021-01-08 10:45:06] -- cai -- {"uid":"","expire":1609988784,"title":"{\"default\":\"en\",\"en\":\"\\u6d4b\\u8bd5\\u95ee\\u5377\\u5e26\\u5956\\u52b1\"}","content":"{\"default\":\"en\",\"en\":\"\\u6d4b\\u8bd5\\u95ee\\u5377\\u5e26\\u5956\\u52b1\",\"topType\":\"2\",\"topEndTime\":1609988784}","reason":"\u6d4b\u8bd5\u95ee\u5377\u5e26\u5956\u52b1","author":"sanxiao","gift":"W3siZ2lmdCI6IjIxMDIwMDA2IiwibmFtZSI6Ilx1NTVkY1x1ODg0MFx1NjcyZlx1NTM3N1x1OGY3NCIsIm51bSI6MTAsImV4dCI6MX1d","record":{"id":"224","interfaceName":"Rest_Awards","serverList":"9999","dataResult":"a:7:{s:3:\"uid\";s:0:\"\";s:6:\"expire\";i:1609988784;s:5:\"title\";s:66:\"{\"default\":\"en\",\"en\":\"\\u6d4b\\u8bd5\\u95ee\\u5377\\u5e26\\u5956\\u52b1\"}\";s:7:\"content\";s:104:\"{\"default\":\"en\",\"en\":\"\\u6d4b\\u8bd5\\u95ee\\u5377\\u5e26\\u5956\\u52b1\",\"topType\":\"2\",\"topEndTime\":1609988784}\";s:6:\"reason\";s:21:\"\u6d4b\u8bd5\u95ee\u5377\u5e26\u5956\u52b1\";s:6:\"author\";s:7:\"sanxiao\";s:4:\"gift\";s:104:\"W3siZ2lmdCI6IjIxMDIwMDA2IiwibmFtZSI6Ilx1NTVkY1x1ODg0MFx1NjcyZlx1NTM3N1x1OGY3NCIsIm51bSI6MTAsImV4dCI6MX1d\";}","description":"\u603b\u6570(7)|\u6210\u529f(6)|\u5931\u8d25(1) -- 9000778(<html>\r\n<head><title>403 Forbidden<\/title><\/head>\r\n<body bgcolor=\"white\">\r\n<center><h1>403 Forbidden<\/h1><\/center>\r\n<hr><center>nginx\/1.14.0<\/center>\r\n<\/body>\r\n<\/html>\r\n),","serverGroup":"2150","productId":"2150","queueDate":"2020-12-07 11:06:56","status":"0"}}
 -- [2021-01-08 10:45:07] -- cai -- in_call_1
 -- [2021-01-08 10:45:07] -- cai -- "Rest_Awards"
 -- [2021-01-08 10:45:07] -- cai -- "t1.sm2.kunlun.com\/platform\/index.php"
 -- [2021-01-08 10:45:07] -- cai -- {"uid":"","expire":1609988784,"title":"{\"default\":\"en\",\"en\":\"\\u6d4b\\u8bd5\\u95ee\\u5377\\u5e26\\u5956\\u52b1\"}","content":"{\"default\":\"en\",\"en\":\"\\u6d4b\\u8bd5\\u95ee\\u5377\\u5e26\\u5956\\u52b1\",\"topType\":\"2\",\"topEndTime\":1609988784}","reason":"\u6d4b\u8bd5\u95ee\u5377\u5e26\u5956\u52b1","author":"sanxiao","gift":"W3siZ2lmdCI6IjIxMDIwMDA2IiwibmFtZSI6Ilx1NTVkY1x1ODg0MFx1NjcyZlx1NTM3N1x1OGY3NCIsIm51bSI6MTAsImV4dCI6MX1d","record":{"id":"224","interfaceName":"Rest_Awards","serverList":"9999","dataResult":"a:7:{s:3:\"uid\";s:0:\"\";s:6:\"expire\";i:1609988784;s:5:\"title\";s:66:\"{\"default\":\"en\",\"en\":\"\\u6d4b\\u8bd5\\u95ee\\u5377\\u5e26\\u5956\\u52b1\"}\";s:7:\"content\";s:104:\"{\"default\":\"en\",\"en\":\"\\u6d4b\\u8bd5\\u95ee\\u5377\\u5e26\\u5956\\u52b1\",\"topType\":\"2\",\"topEndTime\":1609988784}\";s:6:\"reason\";s:21:\"\u6d4b\u8bd5\u95ee\u5377\u5e26\u5956\u52b1\";s:6:\"author\";s:7:\"sanxiao\";s:4:\"gift\";s:104:\"W3siZ2lmdCI6IjIxMDIwMDA2IiwibmFtZSI6Ilx1NTVkY1x1ODg0MFx1NjcyZlx1NTM3N1x1OGY3NCIsIm51bSI6MTAsImV4dCI6MX1d\";}","description":"\u603b\u6570(7)|\u6210\u529f(6)|\u5931\u8d25(1) -- 9000778(<html>\r\n<head><title>403 Forbidden<\/title><\/head>\r\n<body bgcolor=\"white\">\r\n<center><h1>403 Forbidden<\/h1><\/center>\r\n<hr><center>nginx\/1.14.0<\/center>\r\n<\/body>\r\n<\/html>\r\n),","serverGroup":"2150","productId":"2150","queueDate":"2020-12-07 11:06:56","status":"0"}}
 -- [2021-01-08 10:45:07] -- cai -- in_call_1
 -- [2021-01-08 10:45:07] -- cai -- "Rest_Awards"
 -- [2021-01-08 10:45:07] -- cai -- "t0.sm2.kunlun.com\/platform\/index.php"
 -- [2021-01-08 10:45:07] -- cai -- {"uid":"","expire":1609988784,"title":"{\"default\":\"en\",\"en\":\"\\u6d4b\\u8bd5\\u95ee\\u5377\\u5e26\\u5956\\u52b1\"}","content":"{\"default\":\"en\",\"en\":\"\\u6d4b\\u8bd5\\u95ee\\u5377\\u5e26\\u5956\\u52b1\",\"topType\":\"2\",\"topEndTime\":1609988784}","reason":"\u6d4b\u8bd5\u95ee\u5377\u5e26\u5956\u52b1","author":"sanxiao","gift":"W3siZ2lmdCI6IjIxMDIwMDA2IiwibmFtZSI6Ilx1NTVkY1x1ODg0MFx1NjcyZlx1NTM3N1x1OGY3NCIsIm51bSI6MTAsImV4dCI6MX1d","record":{"id":"224","interfaceName":"Rest_Awards","serverList":"9999","dataResult":"a:7:{s:3:\"uid\";s:0:\"\";s:6:\"expire\";i:1609988784;s:5:\"title\";s:66:\"{\"default\":\"en\",\"en\":\"\\u6d4b\\u8bd5\\u95ee\\u5377\\u5e26\\u5956\\u52b1\"}\";s:7:\"content\";s:104:\"{\"default\":\"en\",\"en\":\"\\u6d4b\\u8bd5\\u95ee\\u5377\\u5e26\\u5956\\u52b1\",\"topType\":\"2\",\"topEndTime\":1609988784}\";s:6:\"reason\";s:21:\"\u6d4b\u8bd5\u95ee\u5377\u5e26\u5956\u52b1\";s:6:\"author\";s:7:\"sanxiao\";s:4:\"gift\";s:104:\"W3siZ2lmdCI6IjIxMDIwMDA2IiwibmFtZSI6Ilx1NTVkY1x1ODg0MFx1NjcyZlx1NTM3N1x1OGY3NCIsIm51bSI6MTAsImV4dCI6MX1d\";}","description":"\u603b\u6570(7)|\u6210\u529f(6)|\u5931\u8d25(1) -- 9000778(<html>\r\n<head><title>403 Forbidden<\/title><\/head>\r\n<body bgcolor=\"white\">\r\n<center><h1>403 Forbidden<\/h1><\/center>\r\n<hr><center>nginx\/1.14.0<\/center>\r\n<\/body>\r\n<\/html>\r\n),","serverGroup":"2150","productId":"2150","queueDate":"2020-12-07 11:06:56","status":"0"}}
 -- [2021-01-08 10:45:39] -- cai -- in_call_1
 -- [2021-01-08 10:45:39] -- cai -- "Rest_Awards"
 -- [2021-01-08 10:45:39] -- cai -- "t999.sm2.kunlun.com\/platform\/index.php"
 -- [2021-01-08 10:45:39] -- cai -- {"uid":"","expire":1609986106,"title":"{\"default\":\"en\",\"en\":\"\\u6d4b\\u8bd5\\u95ee\\u5377\"}","content":"{\"default\":\"en\",\"en\":\"\\u6d4b\\u8bd5\\u95ee\\u5377\",\"topType\":\"2\",\"topEndTime\":1609986106}","reason":"\u6d4b\u8bd5\u95ee\u5377","author":"sanxiao","gift":"W10=","record":{"id":"223","interfaceName":"Rest_Awards","serverList":"9999","dataResult":"a:7:{s:3:\"uid\";s:0:\"\";s:6:\"expire\";i:1609986106;s:5:\"title\";s:48:\"{\"default\":\"en\",\"en\":\"\\u6d4b\\u8bd5\\u95ee\\u5377\"}\";s:7:\"content\";s:86:\"{\"default\":\"en\",\"en\":\"\\u6d4b\\u8bd5\\u95ee\\u5377\",\"topType\":\"2\",\"topEndTime\":1609986106}\";s:6:\"reason\";s:12:\"\u6d4b\u8bd5\u95ee\u5377\";s:6:\"author\";s:7:\"sanxiao\";s:4:\"gift\";s:4:\"W10=\";}","description":"\u603b\u6570(7)|\u6210\u529f(6)|\u5931\u8d25(1) -- 9000778(<html>\r\n<head><title>403 Forbidden<\/title><\/head>\r\n<body bgcolor=\"white\">\r\n<center><h1>403 Forbidden<\/h1><\/center>\r\n<hr><center>nginx\/1.14.0<\/center>\r\n<\/body>\r\n<\/html>\r\n),","serverGroup":"2150","productId":"2150","queueDate":"2020-12-07 10:22:04","status":"0"}}
 -- [2021-01-08 10:45:39] -- cai -- in_call_1
 -- [2021-01-08 10:45:39] -- cai -- "Rest_Awards"
 -- [2021-01-08 10:45:39] -- cai -- "t5.sm2.kunlun.com\/platform\/index.php"
 -- [2021-01-08 10:45:39] -- cai -- {"uid":"","expire":1609986106,"title":"{\"default\":\"en\",\"en\":\"\\u6d4b\\u8bd5\\u95ee\\u5377\"}","content":"{\"default\":\"en\",\"en\":\"\\u6d4b\\u8bd5\\u95ee\\u5377\",\"topType\":\"2\",\"topEndTime\":1609986106}","reason":"\u6d4b\u8bd5\u95ee\u5377","author":"sanxiao","gift":"W10=","record":{"id":"223","interfaceName":"Rest_Awards","serverList":"9999","dataResult":"a:7:{s:3:\"uid\";s:0:\"\";s:6:\"expire\";i:1609986106;s:5:\"title\";s:48:\"{\"default\":\"en\",\"en\":\"\\u6d4b\\u8bd5\\u95ee\\u5377\"}\";s:7:\"content\";s:86:\"{\"default\":\"en\",\"en\":\"\\u6d4b\\u8bd5\\u95ee\\u5377\",\"topType\":\"2\",\"topEndTime\":1609986106}\";s:6:\"reason\";s:12:\"\u6d4b\u8bd5\u95ee\u5377\";s:6:\"author\";s:7:\"sanxiao\";s:4:\"gift\";s:4:\"W10=\";}","description":"\u603b\u6570(7)|\u6210\u529f(6)|\u5931\u8d25(1) -- 9000778(<html>\r\n<head><title>403 Forbidden<\/title><\/head>\r\n<body bgcolor=\"white\">\r\n<center><h1>403 Forbidden<\/h1><\/center>\r\n<hr><center>nginx\/1.14.0<\/center>\r\n<\/body>\r\n<\/html>\r\n),","serverGroup":"2150","productId":"2150","queueDate":"2020-12-07 10:22:04","status":"0"}}
 -- [2021-01-08 10:45:39] -- cai -- in_call_1
 -- [2021-01-08 10:45:39] -- cai -- "Rest_Awards"
 -- [2021-01-08 10:45:39] -- cai -- "t4.sm2.kunlun.com\/platform\/index.php"
 -- [2021-01-08 10:45:39] -- cai -- {"uid":"","expire":1609986106,"title":"{\"default\":\"en\",\"en\":\"\\u6d4b\\u8bd5\\u95ee\\u5377\"}","content":"{\"default\":\"en\",\"en\":\"\\u6d4b\\u8bd5\\u95ee\\u5377\",\"topType\":\"2\",\"topEndTime\":1609986106}","reason":"\u6d4b\u8bd5\u95ee\u5377","author":"sanxiao","gift":"W10=","record":{"id":"223","interfaceName":"Rest_Awards","serverList":"9999","dataResult":"a:7:{s:3:\"uid\";s:0:\"\";s:6:\"expire\";i:1609986106;s:5:\"title\";s:48:\"{\"default\":\"en\",\"en\":\"\\u6d4b\\u8bd5\\u95ee\\u5377\"}\";s:7:\"content\";s:86:\"{\"default\":\"en\",\"en\":\"\\u6d4b\\u8bd5\\u95ee\\u5377\",\"topType\":\"2\",\"topEndTime\":1609986106}\";s:6:\"reason\";s:12:\"\u6d4b\u8bd5\u95ee\u5377\";s:6:\"author\";s:7:\"sanxiao\";s:4:\"gift\";s:4:\"W10=\";}","description":"\u603b\u6570(7)|\u6210\u529f(6)|\u5931\u8d25(1) -- 9000778(<html>\r\n<head><title>403 Forbidden<\/title><\/head>\r\n<body bgcolor=\"white\">\r\n<center><h1>403 Forbidden<\/h1><\/center>\r\n<hr><center>nginx\/1.14.0<\/center>\r\n<\/body>\r\n<\/html>\r\n),","serverGroup":"2150","productId":"2150","queueDate":"2020-12-07 10:22:04","status":"0"}}
 -- [2021-01-08 10:45:39] -- cai -- in_call_1
 -- [2021-01-08 10:45:39] -- cai -- "Rest_Awards"
 -- [2021-01-08 10:45:39] -- cai -- "t3.sm2.kunlun.com\/platform\/index.php"
 -- [2021-01-08 10:45:39] -- cai -- {"uid":"","expire":1609986106,"title":"{\"default\":\"en\",\"en\":\"\\u6d4b\\u8bd5\\u95ee\\u5377\"}","content":"{\"default\":\"en\",\"en\":\"\\u6d4b\\u8bd5\\u95ee\\u5377\",\"topType\":\"2\",\"topEndTime\":1609986106}","reason":"\u6d4b\u8bd5\u95ee\u5377","author":"sanxiao","gift":"W10=","record":{"id":"223","interfaceName":"Rest_Awards","serverList":"9999","dataResult":"a:7:{s:3:\"uid\";s:0:\"\";s:6:\"expire\";i:1609986106;s:5:\"title\";s:48:\"{\"default\":\"en\",\"en\":\"\\u6d4b\\u8bd5\\u95ee\\u5377\"}\";s:7:\"content\";s:86:\"{\"default\":\"en\",\"en\":\"\\u6d4b\\u8bd5\\u95ee\\u5377\",\"topType\":\"2\",\"topEndTime\":1609986106}\";s:6:\"reason\";s:12:\"\u6d4b\u8bd5\u95ee\u5377\";s:6:\"author\";s:7:\"sanxiao\";s:4:\"gift\";s:4:\"W10=\";}","description":"\u603b\u6570(7)|\u6210\u529f(6)|\u5931\u8d25(1) -- 9000778(<html>\r\n<head><title>403 Forbidden<\/title><\/head>\r\n<body bgcolor=\"white\">\r\n<center><h1>403 Forbidden<\/h1><\/center>\r\n<hr><center>nginx\/1.14.0<\/center>\r\n<\/body>\r\n<\/html>\r\n),","serverGroup":"2150","productId":"2150","queueDate":"2020-12-07 10:22:04","status":"0"}}
 -- [2021-01-08 10:45:40] -- cai -- in_call_1
 -- [2021-01-08 10:45:40] -- cai -- "Rest_Awards"
 -- [2021-01-08 10:45:40] -- cai -- "t2.sm2.kunlun.com\/platform\/index.php"
 -- [2021-01-08 10:45:40] -- cai -- {"uid":"","expire":1609986106,"title":"{\"default\":\"en\",\"en\":\"\\u6d4b\\u8bd5\\u95ee\\u5377\"}","content":"{\"default\":\"en\",\"en\":\"\\u6d4b\\u8bd5\\u95ee\\u5377\",\"topType\":\"2\",\"topEndTime\":1609986106}","reason":"\u6d4b\u8bd5\u95ee\u5377","author":"sanxiao","gift":"W10=","record":{"id":"223","interfaceName":"Rest_Awards","serverList":"9999","dataResult":"a:7:{s:3:\"uid\";s:0:\"\";s:6:\"expire\";i:1609986106;s:5:\"title\";s:48:\"{\"default\":\"en\",\"en\":\"\\u6d4b\\u8bd5\\u95ee\\u5377\"}\";s:7:\"content\";s:86:\"{\"default\":\"en\",\"en\":\"\\u6d4b\\u8bd5\\u95ee\\u5377\",\"topType\":\"2\",\"topEndTime\":1609986106}\";s:6:\"reason\";s:12:\"\u6d4b\u8bd5\u95ee\u5377\";s:6:\"author\";s:7:\"sanxiao\";s:4:\"gift\";s:4:\"W10=\";}","description":"\u603b\u6570(7)|\u6210\u529f(6)|\u5931\u8d25(1) -- 9000778(<html>\r\n<head><title>403 Forbidden<\/title><\/head>\r\n<body bgcolor=\"white\">\r\n<center><h1>403 Forbidden<\/h1><\/center>\r\n<hr><center>nginx\/1.14.0<\/center>\r\n<\/body>\r\n<\/html>\r\n),","serverGroup":"2150","productId":"2150","queueDate":"2020-12-07 10:22:04","status":"0"}}
 -- [2021-01-08 10:45:40] -- cai -- in_call_1
 -- [2021-01-08 10:45:40] -- cai -- "Rest_Awards"
 -- [2021-01-08 10:45:40] -- cai -- "t1.sm2.kunlun.com\/platform\/index.php"
 -- [2021-01-08 10:45:40] -- cai -- {"uid":"","expire":1609986106,"title":"{\"default\":\"en\",\"en\":\"\\u6d4b\\u8bd5\\u95ee\\u5377\"}","content":"{\"default\":\"en\",\"en\":\"\\u6d4b\\u8bd5\\u95ee\\u5377\",\"topType\":\"2\",\"topEndTime\":1609986106}","reason":"\u6d4b\u8bd5\u95ee\u5377","author":"sanxiao","gift":"W10=","record":{"id":"223","interfaceName":"Rest_Awards","serverList":"9999","dataResult":"a:7:{s:3:\"uid\";s:0:\"\";s:6:\"expire\";i:1609986106;s:5:\"title\";s:48:\"{\"default\":\"en\",\"en\":\"\\u6d4b\\u8bd5\\u95ee\\u5377\"}\";s:7:\"content\";s:86:\"{\"default\":\"en\",\"en\":\"\\u6d4b\\u8bd5\\u95ee\\u5377\",\"topType\":\"2\",\"topEndTime\":1609986106}\";s:6:\"reason\";s:12:\"\u6d4b\u8bd5\u95ee\u5377\";s:6:\"author\";s:7:\"sanxiao\";s:4:\"gift\";s:4:\"W10=\";}","description":"\u603b\u6570(7)|\u6210\u529f(6)|\u5931\u8d25(1) -- 9000778(<html>\r\n<head><title>403 Forbidden<\/title><\/head>\r\n<body bgcolor=\"white\">\r\n<center><h1>403 Forbidden<\/h1><\/center>\r\n<hr><center>nginx\/1.14.0<\/center>\r\n<\/body>\r\n<\/html>\r\n),","serverGroup":"2150","productId":"2150","queueDate":"2020-12-07 10:22:04","status":"0"}}
 -- [2021-01-08 10:45:40] -- cai -- in_call_1
 -- [2021-01-08 10:45:40] -- cai -- "Rest_Awards"
 -- [2021-01-08 10:45:40] -- cai -- "t0.sm2.kunlun.com\/platform\/index.php"
 -- [2021-01-08 10:45:40] -- cai -- {"uid":"","expire":1609986106,"title":"{\"default\":\"en\",\"en\":\"\\u6d4b\\u8bd5\\u95ee\\u5377\"}","content":"{\"default\":\"en\",\"en\":\"\\u6d4b\\u8bd5\\u95ee\\u5377\",\"topType\":\"2\",\"topEndTime\":1609986106}","reason":"\u6d4b\u8bd5\u95ee\u5377","author":"sanxiao","gift":"W10=","record":{"id":"223","interfaceName":"Rest_Awards","serverList":"9999","dataResult":"a:7:{s:3:\"uid\";s:0:\"\";s:6:\"expire\";i:1609986106;s:5:\"title\";s:48:\"{\"default\":\"en\",\"en\":\"\\u6d4b\\u8bd5\\u95ee\\u5377\"}\";s:7:\"content\";s:86:\"{\"default\":\"en\",\"en\":\"\\u6d4b\\u8bd5\\u95ee\\u5377\",\"topType\":\"2\",\"topEndTime\":1609986106}\";s:6:\"reason\";s:12:\"\u6d4b\u8bd5\u95ee\u5377\";s:6:\"author\";s:7:\"sanxiao\";s:4:\"gift\";s:4:\"W10=\";}","description":"\u603b\u6570(7)|\u6210\u529f(6)|\u5931\u8d25(1) -- 9000778(<html>\r\n<head><title>403 Forbidden<\/title><\/head>\r\n<body bgcolor=\"white\">\r\n<center><h1>403 Forbidden<\/h1><\/center>\r\n<hr><center>nginx\/1.14.0<\/center>\r\n<\/body>\r\n<\/html>\r\n),","serverGroup":"2150","productId":"2150","queueDate":"2020-12-07 10:22:04","status":"0"}}
 -- [2021-01-08 10:46:56] -- cai -- in_call_1
 -- [2021-01-08 10:46:56] -- cai -- "Rest_Awards"
 -- [2021-01-08 10:46:56] -- cai -- "t999.sm2.kunlun.com\/platform\/index.php"
 -- [2021-01-08 10:46:56] -- cai -- {"uid":"","expire":1612752392,"title":"{\"default\":\"en\",\"en\":\"\\u6d4b\\u8bd5\"}","content":"{\"default\":\"en\",\"en\":\"111\",\"topType\":\"0\",\"topEndTime\":1612752392}","reason":"\u6d4b\u8bd5","author":"sanxiao","gift":"W10=","record":{"id":"248","interfaceName":"Rest_Awards","serverList":"9999","dataResult":"a:7:{s:3:\"uid\";s:0:\"\";s:6:\"expire\";i:1612752392;s:5:\"title\";s:36:\"{\"default\":\"en\",\"en\":\"\\u6d4b\\u8bd5\"}\";s:7:\"content\";s:65:\"{\"default\":\"en\",\"en\":\"111\",\"topType\":\"0\",\"topEndTime\":1612752392}\";s:6:\"reason\";s:6:\"\u6d4b\u8bd5\";s:6:\"author\";s:7:\"sanxiao\";s:4:\"gift\";s:4:\"W10=\";}","description":"","serverGroup":"2150","productId":"2150","queueDate":"2021-01-08 10:46:51","status":"0"}}
 -- [2021-01-08 10:46:56] -- cai -- in_call_1
 -- [2021-01-08 10:46:56] -- cai -- "Rest_Awards"
 -- [2021-01-08 10:46:56] -- cai -- "t5.sm2.kunlun.com\/platform\/index.php"
 -- [2021-01-08 10:46:56] -- cai -- {"uid":"","expire":1612752392,"title":"{\"default\":\"en\",\"en\":\"\\u6d4b\\u8bd5\"}","content":"{\"default\":\"en\",\"en\":\"111\",\"topType\":\"0\",\"topEndTime\":1612752392}","reason":"\u6d4b\u8bd5","author":"sanxiao","gift":"W10=","record":{"id":"248","interfaceName":"Rest_Awards","serverList":"9999","dataResult":"a:7:{s:3:\"uid\";s:0:\"\";s:6:\"expire\";i:1612752392;s:5:\"title\";s:36:\"{\"default\":\"en\",\"en\":\"\\u6d4b\\u8bd5\"}\";s:7:\"content\";s:65:\"{\"default\":\"en\",\"en\":\"111\",\"topType\":\"0\",\"topEndTime\":1612752392}\";s:6:\"reason\";s:6:\"\u6d4b\u8bd5\";s:6:\"author\";s:7:\"sanxiao\";s:4:\"gift\";s:4:\"W10=\";}","description":"","serverGroup":"2150","productId":"2150","queueDate":"2021-01-08 10:46:51","status":"0"}}
 -- [2021-01-08 10:46:56] -- cai -- in_call_1
 -- [2021-01-08 10:46:56] -- cai -- "Rest_Awards"
 -- [2021-01-08 10:46:56] -- cai -- "t4.sm2.kunlun.com\/platform\/index.php"
 -- [2021-01-08 10:46:56] -- cai -- {"uid":"","expire":1612752392,"title":"{\"default\":\"en\",\"en\":\"\\u6d4b\\u8bd5\"}","content":"{\"default\":\"en\",\"en\":\"111\",\"topType\":\"0\",\"topEndTime\":1612752392}","reason":"\u6d4b\u8bd5","author":"sanxiao","gift":"W10=","record":{"id":"248","interfaceName":"Rest_Awards","serverList":"9999","dataResult":"a:7:{s:3:\"uid\";s:0:\"\";s:6:\"expire\";i:1612752392;s:5:\"title\";s:36:\"{\"default\":\"en\",\"en\":\"\\u6d4b\\u8bd5\"}\";s:7:\"content\";s:65:\"{\"default\":\"en\",\"en\":\"111\",\"topType\":\"0\",\"topEndTime\":1612752392}\";s:6:\"reason\";s:6:\"\u6d4b\u8bd5\";s:6:\"author\";s:7:\"sanxiao\";s:4:\"gift\";s:4:\"W10=\";}","description":"","serverGroup":"2150","productId":"2150","queueDate":"2021-01-08 10:46:51","status":"0"}}
 -- [2021-01-08 10:46:57] -- cai -- in_call_1
 -- [2021-01-08 10:46:57] -- cai -- "Rest_Awards"
 -- [2021-01-08 10:46:57] -- cai -- "t3.sm2.kunlun.com\/platform\/index.php"
 -- [2021-01-08 10:46:57] -- cai -- {"uid":"","expire":1612752392,"title":"{\"default\":\"en\",\"en\":\"\\u6d4b\\u8bd5\"}","content":"{\"default\":\"en\",\"en\":\"111\",\"topType\":\"0\",\"topEndTime\":1612752392}","reason":"\u6d4b\u8bd5","author":"sanxiao","gift":"W10=","record":{"id":"248","interfaceName":"Rest_Awards","serverList":"9999","dataResult":"a:7:{s:3:\"uid\";s:0:\"\";s:6:\"expire\";i:1612752392;s:5:\"title\";s:36:\"{\"default\":\"en\",\"en\":\"\\u6d4b\\u8bd5\"}\";s:7:\"content\";s:65:\"{\"default\":\"en\",\"en\":\"111\",\"topType\":\"0\",\"topEndTime\":1612752392}\";s:6:\"reason\";s:6:\"\u6d4b\u8bd5\";s:6:\"author\";s:7:\"sanxiao\";s:4:\"gift\";s:4:\"W10=\";}","description":"","serverGroup":"2150","productId":"2150","queueDate":"2021-01-08 10:46:51","status":"0"}}
 -- [2021-01-08 10:46:57] -- cai -- in_call_1
 -- [2021-01-08 10:46:57] -- cai -- "Rest_Awards"
 -- [2021-01-08 10:46:57] -- cai -- "t2.sm2.kunlun.com\/platform\/index.php"
 -- [2021-01-08 10:46:57] -- cai -- {"uid":"","expire":1612752392,"title":"{\"default\":\"en\",\"en\":\"\\u6d4b\\u8bd5\"}","content":"{\"default\":\"en\",\"en\":\"111\",\"topType\":\"0\",\"topEndTime\":1612752392}","reason":"\u6d4b\u8bd5","author":"sanxiao","gift":"W10=","record":{"id":"248","interfaceName":"Rest_Awards","serverList":"9999","dataResult":"a:7:{s:3:\"uid\";s:0:\"\";s:6:\"expire\";i:1612752392;s:5:\"title\";s:36:\"{\"default\":\"en\",\"en\":\"\\u6d4b\\u8bd5\"}\";s:7:\"content\";s:65:\"{\"default\":\"en\",\"en\":\"111\",\"topType\":\"0\",\"topEndTime\":1612752392}\";s:6:\"reason\";s:6:\"\u6d4b\u8bd5\";s:6:\"author\";s:7:\"sanxiao\";s:4:\"gift\";s:4:\"W10=\";}","description":"","serverGroup":"2150","productId":"2150","queueDate":"2021-01-08 10:46:51","status":"0"}}
 -- [2021-01-08 10:46:57] -- cai -- in_call_1
 -- [2021-01-08 10:46:57] -- cai -- "Rest_Awards"
 -- [2021-01-08 10:46:57] -- cai -- "t1.sm2.kunlun.com\/platform\/index.php"
 -- [2021-01-08 10:46:57] -- cai -- {"uid":"","expire":1612752392,"title":"{\"default\":\"en\",\"en\":\"\\u6d4b\\u8bd5\"}","content":"{\"default\":\"en\",\"en\":\"111\",\"topType\":\"0\",\"topEndTime\":1612752392}","reason":"\u6d4b\u8bd5","author":"sanxiao","gift":"W10=","record":{"id":"248","interfaceName":"Rest_Awards","serverList":"9999","dataResult":"a:7:{s:3:\"uid\";s:0:\"\";s:6:\"expire\";i:1612752392;s:5:\"title\";s:36:\"{\"default\":\"en\",\"en\":\"\\u6d4b\\u8bd5\"}\";s:7:\"content\";s:65:\"{\"default\":\"en\",\"en\":\"111\",\"topType\":\"0\",\"topEndTime\":1612752392}\";s:6:\"reason\";s:6:\"\u6d4b\u8bd5\";s:6:\"author\";s:7:\"sanxiao\";s:4:\"gift\";s:4:\"W10=\";}","description":"","serverGroup":"2150","productId":"2150","queueDate":"2021-01-08 10:46:51","status":"0"}}
 -- [2021-01-08 10:46:57] -- cai -- in_call_1
 -- [2021-01-08 10:46:57] -- cai -- "Rest_Awards"
 -- [2021-01-08 10:46:57] -- cai -- "t0.sm2.kunlun.com\/platform\/index.php"
 -- [2021-01-08 10:46:57] -- cai -- {"uid":"","expire":1612752392,"title":"{\"default\":\"en\",\"en\":\"\\u6d4b\\u8bd5\"}","content":"{\"default\":\"en\",\"en\":\"111\",\"topType\":\"0\",\"topEndTime\":1612752392}","reason":"\u6d4b\u8bd5","author":"sanxiao","gift":"W10=","record":{"id":"248","interfaceName":"Rest_Awards","serverList":"9999","dataResult":"a:7:{s:3:\"uid\";s:0:\"\";s:6:\"expire\";i:1612752392;s:5:\"title\";s:36:\"{\"default\":\"en\",\"en\":\"\\u6d4b\\u8bd5\"}\";s:7:\"content\";s:65:\"{\"default\":\"en\",\"en\":\"111\",\"topType\":\"0\",\"topEndTime\":1612752392}\";s:6:\"reason\";s:6:\"\u6d4b\u8bd5\";s:6:\"author\";s:7:\"sanxiao\";s:4:\"gift\";s:4:\"W10=\";}","description":"","serverGroup":"2150","productId":"2150","queueDate":"2021-01-08 10:46:51","status":"0"}}
 -- [2021-01-08 10:48:40] -- cai -- in_call_1
 -- [2021-01-08 10:48:40] -- cai -- "Rest_Awards"
 -- [2021-01-08 10:48:40] -- cai -- "t999.sm2.kunlun.com\/platform\/index.php"
 -- [2021-01-08 10:48:40] -- cai -- {"uid":"","expire":1612752493,"title":"{\"default\":\"en\",\"en\":\"\\u6d4b\\u8bd5\"}","content":"{\"default\":\"en\",\"en\":\"\\u6d4b\\u8bd5\",\"topType\":\"1\",\"topEndTime\":1612752493}","reason":"\u6d4b\u8bd5","author":"sanxiao","gift":"W10=","record":{"id":"249","interfaceName":"Rest_Awards","serverList":"9999","dataResult":"a:7:{s:3:\"uid\";s:0:\"\";s:6:\"expire\";i:1612752493;s:5:\"title\";s:36:\"{\"default\":\"en\",\"en\":\"\\u6d4b\\u8bd5\"}\";s:7:\"content\";s:74:\"{\"default\":\"en\",\"en\":\"\\u6d4b\\u8bd5\",\"topType\":\"1\",\"topEndTime\":1612752493}\";s:6:\"reason\";s:6:\"\u6d4b\u8bd5\";s:6:\"author\";s:7:\"sanxiao\";s:4:\"gift\";s:4:\"W10=\";}","description":"","serverGroup":"2150","productId":"2150","queueDate":"2021-01-08 10:48:35","status":"0"}}
 -- [2021-01-08 10:48:40] -- cai -- in_call_1
 -- [2021-01-08 10:48:40] -- cai -- "Rest_Awards"
 -- [2021-01-08 10:48:40] -- cai -- "t5.sm2.kunlun.com\/platform\/index.php"
 -- [2021-01-08 10:48:40] -- cai -- {"uid":"","expire":1612752493,"title":"{\"default\":\"en\",\"en\":\"\\u6d4b\\u8bd5\"}","content":"{\"default\":\"en\",\"en\":\"\\u6d4b\\u8bd5\",\"topType\":\"1\",\"topEndTime\":1612752493}","reason":"\u6d4b\u8bd5","author":"sanxiao","gift":"W10=","record":{"id":"249","interfaceName":"Rest_Awards","serverList":"9999","dataResult":"a:7:{s:3:\"uid\";s:0:\"\";s:6:\"expire\";i:1612752493;s:5:\"title\";s:36:\"{\"default\":\"en\",\"en\":\"\\u6d4b\\u8bd5\"}\";s:7:\"content\";s:74:\"{\"default\":\"en\",\"en\":\"\\u6d4b\\u8bd5\",\"topType\":\"1\",\"topEndTime\":1612752493}\";s:6:\"reason\";s:6:\"\u6d4b\u8bd5\";s:6:\"author\";s:7:\"sanxiao\";s:4:\"gift\";s:4:\"W10=\";}","description":"","serverGroup":"2150","productId":"2150","queueDate":"2021-01-08 10:48:35","status":"0"}}
 -- [2021-01-08 10:48:40] -- cai -- in_call_1
 -- [2021-01-08 10:48:40] -- cai -- "Rest_Awards"
 -- [2021-01-08 10:48:40] -- cai -- "t4.sm2.kunlun.com\/platform\/index.php"
 -- [2021-01-08 10:48:40] -- cai -- {"uid":"","expire":1612752493,"title":"{\"default\":\"en\",\"en\":\"\\u6d4b\\u8bd5\"}","content":"{\"default\":\"en\",\"en\":\"\\u6d4b\\u8bd5\",\"topType\":\"1\",\"topEndTime\":1612752493}","reason":"\u6d4b\u8bd5","author":"sanxiao","gift":"W10=","record":{"id":"249","interfaceName":"Rest_Awards","serverList":"9999","dataResult":"a:7:{s:3:\"uid\";s:0:\"\";s:6:\"expire\";i:1612752493;s:5:\"title\";s:36:\"{\"default\":\"en\",\"en\":\"\\u6d4b\\u8bd5\"}\";s:7:\"content\";s:74:\"{\"default\":\"en\",\"en\":\"\\u6d4b\\u8bd5\",\"topType\":\"1\",\"topEndTime\":1612752493}\";s:6:\"reason\";s:6:\"\u6d4b\u8bd5\";s:6:\"author\";s:7:\"sanxiao\";s:4:\"gift\";s:4:\"W10=\";}","description":"","serverGroup":"2150","productId":"2150","queueDate":"2021-01-08 10:48:35","status":"0"}}
 -- [2021-01-08 10:48:41] -- cai -- in_call_1
 -- [2021-01-08 10:48:41] -- cai -- "Rest_Awards"
 -- [2021-01-08 10:48:41] -- cai -- "t3.sm2.kunlun.com\/platform\/index.php"
 -- [2021-01-08 10:48:41] -- cai -- {"uid":"","expire":1612752493,"title":"{\"default\":\"en\",\"en\":\"\\u6d4b\\u8bd5\"}","content":"{\"default\":\"en\",\"en\":\"\\u6d4b\\u8bd5\",\"topType\":\"1\",\"topEndTime\":1612752493}","reason":"\u6d4b\u8bd5","author":"sanxiao","gift":"W10=","record":{"id":"249","interfaceName":"Rest_Awards","serverList":"9999","dataResult":"a:7:{s:3:\"uid\";s:0:\"\";s:6:\"expire\";i:1612752493;s:5:\"title\";s:36:\"{\"default\":\"en\",\"en\":\"\\u6d4b\\u8bd5\"}\";s:7:\"content\";s:74:\"{\"default\":\"en\",\"en\":\"\\u6d4b\\u8bd5\",\"topType\":\"1\",\"topEndTime\":1612752493}\";s:6:\"reason\";s:6:\"\u6d4b\u8bd5\";s:6:\"author\";s:7:\"sanxiao\";s:4:\"gift\";s:4:\"W10=\";}","description":"","serverGroup":"2150","productId":"2150","queueDate":"2021-01-08 10:48:35","status":"0"}}
 -- [2021-01-08 10:48:41] -- cai -- in_call_1
 -- [2021-01-08 10:48:41] -- cai -- "Rest_Awards"
 -- [2021-01-08 10:48:41] -- cai -- "t2.sm2.kunlun.com\/platform\/index.php"
 -- [2021-01-08 10:48:41] -- cai -- {"uid":"","expire":1612752493,"title":"{\"default\":\"en\",\"en\":\"\\u6d4b\\u8bd5\"}","content":"{\"default\":\"en\",\"en\":\"\\u6d4b\\u8bd5\",\"topType\":\"1\",\"topEndTime\":1612752493}","reason":"\u6d4b\u8bd5","author":"sanxiao","gift":"W10=","record":{"id":"249","interfaceName":"Rest_Awards","serverList":"9999","dataResult":"a:7:{s:3:\"uid\";s:0:\"\";s:6:\"expire\";i:1612752493;s:5:\"title\";s:36:\"{\"default\":\"en\",\"en\":\"\\u6d4b\\u8bd5\"}\";s:7:\"content\";s:74:\"{\"default\":\"en\",\"en\":\"\\u6d4b\\u8bd5\",\"topType\":\"1\",\"topEndTime\":1612752493}\";s:6:\"reason\";s:6:\"\u6d4b\u8bd5\";s:6:\"author\";s:7:\"sanxiao\";s:4:\"gift\";s:4:\"W10=\";}","description":"","serverGroup":"2150","productId":"2150","queueDate":"2021-01-08 10:48:35","status":"0"}}
 -- [2021-01-08 10:48:41] -- cai -- in_call_1
 -- [2021-01-08 10:48:41] -- cai -- "Rest_Awards"
 -- [2021-01-08 10:48:41] -- cai -- "t1.sm2.kunlun.com\/platform\/index.php"
 -- [2021-01-08 10:48:41] -- cai -- {"uid":"","expire":1612752493,"title":"{\"default\":\"en\",\"en\":\"\\u6d4b\\u8bd5\"}","content":"{\"default\":\"en\",\"en\":\"\\u6d4b\\u8bd5\",\"topType\":\"1\",\"topEndTime\":1612752493}","reason":"\u6d4b\u8bd5","author":"sanxiao","gift":"W10=","record":{"id":"249","interfaceName":"Rest_Awards","serverList":"9999","dataResult":"a:7:{s:3:\"uid\";s:0:\"\";s:6:\"expire\";i:1612752493;s:5:\"title\";s:36:\"{\"default\":\"en\",\"en\":\"\\u6d4b\\u8bd5\"}\";s:7:\"content\";s:74:\"{\"default\":\"en\",\"en\":\"\\u6d4b\\u8bd5\",\"topType\":\"1\",\"topEndTime\":1612752493}\";s:6:\"reason\";s:6:\"\u6d4b\u8bd5\";s:6:\"author\";s:7:\"sanxiao\";s:4:\"gift\";s:4:\"W10=\";}","description":"","serverGroup":"2150","productId":"2150","queueDate":"2021-01-08 10:48:35","status":"0"}}
 -- [2021-01-08 10:48:41] -- cai -- in_call_1
 -- [2021-01-08 10:48:41] -- cai -- "Rest_Awards"
 -- [2021-01-08 10:48:41] -- cai -- "t0.sm2.kunlun.com\/platform\/index.php"
 -- [2021-01-08 10:48:41] -- cai -- {"uid":"","expire":1612752493,"title":"{\"default\":\"en\",\"en\":\"\\u6d4b\\u8bd5\"}","content":"{\"default\":\"en\",\"en\":\"\\u6d4b\\u8bd5\",\"topType\":\"1\",\"topEndTime\":1612752493}","reason":"\u6d4b\u8bd5","author":"sanxiao","gift":"W10=","record":{"id":"249","interfaceName":"Rest_Awards","serverList":"9999","dataResult":"a:7:{s:3:\"uid\";s:0:\"\";s:6:\"expire\";i:1612752493;s:5:\"title\";s:36:\"{\"default\":\"en\",\"en\":\"\\u6d4b\\u8bd5\"}\";s:7:\"content\";s:74:\"{\"default\":\"en\",\"en\":\"\\u6d4b\\u8bd5\",\"topType\":\"1\",\"topEndTime\":1612752493}\";s:6:\"reason\";s:6:\"\u6d4b\u8bd5\";s:6:\"author\";s:7:\"sanxiao\";s:4:\"gift\";s:4:\"W10=\";}","description":"","serverGroup":"2150","productId":"2150","queueDate":"2021-01-08 10:48:35","status":"0"}}
 -- [2021-01-08 11:46:02] -- cai -- in_call_1
 -- [2021-01-08 11:46:02] -- cai -- "Rest_Awards"
 -- [2021-01-08 11:46:02] -- cai -- "t999.sm2.kunlun.com\/platform\/index.php"
 -- [2021-01-08 11:46:02] -- cai -- {"uid":"","expire":1612755932,"title":"{\"default\":\"en\",\"en\":\"\\u6d4b\\u8bd5\"}","content":"{\"default\":\"en\",\"en\":\"F:\\\\php_2\\\\newtest\\\\queue.php\",\"topType\":\"0\",\"topEndTime\":1612755932,\"question_id\":\"100\"}","reason":"\u6d4b\u8bd5","author":"sanxiao","gift":"W10=","record":{"id":"250","interfaceName":"Rest_Awards","serverList":"9999","dataResult":"a:7:{s:3:\"uid\";s:0:\"\";s:6:\"expire\";i:1612755932;s:5:\"title\";s:36:\"{\"default\":\"en\",\"en\":\"\\u6d4b\\u8bd5\"}\";s:7:\"content\";s:111:\"{\"default\":\"en\",\"en\":\"F:\\\\php_2\\\\newtest\\\\queue.php\",\"topType\":\"0\",\"topEndTime\":1612755932,\"question_id\":\"100\"}\";s:6:\"reason\";s:6:\"\u6d4b\u8bd5\";s:6:\"author\";s:7:\"sanxiao\";s:4:\"gift\";s:4:\"W10=\";}","description":"","serverGroup":"2150","productId":"2150","queueDate":"2021-01-08 11:45:55","status":"0"}}
 -- [2021-01-08 11:46:02] -- cai -- in_call_1
 -- [2021-01-08 11:46:02] -- cai -- "Rest_Awards"
 -- [2021-01-08 11:46:02] -- cai -- "t5.sm2.kunlun.com\/platform\/index.php"
 -- [2021-01-08 11:46:02] -- cai -- {"uid":"","expire":1612755932,"title":"{\"default\":\"en\",\"en\":\"\\u6d4b\\u8bd5\"}","content":"{\"default\":\"en\",\"en\":\"F:\\\\php_2\\\\newtest\\\\queue.php\",\"topType\":\"0\",\"topEndTime\":1612755932,\"question_id\":\"100\"}","reason":"\u6d4b\u8bd5","author":"sanxiao","gift":"W10=","record":{"id":"250","interfaceName":"Rest_Awards","serverList":"9999","dataResult":"a:7:{s:3:\"uid\";s:0:\"\";s:6:\"expire\";i:1612755932;s:5:\"title\";s:36:\"{\"default\":\"en\",\"en\":\"\\u6d4b\\u8bd5\"}\";s:7:\"content\";s:111:\"{\"default\":\"en\",\"en\":\"F:\\\\php_2\\\\newtest\\\\queue.php\",\"topType\":\"0\",\"topEndTime\":1612755932,\"question_id\":\"100\"}\";s:6:\"reason\";s:6:\"\u6d4b\u8bd5\";s:6:\"author\";s:7:\"sanxiao\";s:4:\"gift\";s:4:\"W10=\";}","description":"","serverGroup":"2150","productId":"2150","queueDate":"2021-01-08 11:45:55","status":"0"}}
 -- [2021-01-08 11:46:02] -- cai -- in_call_1
 -- [2021-01-08 11:46:02] -- cai -- "Rest_Awards"
 -- [2021-01-08 11:46:02] -- cai -- "t4.sm2.kunlun.com\/platform\/index.php"
 -- [2021-01-08 11:46:02] -- cai -- {"uid":"","expire":1612755932,"title":"{\"default\":\"en\",\"en\":\"\\u6d4b\\u8bd5\"}","content":"{\"default\":\"en\",\"en\":\"F:\\\\php_2\\\\newtest\\\\queue.php\",\"topType\":\"0\",\"topEndTime\":1612755932,\"question_id\":\"100\"}","reason":"\u6d4b\u8bd5","author":"sanxiao","gift":"W10=","record":{"id":"250","interfaceName":"Rest_Awards","serverList":"9999","dataResult":"a:7:{s:3:\"uid\";s:0:\"\";s:6:\"expire\";i:1612755932;s:5:\"title\";s:36:\"{\"default\":\"en\",\"en\":\"\\u6d4b\\u8bd5\"}\";s:7:\"content\";s:111:\"{\"default\":\"en\",\"en\":\"F:\\\\php_2\\\\newtest\\\\queue.php\",\"topType\":\"0\",\"topEndTime\":1612755932,\"question_id\":\"100\"}\";s:6:\"reason\";s:6:\"\u6d4b\u8bd5\";s:6:\"author\";s:7:\"sanxiao\";s:4:\"gift\";s:4:\"W10=\";}","description":"","serverGroup":"2150","productId":"2150","queueDate":"2021-01-08 11:45:55","status":"0"}}
 -- [2021-01-08 11:46:02] -- cai -- in_call_1
 -- [2021-01-08 11:46:02] -- cai -- "Rest_Awards"
 -- [2021-01-08 11:46:02] -- cai -- "t3.sm2.kunlun.com\/platform\/index.php"
 -- [2021-01-08 11:46:02] -- cai -- {"uid":"","expire":1612755932,"title":"{\"default\":\"en\",\"en\":\"\\u6d4b\\u8bd5\"}","content":"{\"default\":\"en\",\"en\":\"F:\\\\php_2\\\\newtest\\\\queue.php\",\"topType\":\"0\",\"topEndTime\":1612755932,\"question_id\":\"100\"}","reason":"\u6d4b\u8bd5","author":"sanxiao","gift":"W10=","record":{"id":"250","interfaceName":"Rest_Awards","serverList":"9999","dataResult":"a:7:{s:3:\"uid\";s:0:\"\";s:6:\"expire\";i:1612755932;s:5:\"title\";s:36:\"{\"default\":\"en\",\"en\":\"\\u6d4b\\u8bd5\"}\";s:7:\"content\";s:111:\"{\"default\":\"en\",\"en\":\"F:\\\\php_2\\\\newtest\\\\queue.php\",\"topType\":\"0\",\"topEndTime\":1612755932,\"question_id\":\"100\"}\";s:6:\"reason\";s:6:\"\u6d4b\u8bd5\";s:6:\"author\";s:7:\"sanxiao\";s:4:\"gift\";s:4:\"W10=\";}","description":"","serverGroup":"2150","productId":"2150","queueDate":"2021-01-08 11:45:55","status":"0"}}
 -- [2021-01-08 11:46:02] -- cai -- in_call_1
 -- [2021-01-08 11:46:02] -- cai -- "Rest_Awards"
 -- [2021-01-08 11:46:02] -- cai -- "t2.sm2.kunlun.com\/platform\/index.php"
 -- [2021-01-08 11:46:02] -- cai -- {"uid":"","expire":1612755932,"title":"{\"default\":\"en\",\"en\":\"\\u6d4b\\u8bd5\"}","content":"{\"default\":\"en\",\"en\":\"F:\\\\php_2\\\\newtest\\\\queue.php\",\"topType\":\"0\",\"topEndTime\":1612755932,\"question_id\":\"100\"}","reason":"\u6d4b\u8bd5","author":"sanxiao","gift":"W10=","record":{"id":"250","interfaceName":"Rest_Awards","serverList":"9999","dataResult":"a:7:{s:3:\"uid\";s:0:\"\";s:6:\"expire\";i:1612755932;s:5:\"title\";s:36:\"{\"default\":\"en\",\"en\":\"\\u6d4b\\u8bd5\"}\";s:7:\"content\";s:111:\"{\"default\":\"en\",\"en\":\"F:\\\\php_2\\\\newtest\\\\queue.php\",\"topType\":\"0\",\"topEndTime\":1612755932,\"question_id\":\"100\"}\";s:6:\"reason\";s:6:\"\u6d4b\u8bd5\";s:6:\"author\";s:7:\"sanxiao\";s:4:\"gift\";s:4:\"W10=\";}","description":"","serverGroup":"2150","productId":"2150","queueDate":"2021-01-08 11:45:55","status":"0"}}
 -- [2021-01-08 11:46:03] -- cai -- in_call_1
 -- [2021-01-08 11:46:03] -- cai -- "Rest_Awards"
 -- [2021-01-08 11:46:03] -- cai -- "t1.sm2.kunlun.com\/platform\/index.php"
 -- [2021-01-08 11:46:03] -- cai -- {"uid":"","expire":1612755932,"title":"{\"default\":\"en\",\"en\":\"\\u6d4b\\u8bd5\"}","content":"{\"default\":\"en\",\"en\":\"F:\\\\php_2\\\\newtest\\\\queue.php\",\"topType\":\"0\",\"topEndTime\":1612755932,\"question_id\":\"100\"}","reason":"\u6d4b\u8bd5","author":"sanxiao","gift":"W10=","record":{"id":"250","interfaceName":"Rest_Awards","serverList":"9999","dataResult":"a:7:{s:3:\"uid\";s:0:\"\";s:6:\"expire\";i:1612755932;s:5:\"title\";s:36:\"{\"default\":\"en\",\"en\":\"\\u6d4b\\u8bd5\"}\";s:7:\"content\";s:111:\"{\"default\":\"en\",\"en\":\"F:\\\\php_2\\\\newtest\\\\queue.php\",\"topType\":\"0\",\"topEndTime\":1612755932,\"question_id\":\"100\"}\";s:6:\"reason\";s:6:\"\u6d4b\u8bd5\";s:6:\"author\";s:7:\"sanxiao\";s:4:\"gift\";s:4:\"W10=\";}","description":"","serverGroup":"2150","productId":"2150","queueDate":"2021-01-08 11:45:55","status":"0"}}
 -- [2021-01-08 11:46:03] -- cai -- in_call_1
 -- [2021-01-08 11:46:03] -- cai -- "Rest_Awards"
 -- [2021-01-08 11:46:03] -- cai -- "t0.sm2.kunlun.com\/platform\/index.php"
 -- [2021-01-08 11:46:03] -- cai -- {"uid":"","expire":1612755932,"title":"{\"default\":\"en\",\"en\":\"\\u6d4b\\u8bd5\"}","content":"{\"default\":\"en\",\"en\":\"F:\\\\php_2\\\\newtest\\\\queue.php\",\"topType\":\"0\",\"topEndTime\":1612755932,\"question_id\":\"100\"}","reason":"\u6d4b\u8bd5","author":"sanxiao","gift":"W10=","record":{"id":"250","interfaceName":"Rest_Awards","serverList":"9999","dataResult":"a:7:{s:3:\"uid\";s:0:\"\";s:6:\"expire\";i:1612755932;s:5:\"title\";s:36:\"{\"default\":\"en\",\"en\":\"\\u6d4b\\u8bd5\"}\";s:7:\"content\";s:111:\"{\"default\":\"en\",\"en\":\"F:\\\\php_2\\\\newtest\\\\queue.php\",\"topType\":\"0\",\"topEndTime\":1612755932,\"question_id\":\"100\"}\";s:6:\"reason\";s:6:\"\u6d4b\u8bd5\";s:6:\"author\";s:7:\"sanxiao\";s:4:\"gift\";s:4:\"W10=\";}","description":"","serverGroup":"2150","productId":"2150","queueDate":"2021-01-08 11:45:55","status":"0"}}
 -- [2021-01-08 11:49:48] -- cai -- in_call_1
 -- [2021-01-08 11:49:48] -- cai -- "Rest_Awards"
 -- [2021-01-08 11:49:48] -- cai -- "t999.sm2.kunlun.com\/platform\/index.php"
 -- [2021-01-08 11:49:48] -- cai -- {"uid":"","expire":1612756162,"title":"{\"default\":\"en\",\"en\":\"\\u6d4b\\u8bd5\"}","content":"{\"default\":\"en\",\"en\":\"\\\/data\\\/sanxiao\\\/bin\\\/gmt_queue_moniter.sh\",\"topType\":\"0\",\"topEndTime\":1612756162,\"question_id\":\"100\"}","reason":"\/data\/sanxiao\/bin\/gmt_queue_moniter.sh","author":"sanxiao","gift":"W10=","record":{"id":"251","interfaceName":"Rest_Awards","serverList":"9999","dataResult":"a:7:{s:3:\"uid\";s:0:\"\";s:6:\"expire\";i:1612756162;s:5:\"title\";s:36:\"{\"default\":\"en\",\"en\":\"\\u6d4b\\u8bd5\"}\";s:7:\"content\";s:124:\"{\"default\":\"en\",\"en\":\"\\\/data\\\/sanxiao\\\/bin\\\/gmt_queue_moniter.sh\",\"topType\":\"0\",\"topEndTime\":1612756162,\"question_id\":\"100\"}\";s:6:\"reason\";s:38:\"\/data\/sanxiao\/bin\/gmt_queue_moniter.sh\";s:6:\"author\";s:7:\"sanxiao\";s:4:\"gift\";s:4:\"W10=\";}","description":"","serverGroup":"2150","productId":"2150","queueDate":"2021-01-08 11:49:40","status":"0"}}
 -- [2021-01-08 11:49:48] -- cai -- in_call_1
 -- [2021-01-08 11:49:48] -- cai -- "Rest_Awards"
 -- [2021-01-08 11:49:48] -- cai -- "t5.sm2.kunlun.com\/platform\/index.php"
 -- [2021-01-08 11:49:48] -- cai -- {"uid":"","expire":1612756162,"title":"{\"default\":\"en\",\"en\":\"\\u6d4b\\u8bd5\"}","content":"{\"default\":\"en\",\"en\":\"\\\/data\\\/sanxiao\\\/bin\\\/gmt_queue_moniter.sh\",\"topType\":\"0\",\"topEndTime\":1612756162,\"question_id\":\"100\"}","reason":"\/data\/sanxiao\/bin\/gmt_queue_moniter.sh","author":"sanxiao","gift":"W10=","record":{"id":"251","interfaceName":"Rest_Awards","serverList":"9999","dataResult":"a:7:{s:3:\"uid\";s:0:\"\";s:6:\"expire\";i:1612756162;s:5:\"title\";s:36:\"{\"default\":\"en\",\"en\":\"\\u6d4b\\u8bd5\"}\";s:7:\"content\";s:124:\"{\"default\":\"en\",\"en\":\"\\\/data\\\/sanxiao\\\/bin\\\/gmt_queue_moniter.sh\",\"topType\":\"0\",\"topEndTime\":1612756162,\"question_id\":\"100\"}\";s:6:\"reason\";s:38:\"\/data\/sanxiao\/bin\/gmt_queue_moniter.sh\";s:6:\"author\";s:7:\"sanxiao\";s:4:\"gift\";s:4:\"W10=\";}","description":"","serverGroup":"2150","productId":"2150","queueDate":"2021-01-08 11:49:40","status":"0"}}
 -- [2021-01-08 11:49:48] -- cai -- in_call_1
 -- [2021-01-08 11:49:48] -- cai -- "Rest_Awards"
 -- [2021-01-08 11:49:48] -- cai -- "t4.sm2.kunlun.com\/platform\/index.php"
 -- [2021-01-08 11:49:48] -- cai -- {"uid":"","expire":1612756162,"title":"{\"default\":\"en\",\"en\":\"\\u6d4b\\u8bd5\"}","content":"{\"default\":\"en\",\"en\":\"\\\/data\\\/sanxiao\\\/bin\\\/gmt_queue_moniter.sh\",\"topType\":\"0\",\"topEndTime\":1612756162,\"question_id\":\"100\"}","reason":"\/data\/sanxiao\/bin\/gmt_queue_moniter.sh","author":"sanxiao","gift":"W10=","record":{"id":"251","interfaceName":"Rest_Awards","serverList":"9999","dataResult":"a:7:{s:3:\"uid\";s:0:\"\";s:6:\"expire\";i:1612756162;s:5:\"title\";s:36:\"{\"default\":\"en\",\"en\":\"\\u6d4b\\u8bd5\"}\";s:7:\"content\";s:124:\"{\"default\":\"en\",\"en\":\"\\\/data\\\/sanxiao\\\/bin\\\/gmt_queue_moniter.sh\",\"topType\":\"0\",\"topEndTime\":1612756162,\"question_id\":\"100\"}\";s:6:\"reason\";s:38:\"\/data\/sanxiao\/bin\/gmt_queue_moniter.sh\";s:6:\"author\";s:7:\"sanxiao\";s:4:\"gift\";s:4:\"W10=\";}","description":"","serverGroup":"2150","productId":"2150","queueDate":"2021-01-08 11:49:40","status":"0"}}
 -- [2021-01-08 11:49:48] -- cai -- in_call_1
 -- [2021-01-08 11:49:48] -- cai -- "Rest_Awards"
 -- [2021-01-08 11:49:48] -- cai -- "t3.sm2.kunlun.com\/platform\/index.php"
 -- [2021-01-08 11:49:48] -- cai -- {"uid":"","expire":1612756162,"title":"{\"default\":\"en\",\"en\":\"\\u6d4b\\u8bd5\"}","content":"{\"default\":\"en\",\"en\":\"\\\/data\\\/sanxiao\\\/bin\\\/gmt_queue_moniter.sh\",\"topType\":\"0\",\"topEndTime\":1612756162,\"question_id\":\"100\"}","reason":"\/data\/sanxiao\/bin\/gmt_queue_moniter.sh","author":"sanxiao","gift":"W10=","record":{"id":"251","interfaceName":"Rest_Awards","serverList":"9999","dataResult":"a:7:{s:3:\"uid\";s:0:\"\";s:6:\"expire\";i:1612756162;s:5:\"title\";s:36:\"{\"default\":\"en\",\"en\":\"\\u6d4b\\u8bd5\"}\";s:7:\"content\";s:124:\"{\"default\":\"en\",\"en\":\"\\\/data\\\/sanxiao\\\/bin\\\/gmt_queue_moniter.sh\",\"topType\":\"0\",\"topEndTime\":1612756162,\"question_id\":\"100\"}\";s:6:\"reason\";s:38:\"\/data\/sanxiao\/bin\/gmt_queue_moniter.sh\";s:6:\"author\";s:7:\"sanxiao\";s:4:\"gift\";s:4:\"W10=\";}","description":"","serverGroup":"2150","productId":"2150","queueDate":"2021-01-08 11:49:40","status":"0"}}
 -- [2021-01-08 11:49:49] -- cai -- in_call_1
 -- [2021-01-08 11:49:49] -- cai -- "Rest_Awards"
 -- [2021-01-08 11:49:49] -- cai -- "t2.sm2.kunlun.com\/platform\/index.php"
 -- [2021-01-08 11:49:49] -- cai -- {"uid":"","expire":1612756162,"title":"{\"default\":\"en\",\"en\":\"\\u6d4b\\u8bd5\"}","content":"{\"default\":\"en\",\"en\":\"\\\/data\\\/sanxiao\\\/bin\\\/gmt_queue_moniter.sh\",\"topType\":\"0\",\"topEndTime\":1612756162,\"question_id\":\"100\"}","reason":"\/data\/sanxiao\/bin\/gmt_queue_moniter.sh","author":"sanxiao","gift":"W10=","record":{"id":"251","interfaceName":"Rest_Awards","serverList":"9999","dataResult":"a:7:{s:3:\"uid\";s:0:\"\";s:6:\"expire\";i:1612756162;s:5:\"title\";s:36:\"{\"default\":\"en\",\"en\":\"\\u6d4b\\u8bd5\"}\";s:7:\"content\";s:124:\"{\"default\":\"en\",\"en\":\"\\\/data\\\/sanxiao\\\/bin\\\/gmt_queue_moniter.sh\",\"topType\":\"0\",\"topEndTime\":1612756162,\"question_id\":\"100\"}\";s:6:\"reason\";s:38:\"\/data\/sanxiao\/bin\/gmt_queue_moniter.sh\";s:6:\"author\";s:7:\"sanxiao\";s:4:\"gift\";s:4:\"W10=\";}","description":"","serverGroup":"2150","productId":"2150","queueDate":"2021-01-08 11:49:40","status":"0"}}
 -- [2021-01-08 11:49:49] -- cai -- in_call_1
 -- [2021-01-08 11:49:49] -- cai -- "Rest_Awards"
 -- [2021-01-08 11:49:49] -- cai -- "t1.sm2.kunlun.com\/platform\/index.php"
 -- [2021-01-08 11:49:49] -- cai -- {"uid":"","expire":1612756162,"title":"{\"default\":\"en\",\"en\":\"\\u6d4b\\u8bd5\"}","content":"{\"default\":\"en\",\"en\":\"\\\/data\\\/sanxiao\\\/bin\\\/gmt_queue_moniter.sh\",\"topType\":\"0\",\"topEndTime\":1612756162,\"question_id\":\"100\"}","reason":"\/data\/sanxiao\/bin\/gmt_queue_moniter.sh","author":"sanxiao","gift":"W10=","record":{"id":"251","interfaceName":"Rest_Awards","serverList":"9999","dataResult":"a:7:{s:3:\"uid\";s:0:\"\";s:6:\"expire\";i:1612756162;s:5:\"title\";s:36:\"{\"default\":\"en\",\"en\":\"\\u6d4b\\u8bd5\"}\";s:7:\"content\";s:124:\"{\"default\":\"en\",\"en\":\"\\\/data\\\/sanxiao\\\/bin\\\/gmt_queue_moniter.sh\",\"topType\":\"0\",\"topEndTime\":1612756162,\"question_id\":\"100\"}\";s:6:\"reason\";s:38:\"\/data\/sanxiao\/bin\/gmt_queue_moniter.sh\";s:6:\"author\";s:7:\"sanxiao\";s:4:\"gift\";s:4:\"W10=\";}","description":"","serverGroup":"2150","productId":"2150","queueDate":"2021-01-08 11:49:40","status":"0"}}
 -- [2021-01-08 11:49:49] -- cai -- in_call_1
 -- [2021-01-08 11:49:49] -- cai -- "Rest_Awards"
 -- [2021-01-08 11:49:49] -- cai -- "t0.sm2.kunlun.com\/platform\/index.php"
 -- [2021-01-08 11:49:49] -- cai -- {"uid":"","expire":1612756162,"title":"{\"default\":\"en\",\"en\":\"\\u6d4b\\u8bd5\"}","content":"{\"default\":\"en\",\"en\":\"\\\/data\\\/sanxiao\\\/bin\\\/gmt_queue_moniter.sh\",\"topType\":\"0\",\"topEndTime\":1612756162,\"question_id\":\"100\"}","reason":"\/data\/sanxiao\/bin\/gmt_queue_moniter.sh","author":"sanxiao","gift":"W10=","record":{"id":"251","interfaceName":"Rest_Awards","serverList":"9999","dataResult":"a:7:{s:3:\"uid\";s:0:\"\";s:6:\"expire\";i:1612756162;s:5:\"title\";s:36:\"{\"default\":\"en\",\"en\":\"\\u6d4b\\u8bd5\"}\";s:7:\"content\";s:124:\"{\"default\":\"en\",\"en\":\"\\\/data\\\/sanxiao\\\/bin\\\/gmt_queue_moniter.sh\",\"topType\":\"0\",\"topEndTime\":1612756162,\"question_id\":\"100\"}\";s:6:\"reason\";s:38:\"\/data\/sanxiao\/bin\/gmt_queue_moniter.sh\";s:6:\"author\";s:7:\"sanxiao\";s:4:\"gift\";s:4:\"W10=\";}","description":"","serverGroup":"2150","productId":"2150","queueDate":"2021-01-08 11:49:40","status":"0"}}
 -- [2021-01-08 11:53:42] -- cai -- in_call_1
 -- [2021-01-08 11:53:42] -- cai -- "Rest_Awards"
 -- [2021-01-08 11:53:42] -- cai -- "t999.sm2.kunlun.com\/platform\/index.php"
 -- [2021-01-08 11:53:42] -- cai -- {"uid":"","expire":1612756162,"title":"{\"default\":\"en\",\"en\":\"\\u6d4b\\u8bd5\"}","content":"{\"default\":\"en\",\"en\":\"\\\/data\\\/sanxiao\\\/bin\\\/gmt_queue_moniter.sh\",\"topType\":\"0\",\"topEndTime\":1612756162,\"question_id\":\"100\"}","reason":"\/data\/sanxiao\/bin\/gmt_queue_moniter.sh","author":"sanxiao","gift":"W10=","record":{"id":"251","interfaceName":"Rest_Awards","serverList":"9999","dataResult":"a:7:{s:3:\"uid\";s:0:\"\";s:6:\"expire\";i:1612756162;s:5:\"title\";s:36:\"{\"default\":\"en\",\"en\":\"\\u6d4b\\u8bd5\"}\";s:7:\"content\";s:124:\"{\"default\":\"en\",\"en\":\"\\\/data\\\/sanxiao\\\/bin\\\/gmt_queue_moniter.sh\",\"topType\":\"0\",\"topEndTime\":1612756162,\"question_id\":\"100\"}\";s:6:\"reason\";s:38:\"\/data\/sanxiao\/bin\/gmt_queue_moniter.sh\";s:6:\"author\";s:7:\"sanxiao\";s:4:\"gift\";s:4:\"W10=\";}","description":"\u603b\u6570(7)|\u6210\u529f(5)|\u5931\u8d25(2) -- 9000778(<html>\r\n<head><title>403 Forbidden<\/title><\/head>\r\n<body bgcolor=\"white\">\r\n<center><h1>403 Forbidden<\/h1><\/center>\r\n<hr><center>nginx\/1.14.0<\/center>\r\n<\/body>\r\n<\/html>\r\n),","serverGroup":"2150","productId":"2150","queueDate":"2021-01-08 11:49:40","status":"4"},"do_recall":1}
 -- [2021-01-08 11:53:42] -- cai -- in_call_1
 -- [2021-01-08 11:53:42] -- cai -- "Rest_Awards"
 -- [2021-01-08 11:53:42] -- cai -- "t5.sm2.kunlun.com\/platform\/index.php"
 -- [2021-01-08 11:53:42] -- cai -- {"uid":"","expire":1612756162,"title":"{\"default\":\"en\",\"en\":\"\\u6d4b\\u8bd5\"}","content":"{\"default\":\"en\",\"en\":\"\\\/data\\\/sanxiao\\\/bin\\\/gmt_queue_moniter.sh\",\"topType\":\"0\",\"topEndTime\":1612756162,\"question_id\":\"100\"}","reason":"\/data\/sanxiao\/bin\/gmt_queue_moniter.sh","author":"sanxiao","gift":"W10=","record":{"id":"251","interfaceName":"Rest_Awards","serverList":"9999","dataResult":"a:7:{s:3:\"uid\";s:0:\"\";s:6:\"expire\";i:1612756162;s:5:\"title\";s:36:\"{\"default\":\"en\",\"en\":\"\\u6d4b\\u8bd5\"}\";s:7:\"content\";s:124:\"{\"default\":\"en\",\"en\":\"\\\/data\\\/sanxiao\\\/bin\\\/gmt_queue_moniter.sh\",\"topType\":\"0\",\"topEndTime\":1612756162,\"question_id\":\"100\"}\";s:6:\"reason\";s:38:\"\/data\/sanxiao\/bin\/gmt_queue_moniter.sh\";s:6:\"author\";s:7:\"sanxiao\";s:4:\"gift\";s:4:\"W10=\";}","description":"\u603b\u6570(7)|\u6210\u529f(5)|\u5931\u8d25(2) -- 9000778(<html>\r\n<head><title>403 Forbidden<\/title><\/head>\r\n<body bgcolor=\"white\">\r\n<center><h1>403 Forbidden<\/h1><\/center>\r\n<hr><center>nginx\/1.14.0<\/center>\r\n<\/body>\r\n<\/html>\r\n),","serverGroup":"2150","productId":"2150","queueDate":"2021-01-08 11:49:40","status":"4"},"do_recall":1}
 -- [2021-01-08 11:53:42] -- cai -- in_call_1
 -- [2021-01-08 11:53:42] -- cai -- "Rest_Awards"
 -- [2021-01-08 11:53:42] -- cai -- "t4.sm2.kunlun.com\/platform\/index.php"
 -- [2021-01-08 11:53:42] -- cai -- {"uid":"","expire":1612756162,"title":"{\"default\":\"en\",\"en\":\"\\u6d4b\\u8bd5\"}","content":"{\"default\":\"en\",\"en\":\"\\\/data\\\/sanxiao\\\/bin\\\/gmt_queue_moniter.sh\",\"topType\":\"0\",\"topEndTime\":1612756162,\"question_id\":\"100\"}","reason":"\/data\/sanxiao\/bin\/gmt_queue_moniter.sh","author":"sanxiao","gift":"W10=","record":{"id":"251","interfaceName":"Rest_Awards","serverList":"9999","dataResult":"a:7:{s:3:\"uid\";s:0:\"\";s:6:\"expire\";i:1612756162;s:5:\"title\";s:36:\"{\"default\":\"en\",\"en\":\"\\u6d4b\\u8bd5\"}\";s:7:\"content\";s:124:\"{\"default\":\"en\",\"en\":\"\\\/data\\\/sanxiao\\\/bin\\\/gmt_queue_moniter.sh\",\"topType\":\"0\",\"topEndTime\":1612756162,\"question_id\":\"100\"}\";s:6:\"reason\";s:38:\"\/data\/sanxiao\/bin\/gmt_queue_moniter.sh\";s:6:\"author\";s:7:\"sanxiao\";s:4:\"gift\";s:4:\"W10=\";}","description":"\u603b\u6570(7)|\u6210\u529f(5)|\u5931\u8d25(2) -- 9000778(<html>\r\n<head><title>403 Forbidden<\/title><\/head>\r\n<body bgcolor=\"white\">\r\n<center><h1>403 Forbidden<\/h1><\/center>\r\n<hr><center>nginx\/1.14.0<\/center>\r\n<\/body>\r\n<\/html>\r\n),","serverGroup":"2150","productId":"2150","queueDate":"2021-01-08 11:49:40","status":"4"},"do_recall":1}
 -- [2021-01-08 11:53:43] -- cai -- in_call_1
 -- [2021-01-08 11:53:43] -- cai -- "Rest_Awards"
 -- [2021-01-08 11:53:43] -- cai -- "t3.sm2.kunlun.com\/platform\/index.php"
 -- [2021-01-08 11:53:43] -- cai -- {"uid":"","expire":1612756162,"title":"{\"default\":\"en\",\"en\":\"\\u6d4b\\u8bd5\"}","content":"{\"default\":\"en\",\"en\":\"\\\/data\\\/sanxiao\\\/bin\\\/gmt_queue_moniter.sh\",\"topType\":\"0\",\"topEndTime\":1612756162,\"question_id\":\"100\"}","reason":"\/data\/sanxiao\/bin\/gmt_queue_moniter.sh","author":"sanxiao","gift":"W10=","record":{"id":"251","interfaceName":"Rest_Awards","serverList":"9999","dataResult":"a:7:{s:3:\"uid\";s:0:\"\";s:6:\"expire\";i:1612756162;s:5:\"title\";s:36:\"{\"default\":\"en\",\"en\":\"\\u6d4b\\u8bd5\"}\";s:7:\"content\";s:124:\"{\"default\":\"en\",\"en\":\"\\\/data\\\/sanxiao\\\/bin\\\/gmt_queue_moniter.sh\",\"topType\":\"0\",\"topEndTime\":1612756162,\"question_id\":\"100\"}\";s:6:\"reason\";s:38:\"\/data\/sanxiao\/bin\/gmt_queue_moniter.sh\";s:6:\"author\";s:7:\"sanxiao\";s:4:\"gift\";s:4:\"W10=\";}","description":"\u603b\u6570(7)|\u6210\u529f(5)|\u5931\u8d25(2) -- 9000778(<html>\r\n<head><title>403 Forbidden<\/title><\/head>\r\n<body bgcolor=\"white\">\r\n<center><h1>403 Forbidden<\/h1><\/center>\r\n<hr><center>nginx\/1.14.0<\/center>\r\n<\/body>\r\n<\/html>\r\n),","serverGroup":"2150","productId":"2150","queueDate":"2021-01-08 11:49:40","status":"4"},"do_recall":1}
 -- [2021-01-08 11:53:43] -- cai -- in_call_1
 -- [2021-01-08 11:53:43] -- cai -- "Rest_Awards"
 -- [2021-01-08 11:53:43] -- cai -- "t2.sm2.kunlun.com\/platform\/index.php"
 -- [2021-01-08 11:53:43] -- cai -- {"uid":"","expire":1612756162,"title":"{\"default\":\"en\",\"en\":\"\\u6d4b\\u8bd5\"}","content":"{\"default\":\"en\",\"en\":\"\\\/data\\\/sanxiao\\\/bin\\\/gmt_queue_moniter.sh\",\"topType\":\"0\",\"topEndTime\":1612756162,\"question_id\":\"100\"}","reason":"\/data\/sanxiao\/bin\/gmt_queue_moniter.sh","author":"sanxiao","gift":"W10=","record":{"id":"251","interfaceName":"Rest_Awards","serverList":"9999","dataResult":"a:7:{s:3:\"uid\";s:0:\"\";s:6:\"expire\";i:1612756162;s:5:\"title\";s:36:\"{\"default\":\"en\",\"en\":\"\\u6d4b\\u8bd5\"}\";s:7:\"content\";s:124:\"{\"default\":\"en\",\"en\":\"\\\/data\\\/sanxiao\\\/bin\\\/gmt_queue_moniter.sh\",\"topType\":\"0\",\"topEndTime\":1612756162,\"question_id\":\"100\"}\";s:6:\"reason\";s:38:\"\/data\/sanxiao\/bin\/gmt_queue_moniter.sh\";s:6:\"author\";s:7:\"sanxiao\";s:4:\"gift\";s:4:\"W10=\";}","description":"\u603b\u6570(7)|\u6210\u529f(5)|\u5931\u8d25(2) -- 9000778(<html>\r\n<head><title>403 Forbidden<\/title><\/head>\r\n<body bgcolor=\"white\">\r\n<center><h1>403 Forbidden<\/h1><\/center>\r\n<hr><center>nginx\/1.14.0<\/center>\r\n<\/body>\r\n<\/html>\r\n),","serverGroup":"2150","productId":"2150","queueDate":"2021-01-08 11:49:40","status":"4"},"do_recall":1}
 -- [2021-01-08 11:53:43] -- cai -- in_call_1
 -- [2021-01-08 11:53:43] -- cai -- "Rest_Awards"
 -- [2021-01-08 11:53:43] -- cai -- "t1.sm2.kunlun.com\/platform\/index.php"
 -- [2021-01-08 11:53:43] -- cai -- {"uid":"","expire":1612756162,"title":"{\"default\":\"en\",\"en\":\"\\u6d4b\\u8bd5\"}","content":"{\"default\":\"en\",\"en\":\"\\\/data\\\/sanxiao\\\/bin\\\/gmt_queue_moniter.sh\",\"topType\":\"0\",\"topEndTime\":1612756162,\"question_id\":\"100\"}","reason":"\/data\/sanxiao\/bin\/gmt_queue_moniter.sh","author":"sanxiao","gift":"W10=","record":{"id":"251","interfaceName":"Rest_Awards","serverList":"9999","dataResult":"a:7:{s:3:\"uid\";s:0:\"\";s:6:\"expire\";i:1612756162;s:5:\"title\";s:36:\"{\"default\":\"en\",\"en\":\"\\u6d4b\\u8bd5\"}\";s:7:\"content\";s:124:\"{\"default\":\"en\",\"en\":\"\\\/data\\\/sanxiao\\\/bin\\\/gmt_queue_moniter.sh\",\"topType\":\"0\",\"topEndTime\":1612756162,\"question_id\":\"100\"}\";s:6:\"reason\";s:38:\"\/data\/sanxiao\/bin\/gmt_queue_moniter.sh\";s:6:\"author\";s:7:\"sanxiao\";s:4:\"gift\";s:4:\"W10=\";}","description":"\u603b\u6570(7)|\u6210\u529f(5)|\u5931\u8d25(2) -- 9000778(<html>\r\n<head><title>403 Forbidden<\/title><\/head>\r\n<body bgcolor=\"white\">\r\n<center><h1>403 Forbidden<\/h1><\/center>\r\n<hr><center>nginx\/1.14.0<\/center>\r\n<\/body>\r\n<\/html>\r\n),","serverGroup":"2150","productId":"2150","queueDate":"2021-01-08 11:49:40","status":"4"},"do_recall":1}
 -- [2021-01-08 11:53:43] -- cai -- in_call_1
 -- [2021-01-08 11:53:43] -- cai -- "Rest_Awards"
 -- [2021-01-08 11:53:43] -- cai -- "t0.sm2.kunlun.com\/platform\/index.php"
 -- [2021-01-08 11:53:43] -- cai -- {"uid":"","expire":1612756162,"title":"{\"default\":\"en\",\"en\":\"\\u6d4b\\u8bd5\"}","content":"{\"default\":\"en\",\"en\":\"\\\/data\\\/sanxiao\\\/bin\\\/gmt_queue_moniter.sh\",\"topType\":\"0\",\"topEndTime\":1612756162,\"question_id\":\"100\"}","reason":"\/data\/sanxiao\/bin\/gmt_queue_moniter.sh","author":"sanxiao","gift":"W10=","record":{"id":"251","interfaceName":"Rest_Awards","serverList":"9999","dataResult":"a:7:{s:3:\"uid\";s:0:\"\";s:6:\"expire\";i:1612756162;s:5:\"title\";s:36:\"{\"default\":\"en\",\"en\":\"\\u6d4b\\u8bd5\"}\";s:7:\"content\";s:124:\"{\"default\":\"en\",\"en\":\"\\\/data\\\/sanxiao\\\/bin\\\/gmt_queue_moniter.sh\",\"topType\":\"0\",\"topEndTime\":1612756162,\"question_id\":\"100\"}\";s:6:\"reason\";s:38:\"\/data\/sanxiao\/bin\/gmt_queue_moniter.sh\";s:6:\"author\";s:7:\"sanxiao\";s:4:\"gift\";s:4:\"W10=\";}","description":"\u603b\u6570(7)|\u6210\u529f(5)|\u5931\u8d25(2) -- 9000778(<html>\r\n<head><title>403 Forbidden<\/title><\/head>\r\n<body bgcolor=\"white\">\r\n<center><h1>403 Forbidden<\/h1><\/center>\r\n<hr><center>nginx\/1.14.0<\/center>\r\n<\/body>\r\n<\/html>\r\n),","serverGroup":"2150","productId":"2150","queueDate":"2021-01-08 11:49:40","status":"4"},"do_recall":1}
 -- [2021-01-08 11:53:52] -- cai -- in_call_1
 -- [2021-01-08 11:53:52] -- cai -- "Rest_Awards"
 -- [2021-01-08 11:53:52] -- cai -- "t999.sm2.kunlun.com\/platform\/index.php"
 -- [2021-01-08 11:53:52] -- cai -- {"uid":"","expire":1612755932,"title":"{\"default\":\"en\",\"en\":\"\\u6d4b\\u8bd5\"}","content":"{\"default\":\"en\",\"en\":\"F:\\\\php_2\\\\newtest\\\\queue.php\",\"topType\":\"0\",\"topEndTime\":1612755932,\"question_id\":\"100\"}","reason":"\u6d4b\u8bd5","author":"sanxiao","gift":"W10=","record":{"id":"250","interfaceName":"Rest_Awards","serverList":"9999","dataResult":"a:7:{s:3:\"uid\";s:0:\"\";s:6:\"expire\";i:1612755932;s:5:\"title\";s:36:\"{\"default\":\"en\",\"en\":\"\\u6d4b\\u8bd5\"}\";s:7:\"content\";s:111:\"{\"default\":\"en\",\"en\":\"F:\\\\php_2\\\\newtest\\\\queue.php\",\"topType\":\"0\",\"topEndTime\":1612755932,\"question_id\":\"100\"}\";s:6:\"reason\";s:6:\"\u6d4b\u8bd5\";s:6:\"author\";s:7:\"sanxiao\";s:4:\"gift\";s:4:\"W10=\";}","description":"\u603b\u6570(7)|\u6210\u529f(5)|\u5931\u8d25(2) -- 9000778(<html>\r\n<head><title>403 Forbidden<\/title><\/head>\r\n<body bgcolor=\"white\">\r\n<center><h1>403 Forbidden<\/h1><\/center>\r\n<hr><center>nginx\/1.14.0<\/center>\r\n<\/body>\r\n<\/html>\r\n),","serverGroup":"2150","productId":"2150","queueDate":"2021-01-08 11:45:55","status":"4"},"do_recall":1}
 -- [2021-01-08 11:53:52] -- cai -- in_call_1
 -- [2021-01-08 11:53:52] -- cai -- "Rest_Awards"
 -- [2021-01-08 11:53:52] -- cai -- "t5.sm2.kunlun.com\/platform\/index.php"
 -- [2021-01-08 11:53:52] -- cai -- {"uid":"","expire":1612755932,"title":"{\"default\":\"en\",\"en\":\"\\u6d4b\\u8bd5\"}","content":"{\"default\":\"en\",\"en\":\"F:\\\\php_2\\\\newtest\\\\queue.php\",\"topType\":\"0\",\"topEndTime\":1612755932,\"question_id\":\"100\"}","reason":"\u6d4b\u8bd5","author":"sanxiao","gift":"W10=","record":{"id":"250","interfaceName":"Rest_Awards","serverList":"9999","dataResult":"a:7:{s:3:\"uid\";s:0:\"\";s:6:\"expire\";i:1612755932;s:5:\"title\";s:36:\"{\"default\":\"en\",\"en\":\"\\u6d4b\\u8bd5\"}\";s:7:\"content\";s:111:\"{\"default\":\"en\",\"en\":\"F:\\\\php_2\\\\newtest\\\\queue.php\",\"topType\":\"0\",\"topEndTime\":1612755932,\"question_id\":\"100\"}\";s:6:\"reason\";s:6:\"\u6d4b\u8bd5\";s:6:\"author\";s:7:\"sanxiao\";s:4:\"gift\";s:4:\"W10=\";}","description":"\u603b\u6570(7)|\u6210\u529f(5)|\u5931\u8d25(2) -- 9000778(<html>\r\n<head><title>403 Forbidden<\/title><\/head>\r\n<body bgcolor=\"white\">\r\n<center><h1>403 Forbidden<\/h1><\/center>\r\n<hr><center>nginx\/1.14.0<\/center>\r\n<\/body>\r\n<\/html>\r\n),","serverGroup":"2150","productId":"2150","queueDate":"2021-01-08 11:45:55","status":"4"},"do_recall":1}
 -- [2021-01-08 11:53:52] -- cai -- in_call_1
 -- [2021-01-08 11:53:52] -- cai -- "Rest_Awards"
 -- [2021-01-08 11:53:52] -- cai -- "t4.sm2.kunlun.com\/platform\/index.php"
 -- [2021-01-08 11:53:52] -- cai -- {"uid":"","expire":1612755932,"title":"{\"default\":\"en\",\"en\":\"\\u6d4b\\u8bd5\"}","content":"{\"default\":\"en\",\"en\":\"F:\\\\php_2\\\\newtest\\\\queue.php\",\"topType\":\"0\",\"topEndTime\":1612755932,\"question_id\":\"100\"}","reason":"\u6d4b\u8bd5","author":"sanxiao","gift":"W10=","record":{"id":"250","interfaceName":"Rest_Awards","serverList":"9999","dataResult":"a:7:{s:3:\"uid\";s:0:\"\";s:6:\"expire\";i:1612755932;s:5:\"title\";s:36:\"{\"default\":\"en\",\"en\":\"\\u6d4b\\u8bd5\"}\";s:7:\"content\";s:111:\"{\"default\":\"en\",\"en\":\"F:\\\\php_2\\\\newtest\\\\queue.php\",\"topType\":\"0\",\"topEndTime\":1612755932,\"question_id\":\"100\"}\";s:6:\"reason\";s:6:\"\u6d4b\u8bd5\";s:6:\"author\";s:7:\"sanxiao\";s:4:\"gift\";s:4:\"W10=\";}","description":"\u603b\u6570(7)|\u6210\u529f(5)|\u5931\u8d25(2) -- 9000778(<html>\r\n<head><title>403 Forbidden<\/title><\/head>\r\n<body bgcolor=\"white\">\r\n<center><h1>403 Forbidden<\/h1><\/center>\r\n<hr><center>nginx\/1.14.0<\/center>\r\n<\/body>\r\n<\/html>\r\n),","serverGroup":"2150","productId":"2150","queueDate":"2021-01-08 11:45:55","status":"4"},"do_recall":1}
 -- [2021-01-08 11:53:53] -- cai -- in_call_1
 -- [2021-01-08 11:53:53] -- cai -- "Rest_Awards"
 -- [2021-01-08 11:53:53] -- cai -- "t3.sm2.kunlun.com\/platform\/index.php"
 -- [2021-01-08 11:53:53] -- cai -- {"uid":"","expire":1612755932,"title":"{\"default\":\"en\",\"en\":\"\\u6d4b\\u8bd5\"}","content":"{\"default\":\"en\",\"en\":\"F:\\\\php_2\\\\newtest\\\\queue.php\",\"topType\":\"0\",\"topEndTime\":1612755932,\"question_id\":\"100\"}","reason":"\u6d4b\u8bd5","author":"sanxiao","gift":"W10=","record":{"id":"250","interfaceName":"Rest_Awards","serverList":"9999","dataResult":"a:7:{s:3:\"uid\";s:0:\"\";s:6:\"expire\";i:1612755932;s:5:\"title\";s:36:\"{\"default\":\"en\",\"en\":\"\\u6d4b\\u8bd5\"}\";s:7:\"content\";s:111:\"{\"default\":\"en\",\"en\":\"F:\\\\php_2\\\\newtest\\\\queue.php\",\"topType\":\"0\",\"topEndTime\":1612755932,\"question_id\":\"100\"}\";s:6:\"reason\";s:6:\"\u6d4b\u8bd5\";s:6:\"author\";s:7:\"sanxiao\";s:4:\"gift\";s:4:\"W10=\";}","description":"\u603b\u6570(7)|\u6210\u529f(5)|\u5931\u8d25(2) -- 9000778(<html>\r\n<head><title>403 Forbidden<\/title><\/head>\r\n<body bgcolor=\"white\">\r\n<center><h1>403 Forbidden<\/h1><\/center>\r\n<hr><center>nginx\/1.14.0<\/center>\r\n<\/body>\r\n<\/html>\r\n),","serverGroup":"2150","productId":"2150","queueDate":"2021-01-08 11:45:55","status":"4"},"do_recall":1}
 -- [2021-01-08 11:53:53] -- cai -- in_call_1
 -- [2021-01-08 11:53:53] -- cai -- "Rest_Awards"
 -- [2021-01-08 11:53:53] -- cai -- "t2.sm2.kunlun.com\/platform\/index.php"
 -- [2021-01-08 11:53:53] -- cai -- {"uid":"","expire":1612755932,"title":"{\"default\":\"en\",\"en\":\"\\u6d4b\\u8bd5\"}","content":"{\"default\":\"en\",\"en\":\"F:\\\\php_2\\\\newtest\\\\queue.php\",\"topType\":\"0\",\"topEndTime\":1612755932,\"question_id\":\"100\"}","reason":"\u6d4b\u8bd5","author":"sanxiao","gift":"W10=","record":{"id":"250","interfaceName":"Rest_Awards","serverList":"9999","dataResult":"a:7:{s:3:\"uid\";s:0:\"\";s:6:\"expire\";i:1612755932;s:5:\"title\";s:36:\"{\"default\":\"en\",\"en\":\"\\u6d4b\\u8bd5\"}\";s:7:\"content\";s:111:\"{\"default\":\"en\",\"en\":\"F:\\\\php_2\\\\newtest\\\\queue.php\",\"topType\":\"0\",\"topEndTime\":1612755932,\"question_id\":\"100\"}\";s:6:\"reason\";s:6:\"\u6d4b\u8bd5\";s:6:\"author\";s:7:\"sanxiao\";s:4:\"gift\";s:4:\"W10=\";}","description":"\u603b\u6570(7)|\u6210\u529f(5)|\u5931\u8d25(2) -- 9000778(<html>\r\n<head><title>403 Forbidden<\/title><\/head>\r\n<body bgcolor=\"white\">\r\n<center><h1>403 Forbidden<\/h1><\/center>\r\n<hr><center>nginx\/1.14.0<\/center>\r\n<\/body>\r\n<\/html>\r\n),","serverGroup":"2150","productId":"2150","queueDate":"2021-01-08 11:45:55","status":"4"},"do_recall":1}
 -- [2021-01-08 11:53:53] -- cai -- in_call_1
 -- [2021-01-08 11:53:53] -- cai -- "Rest_Awards"
 -- [2021-01-08 11:53:53] -- cai -- "t1.sm2.kunlun.com\/platform\/index.php"
 -- [2021-01-08 11:53:53] -- cai -- {"uid":"","expire":1612755932,"title":"{\"default\":\"en\",\"en\":\"\\u6d4b\\u8bd5\"}","content":"{\"default\":\"en\",\"en\":\"F:\\\\php_2\\\\newtest\\\\queue.php\",\"topType\":\"0\",\"topEndTime\":1612755932,\"question_id\":\"100\"}","reason":"\u6d4b\u8bd5","author":"sanxiao","gift":"W10=","record":{"id":"250","interfaceName":"Rest_Awards","serverList":"9999","dataResult":"a:7:{s:3:\"uid\";s:0:\"\";s:6:\"expire\";i:1612755932;s:5:\"title\";s:36:\"{\"default\":\"en\",\"en\":\"\\u6d4b\\u8bd5\"}\";s:7:\"content\";s:111:\"{\"default\":\"en\",\"en\":\"F:\\\\php_2\\\\newtest\\\\queue.php\",\"topType\":\"0\",\"topEndTime\":1612755932,\"question_id\":\"100\"}\";s:6:\"reason\";s:6:\"\u6d4b\u8bd5\";s:6:\"author\";s:7:\"sanxiao\";s:4:\"gift\";s:4:\"W10=\";}","description":"\u603b\u6570(7)|\u6210\u529f(5)|\u5931\u8d25(2) -- 9000778(<html>\r\n<head><title>403 Forbidden<\/title><\/head>\r\n<body bgcolor=\"white\">\r\n<center><h1>403 Forbidden<\/h1><\/center>\r\n<hr><center>nginx\/1.14.0<\/center>\r\n<\/body>\r\n<\/html>\r\n),","serverGroup":"2150","productId":"2150","queueDate":"2021-01-08 11:45:55","status":"4"},"do_recall":1}
 -- [2021-01-08 11:53:53] -- cai -- in_call_1
 -- [2021-01-08 11:53:53] -- cai -- "Rest_Awards"
 -- [2021-01-08 11:53:53] -- cai -- "t0.sm2.kunlun.com\/platform\/index.php"
 -- [2021-01-08 11:53:53] -- cai -- {"uid":"","expire":1612755932,"title":"{\"default\":\"en\",\"en\":\"\\u6d4b\\u8bd5\"}","content":"{\"default\":\"en\",\"en\":\"F:\\\\php_2\\\\newtest\\\\queue.php\",\"topType\":\"0\",\"topEndTime\":1612755932,\"question_id\":\"100\"}","reason":"\u6d4b\u8bd5","author":"sanxiao","gift":"W10=","record":{"id":"250","interfaceName":"Rest_Awards","serverList":"9999","dataResult":"a:7:{s:3:\"uid\";s:0:\"\";s:6:\"expire\";i:1612755932;s:5:\"title\";s:36:\"{\"default\":\"en\",\"en\":\"\\u6d4b\\u8bd5\"}\";s:7:\"content\";s:111:\"{\"default\":\"en\",\"en\":\"F:\\\\php_2\\\\newtest\\\\queue.php\",\"topType\":\"0\",\"topEndTime\":1612755932,\"question_id\":\"100\"}\";s:6:\"reason\";s:6:\"\u6d4b\u8bd5\";s:6:\"author\";s:7:\"sanxiao\";s:4:\"gift\";s:4:\"W10=\";}","description":"\u603b\u6570(7)|\u6210\u529f(5)|\u5931\u8d25(2) -- 9000778(<html>\r\n<head><title>403 Forbidden<\/title><\/head>\r\n<body bgcolor=\"white\">\r\n<center><h1>403 Forbidden<\/h1><\/center>\r\n<hr><center>nginx\/1.14.0<\/center>\r\n<\/body>\r\n<\/html>\r\n),","serverGroup":"2150","productId":"2150","queueDate":"2021-01-08 11:45:55","status":"4"},"do_recall":1}
 -- [2021-01-08 11:54:00] -- cai -- in_call_1
 -- [2021-01-08 11:54:00] -- cai -- "Rest_Awards"
 -- [2021-01-08 11:54:00] -- cai -- "t999.sm2.kunlun.com\/platform\/index.php"
 -- [2021-01-08 11:54:00] -- cai -- {"uid":"","expire":1612752493,"title":"{\"default\":\"en\",\"en\":\"\\u6d4b\\u8bd5\"}","content":"{\"default\":\"en\",\"en\":\"\\u6d4b\\u8bd5\",\"topType\":\"1\",\"topEndTime\":1612752493}","reason":"\u6d4b\u8bd5","author":"sanxiao","gift":"W10=","record":{"id":"249","interfaceName":"Rest_Awards","serverList":"9999","dataResult":"a:7:{s:3:\"uid\";s:0:\"\";s:6:\"expire\";i:1612752493;s:5:\"title\";s:36:\"{\"default\":\"en\",\"en\":\"\\u6d4b\\u8bd5\"}\";s:7:\"content\";s:74:\"{\"default\":\"en\",\"en\":\"\\u6d4b\\u8bd5\",\"topType\":\"1\",\"topEndTime\":1612752493}\";s:6:\"reason\";s:6:\"\u6d4b\u8bd5\";s:6:\"author\";s:7:\"sanxiao\";s:4:\"gift\";s:4:\"W10=\";}","description":"\u603b\u6570(7)|\u6210\u529f(5)|\u5931\u8d25(2) -- 9000778(<html>\r\n<head><title>403 Forbidden<\/title><\/head>\r\n<body bgcolor=\"white\">\r\n<center><h1>403 Forbidden<\/h1><\/center>\r\n<hr><center>nginx\/1.14.0<\/center>\r\n<\/body>\r\n<\/html>\r\n),","serverGroup":"2150","productId":"2150","queueDate":"2021-01-08 10:48:35","status":"4"},"do_recall":1}
 -- [2021-01-08 11:54:00] -- cai -- in_call_1
 -- [2021-01-08 11:54:00] -- cai -- "Rest_Awards"
 -- [2021-01-08 11:54:00] -- cai -- "t5.sm2.kunlun.com\/platform\/index.php"
 -- [2021-01-08 11:54:00] -- cai -- {"uid":"","expire":1612752493,"title":"{\"default\":\"en\",\"en\":\"\\u6d4b\\u8bd5\"}","content":"{\"default\":\"en\",\"en\":\"\\u6d4b\\u8bd5\",\"topType\":\"1\",\"topEndTime\":1612752493}","reason":"\u6d4b\u8bd5","author":"sanxiao","gift":"W10=","record":{"id":"249","interfaceName":"Rest_Awards","serverList":"9999","dataResult":"a:7:{s:3:\"uid\";s:0:\"\";s:6:\"expire\";i:1612752493;s:5:\"title\";s:36:\"{\"default\":\"en\",\"en\":\"\\u6d4b\\u8bd5\"}\";s:7:\"content\";s:74:\"{\"default\":\"en\",\"en\":\"\\u6d4b\\u8bd5\",\"topType\":\"1\",\"topEndTime\":1612752493}\";s:6:\"reason\";s:6:\"\u6d4b\u8bd5\";s:6:\"author\";s:7:\"sanxiao\";s:4:\"gift\";s:4:\"W10=\";}","description":"\u603b\u6570(7)|\u6210\u529f(5)|\u5931\u8d25(2) -- 9000778(<html>\r\n<head><title>403 Forbidden<\/title><\/head>\r\n<body bgcolor=\"white\">\r\n<center><h1>403 Forbidden<\/h1><\/center>\r\n<hr><center>nginx\/1.14.0<\/center>\r\n<\/body>\r\n<\/html>\r\n),","serverGroup":"2150","productId":"2150","queueDate":"2021-01-08 10:48:35","status":"4"},"do_recall":1}
 -- [2021-01-08 11:54:01] -- cai -- in_call_1
 -- [2021-01-08 11:54:01] -- cai -- "Rest_Awards"
 -- [2021-01-08 11:54:01] -- cai -- "t4.sm2.kunlun.com\/platform\/index.php"
 -- [2021-01-08 11:54:01] -- cai -- {"uid":"","expire":1612752493,"title":"{\"default\":\"en\",\"en\":\"\\u6d4b\\u8bd5\"}","content":"{\"default\":\"en\",\"en\":\"\\u6d4b\\u8bd5\",\"topType\":\"1\",\"topEndTime\":1612752493}","reason":"\u6d4b\u8bd5","author":"sanxiao","gift":"W10=","record":{"id":"249","interfaceName":"Rest_Awards","serverList":"9999","dataResult":"a:7:{s:3:\"uid\";s:0:\"\";s:6:\"expire\";i:1612752493;s:5:\"title\";s:36:\"{\"default\":\"en\",\"en\":\"\\u6d4b\\u8bd5\"}\";s:7:\"content\";s:74:\"{\"default\":\"en\",\"en\":\"\\u6d4b\\u8bd5\",\"topType\":\"1\",\"topEndTime\":1612752493}\";s:6:\"reason\";s:6:\"\u6d4b\u8bd5\";s:6:\"author\";s:7:\"sanxiao\";s:4:\"gift\";s:4:\"W10=\";}","description":"\u603b\u6570(7)|\u6210\u529f(5)|\u5931\u8d25(2) -- 9000778(<html>\r\n<head><title>403 Forbidden<\/title><\/head>\r\n<body bgcolor=\"white\">\r\n<center><h1>403 Forbidden<\/h1><\/center>\r\n<hr><center>nginx\/1.14.0<\/center>\r\n<\/body>\r\n<\/html>\r\n),","serverGroup":"2150","productId":"2150","queueDate":"2021-01-08 10:48:35","status":"4"},"do_recall":1}
 -- [2021-01-08 11:54:01] -- cai -- in_call_1
 -- [2021-01-08 11:54:01] -- cai -- "Rest_Awards"
 -- [2021-01-08 11:54:01] -- cai -- "t3.sm2.kunlun.com\/platform\/index.php"
 -- [2021-01-08 11:54:01] -- cai -- {"uid":"","expire":1612752493,"title":"{\"default\":\"en\",\"en\":\"\\u6d4b\\u8bd5\"}","content":"{\"default\":\"en\",\"en\":\"\\u6d4b\\u8bd5\",\"topType\":\"1\",\"topEndTime\":1612752493}","reason":"\u6d4b\u8bd5","author":"sanxiao","gift":"W10=","record":{"id":"249","interfaceName":"Rest_Awards","serverList":"9999","dataResult":"a:7:{s:3:\"uid\";s:0:\"\";s:6:\"expire\";i:1612752493;s:5:\"title\";s:36:\"{\"default\":\"en\",\"en\":\"\\u6d4b\\u8bd5\"}\";s:7:\"content\";s:74:\"{\"default\":\"en\",\"en\":\"\\u6d4b\\u8bd5\",\"topType\":\"1\",\"topEndTime\":1612752493}\";s:6:\"reason\";s:6:\"\u6d4b\u8bd5\";s:6:\"author\";s:7:\"sanxiao\";s:4:\"gift\";s:4:\"W10=\";}","description":"\u603b\u6570(7)|\u6210\u529f(5)|\u5931\u8d25(2) -- 9000778(<html>\r\n<head><title>403 Forbidden<\/title><\/head>\r\n<body bgcolor=\"white\">\r\n<center><h1>403 Forbidden<\/h1><\/center>\r\n<hr><center>nginx\/1.14.0<\/center>\r\n<\/body>\r\n<\/html>\r\n),","serverGroup":"2150","productId":"2150","queueDate":"2021-01-08 10:48:35","status":"4"},"do_recall":1}
 -- [2021-01-08 11:54:01] -- cai -- in_call_1
 -- [2021-01-08 11:54:01] -- cai -- "Rest_Awards"
 -- [2021-01-08 11:54:01] -- cai -- "t2.sm2.kunlun.com\/platform\/index.php"
 -- [2021-01-08 11:54:01] -- cai -- {"uid":"","expire":1612752493,"title":"{\"default\":\"en\",\"en\":\"\\u6d4b\\u8bd5\"}","content":"{\"default\":\"en\",\"en\":\"\\u6d4b\\u8bd5\",\"topType\":\"1\",\"topEndTime\":1612752493}","reason":"\u6d4b\u8bd5","author":"sanxiao","gift":"W10=","record":{"id":"249","interfaceName":"Rest_Awards","serverList":"9999","dataResult":"a:7:{s:3:\"uid\";s:0:\"\";s:6:\"expire\";i:1612752493;s:5:\"title\";s:36:\"{\"default\":\"en\",\"en\":\"\\u6d4b\\u8bd5\"}\";s:7:\"content\";s:74:\"{\"default\":\"en\",\"en\":\"\\u6d4b\\u8bd5\",\"topType\":\"1\",\"topEndTime\":1612752493}\";s:6:\"reason\";s:6:\"\u6d4b\u8bd5\";s:6:\"author\";s:7:\"sanxiao\";s:4:\"gift\";s:4:\"W10=\";}","description":"\u603b\u6570(7)|\u6210\u529f(5)|\u5931\u8d25(2) -- 9000778(<html>\r\n<head><title>403 Forbidden<\/title><\/head>\r\n<body bgcolor=\"white\">\r\n<center><h1>403 Forbidden<\/h1><\/center>\r\n<hr><center>nginx\/1.14.0<\/center>\r\n<\/body>\r\n<\/html>\r\n),","serverGroup":"2150","productId":"2150","queueDate":"2021-01-08 10:48:35","status":"4"},"do_recall":1}
 -- [2021-01-08 11:54:01] -- cai -- in_call_1
 -- [2021-01-08 11:54:01] -- cai -- "Rest_Awards"
 -- [2021-01-08 11:54:01] -- cai -- "t1.sm2.kunlun.com\/platform\/index.php"
 -- [2021-01-08 11:54:01] -- cai -- {"uid":"","expire":1612752493,"title":"{\"default\":\"en\",\"en\":\"\\u6d4b\\u8bd5\"}","content":"{\"default\":\"en\",\"en\":\"\\u6d4b\\u8bd5\",\"topType\":\"1\",\"topEndTime\":1612752493}","reason":"\u6d4b\u8bd5","author":"sanxiao","gift":"W10=","record":{"id":"249","interfaceName":"Rest_Awards","serverList":"9999","dataResult":"a:7:{s:3:\"uid\";s:0:\"\";s:6:\"expire\";i:1612752493;s:5:\"title\";s:36:\"{\"default\":\"en\",\"en\":\"\\u6d4b\\u8bd5\"}\";s:7:\"content\";s:74:\"{\"default\":\"en\",\"en\":\"\\u6d4b\\u8bd5\",\"topType\":\"1\",\"topEndTime\":1612752493}\";s:6:\"reason\";s:6:\"\u6d4b\u8bd5\";s:6:\"author\";s:7:\"sanxiao\";s:4:\"gift\";s:4:\"W10=\";}","description":"\u603b\u6570(7)|\u6210\u529f(5)|\u5931\u8d25(2) -- 9000778(<html>\r\n<head><title>403 Forbidden<\/title><\/head>\r\n<body bgcolor=\"white\">\r\n<center><h1>403 Forbidden<\/h1><\/center>\r\n<hr><center>nginx\/1.14.0<\/center>\r\n<\/body>\r\n<\/html>\r\n),","serverGroup":"2150","productId":"2150","queueDate":"2021-01-08 10:48:35","status":"4"},"do_recall":1}
 -- [2021-01-08 11:54:01] -- cai -- in_call_1
 -- [2021-01-08 11:54:01] -- cai -- "Rest_Awards"
 -- [2021-01-08 11:54:01] -- cai -- "t0.sm2.kunlun.com\/platform\/index.php"
 -- [2021-01-08 11:54:01] -- cai -- {"uid":"","expire":1612752493,"title":"{\"default\":\"en\",\"en\":\"\\u6d4b\\u8bd5\"}","content":"{\"default\":\"en\",\"en\":\"\\u6d4b\\u8bd5\",\"topType\":\"1\",\"topEndTime\":1612752493}","reason":"\u6d4b\u8bd5","author":"sanxiao","gift":"W10=","record":{"id":"249","interfaceName":"Rest_Awards","serverList":"9999","dataResult":"a:7:{s:3:\"uid\";s:0:\"\";s:6:\"expire\";i:1612752493;s:5:\"title\";s:36:\"{\"default\":\"en\",\"en\":\"\\u6d4b\\u8bd5\"}\";s:7:\"content\";s:74:\"{\"default\":\"en\",\"en\":\"\\u6d4b\\u8bd5\",\"topType\":\"1\",\"topEndTime\":1612752493}\";s:6:\"reason\";s:6:\"\u6d4b\u8bd5\";s:6:\"author\";s:7:\"sanxiao\";s:4:\"gift\";s:4:\"W10=\";}","description":"\u603b\u6570(7)|\u6210\u529f(5)|\u5931\u8d25(2) -- 9000778(<html>\r\n<head><title>403 Forbidden<\/title><\/head>\r\n<body bgcolor=\"white\">\r\n<center><h1>403 Forbidden<\/h1><\/center>\r\n<hr><center>nginx\/1.14.0<\/center>\r\n<\/body>\r\n<\/html>\r\n),","serverGroup":"2150","productId":"2150","queueDate":"2021-01-08 10:48:35","status":"4"},"do_recall":1}
