 -- [2020-08-29 10:42:23] -- cai -- in_1234
 -- [2020-08-29 10:42:23] -- cai -- INSERT INTO `gm_queue` (`interfaceName`,`serverList`,`dataResult`,`status`,`queueDate`,`serverGroup`,`productId`) VALUES (:interfaceName, :serverList, :dataResult, :status, :queueDate, :serverGroup, :productId)
 -- [2020-08-29 11:00:10] -- cai -- in_call_1
 -- [2020-08-29 11:00:10] -- cai -- "Rest_getNoticeList"
 -- [2020-08-29 11:00:10] -- cai -- "t0.sm2.kunlun.com\/platform\/index.php"
 -- [2020-08-29 11:00:10] -- cai -- {"id":"","type":"","opType":"","opValue":"","begTime":"","endTime":"","page":"1","pagecount":"30"}
 -- [2020-08-29 16:48:34] -- cai -- in_call_1
 -- [2020-08-29 16:48:34] -- cai -- "Rest_getEquipFlowList"
 -- [2020-08-29 16:48:34] -- cai -- "t5.sm2.kunlun.com\/platform\/index.php"
 -- [2020-08-29 16:48:34] -- cai -- {"op_id":"","user_type":"1","user_value":"9901","equipId":"","equipTitle":"","begTime":"","endTime":"","source_direct":0,"page":"1","pagecount":"30"}
 -- [2020-08-29 16:49:56] -- cai -- in_call_1
 -- [2020-08-29 16:49:56] -- cai -- "Rest_getEquipFlowList"
 -- [2020-08-29 16:49:56] -- cai -- "t5.sm2.kunlun.com\/platform\/index.php"
 -- [2020-08-29 16:49:56] -- cai -- {"op_id":"","user_type":"1","user_value":"603","equipId":"","equipTitle":"","begTime":"","endTime":"","source_direct":0,"page":"1","pagecount":"30"}
 -- [2020-08-29 16:50:27] -- cai -- in_call_1
 -- [2020-08-29 16:50:27] -- cai -- "Rest_getEquipFlowList"
 -- [2020-08-29 16:50:27] -- cai -- "t5.sm2.kunlun.com\/platform\/index.php"
 -- [2020-08-29 16:50:27] -- cai -- {"op_id":"","user_type":"1","user_value":"602","equipId":"","equipTitle":"","begTime":"","endTime":"","source_direct":0,"page":"1","pagecount":"30"}
 -- [2020-08-29 17:19:36] -- cai -- in_call_1
 -- [2020-08-29 17:19:36] -- cai -- "Rest_getEquipFlowList"
 -- [2020-08-29 17:19:36] -- cai -- "t5.sm2.kunlun.com\/platform\/index.php"
 -- [2020-08-29 17:19:36] -- cai -- {"op_id":"","user_type":"1","user_value":"664","equipId":"","equipTitle":"","begTime":"","endTime":"","source_direct":0,"page":"1","pagecount":"30"}
 -- [2020-08-29 17:20:00] -- cai -- in_call_1
 -- [2020-08-29 17:20:00] -- cai -- "Rest_getEquipFlowList"
 -- [2020-08-29 17:20:00] -- cai -- "t5.sm2.kunlun.com\/platform\/index.php"
 -- [2020-08-29 17:20:00] -- cai -- {"op_id":"","user_type":"1","user_value":"664","equipId":"","equipTitle":"","begTime":"","endTime":"","source_direct":0,"page":"2","pagecount":"30"}
