 -- [2020-10-21 10:06:12] -- cai -- in_call_1
 -- [2020-10-21 10:06:12] -- cai -- "Rest_deleteNotice"
 -- [2020-10-21 10:06:12] -- cai -- "t2.sm2.kunlun.com\/platform\/index.php"
 -- [2020-10-21 10:06:12] -- cai -- {"id":"100000"}
 -- [2020-10-21 10:06:59] -- cai -- in_call_1
 -- [2020-10-21 10:06:59] -- cai -- "Rest_setNotice"
 -- [2020-10-21 10:06:59] -- cai -- "t2.sm2.kunlun.com\/platform\/index.php"
 -- [2020-10-21 10:06:59] -- cai -- {"title":"\u6d4b\u8bd5\u591a\u8bed\u8a00","type":"1","author":" sanxiao","begTime":"2020-10-21 00:00:00","endTime":"2020-10-21 23:59:59","tollgate_id":0,"content":"{\"default\":\"df\",\"df\":\"\\u6d4b\\u8bd5\\u591a\\u8bed\\u8a00df\",\"cn\":\"\\u6d4b\\u8bd5\\u591a\\u8bed\\u8a00cn\",\"en\":\"\\u6d4b\\u8bd5\\u591a\\u8bed\\u8a00en\"}","cycle":"15","pictureUrl":"","status":"1","ext":"","id":"100000","act_type":"add"}
 -- [2020-10-21 10:09:08] -- cai -- INSERT INTO `gm_queue` (`interfaceName`,`serverList`,`dataResult`,`status`,`queueDate`,`serverGroup`,`productId`) VALUES (:interfaceName, :serverList, :dataResult, :status, :queueDate, :serverGroup, :productId)
 -- [2020-10-21 10:26:10] -- cai -- INSERT INTO `gm_queue` (`interfaceName`,`serverList`,`dataResult`,`status`,`queueDate`,`serverGroup`,`productId`) VALUES (:interfaceName, :serverList, :dataResult, :status, :queueDate, :serverGroup, :productId)
 -- [2020-10-21 10:26:16] -- cai -- in_call_1
 -- [2020-10-21 10:26:16] -- cai -- "Rest_Awards"
 -- [2020-10-21 10:26:16] -- cai -- "t2.sm2.kunlun.com\/platform\/index.php"
 -- [2020-10-21 10:26:16] -- cai -- {"uid":"","expire":1605925556,"cid":"135882","title":"\u6d4b\u8bd5","content":"\u6d4b\u8bd5","reason":"11","author":"sanxiao","gift":"W10=","record":{"id":"192","interfaceName":"Rest_Awards","serverList":"9000996","dataResult":"a:8:{s:3:\"uid\";s:0:\"\";s:6:\"expire\";i:1605925556;s:3:\"cid\";s:6:\"135882\";s:5:\"title\";s:6:\"\u6d4b\u8bd5\";s:7:\"content\";s:6:\"\u6d4b\u8bd5\";s:6:\"reason\";s:2:\"11\";s:6:\"author\";s:7:\"sanxiao\";s:4:\"gift\";s:4:\"W10=\";}","description":"","serverGroup":"2150","productId":"2150","queueDate":"2020-10-21 10:26:10","status":"0"}}
 -- [2020-10-21 10:26:58] -- cai -- INSERT INTO `gm_queue` (`interfaceName`,`serverList`,`dataResult`,`status`,`queueDate`,`serverGroup`,`productId`) VALUES (:interfaceName, :serverList, :dataResult, :status, :queueDate, :serverGroup, :productId)
 -- [2020-10-21 10:27:04] -- cai -- in_call_1
 -- [2020-10-21 10:27:04] -- cai -- "Rest_Awards"
 -- [2020-10-21 10:27:04] -- cai -- "t2.sm2.kunlun.com\/platform\/index.php"
 -- [2020-10-21 10:27:04] -- cai -- {"uid":"","expire":1605925598,"cid":"135882","title":"\u6d4b\u8bd52","content":"\u6d4b\u8bd52","reason":"11","author":"sanxiao","gift":"W3siZ2lmdCI6IjIxMDIwMDA2IiwibmFtZSI6Ilx1NTVkY1x1ODg0MFx1NjcyZlx1NTM3N1x1OGY3NCIsIm51bSI6MTIyLCJleHQiOjF9XQ==","record":{"id":"193","interfaceName":"Rest_Awards","serverList":"9000996","dataResult":"a:8:{s:3:\"uid\";s:0:\"\";s:6:\"expire\";i:1605925598;s:3:\"cid\";s:6:\"135882\";s:5:\"title\";s:7:\"\u6d4b\u8bd52\";s:7:\"content\";s:7:\"\u6d4b\u8bd52\";s:6:\"reason\";s:2:\"11\";s:6:\"author\";s:7:\"sanxiao\";s:4:\"gift\";s:108:\"W3siZ2lmdCI6IjIxMDIwMDA2IiwibmFtZSI6Ilx1NTVkY1x1ODg0MFx1NjcyZlx1NTM3N1x1OGY3NCIsIm51bSI6MTIyLCJleHQiOjF9XQ==\";}","description":"","serverGroup":"2150","productId":"2150","queueDate":"2020-10-21 10:26:58","status":"0"}}
 -- [2020-10-21 10:31:28] -- cai -- INSERT INTO `gm_queue` (`interfaceName`,`serverList`,`dataResult`,`status`,`queueDate`,`serverGroup`,`productId`) VALUES (:interfaceName, :serverList, :dataResult, :status, :queueDate, :serverGroup, :productId)
 -- [2020-10-21 10:32:17] -- cai -- INSERT INTO `gm_queue` (`interfaceName`,`serverList`,`dataResult`,`status`,`queueDate`,`serverGroup`,`productId`) VALUES (:interfaceName, :serverList, :dataResult, :status, :queueDate, :serverGroup, :productId)
 -- [2020-10-21 10:32:25] -- cai -- in_call_1
 -- [2020-10-21 10:32:25] -- cai -- "Rest_Awards"
 -- [2020-10-21 10:32:25] -- cai -- "t2.sm2.kunlun.com\/platform\/index.php"
 -- [2020-10-21 10:32:25] -- cai -- {"uid":"","expire":1605925925,"cid":"135882","title":"\u6d4b\u8bd5","content":"11232","reason":"111","author":"sanxiao","gift":"W3siZ2lmdCI6IjIxMDIwMDA2IiwibmFtZSI6Ilx1NTVkY1x1ODg0MFx1NjcyZlx1NTM3N1x1OGY3NCIsIm51bSI6MTExLCJleHQiOjF9XQ==","record":{"id":"195","interfaceName":"Rest_Awards","serverList":"9000996","dataResult":"a:8:{s:3:\"uid\";s:0:\"\";s:6:\"expire\";i:1605925925;s:3:\"cid\";s:6:\"135882\";s:5:\"title\";s:6:\"\u6d4b\u8bd5\";s:7:\"content\";s:5:\"11232\";s:6:\"reason\";s:3:\"111\";s:6:\"author\";s:7:\"sanxiao\";s:4:\"gift\";s:108:\"W3siZ2lmdCI6IjIxMDIwMDA2IiwibmFtZSI6Ilx1NTVkY1x1ODg0MFx1NjcyZlx1NTM3N1x1OGY3NCIsIm51bSI6MTExLCJleHQiOjF9XQ==\";}","description":"","serverGroup":"2150","productId":"2150","queueDate":"2020-10-21 10:32:17","status":"0"}}
 -- [2020-10-21 13:53:24] -- cai -- in_call_1
 -- [2020-10-21 13:53:24] -- cai -- "Rest_setNotice"
 -- [2020-10-21 13:53:24] -- cai -- "t5.sm2.kunlun.com\/platform\/index.php"
 -- [2020-10-21 13:53:24] -- cai -- {"title":"\u6d4b\u8bd5\u516c\u544a","type":"1","author":" sanxiao","begTime":"2020-10-21 00:00:00","endTime":"2020-10-21 23:59:59","tollgate_id":0,"content":"{\"default\":\"df\",\"df\":\"\\u4eba\\u4e4b\\u521d\\u6027\\u672c\\u5584\"}","cycle":"15","pictureUrl":"","status":"1","ext":"","id":"100001","act_type":"add"}
 -- [2020-10-21 14:04:47] -- cai -- in_call_1
 -- [2020-10-21 14:04:47] -- cai -- "Rest_setNotice"
 -- [2020-10-21 14:04:47] -- cai -- "t5.sm2.kunlun.com\/platform\/index.php"
 -- [2020-10-21 14:04:47] -- cai -- {"title":"FUCK","type":"1","author":" sanxiao","begTime":"2020-10-21 00:00:00","endTime":"2020-10-21 23:59:59","tollgate_id":0,"content":"{\"default\":\"df\",\"df\":\"11111111111111\",\"en\":\"\\u5440\\u5440\\u5440\\u5440\\u5440\\u5440\\u6655\\u6655\\u6655\\u6655\\u6655\",\"ru\":\"rrrrrrrrrr\",\"de\":\"ddddddddddddddd\",\"fr\":\"ffffffffffff\",\"it\":\"iiiiiiiiiiiii\",\"pt\":\"ppppppppppppppp\",\"es\":\"eeeeeeeeeeeee\",\"tr\":\"tttttttttt\"}","cycle":"15","pictureUrl":"","status":"1","ext":"","id":"100002","act_type":"add"}
 -- [2020-10-21 14:05:19] -- cai -- in_call_1
 -- [2020-10-21 14:05:19] -- cai -- "Rest_deleteNotice"
 -- [2020-10-21 14:05:19] -- cai -- "t5.sm2.kunlun.com\/platform\/index.php"
 -- [2020-10-21 14:05:19] -- cai -- {"id":"100001"}
 -- [2020-10-21 14:42:13] -- cai -- INSERT INTO `gm_queue` (`interfaceName`,`serverList`,`dataResult`,`status`,`queueDate`,`serverGroup`,`productId`) VALUES (:interfaceName, :serverList, :dataResult, :status, :queueDate, :serverGroup, :productId)
 -- [2020-10-21 14:44:08] -- cai -- INSERT INTO `gm_queue` (`interfaceName`,`serverList`,`dataResult`,`status`,`queueDate`,`serverGroup`,`productId`) VALUES (:interfaceName, :serverList, :dataResult, :status, :queueDate, :serverGroup, :productId)
 -- [2020-10-21 14:44:17] -- cai -- in_call_1
 -- [2020-10-21 14:44:17] -- cai -- "Rest_Awards"
 -- [2020-10-21 14:44:17] -- cai -- "t2.sm2.kunlun.com\/platform\/index.php"
 -- [2020-10-21 14:44:17] -- cai -- {"uid":"","expire":1605940989,"cid":"135882","title":"\u6d4b\u8bd5","content":"\u6700\u65b011","reason":"\u6700\u65b011","author":"sanxiao","gift":"W3siZ2lmdCI6IjIxMDIwMDA2IiwibmFtZSI6Ilx1NTVkY1x1ODg0MFx1NjcyZlx1NTM3N1x1OGY3NCIsIm51bSI6MiwiZXh0IjoxfV0=","record":{"id":"197","interfaceName":"Rest_Awards","serverList":"9000996","dataResult":"a:8:{s:3:\"uid\";s:0:\"\";s:6:\"expire\";i:1605940989;s:3:\"cid\";s:6:\"135882\";s:5:\"title\";s:6:\"\u6d4b\u8bd5\";s:7:\"content\";s:8:\"\u6700\u65b011\";s:6:\"reason\";s:8:\"\u6700\u65b011\";s:6:\"author\";s:7:\"sanxiao\";s:4:\"gift\";s:104:\"W3siZ2lmdCI6IjIxMDIwMDA2IiwibmFtZSI6Ilx1NTVkY1x1ODg0MFx1NjcyZlx1NTM3N1x1OGY3NCIsIm51bSI6MiwiZXh0IjoxfV0=\";}","description":"","serverGroup":"2150","productId":"2150","queueDate":"2020-10-21 14:44:08","status":"0"}}
 -- [2020-10-21 14:59:41] -- cai -- INSERT INTO `gm_queue` (`interfaceName`,`serverList`,`dataResult`,`status`,`queueDate`,`serverGroup`,`productId`) VALUES (:interfaceName, :serverList, :dataResult, :status, :queueDate, :serverGroup, :productId)
 -- [2020-10-21 14:59:46] -- cai -- in_call_1
 -- [2020-10-21 14:59:46] -- cai -- "Rest_Awards"
 -- [2020-10-21 14:59:46] -- cai -- "t2.sm2.kunlun.com\/platform\/index.php"
 -- [2020-10-21 14:59:46] -- cai -- {"uid":"","expire":1605941459,"cid":"135882","title":"{\"df\":\"\\u6d4b\\u8bd5\",\"cn\":\"\\u6d4b\\u8bd5\",\"en\":\"\\u6d4b\\u8bd5\"}","content":"{\"df\":\"213123\",\"cn\":\"213123\",\"en\":\"213123\"}","reason":"11","author":"sanxiao","gift":"W10=","record":{"id":"198","interfaceName":"Rest_Awards","serverList":"9000996","dataResult":"a:8:{s:3:\"uid\";s:0:\"\";s:6:\"expire\";i:1605941459;s:3:\"cid\";s:6:\"135882\";s:5:\"title\";s:61:\"{\"df\":\"\\u6d4b\\u8bd5\",\"cn\":\"\\u6d4b\\u8bd5\",\"en\":\"\\u6d4b\\u8bd5\"}\";s:7:\"content\";s:43:\"{\"df\":\"213123\",\"cn\":\"213123\",\"en\":\"213123\"}\";s:6:\"reason\";s:2:\"11\";s:6:\"author\";s:7:\"sanxiao\";s:4:\"gift\";s:4:\"W10=\";}","description":"","serverGroup":"2150","productId":"2150","queueDate":"2020-10-21 14:59:41","status":"0"}}
 -- [2020-10-21 16:02:00] -- cai -- INSERT INTO `gm_queue` (`interfaceName`,`serverList`,`dataResult`,`status`,`queueDate`,`serverGroup`,`productId`) VALUES (:interfaceName, :serverList, :dataResult, :status, :queueDate, :serverGroup, :productId)
 -- [2020-10-21 16:02:06] -- cai -- in_call_1
 -- [2020-10-21 16:02:06] -- cai -- "Rest_Awards"
 -- [2020-10-21 16:02:06] -- cai -- "t2.sm2.kunlun.com\/platform\/index.php"
 -- [2020-10-21 16:02:06] -- cai -- {"uid":"","expire":1605945692,"cid":"135882","title":"{\"defalut\":\"df\",\"df\":\"\\u6d4b\\u8bd5json\\u683c\\u5f0f\",\"cn\":\"\\u6d4b\\u8bd5json\\u683c\\u5f0f\",\"en\":\"\\u6d4b\\u8bd5json\\u683c\\u5f0f\"}","content":"{\"defalut\":\"df\",\"df\":\"\\u6d4b\\u8bd5json\\u683c\\u5f0f\",\"cn\":\"\\u6d4b\\u8bd5json\\u683c\\u5f0f\",\"en\":\"\\u6d4b\\u8bd5json\\u683c\\u5f0f\"}","reason":"11","author":"sanxiao","gift":"W3siZ2lmdCI6IjIxMDIwMDA2IiwibmFtZSI6Ilx1NTVkY1x1ODg0MFx1NjcyZlx1NTM3N1x1OGY3NCIsIm51bSI6MjIzLCJleHQiOjF9XQ==","record":{"id":"199","interfaceName":"Rest_Awards","serverList":"9000996","dataResult":"a:8:{s:3:\"uid\";s:0:\"\";s:6:\"expire\";i:1605945692;s:3:\"cid\";s:6:\"135882\";s:5:\"title\";s:124:\"{\"defalut\":\"df\",\"df\":\"\\u6d4b\\u8bd5json\\u683c\\u5f0f\",\"cn\":\"\\u6d4b\\u8bd5json\\u683c\\u5f0f\",\"en\":\"\\u6d4b\\u8bd5json\\u683c\\u5f0f\"}\";s:7:\"content\";s:124:\"{\"defalut\":\"df\",\"df\":\"\\u6d4b\\u8bd5json\\u683c\\u5f0f\",\"cn\":\"\\u6d4b\\u8bd5json\\u683c\\u5f0f\",\"en\":\"\\u6d4b\\u8bd5json\\u683c\\u5f0f\"}\";s:6:\"reason\";s:2:\"11\";s:6:\"author\";s:7:\"sanxiao\";s:4:\"gift\";s:108:\"W3siZ2lmdCI6IjIxMDIwMDA2IiwibmFtZSI6Ilx1NTVkY1x1ODg0MFx1NjcyZlx1NTM3N1x1OGY3NCIsIm51bSI6MjIzLCJleHQiOjF9XQ==\";}","description":"","serverGroup":"2150","productId":"2150","queueDate":"2020-10-21 16:02:00","status":"0"}}
 -- [2020-10-21 16:29:50] -- cai -- INSERT INTO `gm_queue` (`interfaceName`,`serverList`,`dataResult`,`status`,`queueDate`,`serverGroup`,`productId`) VALUES (:interfaceName, :serverList, :dataResult, :status, :queueDate, :serverGroup, :productId)
 -- [2020-10-21 16:29:55] -- cai -- in_call_1
 -- [2020-10-21 16:29:55] -- cai -- "Rest_Awards"
 -- [2020-10-21 16:29:55] -- cai -- "t0.sm2.kunlun.com\/platform\/index.php"
 -- [2020-10-21 16:29:55] -- cai -- {"uid":"","expire":1605945819,"cid":"135882","title":"{\"defalut\":\"df\",\"df\":\"\\u6d4b\\u8bd53\",\"cn\":\"\\u6d4b\\u8bd53\",\"en\":\"\\u6d4b\\u8bd53\"}","content":"{\"defalut\":\"df\",\"df\":\"\\u6d4b\\u8bd53\",\"cn\":\"\\u6d4b\\u8bd53\",\"en\":\"\\u6d4b\\u8bd53\"}","reason":"1","author":"sanxiao","gift":"W10=","record":{"id":"200","interfaceName":"Rest_Awards","serverList":"2150777","dataResult":"a:8:{s:3:\"uid\";s:0:\"\";s:6:\"expire\";i:1605945819;s:3:\"cid\";s:6:\"135882\";s:5:\"title\";s:79:\"{\"defalut\":\"df\",\"df\":\"\\u6d4b\\u8bd53\",\"cn\":\"\\u6d4b\\u8bd53\",\"en\":\"\\u6d4b\\u8bd53\"}\";s:7:\"content\";s:79:\"{\"defalut\":\"df\",\"df\":\"\\u6d4b\\u8bd53\",\"cn\":\"\\u6d4b\\u8bd53\",\"en\":\"\\u6d4b\\u8bd53\"}\";s:6:\"reason\";s:1:\"1\";s:6:\"author\";s:7:\"sanxiao\";s:4:\"gift\";s:4:\"W10=\";}","description":"","serverGroup":"2150","productId":"2150","queueDate":"2020-10-21 16:29:50","status":"0"}}
