 -- [2020-11-23 15:39:28] -- cai -- INSERT INTO `gm_queue` (`interfaceName`,`serverList`,`dataResult`,`status`,`queueDate`,`serverGroup`,`productId`) VALUES (:interfaceName, :serverList, :dataResult, :status, :queueDate, :serverGroup, :productId)
 -- [2020-11-23 15:41:00] -- cai -- INSERT INTO `gm_queue` (`interfaceName`,`serverList`,`dataResult`,`status`,`queueDate`,`serverGroup`,`productId`) VALUES (:interfaceName, :serverList, :dataResult, :status, :queueDate, :serverGroup, :productId)
 -- [2020-11-23 15:42:02] -- cai -- INSERT INTO `gm_queue` (`interfaceName`,`serverList`,`dataResult`,`status`,`queueDate`,`serverGroup`,`productId`) VALUES (:interfaceName, :serverList, :dataResult, :status, :queueDate, :serverGroup, :productId)
 -- [2020-11-23 15:42:17] -- cai -- in_call_1
 -- [2020-11-23 15:42:17] -- cai -- "Rest_Awards"
 -- [2020-11-23 15:42:17] -- cai -- "t2.sm2.kunlun.com\/platform\/index.php"
 -- [2020-11-23 15:42:17] -- cai -- {"uid":"","expire":1608709300,"cid":"135882","title":"{\"default\":\"en\",\"en\":\"\\u6d4b\\u8bd520201123\"}","content":"{\"default\":\"en\",\"en\":\"\\u6d4b\\u8bd520201123\"}","reason":"\u6d4b\u8bd520201123","author":"sanxiao","gift":"W10=","record":{"id":"211","interfaceName":"Rest_Awards","serverList":"9000996","dataResult":"a:8:{s:3:\"uid\";s:0:\"\";s:6:\"expire\";i:1608709300;s:3:\"cid\";s:6:\"135882\";s:5:\"title\";s:44:\"{\"default\":\"en\",\"en\":\"\\u6d4b\\u8bd520201123\"}\";s:7:\"content\";s:44:\"{\"default\":\"en\",\"en\":\"\\u6d4b\\u8bd520201123\"}\";s:6:\"reason\";s:14:\"\u6d4b\u8bd520201123\";s:6:\"author\";s:7:\"sanxiao\";s:4:\"gift\";s:4:\"W10=\";}","description":"","serverGroup":"2150","productId":"2150","queueDate":"2020-11-23 15:42:02","status":"0"}}
 -- [2020-11-23 15:42:59] -- cai -- in_call_1
 -- [2020-11-23 15:42:59] -- cai -- "Rest_Awards"
 -- [2020-11-23 15:42:59] -- cai -- "t2.sm2.kunlun.com\/platform\/index.php"
 -- [2020-11-23 15:42:59] -- cai -- {"uid":"","expire":1608709300,"cid":"135882","title":"{\"default\":\"en\",\"en\":\"\\u6d4b\\u8bd520201123\"}","content":"{\"default\":\"en\",\"en\":\"\\u6d4b\\u8bd520201123\"}","reason":"\u6d4b\u8bd520201123","author":"sanxiao","gift":"W10=","record":{"id":"211","interfaceName":"Rest_Awards","serverList":"9000996","dataResult":"a:8:{s:3:\"uid\";s:0:\"\";s:6:\"expire\";i:1608709300;s:3:\"cid\";s:6:\"135882\";s:5:\"title\";s:44:\"{\"default\":\"en\",\"en\":\"\\u6d4b\\u8bd520201123\"}\";s:7:\"content\";s:44:\"{\"default\":\"en\",\"en\":\"\\u6d4b\\u8bd520201123\"}\";s:6:\"reason\";s:14:\"\u6d4b\u8bd520201123\";s:6:\"author\";s:7:\"sanxiao\";s:4:\"gift\";s:4:\"W10=\";}","description":"\u64cd\u4f5c\u6210\u529f","serverGroup":"2150","productId":"2150","queueDate":"2020-11-23 15:42:02","status":"4"},"do_recall":1}
 -- [2020-11-23 15:43:30] -- cai -- in_call_1
 -- [2020-11-23 15:43:30] -- cai -- "Rest_setNotice"
 -- [2020-11-23 15:43:30] -- cai -- "t2.sm2.kunlun.com\/platform\/index.php"
 -- [2020-11-23 15:43:30] -- cai -- {"title":"\u6d4b\u8bd5\u516c\u544a20201123","type":"1","author":" sanxiao","begTime":"2020-11-23 00:00:00","endTime":"2020-11-23 23:59:59","tollgate_id":0,"content":"{\"default\":\"en\",\"en\":\"\\u6d4b\\u8bd5\\u516c\\u544a20201123\"}","cycle":"15","pictureUrl":"","status":"1","ext":"","id":"100003","act_type":"add"}
 -- [2020-11-23 15:44:43] -- cai -- in_call_1
 -- [2020-11-23 15:44:43] -- cai -- "Rest_deleteNotice"
 -- [2020-11-23 15:44:43] -- cai -- "t2.sm2.kunlun.com\/platform\/index.php"
 -- [2020-11-23 15:44:43] -- cai -- {"id":"100003"}
 -- [2020-11-23 15:44:57] -- cai -- in_call_1
 -- [2020-11-23 15:44:57] -- cai -- "Rest_getNoticeList"
 -- [2020-11-23 15:44:57] -- cai -- "t0.sm2.kunlun.com\/platform\/index.php"
 -- [2020-11-23 15:44:57] -- cai -- {"id":"","type":"","opType":"","opValue":"","begTime":"","endTime":"","page":"1","pagecount":"30"}
 -- [2020-11-23 15:46:46] -- cai -- in_call_1
 -- [2020-11-23 15:46:46] -- cai -- "Rest_setNotice"
 -- [2020-11-23 15:46:46] -- cai -- "t2.sm2.kunlun.com\/platform\/index.php"
 -- [2020-11-23 15:46:46] -- cai -- {"title":"\u6d4b\u8bd520201123","type":"1","author":" sanxiao","begTime":"2020-11-23 00:00:00","endTime":"2020-11-23 23:59:59","tollgate_id":0,"content":"{\"default\":\"en\",\"en\":\"\\u6d4b\\u8bd520201123\"}","cycle":"15","pictureUrl":"","status":"1","ext":"","id":"100003","act_type":"add"}
 -- [2020-11-23 15:47:41] -- cai -- in_call_1
 -- [2020-11-23 15:47:41] -- cai -- "Rest_deleteNotice"
 -- [2020-11-23 15:47:41] -- cai -- "t2.sm2.kunlun.com\/platform\/index.php"
 -- [2020-11-23 15:47:41] -- cai -- {"id":"100003"}
 -- [2020-11-23 15:48:22] -- cai -- INSERT INTO `gm_queue` (`interfaceName`,`serverList`,`dataResult`,`status`,`queueDate`,`serverGroup`,`productId`) VALUES (:interfaceName, :serverList, :dataResult, :status, :queueDate, :serverGroup, :productId)
 -- [2020-11-23 15:48:31] -- cai -- in_call_1
 -- [2020-11-23 15:48:31] -- cai -- "Rest_Awards"
 -- [2020-11-23 15:48:31] -- cai -- "t2.sm2.kunlun.com\/platform\/index.php"
 -- [2020-11-23 15:48:31] -- cai -- {"uid":"","expire":1608709685,"cid":"135882","title":"{\"default\":\"en\",\"en\":\"\\u6d4b\\u8bd520201122\"}","content":"{\"default\":\"en\",\"en\":\"\\u6d4b\\u8bd520201122\"}","reason":"\u6d4b\u8bd520201122","author":"sanxiao","gift":"W10=","record":{"id":"212","interfaceName":"Rest_Awards","serverList":"9000996","dataResult":"a:8:{s:3:\"uid\";s:0:\"\";s:6:\"expire\";i:1608709685;s:3:\"cid\";s:6:\"135882\";s:5:\"title\";s:44:\"{\"default\":\"en\",\"en\":\"\\u6d4b\\u8bd520201122\"}\";s:7:\"content\";s:44:\"{\"default\":\"en\",\"en\":\"\\u6d4b\\u8bd520201122\"}\";s:6:\"reason\";s:14:\"\u6d4b\u8bd520201122\";s:6:\"author\";s:7:\"sanxiao\";s:4:\"gift\";s:4:\"W10=\";}","description":"","serverGroup":"2150","productId":"2150","queueDate":"2020-11-23 15:48:22","status":"0"}}
 -- [2020-11-23 15:48:51] -- cai -- in_call_1
 -- [2020-11-23 15:48:51] -- cai -- "Rest_Awards"
 -- [2020-11-23 15:48:51] -- cai -- "t2.sm2.kunlun.com\/platform\/index.php"
 -- [2020-11-23 15:48:51] -- cai -- {"uid":"","expire":1608709685,"cid":"135882","title":"{\"default\":\"en\",\"en\":\"\\u6d4b\\u8bd520201122\"}","content":"{\"default\":\"en\",\"en\":\"\\u6d4b\\u8bd520201122\"}","reason":"\u6d4b\u8bd520201122","author":"sanxiao","gift":"W10=","record":{"id":"212","interfaceName":"Rest_Awards","serverList":"9000996","dataResult":"a:8:{s:3:\"uid\";s:0:\"\";s:6:\"expire\";i:1608709685;s:3:\"cid\";s:6:\"135882\";s:5:\"title\";s:44:\"{\"default\":\"en\",\"en\":\"\\u6d4b\\u8bd520201122\"}\";s:7:\"content\";s:44:\"{\"default\":\"en\",\"en\":\"\\u6d4b\\u8bd520201122\"}\";s:6:\"reason\";s:14:\"\u6d4b\u8bd520201122\";s:6:\"author\";s:7:\"sanxiao\";s:4:\"gift\";s:4:\"W10=\";}","description":"\u64cd\u4f5c\u6210\u529f","serverGroup":"2150","productId":"2150","queueDate":"2020-11-23 15:48:22","status":"4"},"do_recall":1}
 -- [2020-11-23 16:35:44] -- cai -- in_call_1
 -- [2020-11-23 16:35:44] -- cai -- "Rest_getVouchList"
 -- [2020-11-23 16:35:44] -- cai -- "t0.sm2.kunlun.com\/platform\/index.php"
 -- [2020-11-23 16:35:44] -- cai -- {"pid":"2150","rid":"2150777","opType":"0","opValue":"","begtime":"2020-11-23 00:00:00","endtime":"2020-11-23 23:59:59","all":"1","page":"1","pagecount":"30"}
 -- [2020-11-23 16:35:45] -- cai -- in_call_1
 -- [2020-11-23 16:35:45] -- cai -- "Rest_getVouchList"
 -- [2020-11-23 16:35:45] -- cai -- "t0.sm2.kunlun.com\/platform\/index.php"
 -- [2020-11-23 16:35:45] -- cai -- {"pid":"2150","rid":"2150777","opType":"0","opValue":"","begtime":"2020-11-23 00:00:00","endtime":"2020-11-23 23:59:59","all":"1","page":"1","pagecount":"30"}
 -- [2020-11-23 16:35:50] -- cai -- in_call_1
 -- [2020-11-23 16:35:50] -- cai -- "Rest_getVouchList"
 -- [2020-11-23 16:35:50] -- cai -- "t2.sm2.kunlun.com\/platform\/index.php"
 -- [2020-11-23 16:35:50] -- cai -- {"pid":"2150","rid":"9000996","opType":"0","opValue":"","begtime":"2020-11-23 00:00:00","endtime":"2020-11-23 23:59:59","all":"1","page":"1","pagecount":"30"}
 -- [2020-11-23 16:35:50] -- cai -- in_call_1
 -- [2020-11-23 16:35:50] -- cai -- "Rest_getVouchList"
 -- [2020-11-23 16:35:50] -- cai -- "t2.sm2.kunlun.com\/platform\/index.php"
 -- [2020-11-23 16:35:50] -- cai -- {"pid":"2150","rid":"9000996","opType":"0","opValue":"","begtime":"2020-11-23 00:00:00","endtime":"2020-11-23 23:59:59","all":"1","page":"1","pagecount":"30"}
 -- [2020-11-23 16:35:50] -- cai -- in_call_1
 -- [2020-11-23 16:35:50] -- cai -- "Rest_getVouchList"
 -- [2020-11-23 16:35:50] -- cai -- "t2.sm2.kunlun.com\/platform\/index.php"
 -- [2020-11-23 16:35:50] -- cai -- {"pid":"2150","rid":"9000996","opType":"0","opValue":"","begtime":"2020-11-23 00:00:00","endtime":"2020-11-23 23:59:59","all":"1","page":"1","pagecount":"30"}
 -- [2020-11-23 16:55:19] -- cai -- INSERT INTO `gm_queue` (`interfaceName`,`serverList`,`dataResult`,`status`,`queueDate`,`serverGroup`,`productId`) VALUES (:interfaceName, :serverList, :dataResult, :status, :queueDate, :serverGroup, :productId)
 -- [2020-11-23 16:55:27] -- cai -- in_call_1
 -- [2020-11-23 16:55:27] -- cai -- "Rest_Awards"
 -- [2020-11-23 16:55:27] -- cai -- "t999.sm2.kunlun.com\/platform\/index.php"
 -- [2020-11-23 16:55:27] -- cai -- {"uid":"","expire":1608713684,"title":"{\"default\":\"en\",\"en\":\"\\u6d4b\\u8bd5\\u53d8\\u827220201123\"}","content":"{\"default\":\"en\",\"en\":\"\\u6d4b\\u8bd5\\u53d8\\u8272<color=blue1><link id=show_web|http:\\\/\\\/www.baidu.com>\\u63cf\\u8ff0<\\\/link><\\\/color>20201123\"}","reason":"\u6d4b\u8bd5\u53d8\u827220201123","author":"sanxiao","gift":"W10=","record":{"id":"213","interfaceName":"Rest_Awards","serverList":"9999","dataResult":"a:7:{s:3:\"uid\";s:0:\"\";s:6:\"expire\";i:1608713684;s:5:\"title\";s:56:\"{\"default\":\"en\",\"en\":\"\\u6d4b\\u8bd5\\u53d8\\u827220201123\"}\";s:7:\"content\";s:139:\"{\"default\":\"en\",\"en\":\"\\u6d4b\\u8bd5\\u53d8\\u8272<color=blue1><link id=show_web|http:\\\/\\\/www.baidu.com>\\u63cf\\u8ff0<\\\/link><\\\/color>20201123\"}\";s:6:\"reason\";s:20:\"\u6d4b\u8bd5\u53d8\u827220201123\";s:6:\"author\";s:7:\"sanxiao\";s:4:\"gift\";s:4:\"W10=\";}","description":"","serverGroup":"2150","productId":"2150","queueDate":"2020-11-23 16:55:19","status":"0"}}
 -- [2020-11-23 16:55:27] -- cai -- in_call_1
 -- [2020-11-23 16:55:27] -- cai -- "Rest_Awards"
 -- [2020-11-23 16:55:27] -- cai -- "t5.sm2.kunlun.com\/platform\/index.php"
 -- [2020-11-23 16:55:27] -- cai -- {"uid":"","expire":1608713684,"title":"{\"default\":\"en\",\"en\":\"\\u6d4b\\u8bd5\\u53d8\\u827220201123\"}","content":"{\"default\":\"en\",\"en\":\"\\u6d4b\\u8bd5\\u53d8\\u8272<color=blue1><link id=show_web|http:\\\/\\\/www.baidu.com>\\u63cf\\u8ff0<\\\/link><\\\/color>20201123\"}","reason":"\u6d4b\u8bd5\u53d8\u827220201123","author":"sanxiao","gift":"W10=","record":{"id":"213","interfaceName":"Rest_Awards","serverList":"9999","dataResult":"a:7:{s:3:\"uid\";s:0:\"\";s:6:\"expire\";i:1608713684;s:5:\"title\";s:56:\"{\"default\":\"en\",\"en\":\"\\u6d4b\\u8bd5\\u53d8\\u827220201123\"}\";s:7:\"content\";s:139:\"{\"default\":\"en\",\"en\":\"\\u6d4b\\u8bd5\\u53d8\\u8272<color=blue1><link id=show_web|http:\\\/\\\/www.baidu.com>\\u63cf\\u8ff0<\\\/link><\\\/color>20201123\"}\";s:6:\"reason\";s:20:\"\u6d4b\u8bd5\u53d8\u827220201123\";s:6:\"author\";s:7:\"sanxiao\";s:4:\"gift\";s:4:\"W10=\";}","description":"","serverGroup":"2150","productId":"2150","queueDate":"2020-11-23 16:55:19","status":"0"}}
 -- [2020-11-23 16:55:27] -- cai -- in_call_1
 -- [2020-11-23 16:55:27] -- cai -- "Rest_Awards"
 -- [2020-11-23 16:55:27] -- cai -- "t4.sm2.kunlun.com\/platform\/index.php"
 -- [2020-11-23 16:55:27] -- cai -- {"uid":"","expire":1608713684,"title":"{\"default\":\"en\",\"en\":\"\\u6d4b\\u8bd5\\u53d8\\u827220201123\"}","content":"{\"default\":\"en\",\"en\":\"\\u6d4b\\u8bd5\\u53d8\\u8272<color=blue1><link id=show_web|http:\\\/\\\/www.baidu.com>\\u63cf\\u8ff0<\\\/link><\\\/color>20201123\"}","reason":"\u6d4b\u8bd5\u53d8\u827220201123","author":"sanxiao","gift":"W10=","record":{"id":"213","interfaceName":"Rest_Awards","serverList":"9999","dataResult":"a:7:{s:3:\"uid\";s:0:\"\";s:6:\"expire\";i:1608713684;s:5:\"title\";s:56:\"{\"default\":\"en\",\"en\":\"\\u6d4b\\u8bd5\\u53d8\\u827220201123\"}\";s:7:\"content\";s:139:\"{\"default\":\"en\",\"en\":\"\\u6d4b\\u8bd5\\u53d8\\u8272<color=blue1><link id=show_web|http:\\\/\\\/www.baidu.com>\\u63cf\\u8ff0<\\\/link><\\\/color>20201123\"}\";s:6:\"reason\";s:20:\"\u6d4b\u8bd5\u53d8\u827220201123\";s:6:\"author\";s:7:\"sanxiao\";s:4:\"gift\";s:4:\"W10=\";}","description":"","serverGroup":"2150","productId":"2150","queueDate":"2020-11-23 16:55:19","status":"0"}}
 -- [2020-11-23 16:55:27] -- cai -- in_call_1
 -- [2020-11-23 16:55:27] -- cai -- "Rest_Awards"
 -- [2020-11-23 16:55:27] -- cai -- "t3.sm2.kunlun.com\/platform\/index.php"
 -- [2020-11-23 16:55:27] -- cai -- {"uid":"","expire":1608713684,"title":"{\"default\":\"en\",\"en\":\"\\u6d4b\\u8bd5\\u53d8\\u827220201123\"}","content":"{\"default\":\"en\",\"en\":\"\\u6d4b\\u8bd5\\u53d8\\u8272<color=blue1><link id=show_web|http:\\\/\\\/www.baidu.com>\\u63cf\\u8ff0<\\\/link><\\\/color>20201123\"}","reason":"\u6d4b\u8bd5\u53d8\u827220201123","author":"sanxiao","gift":"W10=","record":{"id":"213","interfaceName":"Rest_Awards","serverList":"9999","dataResult":"a:7:{s:3:\"uid\";s:0:\"\";s:6:\"expire\";i:1608713684;s:5:\"title\";s:56:\"{\"default\":\"en\",\"en\":\"\\u6d4b\\u8bd5\\u53d8\\u827220201123\"}\";s:7:\"content\";s:139:\"{\"default\":\"en\",\"en\":\"\\u6d4b\\u8bd5\\u53d8\\u8272<color=blue1><link id=show_web|http:\\\/\\\/www.baidu.com>\\u63cf\\u8ff0<\\\/link><\\\/color>20201123\"}\";s:6:\"reason\";s:20:\"\u6d4b\u8bd5\u53d8\u827220201123\";s:6:\"author\";s:7:\"sanxiao\";s:4:\"gift\";s:4:\"W10=\";}","description":"","serverGroup":"2150","productId":"2150","queueDate":"2020-11-23 16:55:19","status":"0"}}
 -- [2020-11-23 16:55:27] -- cai -- in_call_1
 -- [2020-11-23 16:55:27] -- cai -- "Rest_Awards"
 -- [2020-11-23 16:55:27] -- cai -- "t2.sm2.kunlun.com\/platform\/index.php"
 -- [2020-11-23 16:55:27] -- cai -- {"uid":"","expire":1608713684,"title":"{\"default\":\"en\",\"en\":\"\\u6d4b\\u8bd5\\u53d8\\u827220201123\"}","content":"{\"default\":\"en\",\"en\":\"\\u6d4b\\u8bd5\\u53d8\\u8272<color=blue1><link id=show_web|http:\\\/\\\/www.baidu.com>\\u63cf\\u8ff0<\\\/link><\\\/color>20201123\"}","reason":"\u6d4b\u8bd5\u53d8\u827220201123","author":"sanxiao","gift":"W10=","record":{"id":"213","interfaceName":"Rest_Awards","serverList":"9999","dataResult":"a:7:{s:3:\"uid\";s:0:\"\";s:6:\"expire\";i:1608713684;s:5:\"title\";s:56:\"{\"default\":\"en\",\"en\":\"\\u6d4b\\u8bd5\\u53d8\\u827220201123\"}\";s:7:\"content\";s:139:\"{\"default\":\"en\",\"en\":\"\\u6d4b\\u8bd5\\u53d8\\u8272<color=blue1><link id=show_web|http:\\\/\\\/www.baidu.com>\\u63cf\\u8ff0<\\\/link><\\\/color>20201123\"}\";s:6:\"reason\";s:20:\"\u6d4b\u8bd5\u53d8\u827220201123\";s:6:\"author\";s:7:\"sanxiao\";s:4:\"gift\";s:4:\"W10=\";}","description":"","serverGroup":"2150","productId":"2150","queueDate":"2020-11-23 16:55:19","status":"0"}}
 -- [2020-11-23 16:55:28] -- cai -- in_call_1
 -- [2020-11-23 16:55:28] -- cai -- "Rest_Awards"
 -- [2020-11-23 16:55:28] -- cai -- "t1.sm2.kunlun.com\/platform\/index.php"
 -- [2020-11-23 16:55:28] -- cai -- {"uid":"","expire":1608713684,"title":"{\"default\":\"en\",\"en\":\"\\u6d4b\\u8bd5\\u53d8\\u827220201123\"}","content":"{\"default\":\"en\",\"en\":\"\\u6d4b\\u8bd5\\u53d8\\u8272<color=blue1><link id=show_web|http:\\\/\\\/www.baidu.com>\\u63cf\\u8ff0<\\\/link><\\\/color>20201123\"}","reason":"\u6d4b\u8bd5\u53d8\u827220201123","author":"sanxiao","gift":"W10=","record":{"id":"213","interfaceName":"Rest_Awards","serverList":"9999","dataResult":"a:7:{s:3:\"uid\";s:0:\"\";s:6:\"expire\";i:1608713684;s:5:\"title\";s:56:\"{\"default\":\"en\",\"en\":\"\\u6d4b\\u8bd5\\u53d8\\u827220201123\"}\";s:7:\"content\";s:139:\"{\"default\":\"en\",\"en\":\"\\u6d4b\\u8bd5\\u53d8\\u8272<color=blue1><link id=show_web|http:\\\/\\\/www.baidu.com>\\u63cf\\u8ff0<\\\/link><\\\/color>20201123\"}\";s:6:\"reason\";s:20:\"\u6d4b\u8bd5\u53d8\u827220201123\";s:6:\"author\";s:7:\"sanxiao\";s:4:\"gift\";s:4:\"W10=\";}","description":"","serverGroup":"2150","productId":"2150","queueDate":"2020-11-23 16:55:19","status":"0"}}
 -- [2020-11-23 16:55:28] -- cai -- in_call_1
 -- [2020-11-23 16:55:28] -- cai -- "Rest_Awards"
 -- [2020-11-23 16:55:28] -- cai -- "t0.sm2.kunlun.com\/platform\/index.php"
 -- [2020-11-23 16:55:28] -- cai -- {"uid":"","expire":1608713684,"title":"{\"default\":\"en\",\"en\":\"\\u6d4b\\u8bd5\\u53d8\\u827220201123\"}","content":"{\"default\":\"en\",\"en\":\"\\u6d4b\\u8bd5\\u53d8\\u8272<color=blue1><link id=show_web|http:\\\/\\\/www.baidu.com>\\u63cf\\u8ff0<\\\/link><\\\/color>20201123\"}","reason":"\u6d4b\u8bd5\u53d8\u827220201123","author":"sanxiao","gift":"W10=","record":{"id":"213","interfaceName":"Rest_Awards","serverList":"9999","dataResult":"a:7:{s:3:\"uid\";s:0:\"\";s:6:\"expire\";i:1608713684;s:5:\"title\";s:56:\"{\"default\":\"en\",\"en\":\"\\u6d4b\\u8bd5\\u53d8\\u827220201123\"}\";s:7:\"content\";s:139:\"{\"default\":\"en\",\"en\":\"\\u6d4b\\u8bd5\\u53d8\\u8272<color=blue1><link id=show_web|http:\\\/\\\/www.baidu.com>\\u63cf\\u8ff0<\\\/link><\\\/color>20201123\"}\";s:6:\"reason\";s:20:\"\u6d4b\u8bd5\u53d8\u827220201123\";s:6:\"author\";s:7:\"sanxiao\";s:4:\"gift\";s:4:\"W10=\";}","description":"","serverGroup":"2150","productId":"2150","queueDate":"2020-11-23 16:55:19","status":"0"}}
 -- [2020-11-23 16:58:50] -- cai -- INSERT INTO `gm_queue` (`interfaceName`,`serverList`,`dataResult`,`status`,`queueDate`,`serverGroup`,`productId`) VALUES (:interfaceName, :serverList, :dataResult, :status, :queueDate, :serverGroup, :productId)
 -- [2020-11-23 16:58:57] -- cai -- in_call_1
 -- [2020-11-23 16:58:57] -- cai -- "Rest_Awards"
 -- [2020-11-23 16:58:57] -- cai -- "t999.sm2.kunlun.com\/platform\/index.php"
 -- [2020-11-23 16:58:57] -- cai -- {"uid":"","expire":1608713898,"title":"{\"default\":\"en\",\"en\":\"\\u6d4b\\u8bd5202011232\"}","content":"{\"default\":\"en\",\"en\":\"\\u6d4b\\u8bd5<color=blue1>\\u63cf\\u8ff0<\\\/color>202011232\"}","reason":"\u6d4b\u8bd5202011232","author":"sanxiao","gift":"W10=","record":{"id":"214","interfaceName":"Rest_Awards","serverList":"9999","dataResult":"a:7:{s:3:\"uid\";s:0:\"\";s:6:\"expire\";i:1608713898;s:5:\"title\";s:45:\"{\"default\":\"en\",\"en\":\"\\u6d4b\\u8bd5202011232\"}\";s:7:\"content\";s:79:\"{\"default\":\"en\",\"en\":\"\\u6d4b\\u8bd5<color=blue1>\\u63cf\\u8ff0<\\\/color>202011232\"}\";s:6:\"reason\";s:15:\"\u6d4b\u8bd5202011232\";s:6:\"author\";s:7:\"sanxiao\";s:4:\"gift\";s:4:\"W10=\";}","description":"","serverGroup":"2150","productId":"2150","queueDate":"2020-11-23 16:58:50","status":"0"}}
 -- [2020-11-23 16:58:57] -- cai -- in_call_1
 -- [2020-11-23 16:58:57] -- cai -- "Rest_Awards"
 -- [2020-11-23 16:58:57] -- cai -- "t5.sm2.kunlun.com\/platform\/index.php"
 -- [2020-11-23 16:58:57] -- cai -- {"uid":"","expire":1608713898,"title":"{\"default\":\"en\",\"en\":\"\\u6d4b\\u8bd5202011232\"}","content":"{\"default\":\"en\",\"en\":\"\\u6d4b\\u8bd5<color=blue1>\\u63cf\\u8ff0<\\\/color>202011232\"}","reason":"\u6d4b\u8bd5202011232","author":"sanxiao","gift":"W10=","record":{"id":"214","interfaceName":"Rest_Awards","serverList":"9999","dataResult":"a:7:{s:3:\"uid\";s:0:\"\";s:6:\"expire\";i:1608713898;s:5:\"title\";s:45:\"{\"default\":\"en\",\"en\":\"\\u6d4b\\u8bd5202011232\"}\";s:7:\"content\";s:79:\"{\"default\":\"en\",\"en\":\"\\u6d4b\\u8bd5<color=blue1>\\u63cf\\u8ff0<\\\/color>202011232\"}\";s:6:\"reason\";s:15:\"\u6d4b\u8bd5202011232\";s:6:\"author\";s:7:\"sanxiao\";s:4:\"gift\";s:4:\"W10=\";}","description":"","serverGroup":"2150","productId":"2150","queueDate":"2020-11-23 16:58:50","status":"0"}}
 -- [2020-11-23 16:58:57] -- cai -- in_call_1
 -- [2020-11-23 16:58:57] -- cai -- "Rest_Awards"
 -- [2020-11-23 16:58:57] -- cai -- "t4.sm2.kunlun.com\/platform\/index.php"
 -- [2020-11-23 16:58:57] -- cai -- {"uid":"","expire":1608713898,"title":"{\"default\":\"en\",\"en\":\"\\u6d4b\\u8bd5202011232\"}","content":"{\"default\":\"en\",\"en\":\"\\u6d4b\\u8bd5<color=blue1>\\u63cf\\u8ff0<\\\/color>202011232\"}","reason":"\u6d4b\u8bd5202011232","author":"sanxiao","gift":"W10=","record":{"id":"214","interfaceName":"Rest_Awards","serverList":"9999","dataResult":"a:7:{s:3:\"uid\";s:0:\"\";s:6:\"expire\";i:1608713898;s:5:\"title\";s:45:\"{\"default\":\"en\",\"en\":\"\\u6d4b\\u8bd5202011232\"}\";s:7:\"content\";s:79:\"{\"default\":\"en\",\"en\":\"\\u6d4b\\u8bd5<color=blue1>\\u63cf\\u8ff0<\\\/color>202011232\"}\";s:6:\"reason\";s:15:\"\u6d4b\u8bd5202011232\";s:6:\"author\";s:7:\"sanxiao\";s:4:\"gift\";s:4:\"W10=\";}","description":"","serverGroup":"2150","productId":"2150","queueDate":"2020-11-23 16:58:50","status":"0"}}
 -- [2020-11-23 16:58:58] -- cai -- in_call_1
 -- [2020-11-23 16:58:58] -- cai -- "Rest_Awards"
 -- [2020-11-23 16:58:58] -- cai -- "t3.sm2.kunlun.com\/platform\/index.php"
 -- [2020-11-23 16:58:58] -- cai -- {"uid":"","expire":1608713898,"title":"{\"default\":\"en\",\"en\":\"\\u6d4b\\u8bd5202011232\"}","content":"{\"default\":\"en\",\"en\":\"\\u6d4b\\u8bd5<color=blue1>\\u63cf\\u8ff0<\\\/color>202011232\"}","reason":"\u6d4b\u8bd5202011232","author":"sanxiao","gift":"W10=","record":{"id":"214","interfaceName":"Rest_Awards","serverList":"9999","dataResult":"a:7:{s:3:\"uid\";s:0:\"\";s:6:\"expire\";i:1608713898;s:5:\"title\";s:45:\"{\"default\":\"en\",\"en\":\"\\u6d4b\\u8bd5202011232\"}\";s:7:\"content\";s:79:\"{\"default\":\"en\",\"en\":\"\\u6d4b\\u8bd5<color=blue1>\\u63cf\\u8ff0<\\\/color>202011232\"}\";s:6:\"reason\";s:15:\"\u6d4b\u8bd5202011232\";s:6:\"author\";s:7:\"sanxiao\";s:4:\"gift\";s:4:\"W10=\";}","description":"","serverGroup":"2150","productId":"2150","queueDate":"2020-11-23 16:58:50","status":"0"}}
 -- [2020-11-23 16:58:58] -- cai -- in_call_1
 -- [2020-11-23 16:58:58] -- cai -- "Rest_Awards"
 -- [2020-11-23 16:58:58] -- cai -- "t2.sm2.kunlun.com\/platform\/index.php"
 -- [2020-11-23 16:58:58] -- cai -- {"uid":"","expire":1608713898,"title":"{\"default\":\"en\",\"en\":\"\\u6d4b\\u8bd5202011232\"}","content":"{\"default\":\"en\",\"en\":\"\\u6d4b\\u8bd5<color=blue1>\\u63cf\\u8ff0<\\\/color>202011232\"}","reason":"\u6d4b\u8bd5202011232","author":"sanxiao","gift":"W10=","record":{"id":"214","interfaceName":"Rest_Awards","serverList":"9999","dataResult":"a:7:{s:3:\"uid\";s:0:\"\";s:6:\"expire\";i:1608713898;s:5:\"title\";s:45:\"{\"default\":\"en\",\"en\":\"\\u6d4b\\u8bd5202011232\"}\";s:7:\"content\";s:79:\"{\"default\":\"en\",\"en\":\"\\u6d4b\\u8bd5<color=blue1>\\u63cf\\u8ff0<\\\/color>202011232\"}\";s:6:\"reason\";s:15:\"\u6d4b\u8bd5202011232\";s:6:\"author\";s:7:\"sanxiao\";s:4:\"gift\";s:4:\"W10=\";}","description":"","serverGroup":"2150","productId":"2150","queueDate":"2020-11-23 16:58:50","status":"0"}}
 -- [2020-11-23 16:58:58] -- cai -- in_call_1
 -- [2020-11-23 16:58:58] -- cai -- "Rest_Awards"
 -- [2020-11-23 16:58:58] -- cai -- "t1.sm2.kunlun.com\/platform\/index.php"
 -- [2020-11-23 16:58:58] -- cai -- {"uid":"","expire":1608713898,"title":"{\"default\":\"en\",\"en\":\"\\u6d4b\\u8bd5202011232\"}","content":"{\"default\":\"en\",\"en\":\"\\u6d4b\\u8bd5<color=blue1>\\u63cf\\u8ff0<\\\/color>202011232\"}","reason":"\u6d4b\u8bd5202011232","author":"sanxiao","gift":"W10=","record":{"id":"214","interfaceName":"Rest_Awards","serverList":"9999","dataResult":"a:7:{s:3:\"uid\";s:0:\"\";s:6:\"expire\";i:1608713898;s:5:\"title\";s:45:\"{\"default\":\"en\",\"en\":\"\\u6d4b\\u8bd5202011232\"}\";s:7:\"content\";s:79:\"{\"default\":\"en\",\"en\":\"\\u6d4b\\u8bd5<color=blue1>\\u63cf\\u8ff0<\\\/color>202011232\"}\";s:6:\"reason\";s:15:\"\u6d4b\u8bd5202011232\";s:6:\"author\";s:7:\"sanxiao\";s:4:\"gift\";s:4:\"W10=\";}","description":"","serverGroup":"2150","productId":"2150","queueDate":"2020-11-23 16:58:50","status":"0"}}
 -- [2020-11-23 16:58:58] -- cai -- in_call_1
 -- [2020-11-23 16:58:58] -- cai -- "Rest_Awards"
 -- [2020-11-23 16:58:58] -- cai -- "t0.sm2.kunlun.com\/platform\/index.php"
 -- [2020-11-23 16:58:58] -- cai -- {"uid":"","expire":1608713898,"title":"{\"default\":\"en\",\"en\":\"\\u6d4b\\u8bd5202011232\"}","content":"{\"default\":\"en\",\"en\":\"\\u6d4b\\u8bd5<color=blue1>\\u63cf\\u8ff0<\\\/color>202011232\"}","reason":"\u6d4b\u8bd5202011232","author":"sanxiao","gift":"W10=","record":{"id":"214","interfaceName":"Rest_Awards","serverList":"9999","dataResult":"a:7:{s:3:\"uid\";s:0:\"\";s:6:\"expire\";i:1608713898;s:5:\"title\";s:45:\"{\"default\":\"en\",\"en\":\"\\u6d4b\\u8bd5202011232\"}\";s:7:\"content\";s:79:\"{\"default\":\"en\",\"en\":\"\\u6d4b\\u8bd5<color=blue1>\\u63cf\\u8ff0<\\\/color>202011232\"}\";s:6:\"reason\";s:15:\"\u6d4b\u8bd5202011232\";s:6:\"author\";s:7:\"sanxiao\";s:4:\"gift\";s:4:\"W10=\";}","description":"","serverGroup":"2150","productId":"2150","queueDate":"2020-11-23 16:58:50","status":"0"}}
 -- [2020-11-23 17:02:37] -- cai -- INSERT INTO `gm_queue` (`interfaceName`,`serverList`,`dataResult`,`status`,`queueDate`,`serverGroup`,`productId`) VALUES (:interfaceName, :serverList, :dataResult, :status, :queueDate, :serverGroup, :productId)
 -- [2020-11-23 17:02:45] -- cai -- in_call_1
 -- [2020-11-23 17:02:45] -- cai -- "Rest_Awards"
 -- [2020-11-23 17:02:45] -- cai -- "t999.sm2.kunlun.com\/platform\/index.php"
 -- [2020-11-23 17:02:45] -- cai -- {"uid":"","expire":1608714126,"title":"{\"default\":\"en\",\"en\":\"\\u6d4b\\u8bd520201123\\u5916\\u7f51\\u53d8\\u8272\\u6587\\u672c\"}","content":"{\"default\":\"en\",\"en\":\"<color=blue1>\\u0417\\u0430 \\u043f\\u0440\\u043e\\u0445\\u043e\\u0436\\u0434\\u0435\\u043d\\u0438\\u0435 \\u0432\\u0441\\u0435\\u0445 \\u044d\\u0442\\u0430\\u043f\\u043e\\u0432 \\u043d\\u0430 \\u043a\\u0430\\u0436\\u0434\\u043e\\u043c \\u0443\\u0440\\u043e\\u0432\\u043d\\u0435 \\u0441\\u043b\\u043e\\u0436\\u043d\\u043e\\u0441\\u0442\\u0438 \\u0432\\u0430\\u0441 \\u0436\\u0434\\u0451\\u0442 \\u0448\\u0438\\u043a\\u0430\\u0440\\u043d\\u0430\\u044f \\u043d\\u0430\\u0433\\u0440\\u0430\\u0434\\u0430<\\\/color>\"}","reason":"\u6d4b\u8bd5","author":"sanxiao","gift":"W10=","record":{"id":"215","interfaceName":"Rest_Awards","serverList":"9999","dataResult":"a:7:{s:3:\"uid\";s:0:\"\";s:6:\"expire\";i:1608714126;s:5:\"title\";s:80:\"{\"default\":\"en\",\"en\":\"\\u6d4b\\u8bd520201123\\u5916\\u7f51\\u53d8\\u8272\\u6587\\u672c\"}\";s:7:\"content\";s:465:\"{\"default\":\"en\",\"en\":\"<color=blue1>\\u0417\\u0430 \\u043f\\u0440\\u043e\\u0445\\u043e\\u0436\\u0434\\u0435\\u043d\\u0438\\u0435 \\u0432\\u0441\\u0435\\u0445 \\u044d\\u0442\\u0430\\u043f\\u043e\\u0432 \\u043d\\u0430 \\u043a\\u0430\\u0436\\u0434\\u043e\\u043c \\u0443\\u0440\\u043e\\u0432\\u043d\\u0435 \\u0441\\u043b\\u043e\\u0436\\u043d\\u043e\\u0441\\u0442\\u0438 \\u0432\\u0430\\u0441 \\u0436\\u0434\\u0451\\u0442 \\u0448\\u0438\\u043a\\u0430\\u0440\\u043d\\u0430\\u044f \\u043d\\u0430\\u0433\\u0440\\u0430\\u0434\\u0430<\\\/color>\"}\";s:6:\"reason\";s:6:\"\u6d4b\u8bd5\";s:6:\"author\";s:7:\"sanxiao\";s:4:\"gift\";s:4:\"W10=\";}","description":"","serverGroup":"2150","productId":"2150","queueDate":"2020-11-23 17:02:37","status":"0"}}
 -- [2020-11-23 17:02:45] -- cai -- in_call_1
 -- [2020-11-23 17:02:45] -- cai -- "Rest_Awards"
 -- [2020-11-23 17:02:45] -- cai -- "t5.sm2.kunlun.com\/platform\/index.php"
 -- [2020-11-23 17:02:45] -- cai -- {"uid":"","expire":1608714126,"title":"{\"default\":\"en\",\"en\":\"\\u6d4b\\u8bd520201123\\u5916\\u7f51\\u53d8\\u8272\\u6587\\u672c\"}","content":"{\"default\":\"en\",\"en\":\"<color=blue1>\\u0417\\u0430 \\u043f\\u0440\\u043e\\u0445\\u043e\\u0436\\u0434\\u0435\\u043d\\u0438\\u0435 \\u0432\\u0441\\u0435\\u0445 \\u044d\\u0442\\u0430\\u043f\\u043e\\u0432 \\u043d\\u0430 \\u043a\\u0430\\u0436\\u0434\\u043e\\u043c \\u0443\\u0440\\u043e\\u0432\\u043d\\u0435 \\u0441\\u043b\\u043e\\u0436\\u043d\\u043e\\u0441\\u0442\\u0438 \\u0432\\u0430\\u0441 \\u0436\\u0434\\u0451\\u0442 \\u0448\\u0438\\u043a\\u0430\\u0440\\u043d\\u0430\\u044f \\u043d\\u0430\\u0433\\u0440\\u0430\\u0434\\u0430<\\\/color>\"}","reason":"\u6d4b\u8bd5","author":"sanxiao","gift":"W10=","record":{"id":"215","interfaceName":"Rest_Awards","serverList":"9999","dataResult":"a:7:{s:3:\"uid\";s:0:\"\";s:6:\"expire\";i:1608714126;s:5:\"title\";s:80:\"{\"default\":\"en\",\"en\":\"\\u6d4b\\u8bd520201123\\u5916\\u7f51\\u53d8\\u8272\\u6587\\u672c\"}\";s:7:\"content\";s:465:\"{\"default\":\"en\",\"en\":\"<color=blue1>\\u0417\\u0430 \\u043f\\u0440\\u043e\\u0445\\u043e\\u0436\\u0434\\u0435\\u043d\\u0438\\u0435 \\u0432\\u0441\\u0435\\u0445 \\u044d\\u0442\\u0430\\u043f\\u043e\\u0432 \\u043d\\u0430 \\u043a\\u0430\\u0436\\u0434\\u043e\\u043c \\u0443\\u0440\\u043e\\u0432\\u043d\\u0435 \\u0441\\u043b\\u043e\\u0436\\u043d\\u043e\\u0441\\u0442\\u0438 \\u0432\\u0430\\u0441 \\u0436\\u0434\\u0451\\u0442 \\u0448\\u0438\\u043a\\u0430\\u0440\\u043d\\u0430\\u044f \\u043d\\u0430\\u0433\\u0440\\u0430\\u0434\\u0430<\\\/color>\"}\";s:6:\"reason\";s:6:\"\u6d4b\u8bd5\";s:6:\"author\";s:7:\"sanxiao\";s:4:\"gift\";s:4:\"W10=\";}","description":"","serverGroup":"2150","productId":"2150","queueDate":"2020-11-23 17:02:37","status":"0"}}
 -- [2020-11-23 17:02:45] -- cai -- in_call_1
 -- [2020-11-23 17:02:45] -- cai -- "Rest_Awards"
 -- [2020-11-23 17:02:45] -- cai -- "t4.sm2.kunlun.com\/platform\/index.php"
 -- [2020-11-23 17:02:45] -- cai -- {"uid":"","expire":1608714126,"title":"{\"default\":\"en\",\"en\":\"\\u6d4b\\u8bd520201123\\u5916\\u7f51\\u53d8\\u8272\\u6587\\u672c\"}","content":"{\"default\":\"en\",\"en\":\"<color=blue1>\\u0417\\u0430 \\u043f\\u0440\\u043e\\u0445\\u043e\\u0436\\u0434\\u0435\\u043d\\u0438\\u0435 \\u0432\\u0441\\u0435\\u0445 \\u044d\\u0442\\u0430\\u043f\\u043e\\u0432 \\u043d\\u0430 \\u043a\\u0430\\u0436\\u0434\\u043e\\u043c \\u0443\\u0440\\u043e\\u0432\\u043d\\u0435 \\u0441\\u043b\\u043e\\u0436\\u043d\\u043e\\u0441\\u0442\\u0438 \\u0432\\u0430\\u0441 \\u0436\\u0434\\u0451\\u0442 \\u0448\\u0438\\u043a\\u0430\\u0440\\u043d\\u0430\\u044f \\u043d\\u0430\\u0433\\u0440\\u0430\\u0434\\u0430<\\\/color>\"}","reason":"\u6d4b\u8bd5","author":"sanxiao","gift":"W10=","record":{"id":"215","interfaceName":"Rest_Awards","serverList":"9999","dataResult":"a:7:{s:3:\"uid\";s:0:\"\";s:6:\"expire\";i:1608714126;s:5:\"title\";s:80:\"{\"default\":\"en\",\"en\":\"\\u6d4b\\u8bd520201123\\u5916\\u7f51\\u53d8\\u8272\\u6587\\u672c\"}\";s:7:\"content\";s:465:\"{\"default\":\"en\",\"en\":\"<color=blue1>\\u0417\\u0430 \\u043f\\u0440\\u043e\\u0445\\u043e\\u0436\\u0434\\u0435\\u043d\\u0438\\u0435 \\u0432\\u0441\\u0435\\u0445 \\u044d\\u0442\\u0430\\u043f\\u043e\\u0432 \\u043d\\u0430 \\u043a\\u0430\\u0436\\u0434\\u043e\\u043c \\u0443\\u0440\\u043e\\u0432\\u043d\\u0435 \\u0441\\u043b\\u043e\\u0436\\u043d\\u043e\\u0441\\u0442\\u0438 \\u0432\\u0430\\u0441 \\u0436\\u0434\\u0451\\u0442 \\u0448\\u0438\\u043a\\u0430\\u0440\\u043d\\u0430\\u044f \\u043d\\u0430\\u0433\\u0440\\u0430\\u0434\\u0430<\\\/color>\"}\";s:6:\"reason\";s:6:\"\u6d4b\u8bd5\";s:6:\"author\";s:7:\"sanxiao\";s:4:\"gift\";s:4:\"W10=\";}","description":"","serverGroup":"2150","productId":"2150","queueDate":"2020-11-23 17:02:37","status":"0"}}
 -- [2020-11-23 17:02:45] -- cai -- in_call_1
 -- [2020-11-23 17:02:45] -- cai -- "Rest_Awards"
 -- [2020-11-23 17:02:45] -- cai -- "t3.sm2.kunlun.com\/platform\/index.php"
 -- [2020-11-23 17:02:45] -- cai -- {"uid":"","expire":1608714126,"title":"{\"default\":\"en\",\"en\":\"\\u6d4b\\u8bd520201123\\u5916\\u7f51\\u53d8\\u8272\\u6587\\u672c\"}","content":"{\"default\":\"en\",\"en\":\"<color=blue1>\\u0417\\u0430 \\u043f\\u0440\\u043e\\u0445\\u043e\\u0436\\u0434\\u0435\\u043d\\u0438\\u0435 \\u0432\\u0441\\u0435\\u0445 \\u044d\\u0442\\u0430\\u043f\\u043e\\u0432 \\u043d\\u0430 \\u043a\\u0430\\u0436\\u0434\\u043e\\u043c \\u0443\\u0440\\u043e\\u0432\\u043d\\u0435 \\u0441\\u043b\\u043e\\u0436\\u043d\\u043e\\u0441\\u0442\\u0438 \\u0432\\u0430\\u0441 \\u0436\\u0434\\u0451\\u0442 \\u0448\\u0438\\u043a\\u0430\\u0440\\u043d\\u0430\\u044f \\u043d\\u0430\\u0433\\u0440\\u0430\\u0434\\u0430<\\\/color>\"}","reason":"\u6d4b\u8bd5","author":"sanxiao","gift":"W10=","record":{"id":"215","interfaceName":"Rest_Awards","serverList":"9999","dataResult":"a:7:{s:3:\"uid\";s:0:\"\";s:6:\"expire\";i:1608714126;s:5:\"title\";s:80:\"{\"default\":\"en\",\"en\":\"\\u6d4b\\u8bd520201123\\u5916\\u7f51\\u53d8\\u8272\\u6587\\u672c\"}\";s:7:\"content\";s:465:\"{\"default\":\"en\",\"en\":\"<color=blue1>\\u0417\\u0430 \\u043f\\u0440\\u043e\\u0445\\u043e\\u0436\\u0434\\u0435\\u043d\\u0438\\u0435 \\u0432\\u0441\\u0435\\u0445 \\u044d\\u0442\\u0430\\u043f\\u043e\\u0432 \\u043d\\u0430 \\u043a\\u0430\\u0436\\u0434\\u043e\\u043c \\u0443\\u0440\\u043e\\u0432\\u043d\\u0435 \\u0441\\u043b\\u043e\\u0436\\u043d\\u043e\\u0441\\u0442\\u0438 \\u0432\\u0430\\u0441 \\u0436\\u0434\\u0451\\u0442 \\u0448\\u0438\\u043a\\u0430\\u0440\\u043d\\u0430\\u044f \\u043d\\u0430\\u0433\\u0440\\u0430\\u0434\\u0430<\\\/color>\"}\";s:6:\"reason\";s:6:\"\u6d4b\u8bd5\";s:6:\"author\";s:7:\"sanxiao\";s:4:\"gift\";s:4:\"W10=\";}","description":"","serverGroup":"2150","productId":"2150","queueDate":"2020-11-23 17:02:37","status":"0"}}
 -- [2020-11-23 17:02:45] -- cai -- in_call_1
 -- [2020-11-23 17:02:45] -- cai -- "Rest_Awards"
 -- [2020-11-23 17:02:45] -- cai -- "t2.sm2.kunlun.com\/platform\/index.php"
 -- [2020-11-23 17:02:45] -- cai -- {"uid":"","expire":1608714126,"title":"{\"default\":\"en\",\"en\":\"\\u6d4b\\u8bd520201123\\u5916\\u7f51\\u53d8\\u8272\\u6587\\u672c\"}","content":"{\"default\":\"en\",\"en\":\"<color=blue1>\\u0417\\u0430 \\u043f\\u0440\\u043e\\u0445\\u043e\\u0436\\u0434\\u0435\\u043d\\u0438\\u0435 \\u0432\\u0441\\u0435\\u0445 \\u044d\\u0442\\u0430\\u043f\\u043e\\u0432 \\u043d\\u0430 \\u043a\\u0430\\u0436\\u0434\\u043e\\u043c \\u0443\\u0440\\u043e\\u0432\\u043d\\u0435 \\u0441\\u043b\\u043e\\u0436\\u043d\\u043e\\u0441\\u0442\\u0438 \\u0432\\u0430\\u0441 \\u0436\\u0434\\u0451\\u0442 \\u0448\\u0438\\u043a\\u0430\\u0440\\u043d\\u0430\\u044f \\u043d\\u0430\\u0433\\u0440\\u0430\\u0434\\u0430<\\\/color>\"}","reason":"\u6d4b\u8bd5","author":"sanxiao","gift":"W10=","record":{"id":"215","interfaceName":"Rest_Awards","serverList":"9999","dataResult":"a:7:{s:3:\"uid\";s:0:\"\";s:6:\"expire\";i:1608714126;s:5:\"title\";s:80:\"{\"default\":\"en\",\"en\":\"\\u6d4b\\u8bd520201123\\u5916\\u7f51\\u53d8\\u8272\\u6587\\u672c\"}\";s:7:\"content\";s:465:\"{\"default\":\"en\",\"en\":\"<color=blue1>\\u0417\\u0430 \\u043f\\u0440\\u043e\\u0445\\u043e\\u0436\\u0434\\u0435\\u043d\\u0438\\u0435 \\u0432\\u0441\\u0435\\u0445 \\u044d\\u0442\\u0430\\u043f\\u043e\\u0432 \\u043d\\u0430 \\u043a\\u0430\\u0436\\u0434\\u043e\\u043c \\u0443\\u0440\\u043e\\u0432\\u043d\\u0435 \\u0441\\u043b\\u043e\\u0436\\u043d\\u043e\\u0441\\u0442\\u0438 \\u0432\\u0430\\u0441 \\u0436\\u0434\\u0451\\u0442 \\u0448\\u0438\\u043a\\u0430\\u0440\\u043d\\u0430\\u044f \\u043d\\u0430\\u0433\\u0440\\u0430\\u0434\\u0430<\\\/color>\"}\";s:6:\"reason\";s:6:\"\u6d4b\u8bd5\";s:6:\"author\";s:7:\"sanxiao\";s:4:\"gift\";s:4:\"W10=\";}","description":"","serverGroup":"2150","productId":"2150","queueDate":"2020-11-23 17:02:37","status":"0"}}
 -- [2020-11-23 17:02:45] -- cai -- in_call_1
 -- [2020-11-23 17:02:45] -- cai -- "Rest_Awards"
 -- [2020-11-23 17:02:45] -- cai -- "t1.sm2.kunlun.com\/platform\/index.php"
 -- [2020-11-23 17:02:45] -- cai -- {"uid":"","expire":1608714126,"title":"{\"default\":\"en\",\"en\":\"\\u6d4b\\u8bd520201123\\u5916\\u7f51\\u53d8\\u8272\\u6587\\u672c\"}","content":"{\"default\":\"en\",\"en\":\"<color=blue1>\\u0417\\u0430 \\u043f\\u0440\\u043e\\u0445\\u043e\\u0436\\u0434\\u0435\\u043d\\u0438\\u0435 \\u0432\\u0441\\u0435\\u0445 \\u044d\\u0442\\u0430\\u043f\\u043e\\u0432 \\u043d\\u0430 \\u043a\\u0430\\u0436\\u0434\\u043e\\u043c \\u0443\\u0440\\u043e\\u0432\\u043d\\u0435 \\u0441\\u043b\\u043e\\u0436\\u043d\\u043e\\u0441\\u0442\\u0438 \\u0432\\u0430\\u0441 \\u0436\\u0434\\u0451\\u0442 \\u0448\\u0438\\u043a\\u0430\\u0440\\u043d\\u0430\\u044f \\u043d\\u0430\\u0433\\u0440\\u0430\\u0434\\u0430<\\\/color>\"}","reason":"\u6d4b\u8bd5","author":"sanxiao","gift":"W10=","record":{"id":"215","interfaceName":"Rest_Awards","serverList":"9999","dataResult":"a:7:{s:3:\"uid\";s:0:\"\";s:6:\"expire\";i:1608714126;s:5:\"title\";s:80:\"{\"default\":\"en\",\"en\":\"\\u6d4b\\u8bd520201123\\u5916\\u7f51\\u53d8\\u8272\\u6587\\u672c\"}\";s:7:\"content\";s:465:\"{\"default\":\"en\",\"en\":\"<color=blue1>\\u0417\\u0430 \\u043f\\u0440\\u043e\\u0445\\u043e\\u0436\\u0434\\u0435\\u043d\\u0438\\u0435 \\u0432\\u0441\\u0435\\u0445 \\u044d\\u0442\\u0430\\u043f\\u043e\\u0432 \\u043d\\u0430 \\u043a\\u0430\\u0436\\u0434\\u043e\\u043c \\u0443\\u0440\\u043e\\u0432\\u043d\\u0435 \\u0441\\u043b\\u043e\\u0436\\u043d\\u043e\\u0441\\u0442\\u0438 \\u0432\\u0430\\u0441 \\u0436\\u0434\\u0451\\u0442 \\u0448\\u0438\\u043a\\u0430\\u0440\\u043d\\u0430\\u044f \\u043d\\u0430\\u0433\\u0440\\u0430\\u0434\\u0430<\\\/color>\"}\";s:6:\"reason\";s:6:\"\u6d4b\u8bd5\";s:6:\"author\";s:7:\"sanxiao\";s:4:\"gift\";s:4:\"W10=\";}","description":"","serverGroup":"2150","productId":"2150","queueDate":"2020-11-23 17:02:37","status":"0"}}
 -- [2020-11-23 17:02:45] -- cai -- in_call_1
 -- [2020-11-23 17:02:45] -- cai -- "Rest_Awards"
 -- [2020-11-23 17:02:45] -- cai -- "t0.sm2.kunlun.com\/platform\/index.php"
 -- [2020-11-23 17:02:45] -- cai -- {"uid":"","expire":1608714126,"title":"{\"default\":\"en\",\"en\":\"\\u6d4b\\u8bd520201123\\u5916\\u7f51\\u53d8\\u8272\\u6587\\u672c\"}","content":"{\"default\":\"en\",\"en\":\"<color=blue1>\\u0417\\u0430 \\u043f\\u0440\\u043e\\u0445\\u043e\\u0436\\u0434\\u0435\\u043d\\u0438\\u0435 \\u0432\\u0441\\u0435\\u0445 \\u044d\\u0442\\u0430\\u043f\\u043e\\u0432 \\u043d\\u0430 \\u043a\\u0430\\u0436\\u0434\\u043e\\u043c \\u0443\\u0440\\u043e\\u0432\\u043d\\u0435 \\u0441\\u043b\\u043e\\u0436\\u043d\\u043e\\u0441\\u0442\\u0438 \\u0432\\u0430\\u0441 \\u0436\\u0434\\u0451\\u0442 \\u0448\\u0438\\u043a\\u0430\\u0440\\u043d\\u0430\\u044f \\u043d\\u0430\\u0433\\u0440\\u0430\\u0434\\u0430<\\\/color>\"}","reason":"\u6d4b\u8bd5","author":"sanxiao","gift":"W10=","record":{"id":"215","interfaceName":"Rest_Awards","serverList":"9999","dataResult":"a:7:{s:3:\"uid\";s:0:\"\";s:6:\"expire\";i:1608714126;s:5:\"title\";s:80:\"{\"default\":\"en\",\"en\":\"\\u6d4b\\u8bd520201123\\u5916\\u7f51\\u53d8\\u8272\\u6587\\u672c\"}\";s:7:\"content\";s:465:\"{\"default\":\"en\",\"en\":\"<color=blue1>\\u0417\\u0430 \\u043f\\u0440\\u043e\\u0445\\u043e\\u0436\\u0434\\u0435\\u043d\\u0438\\u0435 \\u0432\\u0441\\u0435\\u0445 \\u044d\\u0442\\u0430\\u043f\\u043e\\u0432 \\u043d\\u0430 \\u043a\\u0430\\u0436\\u0434\\u043e\\u043c \\u0443\\u0440\\u043e\\u0432\\u043d\\u0435 \\u0441\\u043b\\u043e\\u0436\\u043d\\u043e\\u0441\\u0442\\u0438 \\u0432\\u0430\\u0441 \\u0436\\u0434\\u0451\\u0442 \\u0448\\u0438\\u043a\\u0430\\u0440\\u043d\\u0430\\u044f \\u043d\\u0430\\u0433\\u0440\\u0430\\u0434\\u0430<\\\/color>\"}\";s:6:\"reason\";s:6:\"\u6d4b\u8bd5\";s:6:\"author\";s:7:\"sanxiao\";s:4:\"gift\";s:4:\"W10=\";}","description":"","serverGroup":"2150","productId":"2150","queueDate":"2020-11-23 17:02:37","status":"0"}}
