 -- [2021-01-29 16:39:16] -- cai -- in_call_1
 -- [2021-01-29 16:39:16] -- cai -- "Rest_setNotice"
 -- [2021-01-29 16:39:16] -- cai -- "t2.sm2.kunlun.com\/platform\/index.php"
 -- [2021-01-29 16:39:16] -- cai -- {"title":"\u6d4b\u8bd5\u63a8\u9001\u77ed\u4fe1","type":0,"author":0,"begTime":0,"endTime":0,"tollgate_id":0,"content":"\u6d4b\u8bd5\u63a8\u9001\u77ed\u4fe1","cycle":0,"pictureUrl":0,"status":0,"ext":""}
 -- [2021-01-29 16:44:11] -- cai -- in_call_1
 -- [2021-01-29 16:44:11] -- cai -- "Rest_setNotice"
 -- [2021-01-29 16:44:11] -- cai -- "t2.sm2.kunlun.com\/platform\/index.php"
 -- [2021-01-29 16:44:11] -- cai -- {"title":"\u6d4b\u8bd5\u63a8\u9001\u77ed\u4fe1","type":1,"author":0,"begTime":20110101,"endTime":20110102,"tollgate_id":0,"content":"\u6d4b\u8bd5\u63a8\u9001\u77ed\u4fe1","cycle":15,"pictureUrl":0,"status":0,"ext":""}
 -- [2021-01-29 16:53:12] -- cai -- in_call_1
 -- [2021-01-29 16:53:12] -- cai -- "Rest_setNotice"
 -- [2021-01-29 16:53:12] -- cai -- "t2.sm2.kunlun.com\/platform\/index.php"
 -- [2021-01-29 16:53:12] -- cai -- {"title":"\u6d4b\u8bd5\u63a8\u9001\u77ed\u4fe1","type":1,"author":0,"begTime":20110101,"endTime":20110102,"tollgate_id":0,"content":"\u6d4b\u8bd5\u63a8\u9001\u77ed\u4fe1","cycle":15,"pictureUrl":0,"status":0,"ext":"","id":1,"act_type":"add"}
 -- [2021-01-29 17:45:26] -- cai -- in_call_1
 -- [2021-01-29 17:45:26] -- cai -- "Rest_setNotice"
 -- [2021-01-29 17:45:26] -- cai -- "t2.sm2.kunlun.com\/platform\/index.php"
 -- [2021-01-29 17:45:26] -- cai -- {"title":"\u6d4b\u8bd5\u63a8\u9001\u77ed\u4fe1","type":1,"author":0,"begTime":20110101,"endTime":20110102,"tollgate_id":0,"content":"\u6d4b\u8bd5\u63a8\u9001\u77ed\u4fe1","cycle":15,"pictureUrl":0,"status":0,"ext":"","id":1,"act_type":"add"}
 -- [2021-01-29 17:45:39] -- cai -- in_call_1
 -- [2021-01-29 17:45:39] -- cai -- "Rest_setNotice"
 -- [2021-01-29 17:45:39] -- cai -- "t2.sm2.kunlun.com\/platform\/index.php"
 -- [2021-01-29 17:45:39] -- cai -- {"title":"\u6d4b\u8bd5\u63a8\u9001\u77ed\u4fe1","type":1,"author":0,"begTime":20110101,"endTime":20110102,"tollgate_id":0,"content":"\u6d4b\u8bd5\u63a8\u9001\u77ed\u4fe1","cycle":15,"pictureUrl":0,"status":0,"ext":"","id":1,"act_type":"add"}
 -- [2021-01-29 17:46:08] -- cai -- in_call_1
 -- [2021-01-29 17:46:08] -- cai -- "Rest_setNotice"
 -- [2021-01-29 17:46:08] -- cai -- "t2.sm2.kunlun.com\/platform\/index.php"
 -- [2021-01-29 17:46:08] -- cai -- {"title":"\u6d4b\u8bd5\u63a8\u9001\u77ed\u4fe1","type":1,"author":0,"begTime":20110101,"endTime":20110102,"tollgate_id":0,"content":"\u6d4b\u8bd5\u63a8\u9001\u77ed\u4fe1","cycle":15,"pictureUrl":0,"status":0,"ext":"","id":1,"act_type":"add"}
 -- [2021-01-29 17:46:49] -- cai -- in_call_1
 -- [2021-01-29 17:46:49] -- cai -- "Rest_setNotice"
 -- [2021-01-29 17:46:49] -- cai -- "t2.sm2.kunlun.com\/platform\/index.php"
 -- [2021-01-29 17:46:49] -- cai -- {"title":"\u6d4b\u8bd5\u63a8\u9001\u77ed\u4fe1","type":1,"author":0,"begTime":20110101,"endTime":20110102,"tollgate_id":0,"content":"\u6d4b\u8bd5\u63a8\u9001\u77ed\u4fe1","cycle":15,"pictureUrl":0,"status":0,"ext":999,"act_type":"add"}
 -- [2021-01-29 17:47:39] -- cai -- in_call_1
 -- [2021-01-29 17:47:39] -- cai -- "Rest_setNotice"
 -- [2021-01-29 17:47:39] -- cai -- "t2.sm2.kunlun.com\/platform\/index.php"
 -- [2021-01-29 17:47:39] -- cai -- {"title":"\u6d4b\u8bd5\u63a8\u9001\u77ed\u4fe1","type":1,"author":0,"begTime":20110101,"endTime":20110102,"tollgate_id":0,"content":"\u6d4b\u8bd5\u63a8\u9001\u77ed\u4fe1","cycle":15,"pictureUrl":0,"status":0,"ext":999,"id":1,"act_type":"add"}
 -- [2021-01-29 17:47:49] -- cai -- in_call_1
 -- [2021-01-29 17:47:49] -- cai -- "Rest_setNotice"
 -- [2021-01-29 17:47:49] -- cai -- "t2.sm2.kunlun.com\/platform\/index.php"
 -- [2021-01-29 17:47:49] -- cai -- {"title":"\u6d4b\u8bd5\u63a8\u9001\u77ed\u4fe1","type":1,"author":0,"begTime":20110101,"endTime":20110102,"tollgate_id":0,"content":"\u6d4b\u8bd5\u63a8\u9001\u77ed\u4fe1","cycle":15,"pictureUrl":0,"status":0,"ext":999,"id":1,"act_type":"add"}
 -- [2021-01-29 17:47:51] -- cai -- in_call_1
 -- [2021-01-29 17:47:51] -- cai -- "Rest_setNotice"
 -- [2021-01-29 17:47:51] -- cai -- "t2.sm2.kunlun.com\/platform\/index.php"
 -- [2021-01-29 17:47:51] -- cai -- {"title":"\u6d4b\u8bd5\u63a8\u9001\u77ed\u4fe1","type":1,"author":0,"begTime":20110101,"endTime":20110102,"tollgate_id":0,"content":"\u6d4b\u8bd5\u63a8\u9001\u77ed\u4fe1","cycle":15,"pictureUrl":0,"status":0,"ext":999,"id":1,"act_type":"add"}
 -- [2021-01-29 17:47:51] -- cai -- in_call_1
 -- [2021-01-29 17:47:51] -- cai -- "Rest_setNotice"
 -- [2021-01-29 17:47:51] -- cai -- "t1.sm2.kunlun.com\/platform\/index.php"
 -- [2021-01-29 17:47:51] -- cai -- {"title":"\u6d4b\u8bd5\u63a8\u9001\u77ed\u4fe1","type":1,"author":0,"begTime":20110101,"endTime":20110102,"tollgate_id":0,"content":"\u6d4b\u8bd5\u63a8\u9001\u77ed\u4fe1","cycle":15,"pictureUrl":0,"status":0,"ext":999,"id":1,"act_type":"add"}
 -- [2021-01-29 17:47:54] -- cai -- in_call_1
 -- [2021-01-29 17:47:54] -- cai -- "Rest_setNotice"
 -- [2021-01-29 17:47:54] -- cai -- "t1.sm2.kunlun.com\/platform\/index.php"
 -- [2021-01-29 17:47:54] -- cai -- {"title":"\u6d4b\u8bd5\u63a8\u9001\u77ed\u4fe1","type":1,"author":0,"begTime":20110101,"endTime":20110102,"tollgate_id":0,"content":"\u6d4b\u8bd5\u63a8\u9001\u77ed\u4fe1","cycle":15,"pictureUrl":0,"status":0,"ext":999,"id":1,"act_type":"add"}
 -- [2021-01-29 17:47:57] -- cai -- in_call_1
 -- [2021-01-29 17:47:57] -- cai -- "Rest_setNotice"
 -- [2021-01-29 17:47:57] -- cai -- "t2.sm2.kunlun.com\/platform\/index.php"
 -- [2021-01-29 17:47:57] -- cai -- {"title":"\u6d4b\u8bd5\u63a8\u9001\u77ed\u4fe1","type":1,"author":0,"begTime":20110101,"endTime":20110102,"tollgate_id":0,"content":"\u6d4b\u8bd5\u63a8\u9001\u77ed\u4fe1","cycle":15,"pictureUrl":0,"status":0,"ext":999,"id":1,"act_type":"add"}
 -- [2021-01-29 17:47:59] -- cai -- in_call_1
 -- [2021-01-29 17:47:59] -- cai -- "Rest_setNotice"
 -- [2021-01-29 17:47:59] -- cai -- "t2.sm2.kunlun.com\/platform\/index.php"
 -- [2021-01-29 17:47:59] -- cai -- {"title":"\u6d4b\u8bd5\u63a8\u9001\u77ed\u4fe1","type":1,"author":0,"begTime":20110101,"endTime":20110102,"tollgate_id":0,"content":"\u6d4b\u8bd5\u63a8\u9001\u77ed\u4fe1","cycle":15,"pictureUrl":0,"status":0,"ext":999,"id":1,"act_type":"add"}
 -- [2021-01-29 17:48:02] -- cai -- in_call_1
 -- [2021-01-29 17:48:02] -- cai -- "Rest_setNotice"
 -- [2021-01-29 17:48:02] -- cai -- "t4.sm2.kunlun.com\/platform\/index.php"
 -- [2021-01-29 17:48:02] -- cai -- {"title":"\u6d4b\u8bd5\u63a8\u9001\u77ed\u4fe1","type":1,"author":0,"begTime":20110101,"endTime":20110102,"tollgate_id":0,"content":"\u6d4b\u8bd5\u63a8\u9001\u77ed\u4fe1","cycle":15,"pictureUrl":0,"status":0,"ext":999,"id":1,"act_type":"add"}
 -- [2021-01-29 17:48:02] -- cai -- in_call_1
 -- [2021-01-29 17:48:02] -- cai -- "Rest_setNotice"
 -- [2021-01-29 17:48:02] -- cai -- "t3.sm2.kunlun.com\/platform\/index.php"
 -- [2021-01-29 17:48:02] -- cai -- {"title":"\u6d4b\u8bd5\u63a8\u9001\u77ed\u4fe1","type":1,"author":0,"begTime":20110101,"endTime":20110102,"tollgate_id":0,"content":"\u6d4b\u8bd5\u63a8\u9001\u77ed\u4fe1","cycle":15,"pictureUrl":0,"status":0,"ext":999,"id":1,"act_type":"add"}
 -- [2021-01-29 17:48:02] -- cai -- in_call_1
 -- [2021-01-29 17:48:02] -- cai -- "Rest_setNotice"
 -- [2021-01-29 17:48:02] -- cai -- "t2.sm2.kunlun.com\/platform\/index.php"
 -- [2021-01-29 17:48:02] -- cai -- {"title":"\u6d4b\u8bd5\u63a8\u9001\u77ed\u4fe1","type":1,"author":0,"begTime":20110101,"endTime":20110102,"tollgate_id":0,"content":"\u6d4b\u8bd5\u63a8\u9001\u77ed\u4fe1","cycle":15,"pictureUrl":0,"status":0,"ext":999,"id":1,"act_type":"add"}
 -- [2021-01-29 17:48:02] -- cai -- in_call_1
 -- [2021-01-29 17:48:02] -- cai -- "Rest_setNotice"
 -- [2021-01-29 17:48:02] -- cai -- "t1.sm2.kunlun.com\/platform\/index.php"
 -- [2021-01-29 17:48:02] -- cai -- {"title":"\u6d4b\u8bd5\u63a8\u9001\u77ed\u4fe1","type":1,"author":0,"begTime":20110101,"endTime":20110102,"tollgate_id":0,"content":"\u6d4b\u8bd5\u63a8\u9001\u77ed\u4fe1","cycle":15,"pictureUrl":0,"status":0,"ext":999,"id":1,"act_type":"add"}
 -- [2021-01-29 17:48:02] -- cai -- in_call_1
 -- [2021-01-29 17:48:02] -- cai -- "Rest_setNotice"
 -- [2021-01-29 17:48:02] -- cai -- "t5.sm2.kunlun.com\/platform\/index.php"
 -- [2021-01-29 17:48:02] -- cai -- {"title":"\u6d4b\u8bd5\u63a8\u9001\u77ed\u4fe1","type":1,"author":0,"begTime":20110101,"endTime":20110102,"tollgate_id":0,"content":"\u6d4b\u8bd5\u63a8\u9001\u77ed\u4fe1","cycle":15,"pictureUrl":0,"status":0,"ext":999,"id":1,"act_type":"add"}
 -- [2021-01-29 17:48:02] -- cai -- in_call_1
 -- [2021-01-29 17:48:02] -- cai -- "Rest_setNotice"
 -- [2021-01-29 17:48:02] -- cai -- "t999.sm2.kunlun.com\/platform\/index.php"
 -- [2021-01-29 17:48:02] -- cai -- {"title":"\u6d4b\u8bd5\u63a8\u9001\u77ed\u4fe1","type":1,"author":0,"begTime":20110101,"endTime":20110102,"tollgate_id":0,"content":"\u6d4b\u8bd5\u63a8\u9001\u77ed\u4fe1","cycle":15,"pictureUrl":0,"status":0,"ext":999,"id":1,"act_type":"add"}
 -- [2021-01-29 17:48:02] -- cai -- in_call_1
 -- [2021-01-29 17:48:02] -- cai -- "Rest_setNotice"
 -- [2021-01-29 17:48:02] -- cai -- "t0.sm2.kunlun.com\/platform\/index.php"
 -- [2021-01-29 17:48:02] -- cai -- {"title":"\u6d4b\u8bd5\u63a8\u9001\u77ed\u4fe1","type":1,"author":0,"begTime":20110101,"endTime":20110102,"tollgate_id":0,"content":"\u6d4b\u8bd5\u63a8\u9001\u77ed\u4fe1","cycle":15,"pictureUrl":0,"status":0,"ext":999,"id":1,"act_type":"add"}
 -- [2021-01-29 17:48:10] -- cai -- in_call_1
 -- [2021-01-29 17:48:10] -- cai -- "Rest_setNotice"
 -- [2021-01-29 17:48:10] -- cai -- "t4.sm2.kunlun.com\/platform\/index.php"
 -- [2021-01-29 17:48:10] -- cai -- {"title":"\u6d4b\u8bd5\u63a8\u9001\u77ed\u4fe1","type":1,"author":0,"begTime":20110101,"endTime":20110102,"tollgate_id":0,"content":"\u6d4b\u8bd5\u63a8\u9001\u77ed\u4fe1","cycle":15,"pictureUrl":0,"status":0,"ext":999,"id":1,"act_type":"add"}
 -- [2021-01-29 17:48:10] -- cai -- in_call_1
 -- [2021-01-29 17:48:10] -- cai -- "Rest_setNotice"
 -- [2021-01-29 17:48:10] -- cai -- "t3.sm2.kunlun.com\/platform\/index.php"
 -- [2021-01-29 17:48:10] -- cai -- {"title":"\u6d4b\u8bd5\u63a8\u9001\u77ed\u4fe1","type":1,"author":0,"begTime":20110101,"endTime":20110102,"tollgate_id":0,"content":"\u6d4b\u8bd5\u63a8\u9001\u77ed\u4fe1","cycle":15,"pictureUrl":0,"status":0,"ext":999,"id":1,"act_type":"add"}
 -- [2021-01-29 17:48:10] -- cai -- in_call_1
 -- [2021-01-29 17:48:10] -- cai -- "Rest_setNotice"
 -- [2021-01-29 17:48:10] -- cai -- "t2.sm2.kunlun.com\/platform\/index.php"
 -- [2021-01-29 17:48:10] -- cai -- {"title":"\u6d4b\u8bd5\u63a8\u9001\u77ed\u4fe1","type":1,"author":0,"begTime":20110101,"endTime":20110102,"tollgate_id":0,"content":"\u6d4b\u8bd5\u63a8\u9001\u77ed\u4fe1","cycle":15,"pictureUrl":0,"status":0,"ext":999,"id":1,"act_type":"add"}
 -- [2021-01-29 17:48:10] -- cai -- in_call_1
 -- [2021-01-29 17:48:10] -- cai -- "Rest_setNotice"
 -- [2021-01-29 17:48:10] -- cai -- "t1.sm2.kunlun.com\/platform\/index.php"
 -- [2021-01-29 17:48:10] -- cai -- {"title":"\u6d4b\u8bd5\u63a8\u9001\u77ed\u4fe1","type":1,"author":0,"begTime":20110101,"endTime":20110102,"tollgate_id":0,"content":"\u6d4b\u8bd5\u63a8\u9001\u77ed\u4fe1","cycle":15,"pictureUrl":0,"status":0,"ext":999,"id":1,"act_type":"add"}
 -- [2021-01-29 17:48:10] -- cai -- in_call_1
 -- [2021-01-29 17:48:10] -- cai -- "Rest_setNotice"
 -- [2021-01-29 17:48:10] -- cai -- "t5.sm2.kunlun.com\/platform\/index.php"
 -- [2021-01-29 17:48:10] -- cai -- {"title":"\u6d4b\u8bd5\u63a8\u9001\u77ed\u4fe1","type":1,"author":0,"begTime":20110101,"endTime":20110102,"tollgate_id":0,"content":"\u6d4b\u8bd5\u63a8\u9001\u77ed\u4fe1","cycle":15,"pictureUrl":0,"status":0,"ext":999,"id":1,"act_type":"add"}
 -- [2021-01-29 17:48:10] -- cai -- in_call_1
 -- [2021-01-29 17:48:10] -- cai -- "Rest_setNotice"
 -- [2021-01-29 17:48:10] -- cai -- "t999.sm2.kunlun.com\/platform\/index.php"
 -- [2021-01-29 17:48:10] -- cai -- {"title":"\u6d4b\u8bd5\u63a8\u9001\u77ed\u4fe1","type":1,"author":0,"begTime":20110101,"endTime":20110102,"tollgate_id":0,"content":"\u6d4b\u8bd5\u63a8\u9001\u77ed\u4fe1","cycle":15,"pictureUrl":0,"status":0,"ext":999,"id":1,"act_type":"add"}
 -- [2021-01-29 17:48:10] -- cai -- in_call_1
 -- [2021-01-29 17:48:10] -- cai -- "Rest_setNotice"
 -- [2021-01-29 17:48:10] -- cai -- "t0.sm2.kunlun.com\/platform\/index.php"
 -- [2021-01-29 17:48:10] -- cai -- {"title":"\u6d4b\u8bd5\u63a8\u9001\u77ed\u4fe1","type":1,"author":0,"begTime":20110101,"endTime":20110102,"tollgate_id":0,"content":"\u6d4b\u8bd5\u63a8\u9001\u77ed\u4fe1","cycle":15,"pictureUrl":0,"status":0,"ext":999,"id":1,"act_type":"add"}
 -- [2021-01-29 17:48:26] -- cai -- in_call_1
 -- [2021-01-29 17:48:26] -- cai -- "Rest_setNotice"
 -- [2021-01-29 17:48:26] -- cai -- "t2.sm2.kunlun.com\/platform\/index.php"
 -- [2021-01-29 17:48:26] -- cai -- {"title":"\u6d4b\u8bd5\u63a8\u9001\u77ed\u4fe1","type":1,"author":0,"begTime":20110101,"endTime":20110102,"tollgate_id":0,"content":"\u6d4b\u8bd5\u63a8\u9001\u77ed\u4fe1","cycle":15,"pictureUrl":0,"status":0,"ext":999,"id":1,"act_type":"add"}
