 -- [2021-02-23 14:09:57] -- cai -- in_call_1
 -- [2021-02-23 14:09:57] -- cai -- "Rest_getUserList"
 -- [2021-02-23 14:09:57] -- cai -- "t2.sm2.kunlun.com\/platform\/index.php"
 -- [2021-02-23 14:09:57] -- cai -- {"opType":"1","opValue":"200307","isPay":null,"status":null,"begTime":null,"endTime":null,"lastLoginIp":"","unique_key":"","page":"1","pagecount":"30"}
 -- [2021-02-23 14:10:19] -- cai -- in_call_1
 -- [2021-02-23 14:10:19] -- cai -- "Rest_getUserList"
 -- [2021-02-23 14:10:19] -- cai -- "t2.sm2.kunlun.com\/platform\/index.php"
 -- [2021-02-23 14:10:19] -- cai -- {"opType":"1","opValue":"200307","isPay":null,"status":null,"begTime":null,"endTime":null,"lastLoginIp":"","unique_key":"","page":"1","pagecount":"30"}
 -- [2021-02-23 14:24:40] -- cai -- in_call_1
 -- [2021-02-23 14:24:40] -- cai -- "Rest_getUserList"
 -- [2021-02-23 14:24:40] -- cai -- "t2.sm2.kunlun.com\/platform\/index.php"
 -- [2021-02-23 14:24:40] -- cai -- {"opType":"1","opValue":"200307","isPay":null,"status":null,"begTime":null,"endTime":null,"lastLoginIp":"","unique_key":"","page":"1","pagecount":"30"}
 -- [2021-02-23 14:29:52] -- cai -- in_call_1
 -- [2021-02-23 14:29:52] -- cai -- "Rest_getUserList"
 -- [2021-02-23 14:29:52] -- cai -- "t2.sm2.kunlun.com\/platform\/index.php"
 -- [2021-02-23 14:29:52] -- cai -- {"opType":"1","opValue":"200307","isPay":null,"status":null,"begTime":null,"endTime":null,"lastLoginIp":"","unique_key":"","page":"1","pagecount":"30"}
 -- [2021-02-23 14:30:52] -- cai -- in_call_1
 -- [2021-02-23 14:30:52] -- cai -- "Rest_getVouchList"
 -- [2021-02-23 14:30:52] -- cai -- "t2.sm2.kunlun.com\/platform\/index.php"
 -- [2021-02-23 14:30:52] -- cai -- {"pid":"2150","rid":"9000996","opType":"0","opValue":"","begtime":"2021-02-23 00:00:00","endtime":"2021-02-23 23:59:59","all":"1","page":"1","pagecount":"30"}
 -- [2021-02-23 14:54:29] -- cai -- in_call_1
 -- [2021-02-23 14:54:29] -- cai -- "Rest_getUserList"
 -- [2021-02-23 14:54:29] -- cai -- "t2.sm2.kunlun.com\/platform\/index.php"
 -- [2021-02-23 14:54:29] -- cai -- {"opType":"1","opValue":"2","isPay":null,"status":null,"begTime":null,"endTime":null,"lastLoginIp":"","unique_key":"","page":"1","pagecount":"30"}
 -- [2021-02-23 14:54:53] -- cai -- in_call_1
 -- [2021-02-23 14:54:53] -- cai -- "Rest_getUserList"
 -- [2021-02-23 14:54:53] -- cai -- "t2.sm2.kunlun.com\/platform\/index.php"
 -- [2021-02-23 14:54:53] -- cai -- {"opType":"0","opValue":"2","isPay":null,"status":null,"begTime":null,"endTime":null,"lastLoginIp":"","unique_key":"","page":"1","pagecount":"30"}
 -- [2021-02-23 14:56:39] -- cai -- in_call_1
 -- [2021-02-23 14:56:39] -- cai -- "Rest_getUserList"
 -- [2021-02-23 14:56:39] -- cai -- "t2.sm2.kunlun.com\/platform\/index.php"
 -- [2021-02-23 14:56:39] -- cai -- {"opType":"1","opValue":"2","isPay":null,"status":null,"begTime":null,"endTime":null,"lastLoginIp":"","unique_key":"","page":"1","pagecount":"30"}
 -- [2021-02-23 14:57:57] -- cai -- in_call_1
 -- [2021-02-23 14:57:57] -- cai -- "Rest_getUserList"
 -- [2021-02-23 14:57:57] -- cai -- "t2.sm2.kunlun.com\/platform\/index.php"
 -- [2021-02-23 14:57:57] -- cai -- {"opType":"3","opValue":"2","isPay":null,"status":null,"begTime":null,"endTime":null,"lastLoginIp":"","unique_key":"","page":"1","pagecount":"30"}
 -- [2021-02-23 14:58:50] -- cai -- in_call_1
 -- [2021-02-23 14:58:50] -- cai -- "Rest_getUserList"
 -- [2021-02-23 14:58:50] -- cai -- "t2.sm2.kunlun.com\/platform\/index.php"
 -- [2021-02-23 14:58:50] -- cai -- {"opType":"3","opValue":"2","isPay":null,"status":null,"begTime":null,"endTime":null,"lastLoginIp":"","unique_key":"","page":"1","pagecount":"30"}
