 -- [2020-12-07 10:19:24] -- cai -- INSERT INTO `gm_queue` (`interfaceName`,`serverList`,`dataResult`,`status`,`queueDate`,`serverGroup`,`productId`) VALUES (:interfaceName, :serverList, :dataResult, :status, :queueDate, :serverGroup, :productId)
 -- [2020-12-07 10:19:38] -- cai -- in_call_1
 -- [2020-12-07 10:19:38] -- cai -- "Rest_Awards"
 -- [2020-12-07 10:19:38] -- cai -- "t999.sm2.kunlun.com\/platform\/index.php"
 -- [2020-12-07 10:19:38] -- cai -- {"uid":"","expire":1609985937,"title":"{\"default\":\"en\",\"en\":\"\\u6d4b\\u8bd5\\u7f6e\\u9876\\u90ae\\u4ef6\"}","content":"{\"default\":\"en\",\"en\":\"\\u6d4b\\u8bd5\\u7f6e\\u9876\\u90ae\\u4ef6\",\"topType\":\"1\",\"topEndTime\":1609985937}","reason":"\u6d4b\u8bd5\u7f6e\u9876\u90ae\u4ef6","author":"sanxiao","gift":"W10=","record":{"id":"222","interfaceName":"Rest_Awards","serverList":"9999","dataResult":"a:7:{s:3:\"uid\";s:0:\"\";s:6:\"expire\";i:1609985937;s:5:\"title\";s:60:\"{\"default\":\"en\",\"en\":\"\\u6d4b\\u8bd5\\u7f6e\\u9876\\u90ae\\u4ef6\"}\";s:7:\"content\";s:98:\"{\"default\":\"en\",\"en\":\"\\u6d4b\\u8bd5\\u7f6e\\u9876\\u90ae\\u4ef6\",\"topType\":\"1\",\"topEndTime\":1609985937}\";s:6:\"reason\";s:18:\"\u6d4b\u8bd5\u7f6e\u9876\u90ae\u4ef6\";s:6:\"author\";s:7:\"sanxiao\";s:4:\"gift\";s:4:\"W10=\";}","description":"","serverGroup":"2150","productId":"2150","queueDate":"2020-12-07 10:19:24","status":"0"}}
 -- [2020-12-07 10:19:38] -- cai -- in_call_1
 -- [2020-12-07 10:19:38] -- cai -- "Rest_Awards"
 -- [2020-12-07 10:19:38] -- cai -- "t5.sm2.kunlun.com\/platform\/index.php"
 -- [2020-12-07 10:19:38] -- cai -- {"uid":"","expire":1609985937,"title":"{\"default\":\"en\",\"en\":\"\\u6d4b\\u8bd5\\u7f6e\\u9876\\u90ae\\u4ef6\"}","content":"{\"default\":\"en\",\"en\":\"\\u6d4b\\u8bd5\\u7f6e\\u9876\\u90ae\\u4ef6\",\"topType\":\"1\",\"topEndTime\":1609985937}","reason":"\u6d4b\u8bd5\u7f6e\u9876\u90ae\u4ef6","author":"sanxiao","gift":"W10=","record":{"id":"222","interfaceName":"Rest_Awards","serverList":"9999","dataResult":"a:7:{s:3:\"uid\";s:0:\"\";s:6:\"expire\";i:1609985937;s:5:\"title\";s:60:\"{\"default\":\"en\",\"en\":\"\\u6d4b\\u8bd5\\u7f6e\\u9876\\u90ae\\u4ef6\"}\";s:7:\"content\";s:98:\"{\"default\":\"en\",\"en\":\"\\u6d4b\\u8bd5\\u7f6e\\u9876\\u90ae\\u4ef6\",\"topType\":\"1\",\"topEndTime\":1609985937}\";s:6:\"reason\";s:18:\"\u6d4b\u8bd5\u7f6e\u9876\u90ae\u4ef6\";s:6:\"author\";s:7:\"sanxiao\";s:4:\"gift\";s:4:\"W10=\";}","description":"","serverGroup":"2150","productId":"2150","queueDate":"2020-12-07 10:19:24","status":"0"}}
 -- [2020-12-07 10:19:38] -- cai -- in_call_1
 -- [2020-12-07 10:19:38] -- cai -- "Rest_Awards"
 -- [2020-12-07 10:19:38] -- cai -- "t4.sm2.kunlun.com\/platform\/index.php"
 -- [2020-12-07 10:19:38] -- cai -- {"uid":"","expire":1609985937,"title":"{\"default\":\"en\",\"en\":\"\\u6d4b\\u8bd5\\u7f6e\\u9876\\u90ae\\u4ef6\"}","content":"{\"default\":\"en\",\"en\":\"\\u6d4b\\u8bd5\\u7f6e\\u9876\\u90ae\\u4ef6\",\"topType\":\"1\",\"topEndTime\":1609985937}","reason":"\u6d4b\u8bd5\u7f6e\u9876\u90ae\u4ef6","author":"sanxiao","gift":"W10=","record":{"id":"222","interfaceName":"Rest_Awards","serverList":"9999","dataResult":"a:7:{s:3:\"uid\";s:0:\"\";s:6:\"expire\";i:1609985937;s:5:\"title\";s:60:\"{\"default\":\"en\",\"en\":\"\\u6d4b\\u8bd5\\u7f6e\\u9876\\u90ae\\u4ef6\"}\";s:7:\"content\";s:98:\"{\"default\":\"en\",\"en\":\"\\u6d4b\\u8bd5\\u7f6e\\u9876\\u90ae\\u4ef6\",\"topType\":\"1\",\"topEndTime\":1609985937}\";s:6:\"reason\";s:18:\"\u6d4b\u8bd5\u7f6e\u9876\u90ae\u4ef6\";s:6:\"author\";s:7:\"sanxiao\";s:4:\"gift\";s:4:\"W10=\";}","description":"","serverGroup":"2150","productId":"2150","queueDate":"2020-12-07 10:19:24","status":"0"}}
 -- [2020-12-07 10:19:38] -- cai -- in_call_1
 -- [2020-12-07 10:19:38] -- cai -- "Rest_Awards"
 -- [2020-12-07 10:19:38] -- cai -- "t3.sm2.kunlun.com\/platform\/index.php"
 -- [2020-12-07 10:19:38] -- cai -- {"uid":"","expire":1609985937,"title":"{\"default\":\"en\",\"en\":\"\\u6d4b\\u8bd5\\u7f6e\\u9876\\u90ae\\u4ef6\"}","content":"{\"default\":\"en\",\"en\":\"\\u6d4b\\u8bd5\\u7f6e\\u9876\\u90ae\\u4ef6\",\"topType\":\"1\",\"topEndTime\":1609985937}","reason":"\u6d4b\u8bd5\u7f6e\u9876\u90ae\u4ef6","author":"sanxiao","gift":"W10=","record":{"id":"222","interfaceName":"Rest_Awards","serverList":"9999","dataResult":"a:7:{s:3:\"uid\";s:0:\"\";s:6:\"expire\";i:1609985937;s:5:\"title\";s:60:\"{\"default\":\"en\",\"en\":\"\\u6d4b\\u8bd5\\u7f6e\\u9876\\u90ae\\u4ef6\"}\";s:7:\"content\";s:98:\"{\"default\":\"en\",\"en\":\"\\u6d4b\\u8bd5\\u7f6e\\u9876\\u90ae\\u4ef6\",\"topType\":\"1\",\"topEndTime\":1609985937}\";s:6:\"reason\";s:18:\"\u6d4b\u8bd5\u7f6e\u9876\u90ae\u4ef6\";s:6:\"author\";s:7:\"sanxiao\";s:4:\"gift\";s:4:\"W10=\";}","description":"","serverGroup":"2150","productId":"2150","queueDate":"2020-12-07 10:19:24","status":"0"}}
 -- [2020-12-07 10:19:38] -- cai -- in_call_1
 -- [2020-12-07 10:19:38] -- cai -- "Rest_Awards"
 -- [2020-12-07 10:19:38] -- cai -- "t2.sm2.kunlun.com\/platform\/index.php"
 -- [2020-12-07 10:19:38] -- cai -- {"uid":"","expire":1609985937,"title":"{\"default\":\"en\",\"en\":\"\\u6d4b\\u8bd5\\u7f6e\\u9876\\u90ae\\u4ef6\"}","content":"{\"default\":\"en\",\"en\":\"\\u6d4b\\u8bd5\\u7f6e\\u9876\\u90ae\\u4ef6\",\"topType\":\"1\",\"topEndTime\":1609985937}","reason":"\u6d4b\u8bd5\u7f6e\u9876\u90ae\u4ef6","author":"sanxiao","gift":"W10=","record":{"id":"222","interfaceName":"Rest_Awards","serverList":"9999","dataResult":"a:7:{s:3:\"uid\";s:0:\"\";s:6:\"expire\";i:1609985937;s:5:\"title\";s:60:\"{\"default\":\"en\",\"en\":\"\\u6d4b\\u8bd5\\u7f6e\\u9876\\u90ae\\u4ef6\"}\";s:7:\"content\";s:98:\"{\"default\":\"en\",\"en\":\"\\u6d4b\\u8bd5\\u7f6e\\u9876\\u90ae\\u4ef6\",\"topType\":\"1\",\"topEndTime\":1609985937}\";s:6:\"reason\";s:18:\"\u6d4b\u8bd5\u7f6e\u9876\u90ae\u4ef6\";s:6:\"author\";s:7:\"sanxiao\";s:4:\"gift\";s:4:\"W10=\";}","description":"","serverGroup":"2150","productId":"2150","queueDate":"2020-12-07 10:19:24","status":"0"}}
 -- [2020-12-07 10:19:38] -- cai -- in_call_1
 -- [2020-12-07 10:19:38] -- cai -- "Rest_Awards"
 -- [2020-12-07 10:19:38] -- cai -- "t1.sm2.kunlun.com\/platform\/index.php"
 -- [2020-12-07 10:19:38] -- cai -- {"uid":"","expire":1609985937,"title":"{\"default\":\"en\",\"en\":\"\\u6d4b\\u8bd5\\u7f6e\\u9876\\u90ae\\u4ef6\"}","content":"{\"default\":\"en\",\"en\":\"\\u6d4b\\u8bd5\\u7f6e\\u9876\\u90ae\\u4ef6\",\"topType\":\"1\",\"topEndTime\":1609985937}","reason":"\u6d4b\u8bd5\u7f6e\u9876\u90ae\u4ef6","author":"sanxiao","gift":"W10=","record":{"id":"222","interfaceName":"Rest_Awards","serverList":"9999","dataResult":"a:7:{s:3:\"uid\";s:0:\"\";s:6:\"expire\";i:1609985937;s:5:\"title\";s:60:\"{\"default\":\"en\",\"en\":\"\\u6d4b\\u8bd5\\u7f6e\\u9876\\u90ae\\u4ef6\"}\";s:7:\"content\";s:98:\"{\"default\":\"en\",\"en\":\"\\u6d4b\\u8bd5\\u7f6e\\u9876\\u90ae\\u4ef6\",\"topType\":\"1\",\"topEndTime\":1609985937}\";s:6:\"reason\";s:18:\"\u6d4b\u8bd5\u7f6e\u9876\u90ae\u4ef6\";s:6:\"author\";s:7:\"sanxiao\";s:4:\"gift\";s:4:\"W10=\";}","description":"","serverGroup":"2150","productId":"2150","queueDate":"2020-12-07 10:19:24","status":"0"}}
 -- [2020-12-07 10:19:38] -- cai -- in_call_1
 -- [2020-12-07 10:19:38] -- cai -- "Rest_Awards"
 -- [2020-12-07 10:19:38] -- cai -- "t0.sm2.kunlun.com\/platform\/index.php"
 -- [2020-12-07 10:19:38] -- cai -- {"uid":"","expire":1609985937,"title":"{\"default\":\"en\",\"en\":\"\\u6d4b\\u8bd5\\u7f6e\\u9876\\u90ae\\u4ef6\"}","content":"{\"default\":\"en\",\"en\":\"\\u6d4b\\u8bd5\\u7f6e\\u9876\\u90ae\\u4ef6\",\"topType\":\"1\",\"topEndTime\":1609985937}","reason":"\u6d4b\u8bd5\u7f6e\u9876\u90ae\u4ef6","author":"sanxiao","gift":"W10=","record":{"id":"222","interfaceName":"Rest_Awards","serverList":"9999","dataResult":"a:7:{s:3:\"uid\";s:0:\"\";s:6:\"expire\";i:1609985937;s:5:\"title\";s:60:\"{\"default\":\"en\",\"en\":\"\\u6d4b\\u8bd5\\u7f6e\\u9876\\u90ae\\u4ef6\"}\";s:7:\"content\";s:98:\"{\"default\":\"en\",\"en\":\"\\u6d4b\\u8bd5\\u7f6e\\u9876\\u90ae\\u4ef6\",\"topType\":\"1\",\"topEndTime\":1609985937}\";s:6:\"reason\";s:18:\"\u6d4b\u8bd5\u7f6e\u9876\u90ae\u4ef6\";s:6:\"author\";s:7:\"sanxiao\";s:4:\"gift\";s:4:\"W10=\";}","description":"","serverGroup":"2150","productId":"2150","queueDate":"2020-12-07 10:19:24","status":"0"}}
 -- [2020-12-07 10:22:04] -- cai -- INSERT INTO `gm_queue` (`interfaceName`,`serverList`,`dataResult`,`status`,`queueDate`,`serverGroup`,`productId`) VALUES (:interfaceName, :serverList, :dataResult, :status, :queueDate, :serverGroup, :productId)
 -- [2020-12-07 10:22:19] -- cai -- in_call_1
 -- [2020-12-07 10:22:19] -- cai -- "Rest_Awards"
 -- [2020-12-07 10:22:19] -- cai -- "t999.sm2.kunlun.com\/platform\/index.php"
 -- [2020-12-07 10:22:19] -- cai -- {"uid":"","expire":1609986106,"title":"{\"default\":\"en\",\"en\":\"\\u6d4b\\u8bd5\\u95ee\\u5377\"}","content":"{\"default\":\"en\",\"en\":\"\\u6d4b\\u8bd5\\u95ee\\u5377\",\"topType\":\"2\",\"topEndTime\":1609986106}","reason":"\u6d4b\u8bd5\u95ee\u5377","author":"sanxiao","gift":"W10=","record":{"id":"223","interfaceName":"Rest_Awards","serverList":"9999","dataResult":"a:7:{s:3:\"uid\";s:0:\"\";s:6:\"expire\";i:1609986106;s:5:\"title\";s:48:\"{\"default\":\"en\",\"en\":\"\\u6d4b\\u8bd5\\u95ee\\u5377\"}\";s:7:\"content\";s:86:\"{\"default\":\"en\",\"en\":\"\\u6d4b\\u8bd5\\u95ee\\u5377\",\"topType\":\"2\",\"topEndTime\":1609986106}\";s:6:\"reason\";s:12:\"\u6d4b\u8bd5\u95ee\u5377\";s:6:\"author\";s:7:\"sanxiao\";s:4:\"gift\";s:4:\"W10=\";}","description":"","serverGroup":"2150","productId":"2150","queueDate":"2020-12-07 10:22:04","status":"0"}}
 -- [2020-12-07 10:22:19] -- cai -- in_call_1
 -- [2020-12-07 10:22:19] -- cai -- "Rest_Awards"
 -- [2020-12-07 10:22:19] -- cai -- "t5.sm2.kunlun.com\/platform\/index.php"
 -- [2020-12-07 10:22:19] -- cai -- {"uid":"","expire":1609986106,"title":"{\"default\":\"en\",\"en\":\"\\u6d4b\\u8bd5\\u95ee\\u5377\"}","content":"{\"default\":\"en\",\"en\":\"\\u6d4b\\u8bd5\\u95ee\\u5377\",\"topType\":\"2\",\"topEndTime\":1609986106}","reason":"\u6d4b\u8bd5\u95ee\u5377","author":"sanxiao","gift":"W10=","record":{"id":"223","interfaceName":"Rest_Awards","serverList":"9999","dataResult":"a:7:{s:3:\"uid\";s:0:\"\";s:6:\"expire\";i:1609986106;s:5:\"title\";s:48:\"{\"default\":\"en\",\"en\":\"\\u6d4b\\u8bd5\\u95ee\\u5377\"}\";s:7:\"content\";s:86:\"{\"default\":\"en\",\"en\":\"\\u6d4b\\u8bd5\\u95ee\\u5377\",\"topType\":\"2\",\"topEndTime\":1609986106}\";s:6:\"reason\";s:12:\"\u6d4b\u8bd5\u95ee\u5377\";s:6:\"author\";s:7:\"sanxiao\";s:4:\"gift\";s:4:\"W10=\";}","description":"","serverGroup":"2150","productId":"2150","queueDate":"2020-12-07 10:22:04","status":"0"}}
 -- [2020-12-07 10:22:19] -- cai -- in_call_1
 -- [2020-12-07 10:22:19] -- cai -- "Rest_Awards"
 -- [2020-12-07 10:22:19] -- cai -- "t4.sm2.kunlun.com\/platform\/index.php"
 -- [2020-12-07 10:22:19] -- cai -- {"uid":"","expire":1609986106,"title":"{\"default\":\"en\",\"en\":\"\\u6d4b\\u8bd5\\u95ee\\u5377\"}","content":"{\"default\":\"en\",\"en\":\"\\u6d4b\\u8bd5\\u95ee\\u5377\",\"topType\":\"2\",\"topEndTime\":1609986106}","reason":"\u6d4b\u8bd5\u95ee\u5377","author":"sanxiao","gift":"W10=","record":{"id":"223","interfaceName":"Rest_Awards","serverList":"9999","dataResult":"a:7:{s:3:\"uid\";s:0:\"\";s:6:\"expire\";i:1609986106;s:5:\"title\";s:48:\"{\"default\":\"en\",\"en\":\"\\u6d4b\\u8bd5\\u95ee\\u5377\"}\";s:7:\"content\";s:86:\"{\"default\":\"en\",\"en\":\"\\u6d4b\\u8bd5\\u95ee\\u5377\",\"topType\":\"2\",\"topEndTime\":1609986106}\";s:6:\"reason\";s:12:\"\u6d4b\u8bd5\u95ee\u5377\";s:6:\"author\";s:7:\"sanxiao\";s:4:\"gift\";s:4:\"W10=\";}","description":"","serverGroup":"2150","productId":"2150","queueDate":"2020-12-07 10:22:04","status":"0"}}
 -- [2020-12-07 10:22:19] -- cai -- in_call_1
 -- [2020-12-07 10:22:19] -- cai -- "Rest_Awards"
 -- [2020-12-07 10:22:19] -- cai -- "t3.sm2.kunlun.com\/platform\/index.php"
 -- [2020-12-07 10:22:19] -- cai -- {"uid":"","expire":1609986106,"title":"{\"default\":\"en\",\"en\":\"\\u6d4b\\u8bd5\\u95ee\\u5377\"}","content":"{\"default\":\"en\",\"en\":\"\\u6d4b\\u8bd5\\u95ee\\u5377\",\"topType\":\"2\",\"topEndTime\":1609986106}","reason":"\u6d4b\u8bd5\u95ee\u5377","author":"sanxiao","gift":"W10=","record":{"id":"223","interfaceName":"Rest_Awards","serverList":"9999","dataResult":"a:7:{s:3:\"uid\";s:0:\"\";s:6:\"expire\";i:1609986106;s:5:\"title\";s:48:\"{\"default\":\"en\",\"en\":\"\\u6d4b\\u8bd5\\u95ee\\u5377\"}\";s:7:\"content\";s:86:\"{\"default\":\"en\",\"en\":\"\\u6d4b\\u8bd5\\u95ee\\u5377\",\"topType\":\"2\",\"topEndTime\":1609986106}\";s:6:\"reason\";s:12:\"\u6d4b\u8bd5\u95ee\u5377\";s:6:\"author\";s:7:\"sanxiao\";s:4:\"gift\";s:4:\"W10=\";}","description":"","serverGroup":"2150","productId":"2150","queueDate":"2020-12-07 10:22:04","status":"0"}}
 -- [2020-12-07 10:22:19] -- cai -- in_call_1
 -- [2020-12-07 10:22:19] -- cai -- "Rest_Awards"
 -- [2020-12-07 10:22:19] -- cai -- "t2.sm2.kunlun.com\/platform\/index.php"
 -- [2020-12-07 10:22:19] -- cai -- {"uid":"","expire":1609986106,"title":"{\"default\":\"en\",\"en\":\"\\u6d4b\\u8bd5\\u95ee\\u5377\"}","content":"{\"default\":\"en\",\"en\":\"\\u6d4b\\u8bd5\\u95ee\\u5377\",\"topType\":\"2\",\"topEndTime\":1609986106}","reason":"\u6d4b\u8bd5\u95ee\u5377","author":"sanxiao","gift":"W10=","record":{"id":"223","interfaceName":"Rest_Awards","serverList":"9999","dataResult":"a:7:{s:3:\"uid\";s:0:\"\";s:6:\"expire\";i:1609986106;s:5:\"title\";s:48:\"{\"default\":\"en\",\"en\":\"\\u6d4b\\u8bd5\\u95ee\\u5377\"}\";s:7:\"content\";s:86:\"{\"default\":\"en\",\"en\":\"\\u6d4b\\u8bd5\\u95ee\\u5377\",\"topType\":\"2\",\"topEndTime\":1609986106}\";s:6:\"reason\";s:12:\"\u6d4b\u8bd5\u95ee\u5377\";s:6:\"author\";s:7:\"sanxiao\";s:4:\"gift\";s:4:\"W10=\";}","description":"","serverGroup":"2150","productId":"2150","queueDate":"2020-12-07 10:22:04","status":"0"}}
 -- [2020-12-07 10:22:19] -- cai -- in_call_1
 -- [2020-12-07 10:22:19] -- cai -- "Rest_Awards"
 -- [2020-12-07 10:22:19] -- cai -- "t1.sm2.kunlun.com\/platform\/index.php"
 -- [2020-12-07 10:22:19] -- cai -- {"uid":"","expire":1609986106,"title":"{\"default\":\"en\",\"en\":\"\\u6d4b\\u8bd5\\u95ee\\u5377\"}","content":"{\"default\":\"en\",\"en\":\"\\u6d4b\\u8bd5\\u95ee\\u5377\",\"topType\":\"2\",\"topEndTime\":1609986106}","reason":"\u6d4b\u8bd5\u95ee\u5377","author":"sanxiao","gift":"W10=","record":{"id":"223","interfaceName":"Rest_Awards","serverList":"9999","dataResult":"a:7:{s:3:\"uid\";s:0:\"\";s:6:\"expire\";i:1609986106;s:5:\"title\";s:48:\"{\"default\":\"en\",\"en\":\"\\u6d4b\\u8bd5\\u95ee\\u5377\"}\";s:7:\"content\";s:86:\"{\"default\":\"en\",\"en\":\"\\u6d4b\\u8bd5\\u95ee\\u5377\",\"topType\":\"2\",\"topEndTime\":1609986106}\";s:6:\"reason\";s:12:\"\u6d4b\u8bd5\u95ee\u5377\";s:6:\"author\";s:7:\"sanxiao\";s:4:\"gift\";s:4:\"W10=\";}","description":"","serverGroup":"2150","productId":"2150","queueDate":"2020-12-07 10:22:04","status":"0"}}
 -- [2020-12-07 10:22:20] -- cai -- in_call_1
 -- [2020-12-07 10:22:20] -- cai -- "Rest_Awards"
 -- [2020-12-07 10:22:20] -- cai -- "t0.sm2.kunlun.com\/platform\/index.php"
 -- [2020-12-07 10:22:20] -- cai -- {"uid":"","expire":1609986106,"title":"{\"default\":\"en\",\"en\":\"\\u6d4b\\u8bd5\\u95ee\\u5377\"}","content":"{\"default\":\"en\",\"en\":\"\\u6d4b\\u8bd5\\u95ee\\u5377\",\"topType\":\"2\",\"topEndTime\":1609986106}","reason":"\u6d4b\u8bd5\u95ee\u5377","author":"sanxiao","gift":"W10=","record":{"id":"223","interfaceName":"Rest_Awards","serverList":"9999","dataResult":"a:7:{s:3:\"uid\";s:0:\"\";s:6:\"expire\";i:1609986106;s:5:\"title\";s:48:\"{\"default\":\"en\",\"en\":\"\\u6d4b\\u8bd5\\u95ee\\u5377\"}\";s:7:\"content\";s:86:\"{\"default\":\"en\",\"en\":\"\\u6d4b\\u8bd5\\u95ee\\u5377\",\"topType\":\"2\",\"topEndTime\":1609986106}\";s:6:\"reason\";s:12:\"\u6d4b\u8bd5\u95ee\u5377\";s:6:\"author\";s:7:\"sanxiao\";s:4:\"gift\";s:4:\"W10=\";}","description":"","serverGroup":"2150","productId":"2150","queueDate":"2020-12-07 10:22:04","status":"0"}}
 -- [2020-12-07 11:06:56] -- cai -- INSERT INTO `gm_queue` (`interfaceName`,`serverList`,`dataResult`,`status`,`queueDate`,`serverGroup`,`productId`) VALUES (:interfaceName, :serverList, :dataResult, :status, :queueDate, :serverGroup, :productId)
 -- [2020-12-07 11:07:03] -- cai -- in_call_1
 -- [2020-12-07 11:07:03] -- cai -- "Rest_Awards"
 -- [2020-12-07 11:07:03] -- cai -- "t999.sm2.kunlun.com\/platform\/index.php"
 -- [2020-12-07 11:07:03] -- cai -- {"uid":"","expire":1609988784,"title":"{\"default\":\"en\",\"en\":\"\\u6d4b\\u8bd5\\u95ee\\u5377\\u5e26\\u5956\\u52b1\"}","content":"{\"default\":\"en\",\"en\":\"\\u6d4b\\u8bd5\\u95ee\\u5377\\u5e26\\u5956\\u52b1\",\"topType\":\"2\",\"topEndTime\":1609988784}","reason":"\u6d4b\u8bd5\u95ee\u5377\u5e26\u5956\u52b1","author":"sanxiao","gift":"W3siZ2lmdCI6IjIxMDIwMDA2IiwibmFtZSI6Ilx1NTVkY1x1ODg0MFx1NjcyZlx1NTM3N1x1OGY3NCIsIm51bSI6MTAsImV4dCI6MX1d","record":{"id":"224","interfaceName":"Rest_Awards","serverList":"9999","dataResult":"a:7:{s:3:\"uid\";s:0:\"\";s:6:\"expire\";i:1609988784;s:5:\"title\";s:66:\"{\"default\":\"en\",\"en\":\"\\u6d4b\\u8bd5\\u95ee\\u5377\\u5e26\\u5956\\u52b1\"}\";s:7:\"content\";s:104:\"{\"default\":\"en\",\"en\":\"\\u6d4b\\u8bd5\\u95ee\\u5377\\u5e26\\u5956\\u52b1\",\"topType\":\"2\",\"topEndTime\":1609988784}\";s:6:\"reason\";s:21:\"\u6d4b\u8bd5\u95ee\u5377\u5e26\u5956\u52b1\";s:6:\"author\";s:7:\"sanxiao\";s:4:\"gift\";s:104:\"W3siZ2lmdCI6IjIxMDIwMDA2IiwibmFtZSI6Ilx1NTVkY1x1ODg0MFx1NjcyZlx1NTM3N1x1OGY3NCIsIm51bSI6MTAsImV4dCI6MX1d\";}","description":"","serverGroup":"2150","productId":"2150","queueDate":"2020-12-07 11:06:56","status":"0"}}
 -- [2020-12-07 11:07:03] -- cai -- in_call_1
 -- [2020-12-07 11:07:03] -- cai -- "Rest_Awards"
 -- [2020-12-07 11:07:03] -- cai -- "t5.sm2.kunlun.com\/platform\/index.php"
 -- [2020-12-07 11:07:03] -- cai -- {"uid":"","expire":1609988784,"title":"{\"default\":\"en\",\"en\":\"\\u6d4b\\u8bd5\\u95ee\\u5377\\u5e26\\u5956\\u52b1\"}","content":"{\"default\":\"en\",\"en\":\"\\u6d4b\\u8bd5\\u95ee\\u5377\\u5e26\\u5956\\u52b1\",\"topType\":\"2\",\"topEndTime\":1609988784}","reason":"\u6d4b\u8bd5\u95ee\u5377\u5e26\u5956\u52b1","author":"sanxiao","gift":"W3siZ2lmdCI6IjIxMDIwMDA2IiwibmFtZSI6Ilx1NTVkY1x1ODg0MFx1NjcyZlx1NTM3N1x1OGY3NCIsIm51bSI6MTAsImV4dCI6MX1d","record":{"id":"224","interfaceName":"Rest_Awards","serverList":"9999","dataResult":"a:7:{s:3:\"uid\";s:0:\"\";s:6:\"expire\";i:1609988784;s:5:\"title\";s:66:\"{\"default\":\"en\",\"en\":\"\\u6d4b\\u8bd5\\u95ee\\u5377\\u5e26\\u5956\\u52b1\"}\";s:7:\"content\";s:104:\"{\"default\":\"en\",\"en\":\"\\u6d4b\\u8bd5\\u95ee\\u5377\\u5e26\\u5956\\u52b1\",\"topType\":\"2\",\"topEndTime\":1609988784}\";s:6:\"reason\";s:21:\"\u6d4b\u8bd5\u95ee\u5377\u5e26\u5956\u52b1\";s:6:\"author\";s:7:\"sanxiao\";s:4:\"gift\";s:104:\"W3siZ2lmdCI6IjIxMDIwMDA2IiwibmFtZSI6Ilx1NTVkY1x1ODg0MFx1NjcyZlx1NTM3N1x1OGY3NCIsIm51bSI6MTAsImV4dCI6MX1d\";}","description":"","serverGroup":"2150","productId":"2150","queueDate":"2020-12-07 11:06:56","status":"0"}}
 -- [2020-12-07 11:07:03] -- cai -- in_call_1
 -- [2020-12-07 11:07:03] -- cai -- "Rest_Awards"
 -- [2020-12-07 11:07:03] -- cai -- "t4.sm2.kunlun.com\/platform\/index.php"
 -- [2020-12-07 11:07:03] -- cai -- {"uid":"","expire":1609988784,"title":"{\"default\":\"en\",\"en\":\"\\u6d4b\\u8bd5\\u95ee\\u5377\\u5e26\\u5956\\u52b1\"}","content":"{\"default\":\"en\",\"en\":\"\\u6d4b\\u8bd5\\u95ee\\u5377\\u5e26\\u5956\\u52b1\",\"topType\":\"2\",\"topEndTime\":1609988784}","reason":"\u6d4b\u8bd5\u95ee\u5377\u5e26\u5956\u52b1","author":"sanxiao","gift":"W3siZ2lmdCI6IjIxMDIwMDA2IiwibmFtZSI6Ilx1NTVkY1x1ODg0MFx1NjcyZlx1NTM3N1x1OGY3NCIsIm51bSI6MTAsImV4dCI6MX1d","record":{"id":"224","interfaceName":"Rest_Awards","serverList":"9999","dataResult":"a:7:{s:3:\"uid\";s:0:\"\";s:6:\"expire\";i:1609988784;s:5:\"title\";s:66:\"{\"default\":\"en\",\"en\":\"\\u6d4b\\u8bd5\\u95ee\\u5377\\u5e26\\u5956\\u52b1\"}\";s:7:\"content\";s:104:\"{\"default\":\"en\",\"en\":\"\\u6d4b\\u8bd5\\u95ee\\u5377\\u5e26\\u5956\\u52b1\",\"topType\":\"2\",\"topEndTime\":1609988784}\";s:6:\"reason\";s:21:\"\u6d4b\u8bd5\u95ee\u5377\u5e26\u5956\u52b1\";s:6:\"author\";s:7:\"sanxiao\";s:4:\"gift\";s:104:\"W3siZ2lmdCI6IjIxMDIwMDA2IiwibmFtZSI6Ilx1NTVkY1x1ODg0MFx1NjcyZlx1NTM3N1x1OGY3NCIsIm51bSI6MTAsImV4dCI6MX1d\";}","description":"","serverGroup":"2150","productId":"2150","queueDate":"2020-12-07 11:06:56","status":"0"}}
 -- [2020-12-07 11:07:03] -- cai -- in_call_1
 -- [2020-12-07 11:07:03] -- cai -- "Rest_Awards"
 -- [2020-12-07 11:07:03] -- cai -- "t3.sm2.kunlun.com\/platform\/index.php"
 -- [2020-12-07 11:07:03] -- cai -- {"uid":"","expire":1609988784,"title":"{\"default\":\"en\",\"en\":\"\\u6d4b\\u8bd5\\u95ee\\u5377\\u5e26\\u5956\\u52b1\"}","content":"{\"default\":\"en\",\"en\":\"\\u6d4b\\u8bd5\\u95ee\\u5377\\u5e26\\u5956\\u52b1\",\"topType\":\"2\",\"topEndTime\":1609988784}","reason":"\u6d4b\u8bd5\u95ee\u5377\u5e26\u5956\u52b1","author":"sanxiao","gift":"W3siZ2lmdCI6IjIxMDIwMDA2IiwibmFtZSI6Ilx1NTVkY1x1ODg0MFx1NjcyZlx1NTM3N1x1OGY3NCIsIm51bSI6MTAsImV4dCI6MX1d","record":{"id":"224","interfaceName":"Rest_Awards","serverList":"9999","dataResult":"a:7:{s:3:\"uid\";s:0:\"\";s:6:\"expire\";i:1609988784;s:5:\"title\";s:66:\"{\"default\":\"en\",\"en\":\"\\u6d4b\\u8bd5\\u95ee\\u5377\\u5e26\\u5956\\u52b1\"}\";s:7:\"content\";s:104:\"{\"default\":\"en\",\"en\":\"\\u6d4b\\u8bd5\\u95ee\\u5377\\u5e26\\u5956\\u52b1\",\"topType\":\"2\",\"topEndTime\":1609988784}\";s:6:\"reason\";s:21:\"\u6d4b\u8bd5\u95ee\u5377\u5e26\u5956\u52b1\";s:6:\"author\";s:7:\"sanxiao\";s:4:\"gift\";s:104:\"W3siZ2lmdCI6IjIxMDIwMDA2IiwibmFtZSI6Ilx1NTVkY1x1ODg0MFx1NjcyZlx1NTM3N1x1OGY3NCIsIm51bSI6MTAsImV4dCI6MX1d\";}","description":"","serverGroup":"2150","productId":"2150","queueDate":"2020-12-07 11:06:56","status":"0"}}
 -- [2020-12-07 11:07:04] -- cai -- in_call_1
 -- [2020-12-07 11:07:04] -- cai -- "Rest_Awards"
 -- [2020-12-07 11:07:04] -- cai -- "t2.sm2.kunlun.com\/platform\/index.php"
 -- [2020-12-07 11:07:04] -- cai -- {"uid":"","expire":1609988784,"title":"{\"default\":\"en\",\"en\":\"\\u6d4b\\u8bd5\\u95ee\\u5377\\u5e26\\u5956\\u52b1\"}","content":"{\"default\":\"en\",\"en\":\"\\u6d4b\\u8bd5\\u95ee\\u5377\\u5e26\\u5956\\u52b1\",\"topType\":\"2\",\"topEndTime\":1609988784}","reason":"\u6d4b\u8bd5\u95ee\u5377\u5e26\u5956\u52b1","author":"sanxiao","gift":"W3siZ2lmdCI6IjIxMDIwMDA2IiwibmFtZSI6Ilx1NTVkY1x1ODg0MFx1NjcyZlx1NTM3N1x1OGY3NCIsIm51bSI6MTAsImV4dCI6MX1d","record":{"id":"224","interfaceName":"Rest_Awards","serverList":"9999","dataResult":"a:7:{s:3:\"uid\";s:0:\"\";s:6:\"expire\";i:1609988784;s:5:\"title\";s:66:\"{\"default\":\"en\",\"en\":\"\\u6d4b\\u8bd5\\u95ee\\u5377\\u5e26\\u5956\\u52b1\"}\";s:7:\"content\";s:104:\"{\"default\":\"en\",\"en\":\"\\u6d4b\\u8bd5\\u95ee\\u5377\\u5e26\\u5956\\u52b1\",\"topType\":\"2\",\"topEndTime\":1609988784}\";s:6:\"reason\";s:21:\"\u6d4b\u8bd5\u95ee\u5377\u5e26\u5956\u52b1\";s:6:\"author\";s:7:\"sanxiao\";s:4:\"gift\";s:104:\"W3siZ2lmdCI6IjIxMDIwMDA2IiwibmFtZSI6Ilx1NTVkY1x1ODg0MFx1NjcyZlx1NTM3N1x1OGY3NCIsIm51bSI6MTAsImV4dCI6MX1d\";}","description":"","serverGroup":"2150","productId":"2150","queueDate":"2020-12-07 11:06:56","status":"0"}}
 -- [2020-12-07 11:07:04] -- cai -- in_call_1
 -- [2020-12-07 11:07:04] -- cai -- "Rest_Awards"
 -- [2020-12-07 11:07:04] -- cai -- "t1.sm2.kunlun.com\/platform\/index.php"
 -- [2020-12-07 11:07:04] -- cai -- {"uid":"","expire":1609988784,"title":"{\"default\":\"en\",\"en\":\"\\u6d4b\\u8bd5\\u95ee\\u5377\\u5e26\\u5956\\u52b1\"}","content":"{\"default\":\"en\",\"en\":\"\\u6d4b\\u8bd5\\u95ee\\u5377\\u5e26\\u5956\\u52b1\",\"topType\":\"2\",\"topEndTime\":1609988784}","reason":"\u6d4b\u8bd5\u95ee\u5377\u5e26\u5956\u52b1","author":"sanxiao","gift":"W3siZ2lmdCI6IjIxMDIwMDA2IiwibmFtZSI6Ilx1NTVkY1x1ODg0MFx1NjcyZlx1NTM3N1x1OGY3NCIsIm51bSI6MTAsImV4dCI6MX1d","record":{"id":"224","interfaceName":"Rest_Awards","serverList":"9999","dataResult":"a:7:{s:3:\"uid\";s:0:\"\";s:6:\"expire\";i:1609988784;s:5:\"title\";s:66:\"{\"default\":\"en\",\"en\":\"\\u6d4b\\u8bd5\\u95ee\\u5377\\u5e26\\u5956\\u52b1\"}\";s:7:\"content\";s:104:\"{\"default\":\"en\",\"en\":\"\\u6d4b\\u8bd5\\u95ee\\u5377\\u5e26\\u5956\\u52b1\",\"topType\":\"2\",\"topEndTime\":1609988784}\";s:6:\"reason\";s:21:\"\u6d4b\u8bd5\u95ee\u5377\u5e26\u5956\u52b1\";s:6:\"author\";s:7:\"sanxiao\";s:4:\"gift\";s:104:\"W3siZ2lmdCI6IjIxMDIwMDA2IiwibmFtZSI6Ilx1NTVkY1x1ODg0MFx1NjcyZlx1NTM3N1x1OGY3NCIsIm51bSI6MTAsImV4dCI6MX1d\";}","description":"","serverGroup":"2150","productId":"2150","queueDate":"2020-12-07 11:06:56","status":"0"}}
 -- [2020-12-07 11:07:04] -- cai -- in_call_1
 -- [2020-12-07 11:07:04] -- cai -- "Rest_Awards"
 -- [2020-12-07 11:07:04] -- cai -- "t0.sm2.kunlun.com\/platform\/index.php"
 -- [2020-12-07 11:07:04] -- cai -- {"uid":"","expire":1609988784,"title":"{\"default\":\"en\",\"en\":\"\\u6d4b\\u8bd5\\u95ee\\u5377\\u5e26\\u5956\\u52b1\"}","content":"{\"default\":\"en\",\"en\":\"\\u6d4b\\u8bd5\\u95ee\\u5377\\u5e26\\u5956\\u52b1\",\"topType\":\"2\",\"topEndTime\":1609988784}","reason":"\u6d4b\u8bd5\u95ee\u5377\u5e26\u5956\u52b1","author":"sanxiao","gift":"W3siZ2lmdCI6IjIxMDIwMDA2IiwibmFtZSI6Ilx1NTVkY1x1ODg0MFx1NjcyZlx1NTM3N1x1OGY3NCIsIm51bSI6MTAsImV4dCI6MX1d","record":{"id":"224","interfaceName":"Rest_Awards","serverList":"9999","dataResult":"a:7:{s:3:\"uid\";s:0:\"\";s:6:\"expire\";i:1609988784;s:5:\"title\";s:66:\"{\"default\":\"en\",\"en\":\"\\u6d4b\\u8bd5\\u95ee\\u5377\\u5e26\\u5956\\u52b1\"}\";s:7:\"content\";s:104:\"{\"default\":\"en\",\"en\":\"\\u6d4b\\u8bd5\\u95ee\\u5377\\u5e26\\u5956\\u52b1\",\"topType\":\"2\",\"topEndTime\":1609988784}\";s:6:\"reason\";s:21:\"\u6d4b\u8bd5\u95ee\u5377\u5e26\u5956\u52b1\";s:6:\"author\";s:7:\"sanxiao\";s:4:\"gift\";s:104:\"W3siZ2lmdCI6IjIxMDIwMDA2IiwibmFtZSI6Ilx1NTVkY1x1ODg0MFx1NjcyZlx1NTM3N1x1OGY3NCIsIm51bSI6MTAsImV4dCI6MX1d\";}","description":"","serverGroup":"2150","productId":"2150","queueDate":"2020-12-07 11:06:56","status":"0"}}
 -- [2020-12-07 19:19:29] -- cai -- INSERT INTO `gm_queue` (`interfaceName`,`serverList`,`dataResult`,`status`,`queueDate`,`serverGroup`,`productId`) VALUES (:interfaceName, :serverList, :dataResult, :status, :queueDate, :serverGroup, :productId)
 -- [2020-12-07 19:20:30] -- cai -- INSERT INTO `gm_queue` (`interfaceName`,`serverList`,`dataResult`,`status`,`queueDate`,`serverGroup`,`productId`) VALUES (:interfaceName, :serverList, :dataResult, :status, :queueDate, :serverGroup, :productId)
 -- [2020-12-07 19:20:43] -- cai -- in_call_1
 -- [2020-12-07 19:20:43] -- cai -- "Rest_Awards"
 -- [2020-12-07 19:20:43] -- cai -- "t5.sm2.kunlun.com\/platform\/index.php"
 -- [2020-12-07 19:20:43] -- cai -- {"uid":"","expire":1610018327,"cid":"9902","title":"{\"default\":\"en\",\"en\":\"\\u666e\\u901a\\u90ae\\u4ef6\"}","content":"{\"default\":\"en\",\"en\":\"1\",\"topType\":\"0\",\"topEndTime\":1610018327}","reason":"1","author":"sanxiao","gift":"W3siZ2lmdCI6IjEwMDExMDAxIiwibmFtZSI6Ilx1OTRhMlx1OTRjMVx1OTdmNVx1NWY4YiIsIm51bSI6MSwiZXh0IjoxfV0=","record":{"id":"225","interfaceName":"Rest_Awards","serverList":"9000994","dataResult":"a:8:{s:3:\"uid\";s:0:\"\";s:6:\"expire\";i:1610018327;s:3:\"cid\";s:4:\"9902\";s:5:\"title\";s:48:\"{\"default\":\"en\",\"en\":\"\\u666e\\u901a\\u90ae\\u4ef6\"}\";s:7:\"content\";s:63:\"{\"default\":\"en\",\"en\":\"1\",\"topType\":\"0\",\"topEndTime\":1610018327}\";s:6:\"reason\";s:1:\"1\";s:6:\"author\";s:7:\"sanxiao\";s:4:\"gift\";s:96:\"W3siZ2lmdCI6IjEwMDExMDAxIiwibmFtZSI6Ilx1OTRhMlx1OTRjMVx1OTdmNVx1NWY4YiIsIm51bSI6MSwiZXh0IjoxfV0=\";}","description":"","serverGroup":"2150","productId":"2150","queueDate":"2020-12-07 19:19:29","status":"0"}}
 -- [2020-12-07 19:20:43] -- cai -- in_call_1
 -- [2020-12-07 19:20:43] -- cai -- "Rest_Awards"
 -- [2020-12-07 19:20:43] -- cai -- "t5.sm2.kunlun.com\/platform\/index.php"
 -- [2020-12-07 19:20:43] -- cai -- {"uid":"","expire":1610018374,"cid":"9902","title":"{\"default\":\"en\",\"en\":\"\\u7f6e\\u9876\\u90ae\\u4ef6\",\"cn\":\"\"}","content":"{\"default\":\"en\",\"en\":\"11\",\"topType\":\"1\",\"topEndTime\":1610018374,\"cn\":\"\"}","reason":"1","author":"sanxiao","gift":"W3siZ2lmdCI6IjIxMDIwMDAxIiwibmFtZSI6Ilx1NmNiYlx1NzU5N1x1NjcyZlx1NTM3N1x1OGY3NCIsIm51bSI6MSwiZXh0IjoxfV0=","record":{"id":"226","interfaceName":"Rest_Awards","serverList":"9000994","dataResult":"a:8:{s:3:\"uid\";s:0:\"\";s:6:\"expire\";i:1610018374;s:3:\"cid\";s:4:\"9902\";s:5:\"title\";s:56:\"{\"default\":\"en\",\"en\":\"\\u7f6e\\u9876\\u90ae\\u4ef6\",\"cn\":\"\"}\";s:7:\"content\";s:72:\"{\"default\":\"en\",\"en\":\"11\",\"topType\":\"1\",\"topEndTime\":1610018374,\"cn\":\"\"}\";s:6:\"reason\";s:1:\"1\";s:6:\"author\";s:7:\"sanxiao\";s:4:\"gift\";s:104:\"W3siZ2lmdCI6IjIxMDIwMDAxIiwibmFtZSI6Ilx1NmNiYlx1NzU5N1x1NjcyZlx1NTM3N1x1OGY3NCIsIm51bSI6MSwiZXh0IjoxfV0=\";}","description":"","serverGroup":"2150","productId":"2150","queueDate":"2020-12-07 19:20:30","status":"0"}}
