1645977601	0	0	66668	66668992
1645977901	0	0	66668	66668992
1645978201	0	0	66668	66668992
1645978501	0	0	66668	66668992
1645978801	0	0	66668	66668992
1645979101	0	0	66668	66668992
1645979401	0	0	66668	66668992
1645979701	0	0	66668	66668992
1645980001	0	0	66668	66668992
1645980301	0	0	66668	66668992
1645980601	0	0	66668	66668992
1645980901	0	0	66668	66668992
1645981202	0	0	66668	66668992
1645981501	0	0	66668	66668992
1645981801	0	0	66668	66668992
1645982101	0	0	66668	66668992
1645982401	0	0	66668	66668992
1645982701	0	0	66668	66668992
1645983001	0	0	66668	66668992
1645983301	0	0	66668	66668992
1645983601	0	0	66668	66668992
1645983901	0	0	66668	66668992
1645984201	0	0	66668	66668992
1645984501	0	0	66668	66668992
1645984802	0	0	66668	66668992
1645985101	0	0	66668	66668992
1645985401	0	0	66668	66668992
1645985701	0	0	66668	66668992
1645986001	0	0	66668	66668992
1645986301	0	0	66668	66668992
1645986602	0	0	66668	66668992
1645986901	0	0	66668	66668992
1645987201	0	0	66668	66668992
1645987501	0	0	66668	66668992
1645987801	0	0	66668	66668992
1645988101	0	0	66668	66668992
1645988402	0	0	66668	66668992
1645988701	0	0	66668	66668992
1645989001	0	0	66668	66668992
1645989301	0	0	66668	66668992
1645989601	0	0	66668	66668992
1645989901	0	0	66668	66668992
1645990201	0	0	66668	66668992
1645990501	0	0	66668	66668992
1645990801	0	0	66668	66668992
1645991101	0	0	66668	66668992
1645991401	0	0	66668	66668992
1645991701	0	0	66668	66668992
1645992001	0	0	66668	66668992
1645992301	0	0	66668	66668992
1645992601	0	0	66668	66668992
1645992901	0	0	66668	66668992
1645993201	0	0	66668	66668992
1645993501	0	0	66668	66668992
1645993802	0	0	66668	66668992
1645994101	0	0	66668	66668992
1645994401	0	0	66668	66668992
1645994701	0	0	66668	66668992
1645995001	0	0	66668	66668992
1645995301	0	0	66668	66668992
1645995601	0	0	66668	66668992
1645995901	0	0	66668	66668992
1645996201	0	0	66668	66668992
1645996501	0	0	66668	66668992
1645996801	0	0	66668	66668992
1645997101	0	0	66668	66668992
1645997402	0	0	66668	66668992
1645997701	0	0	66668	66668992
1645998001	0	0	66668	66668992
1645998301	0	0	66668	66668992
1645998601	0	0	66668	66668992
1645998901	0	0	66668	66668992
1645999202	0	0	66668	66668992
1645999501	0	0	66668	66668992
1645999801	0	0	66668	66668992
1646000101	0	0	66668	66668992
1646000401	0	0	66668	66668992
1646000701	0	0	66668	66668992
1646001001	0	0	66668	66668992
1646001301	0	0	66668	66668992
1646001601	0	0	66668	66668992
1646001902	0	0	66668	66668992
1646002201	0	0	66668	66668992
1646002501	0	0	66668	66668992
1646002801	0	0	66668	66668992
1646003101	0	0	66668	66668992
1646003401	0	0	66668	66668992
1646003701	0	0	66668	66668992
1646004001	0	0	66668	66668992
1646004301	0	0	66668	66668992
1646004601	0	0	66668	66668992
1646004901	0	0	66668	66668992
1646005201	0	0	66668	66668992
1646005501	0	0	66668	66668992
1646005801	0	0	66668	66668992
1646006101	0	0	66668	66668992
1646006401	0	0	66668	66668992
1646006701	0	0	66668	66668992
1646007001	0	0	66668	66668992
1646007301	0	0	66668	66668992
1646007601	0	0	66668	66668992
1646007901	0	0	66668	66668992
1646008201	0	0	66668	66668992
1646008501	0	0	66668	66668992
1646008801	0	0	66668	66668992
1646009101	0	0	66668	66668992
1646009401	0	0	66668	66668992
1646009701	0	0	66668	66668992
1646010001	0	0	66668	66668992
1646010301	0	0	66668	66668992
1646010601	0	0	66668	66668992
1646010901	1	1	66668	66668992
1646011201	1	1	66668	66668992
1646011501	1	1	66668	66668992
1646011801	1	1	66668	66668992
1646012101	1	1	66668	66668992
1646012401	2	2	66668	66668992
1646012701	2	2	66668	66668992
1646013001	2	2	66668	66668992
1646013301	2	2	66668	66668992
1646013601	2	2	66668	66668992
1646013901	3	3	66668	66668992
1646014201	3	3	66668	66668992
1646014501	2	2	66668	66668992
1646014801	2	2	66668	66668992
1646015101	2	2	66668	66668992
1646015401	1	1	66668	66668992
1646016001	1	1	66668	66668992
1646016301	1	1	66668	66668992
1646016601	2	2	66668	66668992
1646016901	5	5	66668	66668992
1646017202	4	4	66668	66668992
1646017501	4	4	66668	66668992
1646017801	0	0	66668	66668992
1646018101	0	0	66668	66668992
1646018401	3	3	66668	66668992
1646018701	2	2	66668	66668992
1646019001	4	4	66668	66668992
1646019301	5	5	66668	66668992
1646019601	4	4	66668	66668992
1646019901	2	2	66668	66668992
1646020201	2	2	66668	66668992
1646020501	2	2	66668	66668992
1646020801	3	3	66668	66668992
1646021101	3	3	66668	66668992
1646021401	3	3	66668	66668992
1646021701	3	3	66668	66668992
1646022001	2	2	66668	66668992
1646022301	3	3	66668	66668992
1646022602	2	2	66668	66668992
1646022901	1	1	66668	66668992
1646023201	1	1	66668	66668992
1646023501	1	1	66668	66668992
1646023801	1	1	66668	66668992
1646024101	1	1	66668	66668992
1646024401	1	1	66668	66668992
1646024701	1	1	66668	66668992
1646025001	1	1	66668	66668992
1646025301	1	1	66668	66668992
1646025601	1	1	66668	66668992
1646025901	1	1	66668	66668992
1646026201	1	1	66668	66668992
1646026501	1	1	66668	66668992
1646026801	1	1	66668	66668992
1646027102	2	2	66668	66668992
1646027401	2	2	66668	66668992
1646027701	3	3	66668	66668992
1646028001	3	3	66668	66668992
1646028301	4	4	66668	66668992
1646028601	2	2	66668	66668992
1646028901	1	1	66668	66668992
1646029201	2	2	66668	66668992
1646029501	4	4	66668	66668992
1646029801	3	3	66668	66668992
1646030101	4	4	66668	66668992
1646030401	4	4	66668	66668992
1646030701	5	5	66668	66668992
1646031001	5	5	66668	66668992
1646031301	6	6	66668	66668992
1646031601	5	5	66668	66668992
1646031901	3	3	66668	66668992
1646032201	5	5	66668	66668992
1646032501	5	5	66668	66668992
1646032801	5	5	66668	66668992
1646033101	5	5	66668	66668992
1646033402	5	5	66668	66668992
1646033701	4	4	66668	66668992
1646034001	4	4	66668	66668992
1646034301	5	5	66668	66668992
1646034601	5	5	66668	66668992
1646034901	5	5	66668	66668992
1646035202	5	5	66668	66668992
1646035501	5	5	66668	66668992
1646035801	5	5	66668	66668992
1646036101	5	5	66668	66668992
1646036401	4	4	66668	66668992
1646036701	4	4	66668	66668992
1646037002	6	6	66668	66668992
1646037301	6	6	66668	66668992
1646037601	6	6	66668	66668992
1646037901	3	3	66668	66668992
1646038201	4	4	66668	66668992
1646038501	4	4	66668	66668992
1646038802	5	5	66668	66668992
1646039101	5	5	66668	66668992
1646039401	5	5	66668	66668992
1646039701	5	5	66668	66668992
1646040001	5	5	66668	66668992
1646040301	3	3	66668	66668992
1646040601	4	4	66668	66668992
1646040901	4	4	66668	66668992
1646041201	3	3	66668	66668992
1646041501	3	3	66668	66668992
1646041801	3	3	66668	66668992
1646042101	3	3	66668	66668992
1646042401	3	3	66668	66668992
1646042701	3	3	66668	66668992
1646043001	3	3	66668	66668992
1646043301	3	3	66668	66668992
1646043601	3	3	66668	66668992
1646043901	3	3	66668	66668992
1646044202	3	3	66668	66668992
1646044501	3	3	66668	66668992
1646044801	3	3	66668	66668992
1646045101	4	4	66668	66668992
1646045401	4	4	66668	66668992
1646045701	3	3	66668	66668992
1646046001	3	3	66668	66668992
1646046301	3	3	66668	66668992
1646046601	4	4	66668	66668992
1646046901	4	4	66668	66668992
1646047201	3	3	66668	66668992
1646047501	2	2	66668	66668992
1646047801	3	3	66668	66668992
1646048101	3	3	66668	66668992
1646048401	3	3	66668	66668992
1646048702	3	3	66668	66668992
1646049001	3	3	66668	66668992
1646049301	3	3	66668	66668992
1646049601	3	3	66668	66668992
1646049901	3	3	66668	66668992
1646050201	3	3	66668	66668992
1646050501	2	2	66668	66668992
1646050801	2	2	66668	66668992
1646051101	2	2	66668	66668992
1646051401	2	2	66668	66668992
1646051701	3	3	66668	66668992
1646052001	3	3	66668	66668992
1646052302	3	3	66668	66668992
1646052601	3	3	66668	66668992
1646052901	3	3	66668	66668992
1646053201	3	3	66668	66668992
1646053501	3	3	66668	66668992
1646053801	2	2	66668	66668992
1646054102	2	2	66668	66668992
1646054401	2	2	66668	66668992
1646054701	2	2	66668	66668992
1646055001	2	2	66668	66668992
1646055301	2	2	66668	66668992
1646055601	2	2	66668	66668992
1646055901	2	2	66668	66668992
1646056201	2	2	66668	66668992
1646056501	2	2	66668	66668992
1646056801	2	2	66668	66668992
1646057101	2	2	66668	66668992
1646057401	2	2	66668	66668992
1646057701	2	2	66668	66668992
1646058001	2	2	66668	66668992
1646058301	2	2	66668	66668992
1646058601	2	2	66668	66668992
1646058901	2	2	66668	66668992
1646059201	2	2	66668	66668992
1646059501	2	2	66668	66668992
1646059801	2	2	66668	66668992
1646060101	2	2	66668	66668992
1646060402	2	2	66668	66668992
1646060701	2	2	66668	66668992
1646061001	2	2	66668	66668992
1646061301	2	2	66668	66668992
1646061601	2	2	66668	66668992
1646061901	2	2	66668	66668992
1646062201	2	2	66668	66668992
1646062501	2	2	66668	66668992
1646062801	2	2	66668	66668992
1646063101	2	2	66668	66668992
1646063402	2	2	66668	66668992
1646063701	2	2	66668	66668992
