1645113601	1	1	66668	66668992
1645113901	0	0	66668	66668992
1645114201	0	0	66668	66668992
1645114501	0	0	66668	66668992
1645114801	0	0	66668	66668992
1645115102	0	0	66668	66668992
1645115401	0	0	66668	66668992
1645115701	0	0	66668	66668992
1645116001	0	0	66668	66668992
1645116301	0	0	66668	66668992
1645116602	0	0	66668	66668992
1645116901	0	0	66668	66668992
1645117201	0	0	66668	66668992
1645117501	0	0	66668	66668992
1645117801	0	0	66668	66668992
1645118101	0	0	66668	66668992
1645118401	0	0	66668	66668992
1645118701	0	0	66668	66668992
1645119001	0	0	66668	66668992
1645119302	0	0	66668	66668992
1645119601	0	0	66668	66668992
1645119901	0	0	66668	66668992
1645120201	0	0	66668	66668992
1645120501	0	0	66668	66668992
1645120801	0	0	66668	66668992
1645121101	0	0	66668	66668992
1645121401	0	0	66668	66668992
1645121701	0	0	66668	66668992
1645122001	0	0	66668	66668992
1645122301	0	0	66668	66668992
1645122601	0	0	66668	66668992
1645122902	0	0	66668	66668992
1645123201	0	0	66668	66668992
1645123501	0	0	66668	66668992
1645123801	0	0	66668	66668992
1645124101	0	0	66668	66668992
1645124401	0	0	66668	66668992
1645124701	0	0	66668	66668992
1645125001	0	0	66668	66668992
1645125301	0	0	66668	66668992
1645125601	0	0	66668	66668992
1645125901	0	0	66668	66668992
1645126201	0	0	66668	66668992
1645126501	0	0	66668	66668992
1645126801	0	0	66668	66668992
1645127101	0	0	66668	66668992
1645127402	0	0	66668	66668992
1645127701	0	0	66668	66668992
1645128001	0	0	66668	66668992
1645128302	0	0	66668	66668992
1645128601	0	0	66668	66668992
1645128901	0	0	66668	66668992
1645129201	0	0	66668	66668992
1645129501	0	0	66668	66668992
1645129801	0	0	66668	66668992
1645130102	0	0	66668	66668992
1645130401	0	0	66668	66668992
1645130701	0	0	66668	66668992
1645131001	0	0	66668	66668992
1645131301	0	0	66668	66668992
1645131601	0	0	66668	66668992
1645131901	0	0	66668	66668992
1645132201	0	0	66668	66668992
1645132501	0	0	66668	66668992
1645132801	0	0	66668	66668992
1645133101	0	0	66668	66668992
1645133401	0	0	66668	66668992
1645133701	0	0	66668	66668992
1645134001	0	0	66668	66668992
1645134302	0	0	66668	66668992
1645134601	0	0	66668	66668992
1645134901	0	0	66668	66668992
1645135201	0	0	66668	66668992
1645135501	0	0	66668	66668992
1645135801	0	0	66668	66668992
1645136101	0	0	66668	66668992
1645136401	0	0	66668	66668992
1645136701	0	0	66668	66668992
1645137001	0	0	66668	66668992
1645137301	0	0	66668	66668992
1645137601	0	0	66668	66668992
1645137901	0	0	66668	66668992
1645138202	0	0	66668	66668992
1645138501	0	0	66668	66668992
1645138801	0	0	66668	66668992
1645139101	0	0	66668	66668992
1645139401	0	0	66668	66668992
1645139701	0	0	66668	66668992
1645140001	0	0	66668	66668992
1645140301	0	0	66668	66668992
1645140601	0	0	66668	66668992
1645140902	0	0	66668	66668992
1645141201	0	0	66668	66668992
1645141501	0	0	66668	66668992
1645141801	0	0	66668	66668992
1645142101	0	0	66668	66668992
1645142401	0	0	66668	66668992
1645142701	0	0	66668	66668992
1645143001	0	0	66668	66668992
1645143301	0	0	66668	66668992
1645143601	0	0	66668	66668992
1645143901	0	0	66668	66668992
1645144201	0	0	66668	66668992
1645144501	0	0	66668	66668992
1645144802	0	0	66668	66668992
1645145101	0	0	66668	66668992
1645145401	0	0	66668	66668992
1645145701	0	0	66668	66668992
1645146001	0	0	66668	66668992
1645146301	0	0	66668	66668992
1645146601	0	0	66668	66668992
1645146901	1	1	66668	66668992
1645147201	1	1	66668	66668992
1645147501	1	1	66668	66668992
1645147801	1	1	66668	66668992
1645148101	2	2	66668	66668992
1645148401	3	3	66668	66668992
1645148702	4	4	66668	66668992
1645149001	3	3	66668	66668992
1645149301	4	4	66668	66668992
1645149601	4	4	66668	66668992
1645149901	4	4	66668	66668992
1645150201	4	4	66668	66668992
1645150501	4	4	66668	66668992
1645150801	6	6	66668	66668992
1645151101	6	6	66668	66668992
1645151401	6	6	66668	66668992
1645151702	5	5	66668	66668992
1645152001	5	5	66668	66668992
1645152301	7	7	66668	66668992
1645152601	7	7	66668	66668992
1645152901	6	6	66668	66668992
1645153201	6	6	66668	66668992
1645153501	5	5	66668	66668992
1645153801	4	4	66668	66668992
1645154101	5	5	66668	66668992
1645154401	5	5	66668	66668992
1645154701	5	5	66668	66668992
1645155001	4	4	66668	66668992
1645155301	3	3	66668	66668992
1645155601	3	3	66668	66668992
1645155901	5	5	66668	66668992
1645156202	4	4	66668	66668992
1645156501	6	6	66668	66668992
1645156801	5	5	66668	66668992
1645157102	5	5	66668	66668992
1645157401	5	5	66668	66668992
1645157701	4	4	66668	66668992
1645158001	3	3	66668	66668992
1645158301	3	3	66668	66668992
1645158601	2	2	66668	66668992
1645158901	2	2	66668	66668992
1645159201	3	3	66668	66668992
1645159501	3	3	66668	66668992
1645159801	2	2	66668	66668992
1645160102	2	2	66668	66668992
1645160401	2	2	66668	66668992
1645160701	2	2	66668	66668992
1645161001	2	2	66668	66668992
1645161301	2	2	66668	66668992
1645161601	2	2	66668	66668992
1645161901	2	2	66668	66668992
1645162201	2	2	66668	66668992
1645162502	2	2	66668	66668992
1645162801	3	3	66668	66668992
1645163101	4	4	66668	66668992
1645163401	5	5	66668	66668992
1645163701	5	5	66668	66668992
1645164001	4	4	66668	66668992
1645164302	0	0	66668	66668992
1645164601	0	0	66668	66668992
1645165801	1	1	66668	66668992
1645166101	2	2	66668	66668992
1645166401	3	3	66668	66668992
1645166701	3	3	66668	66668992
1645167001	4	4	66668	66668992
1645167301	4	4	66668	66668992
1645167601	5	5	66668	66668992
1645167901	5	5	66668	66668992
1645168201	6	6	66668	66668992
1645168501	6	6	66668	66668992
1645168801	5	5	66668	66668992
1645169101	6	6	66668	66668992
1645169401	7	7	66668	66668992
1645169701	6	6	66668	66668992
1645170001	6	6	66668	66668992
1645170301	6	6	66668	66668992
1645170601	5	5	66668	66668992
1645170901	4	4	66668	66668992
1645171351	1	1	66668	66668992
1645171501	0	0	66668	66668992
1645177801	0	0	66668	66668992
1645178101	0	0	66668	66668992
1645178401	2	2	66668	66668992
1645178701	1	1	66668	66668992
1645179001	1	1	66668	66668992
1645179302	4	4	66668	66668992
1645179601	2	2	66668	66668992
1645179901	2	2	66668	66668992
1645180201	2	2	66668	66668992
1645180501	1	1	66668	66668992
1645180801	1	1	66668	66668992
1645181101	1	1	66668	66668992
1645181401	0	0	66668	66668992
1645181701	1	1	66668	66668992
1645182001	1	1	66668	66668992
1645182301	1	1	66668	66668992
1645182601	1	1	66668	66668992
1645182902	1	1	66668	66668992
1645183201	1	1	66668	66668992
1645183501	0	0	66668	66668992
1645183801	0	0	66668	66668992
1645184101	0	0	66668	66668992
1645184401	0	0	66668	66668992
1645184701	0	0	66668	66668992
1645185001	0	0	66668	66668992
1645185301	0	0	66668	66668992
1645185602	0	0	66668	66668992
1645185901	0	0	66668	66668992
1645186201	0	0	66668	66668992
1645186502	0	0	66668	66668992
1645186801	0	0	66668	66668992
1645187101	0	0	66668	66668992
1645187401	0	0	66668	66668992
1645187701	0	0	66668	66668992
1645188001	0	0	66668	66668992
1645188301	0	0	66668	66668992
1645188601	0	0	66668	66668992
1645188901	0	0	66668	66668992
1645189201	0	0	66668	66668992
1645189501	0	0	66668	66668992
1645189801	0	0	66668	66668992
1645190101	0	0	66668	66668992
1645190401	0	0	66668	66668992
1645190701	0	0	66668	66668992
1645191001	0	0	66668	66668992
1645191301	0	0	66668	66668992
1645191601	0	0	66668	66668992
1645191901	0	0	66668	66668992
1645192201	0	0	66668	66668992
1645192502	0	0	66668	66668992
1645192801	0	0	66668	66668992
1645193101	0	0	66668	66668992
1645193401	0	0	66668	66668992
1645193701	0	0	66668	66668992
1645194001	0	0	66668	66668992
1645194301	0	0	66668	66668992
1645194602	0	0	66668	66668992
1645194901	0	0	66668	66668992
1645195201	0	0	66668	66668992
1645195501	0	0	66668	66668992
1645195801	0	0	66668	66668992
1645196101	0	0	66668	66668992
1645196401	0	0	66668	66668992
1645196701	0	0	66668	66668992
1645197001	0	0	66668	66668992
1645197301	0	0	66668	66668992
1645197601	0	0	66668	66668992
1645197901	1	1	66668	66668992
1645198201	1	1	66668	66668992
1645198501	1	1	66668	66668992
1645198801	1	1	66668	66668992
1645199101	1	1	66668	66668992
1645199401	0	0	66668	66668992
1645199701	0	0	66668	66668992
