1643299201	0	0	66668	66668992
1643299501	0	0	66668	66668992
1643299801	0	0	66668	66668992
1643300101	0	0	66668	66668992
1643300401	0	0	66668	66668992
1643300701	0	0	66668	66668992
1643301001	0	0	66668	66668992
1643301301	0	0	66668	66668992
1643301601	0	0	66668	66668992
1643301901	0	0	66668	66668992
1643302202	0	0	66668	66668992
1643302501	0	0	66668	66668992
1643302801	0	0	66668	66668992
1643303101	0	0	66668	66668992
1643303401	0	0	66668	66668992
1643303701	0	0	66668	66668992
1643304001	0	0	66668	66668992
1643304301	0	0	66668	66668992
1643304601	0	0	66668	66668992
1643304902	0	0	66668	66668992
1643305201	0	0	66668	66668992
1643305501	0	0	66668	66668992
1643305801	0	0	66668	66668992
1643306101	0	0	66668	66668992
1643306401	0	0	66668	66668992
1643306701	0	0	66668	66668992
1643307001	0	0	66668	66668992
1643307301	0	0	66668	66668992
1643307603	0	0	66668	66668992
1643307901	0	0	66668	66668992
1643308201	0	0	66668	66668992
1643308501	0	0	66668	66668992
1643308801	0	0	66668	66668992
1643309101	0	0	66668	66668992
1643309401	0	0	66668	66668992
1643309701	0	0	66668	66668992
1643310001	0	0	66668	66668992
1643310301	0	0	66668	66668992
1643310601	0	0	66668	66668992
1643310901	0	0	66668	66668992
1643311201	0	0	66668	66668992
1643311501	0	0	66668	66668992
1643311801	0	0	66668	66668992
1643312102	0	0	66668	66668992
1643312401	0	0	66668	66668992
1643312701	0	0	66668	66668992
1643313001	0	0	66668	66668992
1643313301	0	0	66668	66668992
1643313601	0	0	66668	66668992
1643313901	0	0	66668	66668992
1643314201	0	0	66668	66668992
1643314501	0	0	66668	66668992
1643314801	0	0	66668	66668992
1643315101	0	0	66668	66668992
1643315401	0	0	66668	66668992
1643315701	0	0	66668	66668992
1643316001	0	0	66668	66668992
1643316301	0	0	66668	66668992
1643316602	0	0	66668	66668992
1643316901	0	0	66668	66668992
1643317201	0	0	66668	66668992
1643317501	0	0	66668	66668992
1643317801	0	0	66668	66668992
1643318101	0	0	66668	66668992
1643318401	0	0	66668	66668992
1643318701	0	0	66668	66668992
1643319001	0	0	66668	66668992
1643319301	0	0	66668	66668992
1643319601	0	0	66668	66668992
1643319901	0	0	66668	66668992
1643320202	0	0	66668	66668992
1643320501	0	0	66668	66668992
1643320801	0	0	66668	66668992
1643321101	0	0	66668	66668992
1643321401	0	0	66668	66668992
1643321701	0	0	66668	66668992
1643322001	0	0	66668	66668992
1643322301	0	0	66668	66668992
1643322601	0	0	66668	66668992
1643322901	0	0	66668	66668992
1643323201	0	0	66668	66668992
1643323501	0	0	66668	66668992
1643323802	0	0	66668	66668992
1643324101	0	0	66668	66668992
1643324401	0	0	66668	66668992
1643324701	0	0	66668	66668992
1643325001	0	0	66668	66668992
1643325301	0	0	66668	66668992
1643325602	0	0	66668	66668992
1643325901	0	0	66668	66668992
1643326201	0	0	66668	66668992
1643326502	0	0	66668	66668992
1643326801	0	0	66668	66668992
1643327101	0	0	66668	66668992
1643327402	0	0	66668	66668992
1643327701	0	0	66668	66668992
1643328001	0	0	66668	66668992
1643328301	0	0	66668	66668992
1643328601	0	0	66668	66668992
1643328901	0	0	66668	66668992
1643329201	0	0	66668	66668992
1643329501	0	0	66668	66668992
1643329801	0	0	66668	66668992
1643330101	0	0	66668	66668992
1643330401	0	0	66668	66668992
1643330702	0	0	66668	66668992
1643331001	0	0	66668	66668992
1643331301	0	0	66668	66668992
1643331601	0	0	66668	66668992
1643331901	0	0	66668	66668992
1643332201	0	0	66668	66668992
1643332501	0	0	66668	66668992
1643332801	0	0	66668	66668992
1643333101	0	0	66668	66668992
1643333401	0	0	66668	66668992
1643333701	0	0	66668	66668992
1643334001	0	0	66668	66668992
1643334302	1	1	66668	66668992
1643334601	2	2	66668	66668992
1643334901	2	2	66668	66668992
1643335201	2	2	66668	66668992
1643335501	2	2	66668	66668992
1643335801	2	2	66668	66668992
1643336101	3	3	66668	66668992
1643336401	3	3	66668	66668992
1643336701	3	3	66668	66668992
1643337001	3	3	66668	66668992
1643337301	3	3	66668	66668992
1643337601	3	3	66668	66668992
1643337901	3	3	66668	66668992
1643338202	2	2	66668	66668992
1643338501	3	3	66668	66668992
1643338801	4	4	66668	66668992
1643339101	3	3	66668	66668992
1643339401	5	5	66668	66668992
1643339701	3	3	66668	66668992
1643340001	4	4	66668	66668992
1643340301	3	3	66668	66668992
1643340601	3	3	66668	66668992
1643340902	3	3	66668	66668992
1643341201	3	3	66668	66668992
1643341501	2	2	66668	66668992
1643341801	1	1	66668	66668992
1643342101	2	2	66668	66668992
1643342401	1	1	66668	66668992
1643342701	1	1	66668	66668992
1643343001	1	1	66668	66668992
1643343301	1	1	66668	66668992
1643343601	2	2	66668	66668992
1643343901	2	2	66668	66668992
1643344201	2	2	66668	66668992
1643344501	1	1	66668	66668992
1643344801	1	1	66668	66668992
1643345102	0	0	66668	66668992
1643345401	0	0	66668	66668992
1643345701	1	1	66668	66668992
1643346001	1	1	66668	66668992
1643346301	1	1	66668	66668992
1643346601	1	1	66668	66668992
1643346901	0	0	66668	66668992
1643347201	0	0	66668	66668992
1643347501	0	0	66668	66668992
1643347801	0	0	66668	66668992
1643348101	0	0	66668	66668992
1643348401	1	1	66668	66668992
1643348702	1	1	66668	66668992
1643349001	1	1	66668	66668992
1643349301	1	1	66668	66668992
1643349601	2	2	66668	66668992
1643349901	2	2	66668	66668992
1643350201	2	2	66668	66668992
1643350501	1	1	66668	66668992
1643350801	1	1	66668	66668992
1643351101	3	3	66668	66668992
1643351401	1	1	66668	66668992
1643351704	3	3	66668	66668992
1643352001	2	2	66668	66668992
1643352301	2	2	66668	66668992
1643352601	1	1	66668	66668992
1643352901	1	1	66668	66668992
1643353201	1	1	66668	66668992
1643353501	1	1	66668	66668992
1643353801	0	0	66668	66668992
1643354101	1	1	66668	66668992
1643354401	1	1	66668	66668992
1643354701	1	1	66668	66668992
1643355001	2	2	66668	66668992
1643355302	1	1	66668	66668992
1643355601	1	1	66668	66668992
1643355901	1	1	66668	66668992
1643356201	2	2	66668	66668992
1643356501	2	2	66668	66668992
1643356801	2	2	66668	66668992
1643357101	2	2	66668	66668992
1643357401	2	2	66668	66668992
1643357701	3	3	66668	66668992
1643358001	3	3	66668	66668992
1643358301	4	4	66668	66668992
1643358601	4	4	66668	66668992
1643358902	3	3	66668	66668992
1643359201	3	3	66668	66668992
1643359501	2	2	66668	66668992
1643359801	2	2	66668	66668992
1643360101	1	1	66668	66668992
1643360401	2	2	66668	66668992
1643360702	1	1	66668	66668992
1643361001	1	1	66668	66668992
1643361301	1	1	66668	66668992
1643361601	3	3	66668	66668992
1643361901	0	0	66668	66668992
1643362201	2	2	66668	66668992
1643362501	3	3	66668	66668992
1643362801	1	1	66668	66668992
1643363101	2	2	66668	66668992
1643363402	2	2	66668	66668992
1643363701	5	5	66668	66668992
1643364001	5	5	66668	66668992
1643364301	2	2	66668	66668992
1643364601	2	2	66668	66668992
1643364901	2	2	66668	66668992
1643365201	3	3	66668	66668992
1643365501	3	3	66668	66668992
1643365801	1	1	66668	66668992
1643366101	3	3	66668	66668992
1643366401	2	2	66668	66668992
1643366701	2	2	66668	66668992
1643367001	2	2	66668	66668992
1643367301	2	2	66668	66668992
1643367601	2	2	66668	66668992
1643367901	1	1	66668	66668992
1643368201	1	1	66668	66668992
1643368501	0	0	66668	66668992
1643368801	0	0	66668	66668992
1643369101	0	0	66668	66668992
1643369401	0	0	66668	66668992
1643369701	0	0	66668	66668992
1643370001	0	0	66668	66668992
1643370301	0	0	66668	66668992
1643370602	0	0	66668	66668992
1643370901	0	0	66668	66668992
1643371201	0	0	66668	66668992
1643371501	0	0	66668	66668992
1643371801	0	0	66668	66668992
1643372101	0	0	66668	66668992
1643372401	0	0	66668	66668992
1643372701	0	0	66668	66668992
1643373001	0	0	66668	66668992
1643373302	0	0	66668	66668992
1643373601	0	0	66668	66668992
1643373901	0	0	66668	66668992
1643374201	0	0	66668	66668992
1643374501	0	0	66668	66668992
1643374801	0	0	66668	66668992
1643375101	0	0	66668	66668992
1643375401	0	0	66668	66668992
1643375701	0	0	66668	66668992
1643376001	0	0	66668	66668992
1643376301	0	0	66668	66668992
1643376601	0	0	66668	66668992
1643376901	0	0	66668	66668992
1643377201	0	0	66668	66668992
1643377501	0	0	66668	66668992
1643377802	0	0	66668	66668992
1643378101	0	0	66668	66668992
1643378401	0	0	66668	66668992
1643378701	0	0	66668	66668992
1643379001	0	0	66668	66668992
1643379301	0	0	66668	66668992
1643379601	0	0	66668	66668992
1643379901	0	0	66668	66668992
1643380201	0	0	66668	66668992
1643380501	0	0	66668	66668992
1643380801	0	0	66668	66668992
1643381102	0	0	66668	66668992
1643381401	0	0	66668	66668992
1643381701	0	0	66668	66668992
1643382001	0	0	66668	66668992
1643382301	0	0	66668	66668992
1643382601	0	0	66668	66668992
1643382901	0	0	66668	66668992
1643383201	0	0	66668	66668992
1643383501	0	0	66668	66668992
1643383801	0	0	66668	66668992
1643384101	0	0	66668	66668992
1643384401	0	0	66668	66668992
1643384701	0	0	66668	66668992
1643385002	0	0	66668	66668992
1643385301	0	0	66668	66668992
