1643472001	0	0	66668	66668992
1643472301	0	0	66668	66668992
1643472601	0	0	66668	66668992
1643472901	0	0	66668	66668992
1643473201	0	0	66668	66668992
1643473501	0	0	66668	66668992
1643473801	0	0	66668	66668992
1643474101	0	0	66668	66668992
1643474401	0	0	66668	66668992
1643474702	0	0	66668	66668992
1643475001	0	0	66668	66668992
1643475301	0	0	66668	66668992
1643475601	0	0	66668	66668992
1643475901	0	0	66668	66668992
1643476201	0	0	66668	66668992
1643476501	0	0	66668	66668992
1643476802	0	0	66668	66668992
1643477101	0	0	66668	66668992
1643477401	0	0	66668	66668992
1643477701	0	0	66668	66668992
1643478001	0	0	66668	66668992
1643478301	0	0	66668	66668992
1643478602	0	0	66668	66668992
1643478901	0	0	66668	66668992
1643479201	0	0	66668	66668992
1643479501	0	0	66668	66668992
1643479801	0	0	66668	66668992
1643480101	0	0	66668	66668992
1643480401	0	0	66668	66668992
1643480701	0	0	66668	66668992
1643481001	0	0	66668	66668992
1643481302	0	0	66668	66668992
1643481601	0	0	66668	66668992
1643481901	0	0	66668	66668992
1643482201	0	0	66668	66668992
1643482501	0	0	66668	66668992
1643482801	0	0	66668	66668992
1643483101	0	0	66668	66668992
1643483401	0	0	66668	66668992
1643483701	0	0	66668	66668992
1643484001	0	0	66668	66668992
1643484301	0	0	66668	66668992
1643484601	0	0	66668	66668992
1643484902	0	0	66668	66668992
1643485201	0	0	66668	66668992
1643485501	0	0	66668	66668992
1643485802	0	0	66668	66668992
1643486101	0	0	66668	66668992
1643486401	0	0	66668	66668992
1643486701	0	0	66668	66668992
1643487001	0	0	66668	66668992
1643487301	0	0	66668	66668992
1643487604	0	0	66668	66668992
1643487901	0	0	66668	66668992
1643488201	0	0	66668	66668992
1643488501	0	0	66668	66668992
1643488801	0	0	66668	66668992
1643489101	0	0	66668	66668992
1643489402	0	0	66668	66668992
1643489701	0	0	66668	66668992
1643490001	0	0	66668	66668992
1643490301	0	0	66668	66668992
1643490601	0	0	66668	66668992
1643490901	0	0	66668	66668992
1643491201	0	0	66668	66668992
1643491501	0	0	66668	66668992
1643491801	0	0	66668	66668992
1643492102	0	0	66668	66668992
1643492401	0	0	66668	66668992
1643492701	0	0	66668	66668992
1643493001	0	0	66668	66668992
1643493301	0	0	66668	66668992
1643493601	0	0	66668	66668992
1643493901	0	0	66668	66668992
1643494201	0	0	66668	66668992
1643494501	0	0	66668	66668992
1643494801	0	0	66668	66668992
1643495101	0	0	66668	66668992
1643495401	0	0	66668	66668992
1643495702	0	0	66668	66668992
1643496001	0	0	66668	66668992
1643496301	0	0	66668	66668992
1643496601	0	0	66668	66668992
1643496901	0	0	66668	66668992
1643497201	0	0	66668	66668992
1643497501	0	0	66668	66668992
1643497801	0	0	66668	66668992
1643498101	0	0	66668	66668992
1643498401	0	0	66668	66668992
1643498701	0	0	66668	66668992
1643499001	0	0	66668	66668992
1643499301	0	0	66668	66668992
1643499601	0	0	66668	66668992
1643499901	0	0	66668	66668992
1643500201	0	0	66668	66668992
1643500501	0	0	66668	66668992
1643500801	0	0	66668	66668992
1643501101	0	0	66668	66668992
1643501401	0	0	66668	66668992
1643501701	0	0	66668	66668992
1643502002	0	0	66668	66668992
1643502301	0	0	66668	66668992
1643502601	0	0	66668	66668992
1643502902	0	0	66668	66668992
1643503201	0	0	66668	66668992
1643503501	0	0	66668	66668992
1643503801	0	0	66668	66668992
1643504101	0	0	66668	66668992
1643504401	0	0	66668	66668992
1643504701	0	0	66668	66668992
1643505001	0	0	66668	66668992
1643505301	0	0	66668	66668992
1643505601	0	0	66668	66668992
1643505901	0	0	66668	66668992
1643506201	0	0	66668	66668992
1643506502	0	0	66668	66668992
1643506801	0	0	66668	66668992
1643507101	0	0	66668	66668992
1643507401	0	0	66668	66668992
1643507701	0	0	66668	66668992
1643508001	0	0	66668	66668992
1643508301	0	0	66668	66668992
1643508601	0	0	66668	66668992
1643508901	0	0	66668	66668992
1643509201	0	0	66668	66668992
1643509501	0	0	66668	66668992
1643509801	0	0	66668	66668992
1643510102	0	0	66668	66668992
1643510401	0	0	66668	66668992
1643510701	0	0	66668	66668992
1643511001	0	0	66668	66668992
1643511301	0	0	66668	66668992
1643511601	0	0	66668	66668992
1643511901	0	0	66668	66668992
1643512201	0	0	66668	66668992
1643512501	0	0	66668	66668992
1643512801	0	0	66668	66668992
1643513101	0	0	66668	66668992
1643513401	0	0	66668	66668992
1643513701	0	0	66668	66668992
1643514001	0	0	66668	66668992
1643514302	0	0	66668	66668992
1643514601	0	0	66668	66668992
1643514901	0	0	66668	66668992
1643515201	0	0	66668	66668992
1643515501	0	0	66668	66668992
1643515801	0	0	66668	66668992
1643516101	0	0	66668	66668992
1643516401	0	0	66668	66668992
1643516701	0	0	66668	66668992
1643517001	0	0	66668	66668992
1643517302	0	0	66668	66668992
1643517601	0	0	66668	66668992
1643517901	0	0	66668	66668992
1643518201	0	0	66668	66668992
1643518501	0	0	66668	66668992
1643518801	0	0	66668	66668992
1643519101	0	0	66668	66668992
1643519401	0	0	66668	66668992
1643519701	0	0	66668	66668992
1643520001	0	0	66668	66668992
1643520301	0	0	66668	66668992
1643520601	0	0	66668	66668992
1643520902	0	0	66668	66668992
1643521201	0	0	66668	66668992
1643521501	0	0	66668	66668992
1643521801	0	0	66668	66668992
1643522101	0	0	66668	66668992
1643522401	0	0	66668	66668992
1643522701	0	0	66668	66668992
1643523001	0	0	66668	66668992
1643523301	0	0	66668	66668992
1643523601	0	0	66668	66668992
1643523901	0	0	66668	66668992
1643524201	0	0	66668	66668992
1643524502	0	0	66668	66668992
1643524801	0	0	66668	66668992
1643525101	0	0	66668	66668992
1643525401	0	0	66668	66668992
1643525701	0	0	66668	66668992
1643526001	0	0	66668	66668992
1643526301	0	0	66668	66668992
1643526601	0	0	66668	66668992
1643526901	0	0	66668	66668992
1643527201	0	0	66668	66668992
1643527501	0	0	66668	66668992
1643527801	0	0	66668	66668992
1643528102	0	0	66668	66668992
1643528401	0	0	66668	66668992
1643528701	0	0	66668	66668992
1643529001	0	0	66668	66668992
1643529301	0	0	66668	66668992
1643529602	0	0	66668	66668992
1643529901	0	0	66668	66668992
1643530201	0	0	66668	66668992
1643530501	0	0	66668	66668992
1643530801	0	0	66668	66668992
1643531101	0	0	66668	66668992
1643531401	0	0	66668	66668992
1643531702	0	0	66668	66668992
1643532001	0	0	66668	66668992
1643532301	0	0	66668	66668992
1643532601	0	0	66668	66668992
1643532901	0	0	66668	66668992
1643533201	0	0	66668	66668992
1643533501	0	0	66668	66668992
1643533801	0	0	66668	66668992
1643534101	0	0	66668	66668992
1643534401	0	0	66668	66668992
1643534701	0	0	66668	66668992
1643535001	0	0	66668	66668992
1643535302	0	0	66668	66668992
1643535601	0	0	66668	66668992
1643535901	0	0	66668	66668992
1643536202	0	0	66668	66668992
1643536501	0	0	66668	66668992
1643536801	0	0	66668	66668992
1643537101	0	0	66668	66668992
1643537401	0	0	66668	66668992
1643537701	0	0	66668	66668992
1643538001	0	0	66668	66668992
1643538301	0	0	66668	66668992
1643538601	0	0	66668	66668992
1643538902	0	0	66668	66668992
1643539201	0	0	66668	66668992
1643539501	0	0	66668	66668992
1643539801	0	0	66668	66668992
1643540101	0	0	66668	66668992
1643540401	0	0	66668	66668992
1643540701	0	0	66668	66668992
1643541001	0	0	66668	66668992
1643541301	0	0	66668	66668992
1643541601	0	0	66668	66668992
1643541901	0	0	66668	66668992
1643542201	0	0	66668	66668992
1643542502	0	0	66668	66668992
1643542801	0	0	66668	66668992
1643543101	0	0	66668	66668992
1643543401	0	0	66668	66668992
1643543701	0	0	66668	66668992
1643544001	0	0	66668	66668992
1643544301	0	0	66668	66668992
1643544601	0	0	66668	66668992
1643544901	0	0	66668	66668992
1643545201	0	0	66668	66668992
1643545501	0	0	66668	66668992
1643545801	0	0	66668	66668992
1643546102	0	0	66668	66668992
1643546401	0	0	66668	66668992
1643546701	0	0	66668	66668992
1643547001	0	0	66668	66668992
1643547301	0	0	66668	66668992
1643547601	0	0	66668	66668992
1643547901	0	0	66668	66668992
1643548201	0	0	66668	66668992
1643548501	0	0	66668	66668992
1643548801	0	0	66668	66668992
1643549101	0	0	66668	66668992
1643549401	0	0	66668	66668992
1643549701	0	0	66668	66668992
1643550001	0	0	66668	66668992
1643550301	0	0	66668	66668992
1643550602	0	0	66668	66668992
1643550901	0	0	66668	66668992
1643551201	0	0	66668	66668992
1643551501	0	0	66668	66668992
1643551801	0	0	66668	66668992
1643552101	0	0	66668	66668992
1643552402	0	0	66668	66668992
1643552701	0	0	66668	66668992
1643553001	0	0	66668	66668992
1643553301	0	0	66668	66668992
1643553601	0	0	66668	66668992
1643553901	0	0	66668	66668992
1643554201	0	0	66668	66668992
1643554501	0	0	66668	66668992
1643554801	0	0	66668	66668992
1643555101	0	0	66668	66668992
1643555401	0	0	66668	66668992
1643555701	0	0	66668	66668992
1643556001	0	0	66668	66668992
1643556301	0	0	66668	66668992
1643556601	0	0	66668	66668992
1643556902	0	0	66668	66668992
1643557201	0	0	66668	66668992
1643557501	0	0	66668	66668992
1643557801	0	0	66668	66668992
1643558101	0	0	66668	66668992
