1642780801	0	0	66668	66668992
1642781101	0	0	66668	66668992
1642781401	0	0	66668	66668992
1642781701	0	0	66668	66668992
1642782001	0	0	66668	66668992
1642782301	0	0	66668	66668992
1642782601	0	0	66668	66668992
1642782901	0	0	66668	66668992
1642783201	0	0	66668	66668992
1642783501	0	0	66668	66668992
1642783801	0	0	66668	66668992
1642784102	0	0	66668	66668992
1642784401	0	0	66668	66668992
1642784701	0	0	66668	66668992
1642785001	0	0	66668	66668992
1642785301	0	0	66668	66668992
1642785601	0	0	66668	66668992
1642785901	0	0	66668	66668992
1642786201	0	0	66668	66668992
1642786501	0	0	66668	66668992
1642786801	0	0	66668	66668992
1642787101	0	0	66668	66668992
1642787401	0	0	66668	66668992
1642787702	0	0	66668	66668992
1642788001	0	0	66668	66668992
1642788301	0	0	66668	66668992
1642788601	0	0	66668	66668992
1642788901	0	0	66668	66668992
1642789201	0	0	66668	66668992
1642789501	0	0	66668	66668992
1642789801	0	0	66668	66668992
1642790101	0	0	66668	66668992
1642790401	0	0	66668	66668992
1642790701	0	0	66668	66668992
1642791001	0	0	66668	66668992
1642791301	0	0	66668	66668992
1642791601	0	0	66668	66668992
1642791901	0	0	66668	66668992
1642792201	0	0	66668	66668992
1642792501	0	0	66668	66668992
1642792801	0	0	66668	66668992
1642793101	0	0	66668	66668992
1642793401	0	0	66668	66668992
1642793701	0	0	66668	66668992
1642794001	0	0	66668	66668992
1642794301	0	0	66668	66668992
1642794601	0	0	66668	66668992
1642794902	0	0	66668	66668992
1642795201	0	0	66668	66668992
1642795501	0	0	66668	66668992
1642795801	0	0	66668	66668992
1642796101	0	0	66668	66668992
1642796401	0	0	66668	66668992
1642796701	0	0	66668	66668992
1642797001	0	0	66668	66668992
1642797301	0	0	66668	66668992
1642797601	0	0	66668	66668992
1642797901	0	0	66668	66668992
1642798201	0	0	66668	66668992
1642798502	0	0	66668	66668992
1642798801	0	0	66668	66668992
1642799101	0	0	66668	66668992
1642799401	0	0	66668	66668992
1642799701	0	0	66668	66668992
1642800001	0	0	66668	66668992
1642800301	0	0	66668	66668992
1642800601	0	0	66668	66668992
1642800901	0	0	66668	66668992
1642801201	0	0	66668	66668992
1642801501	0	0	66668	66668992
1642801801	0	0	66668	66668992
1642802102	0	0	66668	66668992
1642802401	0	0	66668	66668992
1642802701	0	0	66668	66668992
1642803001	0	0	66668	66668992
1642803301	0	0	66668	66668992
1642803601	0	0	66668	66668992
1642803901	0	0	66668	66668992
1642804201	0	0	66668	66668992
1642804502	0	0	66668	66668992
1642804801	0	0	66668	66668992
1642805101	0	0	66668	66668992
1642805401	0	0	66668	66668992
1642805702	0	0	66668	66668992
1642806001	0	0	66668	66668992
1642806301	0	0	66668	66668992
1642806601	0	0	66668	66668992
1642806901	0	0	66668	66668992
1642807201	0	0	66668	66668992
1642807501	0	0	66668	66668992
1642807801	0	0	66668	66668992
1642808101	0	0	66668	66668992
1642808401	0	0	66668	66668992
1642808701	0	0	66668	66668992
1642809001	0	0	66668	66668992
1642809301	0	0	66668	66668992
1642809602	0	0	66668	66668992
1642809901	0	0	66668	66668992
1642810201	0	0	66668	66668992
1642810501	0	0	66668	66668992
1642810801	0	0	66668	66668992
1642811101	0	0	66668	66668992
1642811401	0	0	66668	66668992
1642811701	0	0	66668	66668992
1642812001	0	0	66668	66668992
1642812301	0	0	66668	66668992
1642812601	0	0	66668	66668992
1642812901	0	0	66668	66668992
1642813202	0	0	66668	66668992
1642813501	0	0	66668	66668992
1642813801	0	0	66668	66668992
1642814101	0	0	66668	66668992
1642814401	0	0	66668	66668992
1642814701	0	0	66668	66668992
1642815001	0	0	66668	66668992
1642815301	0	0	66668	66668992
1642815601	0	0	66668	66668992
1642815901	0	0	66668	66668992
1642816201	0	0	66668	66668992
1642816501	0	0	66668	66668992
1642816801	0	0	66668	66668992
1642817101	0	0	66668	66668992
1642817401	0	0	66668	66668992
1642817701	0	0	66668	66668992
1642818001	0	0	66668	66668992
1642818302	0	0	66668	66668992
1642818601	0	0	66668	66668992
1642818901	0	0	66668	66668992
1642819202	0	0	66668	66668992
1642819501	0	0	66668	66668992
1642819801	0	0	66668	66668992
1642820101	0	0	66668	66668992
1642820401	0	0	66668	66668992
1642820701	0	0	66668	66668992
1642821001	0	0	66668	66668992
1642821301	0	0	66668	66668992
1642821601	0	0	66668	66668992
1642821901	0	0	66668	66668992
1642822201	0	0	66668	66668992
1642822501	0	0	66668	66668992
1642822801	0	0	66668	66668992
1642823101	0	0	66668	66668992
1642823401	0	0	66668	66668992
1642823702	0	0	66668	66668992
1642824001	0	0	66668	66668992
1642824301	0	0	66668	66668992
1642824601	0	0	66668	66668992
1642824901	0	0	66668	66668992
1642825201	0	0	66668	66668992
1642825501	0	0	66668	66668992
1642825801	0	0	66668	66668992
1642826101	0	0	66668	66668992
1642826401	0	0	66668	66668992
1642826701	0	0	66668	66668992
1642827001	0	0	66668	66668992
1642827302	0	0	66668	66668992
1642827601	0	0	66668	66668992
1642827901	0	0	66668	66668992
1642828201	0	0	66668	66668992
1642828501	0	0	66668	66668992
1642828801	0	0	66668	66668992
1642829101	0	0	66668	66668992
1642829401	0	0	66668	66668992
1642829701	0	0	66668	66668992
1642830001	0	0	66668	66668992
1642830301	0	0	66668	66668992
1642830601	0	0	66668	66668992
1642830901	0	0	66668	66668992
1642831202	0	0	66668	66668992
1642831501	0	0	66668	66668992
1642831801	0	0	66668	66668992
1642832101	0	0	66668	66668992
1642832401	0	0	66668	66668992
1642832701	0	0	66668	66668992
1642833001	0	0	66668	66668992
1642833301	0	0	66668	66668992
1642833601	0	0	66668	66668992
1642833901	0	0	66668	66668992
1642834201	0	0	66668	66668992
1642834502	0	0	66668	66668992
1642834801	0	0	66668	66668992
1642835101	0	0	66668	66668992
1642835401	0	0	66668	66668992
1642835701	0	0	66668	66668992
1642836001	0	0	66668	66668992
1642836301	0	0	66668	66668992
1642836601	0	0	66668	66668992
1642836901	0	0	66668	66668992
1642837201	0	0	66668	66668992
1642837501	0	0	66668	66668992
1642837801	0	0	66668	66668992
1642838102	0	0	66668	66668992
1642838401	0	0	66668	66668992
1642838701	0	0	66668	66668992
1642839001	0	0	66668	66668992
1642839301	0	0	66668	66668992
1642839601	0	0	66668	66668992
1642839901	0	0	66668	66668992
1642840201	0	0	66668	66668992
1642840501	0	0	66668	66668992
1642840801	0	0	66668	66668992
1642841101	0	0	66668	66668992
1642841401	0	0	66668	66668992
1642841701	0	0	66668	66668992
1642842001	0	0	66668	66668992
1642842301	0	0	66668	66668992
1642842601	0	0	66668	66668992
1642842901	0	0	66668	66668992
1642843201	0	0	66668	66668992
1642843501	0	0	66668	66668992
1642843801	0	0	66668	66668992
1642844101	0	0	66668	66668992
1642844401	0	0	66668	66668992
1642844701	0	0	66668	66668992
1642845001	0	0	66668	66668992
1642845302	0	0	66668	66668992
1642845601	0	0	66668	66668992
1642845901	0	0	66668	66668992
1642846201	0	0	66668	66668992
1642846501	0	0	66668	66668992
1642846801	0	0	66668	66668992
1642847101	0	0	66668	66668992
1642847401	0	0	66668	66668992
1642847701	0	0	66668	66668992
1642848001	0	0	66668	66668992
1642848301	0	0	66668	66668992
1642848601	0	0	66668	66668992
1642848902	0	0	66668	66668992
1642849201	0	0	66668	66668992
1642849501	0	0	66668	66668992
1642849801	0	0	66668	66668992
1642850101	0	0	66668	66668992
1642850401	0	0	66668	66668992
1642850701	0	0	66668	66668992
1642851001	0	0	66668	66668992
1642851301	0	0	66668	66668992
1642851601	0	0	66668	66668992
1642851901	0	0	66668	66668992
1642852201	0	0	66668	66668992
1642852502	0	0	66668	66668992
1642852801	0	0	66668	66668992
1642853101	0	0	66668	66668992
1642853401	0	0	66668	66668992
1642853701	0	0	66668	66668992
1642854001	0	0	66668	66668992
1642854302	0	0	66668	66668992
1642854601	0	0	66668	66668992
1642854901	0	0	66668	66668992
1642855202	0	0	66668	66668992
1642855501	0	0	66668	66668992
1642855801	0	0	66668	66668992
1642856101	0	0	66668	66668992
1642856401	0	0	66668	66668992
1642856701	0	0	66668	66668992
1642857002	0	0	66668	66668992
1642857301	0	0	66668	66668992
1642857601	0	0	66668	66668992
1642857901	0	0	66668	66668992
1642858201	0	0	66668	66668992
1642858501	0	0	66668	66668992
1642858801	0	0	66668	66668992
1642859101	0	0	66668	66668992
1642859401	0	0	66668	66668992
1642859701	0	0	66668	66668992
1642860001	0	0	66668	66668992
1642860301	0	0	66668	66668992
1642860601	0	0	66668	66668992
1642860901	0	0	66668	66668992
1642861201	0	0	66668	66668992
1642861501	0	0	66668	66668992
1642861801	0	0	66668	66668992
1642862101	0	0	66668	66668992
1642862401	0	0	66668	66668992
1642862701	0	0	66668	66668992
1642863001	0	0	66668	66668992
1642863302	0	0	66668	66668992
1642863601	0	0	66668	66668992
1642863901	0	0	66668	66668992
1642864201	0	0	66668	66668992
1642864501	0	0	66668	66668992
1642864801	0	0	66668	66668992
1642865101	0	0	66668	66668992
1642865401	0	0	66668	66668992
1642865702	0	0	66668	66668992
1642866001	0	0	66668	66668992
1642866301	0	0	66668	66668992
1642866601	0	0	66668	66668992
1642866901	0	0	66668	66668992
